20-01-22 11:30:35 Temp: XGT -> 2000 2000 82
20-01-22 11:30:35 Opt: FN -> 2
20-01-22 11:30:35 Tft: DRAV -> DY>Ok
20-01-22 11:30:37 Temp: XGS -> 0 0 1 1
20-01-22 11:30:37 Temp: XGT -> 2000 2000 82
20-01-22 11:30:37 Opt: FN -> 2
20-01-22 11:30:37 Tft: DRAV -> DY>Ok
20-01-22 11:30:39 Temp: XGS -> 0 0 1 1
20-01-22 11:30:39 Temp: XGT -> 2000 2000 82
20-01-22 11:30:39 Opt: FN -> 2
20-01-22 11:30:39 Tft: DRAV -> DY>Ok
20-01-22 11:30:40 Temp: XGS -> 0 0 1 1
20-01-22 11:30:40 Temp: XGT -> 2000 2000 82
20-01-22 11:30:40 Opt: FN -> 2
20-01-22 11:30:40 Tft: DRAV -> DY>Ok
20-01-22 11:30:42 Temp: XGS -> 0 0 1 1
20-01-22 11:30:42 Temp: XGT -> 2000 2000 82
20-01-22 11:30:42 Opt: FN -> 2
20-01-22 11:30:42 Tft: DRAV -> DY>Ok
20-01-22 11:30:44 Temp: XGS -> 0 0 1 1
20-01-22 11:30:44 Temp: XGT -> 2000 2000 82
20-01-22 11:30:44 Opt: FN -> 2
20-01-22 11:30:44 Tft: DRAV -> DY>Ok
20-01-22 11:30:46 Temp: XGS -> 0 0 1 1
20-01-22 11:30:46 Temp: XGT -> 2000 2000 82
20-01-22 11:30:46 Opt: FN -> 2
20-01-22 11:30:46 Tft: DRAV -> DY>Ok
20-01-22 11:30:48 Temp: XGS -> 0 0 1 1
20-01-22 11:30:48 Temp: XGT -> 2000 2000 82
20-01-22 11:30:48 Opt: FN -> 2
20-01-22 11:30:48 Tft: DRAV -> DY>Ok
20-01-22 11:30:49 Temp: XGS -> 0 0 1 1
20-01-22 11:30:50 Temp: XGT -> 2000 2000 82
20-01-22 11:30:50 Opt: FN -> 2
20-01-22 11:30:50 Tft: DRAV -> DY>Ok
20-01-22 11:30:51 Temp: XGS -> 0 0 1 1
20-01-22 11:30:51 Temp: XGT -> 2000 2000 82
20-01-22 11:30:51 Opt: FN -> 2
20-01-22 11:30:51 Tft: DRAV -> DY>Ok
20-01-22 11:30:53 Temp: XGS -> 0 0 1 1
20-01-22 11:30:53 Temp: XGT -> 2000 2000 82
20-01-22 11:30:53 Opt: FN -> 2
20-01-22 11:30:53 Tft: DRAV -> DY>Ok
20-01-22 11:30:55 Temp: XGS -> 0 0 1 1
20-01-22 11:30:55 Temp: XGT -> 2000 2000 82
20-01-22 11:30:55 Opt: FN -> 2
20-01-22 11:30:55 Tft: DRAV -> DY>Ok
20-01-22 11:30:57 Temp: XGS -> 0 0 1 1
20-01-22 11:30:57 Temp: XGT -> 2000 1999 83
20-01-22 11:30:57 Opt: FN -> 2
20-01-22 11:30:57 Tft: DRAV -> DY>Ok
20-01-22 11:30:59 Temp: XGS -> 0 0 1 1
20-01-22 11:30:59 Temp: XGT -> 1999 1999 84
20-01-22 11:30:59 Opt: FN -> 2
20-01-22 11:30:59 Tft: DRAV -> DY>Ok
20-01-22 11:31:00 Temp: XGS -> 0 0 1 1
20-01-22 11:31:00 Temp: XGT -> 1999 1999 84
20-01-22 11:31:00 Opt: FN -> 2
20-01-22 11:31:00 Tft: DRAV -> DY>Ok
20-01-22 11:31:02 Temp: XGS -> 0 0 1 1
20-01-22 11:31:02 Temp: XGT -> 1999 1999 84
20-01-22 11:31:02 Opt: FN -> 2
20-01-22 11:31:02 Tft: DRAV -> DY>Ok
20-01-22 11:31:04 Temp: XGS -> 0 0 1 1
20-01-22 11:31:04 Temp: XGT -> 1999 1999 84
20-01-22 11:31:04 Opt: FN -> 2
20-01-22 11:31:04 Tft: DRAV -> DY>Ok
20-01-22 11:31:06 Temp: XGS -> 0 0 1 1
20-01-22 11:31:06 Temp: XGT -> 1998 1999 85
20-01-22 11:31:06 Opt: FN -> 2
20-01-22 11:31:06 Tft: DRAV -> DY>Ok
20-01-22 11:31:08 Temp: XGS -> 0 0 1 1
20-01-22 11:31:08 Temp: XGT -> 1998 1998 86
20-01-22 11:31:08 Opt: FN -> 2
20-01-22 11:31:08 Tft: DRAV -> DY>Ok
20-01-22 11:31:09 Temp: XGS -> 0 0 1 1
20-01-22 11:31:09 Temp: XGT -> 1998 1998 86
20-01-22 11:31:09 Opt: FN -> 2
20-01-22 11:31:09 Tft: DRAV -> DY>Ok
20-01-22 11:31:11 Temp: XGS -> 0 0 1 1
20-01-22 11:31:11 Temp: XGT -> 1998 1998 86
20-01-22 11:31:11 Opt: FN -> 2
20-01-22 11:31:11 Tft: DRAV -> DY>Ok
20-01-22 11:31:13 Temp: XGS -> 0 0 1 1
20-01-22 11:31:13 Temp: XGT -> 1998 1998 86
20-01-22 11:31:13 Opt: FN -> 2
20-01-22 11:31:13 Tft: DRAV -> DY>Ok
20-01-22 11:31:15 Temp: XGS -> 0 0 1 1
20-01-22 11:31:15 Temp: XGT -> 1998 1998 86
20-01-22 11:31:15 Opt: FN -> 2
20-01-22 11:31:15 Tft: DRAV -> DY>Ok
20-01-22 11:31:17 Temp: XGS -> 0 0 1 1
20-01-22 11:31:17 Temp: XGT -> 1999 1998 85
20-01-22 11:31:17 Opt: FN -> 2
20-01-22 11:31:17 Tft: DRAV -> DY>Ok
20-01-22 11:31:18 Temp: XGS -> 0 0 1 1
20-01-22 11:31:19 Temp: XGT -> 1999 1999 84
20-01-22 11:31:19 Opt: FN -> 2
20-01-22 11:31:19 Tft: DRAV -> DY>Ok
20-01-22 11:31:20 Temp: XGS -> 0 0 1 1
20-01-22 11:31:20 Temp: XGT -> 1999 1999 84
20-01-22 11:31:20 Opt: FN -> 2
20-01-22 11:31:20 Tft: DRAV -> DY>Ok
20-01-22 11:31:22 Temp: XGS -> 0 0 1 1
20-01-22 11:31:22 Temp: XGT -> 1999 1999 84
20-01-22 11:31:22 Opt: FN -> 2
20-01-22 11:31:22 Tft: DRAV -> DY>Ok
20-01-22 11:31:24 Temp: XGS -> 0 0 1 1
20-01-22 11:31:24 Temp: XGT -> 1999 1999 84
20-01-22 11:31:24 Opt: FN -> 2
20-01-22 11:31:24 Tft: DRAV -> DY>Ok
20-01-22 11:31:26 Temp: XGS -> 0 0 1 1
20-01-22 11:31:26 Temp: XGT -> 1999 1999 84
20-01-22 11:31:26 Opt: FN -> 2
20-01-22 11:31:26 Tft: DRAV -> DY>Ok
20-01-22 11:31:28 Temp: XGS -> 0 0 1 1
20-01-22 11:31:28 Temp: XGT -> 1999 2000 83
20-01-22 11:31:28 Opt: FN -> 2
20-01-22 11:31:28 Tft: DRAV -> DY>Ok
20-01-22 11:31:29 Temp: XGS -> 0 0 1 1
20-01-22 11:31:29 Temp: XGT -> 1999 2000 83
20-01-22 11:31:29 Opt: FN -> 2
20-01-22 11:31:29 Tft: DRAV -> DY>Ok
20-01-22 11:31:31 Temp: XGS -> 0 0 1 1
20-01-22 11:31:31 Temp: XGT -> 1999 2000 83
20-01-22 11:31:31 Opt: FN -> 2
20-01-22 11:31:31 Tft: DRAV -> DY>Ok
20-01-22 11:31:33 Temp: XGS -> 0 0 1 1
20-01-22 11:31:33 Temp: XGT -> 2000 2000 82
20-01-22 11:31:33 Opt: FN -> 2
20-01-22 11:31:33 Tft: DRAV -> DY>Ok
20-01-22 11:31:35 Temp: XGS -> 0 0 1 1
20-01-22 11:31:35 Temp: XGT -> 2000 2000 82
20-01-22 11:31:35 Opt: FN -> 2
20-01-22 11:31:35 Tft: DRAV -> DY>Ok
20-01-22 11:31:37 Temp: XGS -> 0 0 1 1
20-01-22 11:31:37 Temp: XGT -> 2000 2000 82
20-01-22 11:31:37 Opt: FN -> 2
20-01-22 11:31:37 Tft: DRAV -> DY>Ok
20-01-22 11:31:38 Temp: XGS -> 0 0 1 1
20-01-22 11:31:38 Temp: XGT -> 2000 2000 82
20-01-22 11:31:38 Opt: FN -> 2
20-01-22 11:31:38 Tft: DRAV -> DY>Ok
20-01-22 11:31:40 Temp: XGS -> 0 0 1 1
20-01-22 11:31:40 Temp: XGT -> 2000 2000 82
20-01-22 11:31:40 Opt: FN -> 2
20-01-22 11:31:40 Tft: DRAV -> DY>Ok
20-01-22 11:31:42 Temp: XGS -> 0 0 1 1
20-01-22 11:31:42 Temp: XGT -> 2000 2000 82
20-01-22 11:31:42 Opt: FN -> 2
20-01-22 11:31:42 Tft: DRAV -> DY>Ok
20-01-22 11:31:44 Temp: XGS -> 0 0 1 1
20-01-22 11:31:44 Temp: XGT -> 2000 2000 82
20-01-22 11:31:44 Opt: FN -> 2
20-01-22 11:31:44 Tft: DRAV -> DY>Ok
20-01-22 11:31:46 Temp: XGS -> 0 0 1 1
20-01-22 11:31:46 Temp: XGT -> 2000 2000 82
20-01-22 11:31:46 Opt: FN -> 2
20-01-22 11:31:46 Tft: DRAV -> DY>Ok
20-01-22 11:31:47 Temp: XGS -> 0 0 1 1
20-01-22 11:31:48 Temp: XGT -> 2000 2000 82
20-01-22 11:31:48 Opt: FN -> 2
20-01-22 11:31:48 Tft: DRAV -> DY>Ok
20-01-22 11:31:49 Temp: XGS -> 0 0 1 1
20-01-22 11:31:49 Temp: XGT -> 2000 2000 82
20-01-22 11:31:49 Opt: FN -> 2
20-01-22 11:31:49 Tft: DRAV -> DY>Ok
20-01-22 11:31:51 Temp: XGS -> 0 0 1 1
20-01-22 11:31:51 Temp: XGT -> 2000 2000 82
20-01-22 11:31:51 Opt: FN -> 2
20-01-22 11:31:51 Tft: DRAV -> DY>Ok
20-01-22 11:31:53 Temp: XGS -> 0 0 1 1
20-01-22 11:31:53 Temp: XGT -> 2000 2000 82
20-01-22 11:31:53 Opt: FN -> 2
20-01-22 11:31:53 Tft: DRAV -> DY>Ok
20-01-22 11:31:55 Temp: XGS -> 0 0 1 1
20-01-22 11:31:55 Temp: XGT -> 2000 2000 82
20-01-22 11:31:55 Opt: FN -> 2
20-01-22 11:31:55 Tft: DRAV -> DY>Ok
20-01-22 11:31:57 Temp: XGS -> 0 0 1 1
20-01-22 11:31:57 Temp: XGT -> 2000 2000 82
20-01-22 11:31:57 Opt: FN -> 2
20-01-22 11:31:57 Tft: DRAV -> DY>Ok
20-01-22 11:31:58 Temp: XGS -> 0 0 1 1
20-01-22 11:31:58 Temp: XGT -> 2000 2000 82
20-01-22 11:31:58 Opt: FN -> 2
20-01-22 11:31:58 Tft: DRAV -> DY>Ok
20-01-22 11:32:00 Temp: XGS -> 0 0 1 1
20-01-22 11:32:00 Temp: XGT -> 2000 2000 82
20-01-22 11:32:00 Opt: FN -> 2
20-01-22 11:32:00 Tft: DRAV -> DY>Ok
20-01-22 11:32:02 Temp: XGS -> 0 0 1 1
20-01-22 11:32:02 Temp: XGT -> 2000 2000 82
20-01-22 11:32:02 Opt: FN -> 2
20-01-22 11:32:02 Tft: DRAV -> DY>Ok
20-01-22 11:32:04 Temp: XGS -> 0 0 1 1
20-01-22 11:32:04 Temp: XGT -> 2000 2000 82
20-01-22 11:32:04 Opt: FN -> 2
20-01-22 11:32:04 Tft: DRAV -> DY>Ok
20-01-22 11:32:06 Temp: XGS -> 0 0 1 1
20-01-22 11:32:06 Temp: XGT -> 2000 2000 82
20-01-22 11:32:06 Opt: FN -> 2
20-01-22 11:32:06 Tft: DRAV -> DY>Ok
20-01-22 11:32:07 Temp: XGS -> 0 0 1 1
20-01-22 11:32:07 Temp: XGT -> 2000 1999 83
20-01-22 11:32:07 Opt: FN -> 2
20-01-22 11:32:07 Tft: DRAV -> DY>Ok
20-01-22 11:32:10 Temp: XGS -> 0 0 1 1
20-01-22 11:32:10 Temp: XGT -> 1999 1999 84
20-01-22 11:32:10 Opt: FN -> 2
20-01-22 11:32:10 Tft: DRAV -> DY>Ok
20-01-22 11:32:11 Temp: XGS -> 0 0 1 1
20-01-22 11:32:11 Temp: XGT -> 1999 1999 84
20-01-22 11:32:11 Opt: FN -> 2
20-01-22 11:32:11 Tft: DRAV -> DY>Ok
20-01-22 11:32:13 Temp: XGS -> 0 0 1 1
20-01-22 11:32:13 Temp: XGT -> 1999 1999 84
20-01-22 11:32:13 Opt: FN -> 2
20-01-22 11:32:13 Tft: DRAV -> DY>Ok
20-01-22 11:32:15 Temp: XGS -> 0 0 1 1
20-01-22 11:32:15 Temp: XGT -> 1998 1999 85
20-01-22 11:32:15 Opt: FN -> 2
20-01-22 11:32:15 Tft: DRAV -> DY>Ok
20-01-22 11:32:17 Temp: XGS -> 0 0 1 1
20-01-22 11:32:17 Temp: XGT -> 1998 1998 86
20-01-22 11:32:17 Opt: FN -> 2
20-01-22 11:32:17 Tft: DRAV -> DY>Ok
20-01-22 11:32:18 Temp: XGS -> 0 0 1 1
20-01-22 11:32:18 Temp: XGT -> 1998 1998 86
20-01-22 11:32:18 Opt: FN -> 2
20-01-22 11:32:18 Tft: DRAV -> DY>Ok
20-01-22 11:32:20 Temp: XGS -> 0 0 1 1
20-01-22 11:32:20 Temp: XGT -> 1998 1998 86
20-01-22 11:32:20 Opt: FN -> 2
20-01-22 11:32:20 Tft: DRAV -> DY>Ok
20-01-22 11:32:22 Temp: XGS -> 0 0 1 1
20-01-22 11:32:22 Temp: XGT -> 1998 1998 86
20-01-22 11:32:22 Opt: FN -> 2
20-01-22 11:32:22 Tft: DRAV -> DY>Ok
20-01-22 11:32:24 Temp: XGS -> 0 0 1 1
20-01-22 11:32:24 Temp: XGT -> 1998 1998 86
20-01-22 11:32:24 Opt: FN -> 2
20-01-22 11:32:24 Tft: DRAV -> DY>Ok
20-01-22 11:32:26 Temp: XGS -> 0 0 1 1
20-01-22 11:32:26 Temp: XGT -> 1998 1998 86
20-01-22 11:32:26 Opt: FN -> 2
20-01-22 11:32:26 Tft: DRAV -> DY>Ok
20-01-22 11:32:27 Temp: XGS -> 0 0 1 1
20-01-22 11:32:27 Temp: XGT -> 1999 1998 85
20-01-22 11:32:27 Opt: FN -> 2
20-01-22 11:32:27 Tft: DRAV -> DY>Ok
20-01-22 11:32:29 Temp: XGS -> 0 0 1 1
20-01-22 11:32:29 Temp: XGT -> 1999 1999 84
20-01-22 11:32:29 Opt: FN -> 2
20-01-22 11:32:29 Tft: DRAV -> DY>Ok
20-01-22 11:32:31 Temp: XGS -> 0 0 1 1
20-01-22 11:32:31 Temp: XGT -> 1999 1999 84
20-01-22 11:32:31 Opt: FN -> 2
20-01-22 11:32:31 Tft: DRAV -> DY>Ok
20-01-22 11:32:33 Temp: XGS -> 0 0 1 1
20-01-22 11:32:33 Temp: XGT -> 1999 1999 84
20-01-22 11:32:33 Opt: FN -> 2
20-01-22 11:32:33 Tft: DRAV -> DY>Ok
20-01-22 11:32:35 Temp: XGS -> 0 0 1 1
20-01-22 11:32:35 Temp: XGT -> 1999 1999 84
20-01-22 11:32:35 Opt: FN -> 2
20-01-22 11:32:35 Tft: DRAV -> DY>Ok
20-01-22 11:32:36 Temp: XGS -> 0 0 1 1
20-01-22 11:32:36 Temp: XGT -> 1999 1999 84
20-01-22 11:32:36 Opt: FN -> 2
20-01-22 11:32:36 Tft: DRAV -> DY>Ok
20-01-22 11:32:38 Temp: XGS -> 0 0 1 1
20-01-22 11:32:38 Temp: XGT -> 1999 2000 83
20-01-22 11:32:38 Opt: FN -> 2
20-01-22 11:32:38 Tft: DRAV -> DY>Ok
20-01-22 11:32:40 Temp: XGS -> 0 0 1 1
20-01-22 11:32:40 Temp: XGT -> 1999 2000 83
20-01-22 11:32:40 Opt: FN -> 2
20-01-22 11:32:40 Tft: DRAV -> DY>Ok
20-01-22 11:32:42 Temp: XGS -> 0 0 1 1
20-01-22 11:32:42 Temp: XGT -> 1999 2000 83
20-01-22 11:32:42 Opt: FN -> 2
20-01-22 11:32:42 Tft: DRAV -> DY>Ok
20-01-22 11:32:44 Temp: XGS -> 0 0 1 1
20-01-22 11:32:44 Temp: XGT -> 2000 2000 82
20-01-22 11:32:44 Opt: FN -> 2
20-01-22 11:32:44 Tft: DRAV -> DY>Ok
20-01-22 11:32:45 Temp: XGS -> 0 0 1 1
20-01-22 11:32:46 Temp: XGT -> 2000 2000 82
20-01-22 11:32:46 Opt: FN -> 2
20-01-22 11:32:46 Tft: DRAV -> DY>Ok
20-01-22 11:32:47 Temp: XGS -> 0 0 1 1
20-01-22 11:32:47 Temp: XGT -> 2000 2000 82
20-01-22 11:32:47 Opt: FN -> 2
20-01-22 11:32:47 Tft: DRAV -> DY>Ok
20-01-22 11:32:49 Temp: XGS -> 0 0 1 1
20-01-22 11:32:49 Temp: XGT -> 2000 2000 82
20-01-22 11:32:49 Opt: FN -> 2
20-01-22 11:32:49 Tft: DRAV -> DY>Ok
20-01-22 11:32:51 Temp: XGS -> 0 0 1 1
20-01-22 11:32:51 Temp: XGT -> 2000 2000 82
20-01-22 11:32:51 Opt: FN -> 2
20-01-22 11:32:51 Tft: DRAV -> DY>Ok
20-01-22 11:32:53 Temp: XGS -> 0 0 1 1
20-01-22 11:32:53 Temp: XGT -> 2000 2000 82
20-01-22 11:32:53 Opt: FN -> 2
20-01-22 11:32:53 Tft: DRAV -> DY>Ok
20-01-22 11:32:55 Temp: XGS -> 0 0 1 1
20-01-22 11:32:55 Temp: XGT -> 2000 2000 82
20-01-22 11:32:55 Opt: FN -> 2
20-01-22 11:32:55 Tft: DRAV -> DY>Ok
20-01-22 11:32:56 Temp: XGS -> 0 0 1 1
20-01-22 11:32:56 Temp: XGT -> 2000 2000 82
20-01-22 11:32:56 Opt: FN -> 2
20-01-22 11:32:56 Tft: DRAV -> DY>Ok
20-01-22 11:32:58 Temp: XGS -> 0 0 1 1
20-01-22 11:32:58 Temp: XGT -> 2000 2000 82
20-01-22 11:32:58 Opt: FN -> 2
20-01-22 11:32:58 Tft: DRAV -> DY>Ok
20-01-22 11:33:00 Temp: XGS -> 0 0 1 1
20-01-22 11:33:00 Temp: XGT -> 2000 2000 82
20-01-22 11:33:00 Opt: FN -> 2
20-01-22 11:33:00 Tft: DRAV -> DY>Ok
20-01-22 11:33:02 Temp: XGS -> 0 0 1 1
20-01-22 11:33:02 Temp: XGT -> 2000 2000 82
20-01-22 11:33:02 Opt: FN -> 2
20-01-22 11:33:02 Tft: DRAV -> DY>Ok
20-01-22 11:33:04 Temp: XGS -> 0 0 1 1
20-01-22 11:33:04 Temp: XGT -> 2000 2000 82
20-01-22 11:33:04 Opt: FN -> 2
20-01-22 11:33:04 Tft: DRAV -> DY>Ok
20-01-22 11:33:05 Temp: XGS -> 0 0 1 1
20-01-22 11:33:05 Temp: XGT -> 2000 2000 82
20-01-22 11:33:05 Opt: FN -> 2
20-01-22 11:33:05 Tft: DRAV -> DY>Ok
20-01-22 11:33:07 Temp: XGS -> 0 0 1 1
20-01-22 11:33:07 Temp: XGT -> 2000 2000 82
20-01-22 11:33:07 Opt: FN -> 2
20-01-22 11:33:07 Tft: DRAV -> DY>Ok
20-01-22 11:33:09 Temp: XGS -> 0 0 1 1
20-01-22 11:33:09 Temp: XGT -> 2000 2000 82
20-01-22 11:33:09 Opt: FN -> 2
20-01-22 11:33:09 Tft: DRAV -> DY>Ok
20-01-22 11:33:11 Temp: XGS -> 0 0 1 1
20-01-22 11:33:11 Temp: XGT -> 2000 2000 82
20-01-22 11:33:11 Opt: FN -> 2
20-01-22 11:33:11 Tft: DRAV -> DY>Ok
20-01-22 11:33:13 Temp: XGS -> 0 0 1 1
20-01-22 11:33:13 Temp: XGT -> 2000 2000 82
20-01-22 11:33:13 Opt: FN -> 2
20-01-22 11:33:13 Tft: DRAV -> DY>Ok
20-01-22 11:33:14 Temp: XGS -> 0 0 1 1
20-01-22 11:33:14 Temp: XGT -> 2000 2000 82
20-01-22 11:33:14 Opt: FN -> 2
20-01-22 11:33:15 Tft: DRAV -> DY>Ok
20-01-22 11:33:16 Temp: XGS -> 0 0 1 1
20-01-22 11:33:16 Temp: XGT -> 2000 2000 82
20-01-22 11:33:16 Opt: FN -> 2
20-01-22 11:33:16 Tft: DRAV -> DY>Ok
20-01-22 11:33:18 Temp: XGS -> 0 0 1 1
20-01-22 11:33:18 Temp: XGT -> 2000 1999 83
20-01-22 11:33:18 Opt: FN -> 2
20-01-22 11:33:18 Tft: DRAV -> DY>Ok
20-01-22 11:33:20 Temp: XGS -> 0 0 1 1
20-01-22 11:33:20 Temp: XGT -> 1999 1999 84
20-01-22 11:33:20 Opt: FN -> 2
20-01-22 11:33:20 Tft: DRAV -> DY>Ok
20-01-22 11:33:22 Temp: XGS -> 0 0 1 1
20-01-22 11:33:22 Temp: XGT -> 1999 1999 84
20-01-22 11:33:22 Opt: FN -> 2
20-01-22 11:33:22 Tft: DRAV -> DY>Ok
20-01-22 11:33:24 Temp: XGS -> 0 0 1 1
20-01-22 11:33:24 Temp: XGT -> 1999 1999 84
20-01-22 11:33:24 Opt: FN -> 2
20-01-22 11:33:24 Tft: DRAV -> DY>Ok
20-01-22 11:33:25 Temp: XGS -> 0 0 1 1
20-01-22 11:33:25 Temp: XGT -> 1998 1999 85
20-01-22 11:33:25 Opt: FN -> 2
20-01-22 11:33:25 Tft: DRAV -> DY>Ok
20-01-22 11:33:27 Temp: XGS -> 0 0 1 1
20-01-22 11:33:27 Temp: XGT -> 1998 1998 86
20-01-22 11:33:27 Opt: FN -> 2
20-01-22 11:33:27 Tft: DRAV -> DY>Ok
20-01-22 11:33:29 Temp: XGS -> 0 0 1 1
20-01-22 11:33:29 Temp: XGT -> 1998 1998 86
20-01-22 11:33:29 Opt: FN -> 2
20-01-22 11:33:29 Tft: DRAV -> DY>Ok
20-01-22 11:33:31 Temp: XGS -> 0 0 1 1
20-01-22 11:33:31 Temp: XGT -> 1998 1998 86
20-01-22 11:33:31 Opt: FN -> 2
20-01-22 11:33:31 Tft: DRAV -> DY>Ok
20-01-22 11:33:33 Temp: XGS -> 0 0 1 1
20-01-22 11:33:33 Temp: XGT -> 1998 1998 86
20-01-22 11:33:33 Opt: FN -> 2
20-01-22 11:33:33 Tft: DRAV -> DY>Ok
20-01-22 11:33:34 Temp: XGS -> 0 0 1 1
20-01-22 11:33:34 Temp: XGT -> 1998 1998 86
20-01-22 11:33:34 Opt: FN -> 2
20-01-22 11:33:34 Tft: DRAV -> DY>Ok
20-01-22 11:33:36 Temp: XGS -> 0 0 1 1
20-01-22 11:33:36 Temp: XGT -> 1999 1998 85
20-01-22 11:33:36 Opt: FN -> 2
20-01-22 11:33:36 Tft: DRAV -> DY>Ok
20-01-22 11:33:38 Temp: XGS -> 0 0 1 1
20-01-22 11:33:38 Temp: XGT -> 1999 1999 84
20-01-22 11:33:38 Opt: FN -> 2
20-01-22 11:33:38 Tft: DRAV -> DY>Ok
20-01-22 11:33:40 Temp: XGS -> 0 0 1 1
20-01-22 11:33:40 Temp: XGT -> 1999 1999 84
20-01-22 11:33:40 Opt: FN -> 2
20-01-22 11:33:40 Tft: DRAV -> DY>Ok
20-01-22 11:33:42 Temp: XGS -> 0 0 1 1
20-01-22 11:33:42 Temp: XGT -> 1999 1999 84
20-01-22 11:33:42 Opt: FN -> 2
20-01-22 11:33:42 Tft: DRAV -> DY>Ok
20-01-22 11:33:43 Temp: XGS -> 0 0 1 1
20-01-22 11:33:43 Temp: XGT -> 1999 1999 84
20-01-22 11:33:44 Opt: FN -> 2
20-01-22 11:33:44 Tft: DRAV -> DY>Ok
20-01-22 11:33:45 Temp: XGS -> 0 0 1 1
20-01-22 11:33:45 Temp: XGT -> 1999 1999 84
20-01-22 11:33:45 Opt: FN -> 2
20-01-22 11:33:45 Tft: DRAV -> DY>Ok
20-01-22 11:33:47 Temp: XGS -> 0 0 1 1
20-01-22 11:33:47 Temp: XGT -> 1999 1999 84
20-01-22 11:33:47 Opt: FN -> 2
20-01-22 11:33:47 Tft: DRAV -> DY>Ok
20-01-22 11:33:49 Temp: XGS -> 0 0 1 1
20-01-22 11:33:49 Temp: XGT -> 1999 2000 83
20-01-22 11:33:49 Opt: FN -> 2
20-01-22 11:33:49 Tft: DRAV -> DY>Ok
20-01-22 11:33:51 Temp: XGS -> 0 0 1 1
20-01-22 11:33:51 Temp: XGT -> 1999 2000 83
20-01-22 11:33:51 Opt: FN -> 2
20-01-22 11:33:51 Tft: DRAV -> DY>Ok
20-01-22 11:33:53 Temp: XGS -> 0 0 1 1
20-01-22 11:33:53 Temp: XGT -> 1999 2000 83
20-01-22 11:33:53 Opt: FN -> 2
20-01-22 11:33:53 Tft: DRAV -> DY>Ok
20-01-22 11:33:54 Temp: XGS -> 0 0 1 1
20-01-22 11:33:54 Temp: XGT -> 2000 2000 82
20-01-22 11:33:54 Opt: FN -> 2
20-01-22 11:33:54 Tft: DRAV -> DY>Ok
20-01-22 11:33:56 Temp: XGS -> 0 0 1 1
20-01-22 11:33:56 Temp: XGT -> 2000 2000 82
20-01-22 11:33:56 Opt: FN -> 2
20-01-22 11:33:56 Tft: DRAV -> DY>Ok
20-01-22 11:33:58 Temp: XGS -> 0 0 1 1
20-01-22 11:33:58 Temp: XGT -> 2000 2000 82
20-01-22 11:33:58 Opt: FN -> 2
20-01-22 11:33:58 Tft: DRAV -> DY>Ok
20-01-22 11:34:00 Temp: XGS -> 0 0 1 1
20-01-22 11:34:00 Temp: XGT -> 2000 2000 82
20-01-22 11:34:00 Opt: FN -> 2
20-01-22 11:34:00 Tft: DRAV -> DY>Ok
20-01-22 11:34:02 Temp: XGS -> 0 0 1 1
20-01-22 11:34:02 Temp: XGT -> 2000 2000 82
20-01-22 11:34:02 Opt: FN -> 2
20-01-22 11:34:02 Tft: DRAV -> DY>Ok
20-01-22 11:34:03 Temp: XGS -> 0 0 1 1
20-01-22 11:34:03 Temp: XGT -> 2000 2000 82
20-01-22 11:34:03 Opt: FN -> 2
20-01-22 11:34:03 Tft: DRAV -> DY>Ok
20-01-22 11:34:05 Temp: XGS -> 0 0 1 1
20-01-22 11:34:05 Temp: XGT -> 2000 2000 82
20-01-22 11:34:05 Opt: FN -> 2
20-01-22 11:34:05 Tft: DRAV -> DY>Ok
20-01-22 11:34:07 Temp: XGS -> 0 0 1 1
20-01-22 11:34:07 Temp: XGT -> 2000 2000 82
20-01-22 11:34:07 Opt: FN -> 2
20-01-22 11:34:07 Tft: DRAV -> DY>Ok
20-01-22 11:34:09 Temp: XGS -> 0 0 1 1
20-01-22 11:34:09 Temp: XGT -> 2000 2000 82
20-01-22 11:34:09 Opt: FN -> 2
20-01-22 11:34:09 Tft: DRAV -> DY>Ok
20-01-22 11:34:11 Temp: XGS -> 0 0 1 1
20-01-22 11:34:11 Temp: XGT -> 2000 2000 82
20-01-22 11:34:11 Opt: FN -> 2
20-01-22 11:34:11 Tft: DRAV -> DY>Ok
20-01-22 11:34:12 Temp: XGS -> 0 0 1 1
20-01-22 11:34:12 Temp: XGT -> 2000 2000 82
20-01-22 11:34:13 Opt: FN -> 2
20-01-22 11:34:13 Tft: DRAV -> DY>Ok
20-01-22 11:34:14 Temp: XGS -> 0 0 1 1
20-01-22 11:34:14 Temp: XGT -> 2000 2000 82
20-01-22 11:34:14 Opt: FN -> 2
20-01-22 11:34:14 Tft: DRAV -> DY>Ok
20-01-22 11:34:16 Temp: XGS -> 0 0 1 1
20-01-22 11:34:16 Temp: XGT -> 2000 2000 82
20-01-22 11:34:16 Opt: FN -> 2
20-01-22 11:34:16 Tft: DRAV -> DY>Ok
20-01-22 11:34:18 Temp: XGS -> 0 0 1 1
20-01-22 11:34:18 Temp: XGT -> 2000 2000 82
20-01-22 11:34:18 Opt: FN -> 2
20-01-22 11:34:18 Tft: DRAV -> DY>Ok
20-01-22 11:34:20 Temp: XGS -> 0 0 1 1
20-01-22 11:34:20 Temp: XGT -> 2000 2000 82
20-01-22 11:34:20 Opt: FN -> 2
20-01-22 11:34:20 Tft: DRAV -> DY>Ok
20-01-22 11:34:22 Temp: XGS -> 0 0 1 1
20-01-22 11:34:22 Temp: XGT -> 2000 2000 82
20-01-22 11:34:22 Opt: FN -> 2
20-01-22 11:34:22 Tft: DRAV -> DY>Ok
20-01-22 11:34:23 Temp: XGS -> 0 0 1 1
20-01-22 11:34:23 Temp: XGT -> 2000 2000 82
20-01-22 11:34:23 Opt: FN -> 2
20-01-22 11:34:23 Tft: DRAV -> DY>Ok
20-01-22 11:34:25 Temp: XGS -> 0 0 1 1
20-01-22 11:34:25 Temp: XGT -> 2000 2000 82
20-01-22 11:34:25 Opt: FN -> 2
20-01-22 11:34:25 Tft: DRAV -> DY>Ok
20-01-22 11:34:27 Temp: XGS -> 0 0 1 1
20-01-22 11:34:27 Temp: XGT -> 2000 1999 83
20-01-22 11:34:27 Opt: FN -> 2
20-01-22 11:34:27 Tft: DRAV -> DY>Ok
20-01-22 11:34:29 Temp: XGS -> 0 0 1 1
20-01-22 11:34:29 Temp: XGT -> 1999 1999 84
20-01-22 11:34:29 Opt: FN -> 2
20-01-22 11:34:29 Tft: DRAV -> DY>Ok
20-01-22 11:34:31 Temp: XGS -> 0 0 1 1
20-01-22 11:34:31 Temp: XGT -> 1999 1999 84
20-01-22 11:34:31 Opt: FN -> 2
20-01-22 11:34:31 Tft: DRAV -> DY>Ok
20-01-22 11:34:32 Temp: XGS -> 0 0 1 1
20-01-22 11:34:32 Temp: XGT -> 1999 1999 84
20-01-22 11:34:32 Opt: FN -> 2
20-01-22 11:34:32 Tft: DRAV -> DY>Ok
20-01-22 11:34:34 Temp: XGS -> 0 0 1 1
20-01-22 11:34:34 Temp: XGT -> 1998 1999 85
20-01-22 11:34:34 Opt: FN -> 2
20-01-22 11:34:34 Tft: DRAV -> DY>Ok
20-01-22 11:34:36 Temp: XGS -> 0 0 1 1
20-01-22 11:34:36 Temp: XGT -> 1998 1998 86
20-01-22 11:34:36 Opt: FN -> 2
20-01-22 11:34:36 Tft: DRAV -> DY>Ok
20-01-22 11:34:38 Temp: XGS -> 0 0 1 1
20-01-22 11:34:38 Temp: XGT -> 1998 1998 86
20-01-22 11:34:38 Opt: FN -> 2
20-01-22 11:34:38 Tft: DRAV -> DY>Ok
20-01-22 11:34:40 Temp: XGS -> 0 0 1 1
20-01-22 11:34:40 Temp: XGT -> 1998 1998 86
20-01-22 11:34:40 Opt: FN -> 2
20-01-22 11:34:40 Tft: DRAV -> DY>Ok
20-01-22 11:34:41 Temp: XGS -> 0 0 1 1
20-01-22 11:34:42 Temp: XGT -> 1998 1998 86
20-01-22 11:34:42 Opt: FN -> 2
20-01-22 11:34:42 Tft: DRAV -> DY>Ok
20-01-22 11:34:43 Temp: XGS -> 0 0 1 1
20-01-22 11:34:43 Temp: XGT -> 1998 1998 86
20-01-22 11:34:43 Opt: FN -> 2
20-01-22 11:34:43 Tft: DRAV -> DY>Ok
20-01-22 11:34:45 Temp: XGS -> 0 0 1 1
20-01-22 11:34:45 Temp: XGT -> 1999 1998 85
20-01-22 11:34:45 Opt: FN -> 2
20-01-22 11:34:45 Tft: DRAV -> DY>Ok
20-01-22 11:34:47 Temp: XGS -> 0 0 1 1
20-01-22 11:34:47 Temp: XGT -> 1999 1998 85
20-01-22 11:34:47 Opt: FN -> 2
20-01-22 11:34:47 Tft: DRAV -> DY>Ok
20-01-22 11:34:49 Temp: XGS -> 0 0 1 1
20-01-22 11:34:49 Temp: XGT -> 1999 1999 84
20-01-22 11:34:49 Opt: FN -> 2
20-01-22 11:34:49 Tft: DRAV -> DY>Ok
20-01-22 11:34:51 Temp: XGS -> 0 0 1 1
20-01-22 11:34:51 Temp: XGT -> 1999 1999 84
20-01-22 11:34:51 Opt: FN -> 2
20-01-22 11:34:51 Tft: DRAV -> DY>Ok
20-01-22 11:34:52 Temp: XGS -> 0 0 1 1
20-01-22 11:34:52 Temp: XGT -> 1999 1999 84
20-01-22 11:34:52 Opt: FN -> 2
20-01-22 11:34:52 Tft: DRAV -> DY>Ok
20-01-22 11:34:54 Temp: XGS -> 0 0 1 1
20-01-22 11:34:54 Temp: XGT -> 1999 1999 84
20-01-22 11:34:54 Opt: FN -> 2
20-01-22 11:34:54 Tft: DRAV -> DY>Ok
20-01-22 11:34:56 Temp: XGS -> 0 0 1 1
20-01-22 11:34:56 Temp: XGT -> 1999 2000 83
20-01-22 11:34:56 Opt: FN -> 2
20-01-22 11:34:56 Tft: DRAV -> DY>Ok
20-01-22 11:34:58 Temp: XGS -> 0 0 1 1
20-01-22 11:34:58 Temp: XGT -> 1999 2000 83
20-01-22 11:34:58 Opt: FN -> 2
20-01-22 11:34:58 Tft: DRAV -> DY>Ok
20-01-22 11:35:00 Temp: XGS -> 0 0 1 1
20-01-22 11:35:00 Temp: XGT -> 1999 2000 83
20-01-22 11:35:00 Opt: FN -> 2
20-01-22 11:35:00 Tft: DRAV -> DY>Ok
20-01-22 11:35:01 Temp: XGS -> 0 0 1 1
20-01-22 11:35:01 Temp: XGT -> 1999 2000 83
20-01-22 11:35:01 Opt: FN -> 2
20-01-22 11:35:01 Tft: DRAV -> DY>Ok
20-01-22 11:35:03 Temp: XGS -> 0 0 1 1
20-01-22 11:35:03 Temp: XGT -> 2000 2000 82
20-01-22 11:35:03 Opt: FN -> 2
20-01-22 11:35:03 Tft: DRAV -> DY>Ok
20-01-22 11:35:05 Temp: XGS -> 0 0 1 1
20-01-22 11:35:05 Temp: XGT -> 2000 2000 82
20-01-22 11:35:05 Opt: FN -> 2
20-01-22 11:35:05 Tft: DRAV -> DY>Ok
20-01-22 11:35:07 Temp: XGS -> 0 0 1 1
20-01-22 11:35:07 Temp: XGT -> 2000 2000 82
20-01-22 11:35:07 Opt: FN -> 2
20-01-22 11:35:07 Tft: DRAV -> DY>Ok
20-01-22 11:35:09 Temp: XGS -> 0 0 1 1
20-01-22 11:35:09 Temp: XGT -> 2000 2000 82
20-01-22 11:35:09 Opt: FN -> 2
20-01-22 11:35:09 Tft: DRAV -> DY>Ok
20-01-22 11:35:10 Temp: XGS -> 0 0 1 1
20-01-22 11:35:10 Temp: XGT -> 2000 2000 82
20-01-22 11:35:10 Opt: FN -> 2
20-01-22 11:35:11 Tft: DRAV -> DY>Ok
20-01-22 11:35:12 Temp: XGS -> 0 0 1 1
20-01-22 11:35:12 Temp: XGT -> 2000 2000 82
20-01-22 11:35:12 Opt: FN -> 2
20-01-22 11:35:12 Tft: DRAV -> DY>Ok
20-01-22 11:35:14 Temp: XGS -> 0 0 1 1
20-01-22 11:35:14 Temp: XGT -> 2000 2000 82
20-01-22 11:35:14 Opt: FN -> 2
20-01-22 11:35:14 Tft: DRAV -> DY>Ok
20-01-22 11:35:16 Temp: XGS -> 0 0 1 1
20-01-22 11:35:16 Temp: XGT -> 2000 2000 82
20-01-22 11:35:16 Opt: FN -> 2
20-01-22 11:35:16 Tft: DRAV -> DY>Ok
20-01-22 11:35:18 Temp: XGS -> 0 0 1 1
20-01-22 11:35:18 Temp: XGT -> 2000 2000 82
20-01-22 11:35:18 Opt: FN -> 2
20-01-22 11:35:18 Tft: DRAV -> DY>Ok
20-01-22 11:35:20 Temp: XGS -> 0 0 1 1
20-01-22 11:35:20 Temp: XGT -> 2000 2000 82
20-01-22 11:35:20 Opt: FN -> 2
20-01-22 11:35:20 Tft: DRAV -> DY>Ok
20-01-22 11:35:21 Temp: XGS -> 0 0 1 1
20-01-22 11:35:21 Temp: XGT -> 2000 2000 82
20-01-22 11:35:21 Opt: FN -> 2
20-01-22 11:35:21 Tft: DRAV -> DY>Ok
20-01-22 11:35:23 Temp: XGS -> 0 0 1 1
20-01-22 11:35:23 Temp: XGT -> 2000 2000 82
20-01-22 11:35:23 Opt: FN -> 2
20-01-22 11:35:23 Tft: DRAV -> DY>Ok
20-01-22 11:35:25 Temp: XGS -> 0 0 1 1
20-01-22 11:35:25 Temp: XGT -> 2000 2000 82
20-01-22 11:35:25 Opt: FN -> 2
20-01-22 11:35:25 Tft: DRAV -> DY>Ok
20-01-22 11:35:27 Temp: XGS -> 0 0 1 1
20-01-22 11:35:27 Temp: XGT -> 2000 2000 82
20-01-22 11:35:27 Opt: FN -> 2
20-01-22 11:35:27 Tft: DRAV -> DY>Ok
20-01-22 11:35:29 Temp: XGS -> 0 0 1 1
20-01-22 11:35:29 Temp: XGT -> 2000 2000 82
20-01-22 11:35:29 Opt: FN -> 2
20-01-22 11:35:29 Tft: DRAV -> DY>Ok
20-01-22 11:35:30 Temp: XGS -> 0 0 1 1
20-01-22 11:35:30 Temp: XGT -> 2000 2000 82
20-01-22 11:35:30 Opt: FN -> 2
20-01-22 11:35:30 Tft: DRAV -> DY>Ok
20-01-22 11:35:32 Temp: XGS -> 0 0 1 1
20-01-22 11:35:32 Temp: XGT -> 2000 2000 82
20-01-22 11:35:32 Opt: FN -> 2
20-01-22 11:35:32 Tft: DRAV -> DY>Ok
20-01-22 11:35:34 Temp: XGS -> 0 0 1 1
20-01-22 11:35:34 Temp: XGT -> 2000 2000 82
20-01-22 11:35:34 Opt: FN -> 2
20-01-22 11:35:34 Tft: DRAV -> DY>Ok
20-01-22 11:35:36 Temp: XGS -> 0 0 1 1
20-01-22 11:35:36 Temp: XGT -> 2000 1999 83
20-01-22 11:35:36 Opt: FN -> 2
20-01-22 11:35:36 Tft: DRAV -> DY>Ok
20-01-22 11:35:38 Temp: XGS -> 0 0 1 1
20-01-22 11:35:38 Temp: XGT -> 1999 1999 84
20-01-22 11:35:38 Opt: FN -> 2
20-01-22 11:35:38 Tft: DRAV -> DY>Ok
20-01-22 11:35:40 Temp: XGS -> 0 0 1 1
20-01-22 11:35:40 Temp: XGT -> 1999 1999 84
20-01-22 11:35:40 Opt: FN -> 2
20-01-22 11:35:40 Tft: DRAV -> DY>Ok
20-01-22 11:35:41 Temp: XGS -> 0 0 1 1
20-01-22 11:35:41 Temp: XGT -> 1999 1999 84
20-01-22 11:35:41 Opt: FN -> 2
20-01-22 11:35:41 Tft: DRAV -> DY>Ok
20-01-22 11:35:43 Temp: XGS -> 0 0 1 1
20-01-22 11:35:43 Temp: XGT -> 1999 1999 84
20-01-22 11:35:43 Opt: FN -> 2
20-01-22 11:35:43 Tft: DRAV -> DY>Ok
20-01-22 11:35:45 Temp: XGS -> 0 0 1 1
20-01-22 11:35:45 Temp: XGT -> 1998 1998 86
20-01-22 11:35:45 Opt: FN -> 2
20-01-22 11:35:45 Tft: DRAV -> DY>Ok
20-01-22 11:35:47 Temp: XGS -> 0 0 1 1
20-01-22 11:35:47 Temp: XGT -> 1998 1998 86
20-01-22 11:35:47 Opt: FN -> 2
20-01-22 11:35:47 Tft: DRAV -> DY>Ok
20-01-22 11:35:49 Temp: XGS -> 0 0 1 1
20-01-22 11:35:49 Temp: XGT -> 1998 1998 86
20-01-22 11:35:49 Opt: FN -> 2
20-01-22 11:35:49 Tft: DRAV -> DY>Ok
20-01-22 11:35:50 Temp: XGS -> 0 0 1 1
20-01-22 11:35:50 Temp: XGT -> 1998 1998 86
20-01-22 11:35:50 Opt: FN -> 2
20-01-22 11:35:50 Tft: DRAV -> DY>Ok
20-01-22 11:35:52 Temp: XGS -> 0 0 1 1
20-01-22 11:35:52 Temp: XGT -> 1998 1998 86
20-01-22 11:35:52 Opt: FN -> 2
20-01-22 11:35:52 Tft: DRAV -> DY>Ok
20-01-22 11:35:54 Temp: XGS -> 0 0 1 1
20-01-22 11:35:54 Temp: XGT -> 1998 1998 86
20-01-22 11:35:54 Opt: FN -> 2
20-01-22 11:35:54 Tft: DRAV -> DY>Ok
20-01-22 11:35:56 Temp: XGS -> 0 0 1 1
20-01-22 11:35:56 Temp: XGT -> 1999 1998 85
20-01-22 11:35:56 Opt: FN -> 2
20-01-22 11:35:56 Tft: DRAV -> DY>Ok
20-01-22 11:35:58 Temp: XGS -> 0 0 1 1
20-01-22 11:35:58 Temp: XGT -> 1999 1999 84
20-01-22 11:35:58 Opt: FN -> 2
20-01-22 11:35:58 Tft: DRAV -> DY>Ok
20-01-22 11:35:59 Temp: XGS -> 0 0 1 1
20-01-22 11:35:59 Temp: XGT -> 1999 1999 84
20-01-22 11:35:59 Opt: FN -> 2
20-01-22 11:35:59 Tft: DRAV -> DY>Ok
20-01-22 11:36:01 Temp: XGS -> 0 0 1 1
20-01-22 11:36:01 Temp: XGT -> 1999 1999 84
20-01-22 11:36:01 Opt: FN -> 2
20-01-22 11:36:01 Tft: DRAV -> DY>Ok
20-01-22 11:36:03 Temp: XGS -> 0 0 1 1
20-01-22 11:36:03 Temp: XGT -> 1999 1999 84
20-01-22 11:36:03 Opt: FN -> 2
20-01-22 11:36:03 Tft: DRAV -> DY>Ok
20-01-22 11:36:05 Temp: XGS -> 0 0 1 1
20-01-22 11:36:05 Temp: XGT -> 1999 1999 84
20-01-22 11:36:05 Opt: FN -> 2
20-01-22 11:36:05 Tft: DRAV -> DY>Ok
20-01-22 11:36:07 Temp: XGS -> 0 0 1 1
20-01-22 11:36:07 Temp: XGT -> 1999 2000 83
20-01-22 11:36:07 Opt: FN -> 2
20-01-22 11:36:07 Tft: DRAV -> DY>Ok
20-01-22 11:36:08 Temp: XGS -> 0 0 1 1
20-01-22 11:36:09 Temp: XGT -> 1999 2000 83
20-01-22 11:36:09 Opt: FN -> 2
20-01-22 11:36:09 Tft: DRAV -> DY>Ok
20-01-22 11:36:10 Temp: XGS -> 0 0 1 1
20-01-22 11:36:10 Temp: XGT -> 1999 2000 83
20-01-22 11:36:10 Opt: FN -> 2
20-01-22 11:36:10 Tft: DRAV -> DY>Ok
20-01-22 11:36:12 Temp: XGS -> 0 0 1 1
20-01-22 11:36:12 Temp: XGT -> 1999 2000 83
20-01-22 11:36:12 Opt: FN -> 2
20-01-22 11:36:12 Tft: DRAV -> DY>Ok
20-01-22 11:36:14 Temp: XGS -> 0 0 1 1
20-01-22 11:36:14 Temp: XGT -> 2000 2000 82
20-01-22 11:36:14 Opt: FN -> 2
20-01-22 11:36:14 Tft: DRAV -> DY>Ok
20-01-22 11:36:16 Temp: XGS -> 0 0 1 1
20-01-22 11:36:16 Temp: XGT -> 2000 2000 82
20-01-22 11:36:16 Opt: FN -> 2
20-01-22 11:36:16 Tft: DRAV -> DY>Ok
20-01-22 11:36:18 Temp: XGS -> 0 0 1 1
20-01-22 11:36:18 Temp: XGT -> 2000 2000 82
20-01-22 11:36:18 Opt: FN -> 2
20-01-22 11:36:18 Tft: DRAV -> DY>Ok
20-01-22 11:36:19 Temp: XGS -> 0 0 1 1
20-01-22 11:36:19 Temp: XGT -> 2000 2000 82
20-01-22 11:36:19 Opt: FN -> 2
20-01-22 11:36:19 Tft: DRAV -> DY>Ok
20-01-22 11:36:21 Temp: XGS -> 0 0 1 1
20-01-22 11:36:21 Temp: XGT -> 2000 2000 82
20-01-22 11:36:21 Opt: FN -> 2
20-01-22 11:36:21 Tft: DRAV -> DY>Ok
20-01-22 11:36:23 Temp: XGS -> 0 0 1 1
20-01-22 11:36:23 Temp: XGT -> 2000 2000 82
20-01-22 11:36:23 Opt: FN -> 2
20-01-22 11:36:23 Tft: DRAV -> DY>Ok
20-01-22 11:36:25 Temp: XGS -> 0 0 1 1
20-01-22 11:36:25 Temp: XGT -> 2000 2000 82
20-01-22 11:36:25 Opt: FN -> 2
20-01-22 11:36:25 Tft: DRAV -> DY>Ok
20-01-22 11:36:27 Temp: XGS -> 0 0 1 1
20-01-22 11:36:27 Temp: XGT -> 2000 2000 82
20-01-22 11:36:27 Opt: FN -> 2
20-01-22 11:36:27 Tft: DRAV -> DY>Ok
20-01-22 11:36:28 Temp: XGS -> 0 0 1 1
20-01-22 11:36:29 Temp: XGT -> 2000 2000 82
20-01-22 11:36:29 Opt: FN -> 2
20-01-22 11:36:29 Tft: DRAV -> DY>Ok
20-01-22 11:36:31 Temp: XGS -> 0 0 1 1
20-01-22 11:36:31 Temp: XGT -> 2000 2000 82
20-01-22 11:36:31 Opt: FN -> 2
20-01-22 11:36:31 Tft: DRAV -> DY>Ok
20-01-22 11:36:32 Temp: XGS -> 0 0 1 1
20-01-22 11:36:32 Temp: XGT -> 2000 2000 82
20-01-22 11:36:32 Opt: FN -> 2
20-01-22 11:36:32 Tft: DRAV -> DY>Ok
20-01-22 11:36:34 Temp: XGS -> 0 0 1 1
20-01-22 11:36:34 Temp: XGT -> 2000 2000 82
20-01-22 11:36:34 Opt: FN -> 2
20-01-22 11:36:34 Tft: DRAV -> DY>Ok
20-01-22 11:36:36 Temp: XGS -> 0 0 1 1
20-01-22 11:36:36 Temp: XGT -> 2000 2000 82
20-01-22 11:36:36 Opt: FN -> 2
20-01-22 11:36:36 Tft: DRAV -> DY>Ok
20-01-22 11:36:37 Temp: XGS -> 0 0 1 1
20-01-22 11:36:38 Temp: XGT -> 2000 2000 82
20-01-22 11:36:38 Opt: FN -> 2
20-01-22 11:36:38 Tft: DRAV -> DY>Ok
20-01-22 11:36:39 Temp: XGS -> 0 0 1 1
20-01-22 11:36:39 Temp: XGT -> 2000 2000 82
20-01-22 11:36:39 Opt: FN -> 2
20-01-22 11:36:39 Tft: DRAV -> DY>Ok
20-01-22 11:36:41 Temp: XGS -> 0 0 1 1
20-01-22 11:36:41 Temp: XGT -> 2000 2000 82
20-01-22 11:36:41 Opt: FN -> 2
20-01-22 11:36:41 Tft: DRAV -> DY>Ok
20-01-22 11:36:43 Temp: XGS -> 0 0 1 1
20-01-22 11:36:43 Temp: XGT -> 2000 2000 82
20-01-22 11:36:43 Opt: FN -> 2
20-01-22 11:36:43 Tft: DRAV -> DY>Ok
20-01-22 11:36:45 Temp: XGS -> 0 0 1 1
20-01-22 11:36:45 Temp: XGT -> 2000 2000 82
20-01-22 11:36:45 Opt: FN -> 2
20-01-22 11:36:45 Tft: DRAV -> DY>Ok
20-01-22 11:36:47 Temp: XGS -> 0 0 1 1
20-01-22 11:36:47 Temp: XGT -> 2000 1999 83
20-01-22 11:36:47 Opt: FN -> 2
20-01-22 11:36:47 Tft: DRAV -> DY>Ok
20-01-22 11:36:48 Temp: XGS -> 0 0 1 1
20-01-22 11:36:48 Temp: XGT -> 2000 1999 83
20-01-22 11:36:48 Opt: FN -> 2
20-01-22 11:36:48 Tft: DRAV -> DY>Ok
20-01-22 11:36:50 Temp: XGS -> 0 0 1 1
20-01-22 11:36:50 Temp: XGT -> 1999 1999 84
20-01-22 11:36:50 Opt: FN -> 2
20-01-22 11:36:50 Tft: DRAV -> DY>Ok
20-01-22 11:36:52 Temp: XGS -> 0 0 1 1
20-01-22 11:36:52 Temp: XGT -> 1999 1999 84
20-01-22 11:36:52 Opt: FN -> 2
20-01-22 11:36:52 Tft: DRAV -> DY>Ok
20-01-22 11:36:54 Temp: XGS -> 0 0 1 1
20-01-22 11:36:54 Temp: XGT -> 1999 1999 84
20-01-22 11:36:54 Opt: FN -> 2
20-01-22 11:36:54 Tft: DRAV -> DY>Ok
20-01-22 11:36:56 Temp: XGS -> 0 0 1 1
20-01-22 11:36:56 Temp: XGT -> 1998 1999 85
20-01-22 11:36:56 Opt: FN -> 2
20-01-22 11:36:56 Tft: DRAV -> DY>Ok
20-01-22 11:36:57 Temp: XGS -> 0 0 1 1
20-01-22 11:36:57 Temp: XGT -> 1998 1998 86
20-01-22 11:36:57 Opt: FN -> 2
20-01-22 11:36:57 Tft: DRAV -> DY>Ok
20-01-22 11:36:59 Temp: XGS -> 0 0 1 1
20-01-22 11:36:59 Temp: XGT -> 1998 1998 86
20-01-22 11:36:59 Opt: FN -> 2
20-01-22 11:36:59 Tft: DRAV -> DY>Ok
20-01-22 11:37:01 Temp: XGS -> 0 0 1 1
20-01-22 11:37:01 Temp: XGT -> 1998 1998 86
20-01-22 11:37:01 Opt: FN -> 2
20-01-22 11:37:01 Tft: DRAV -> DY>Ok
20-01-22 11:37:03 Temp: XGS -> 0 0 1 1
20-01-22 11:37:03 Temp: XGT -> 1998 1998 86
20-01-22 11:37:03 Opt: FN -> 2
20-01-22 11:37:03 Tft: DRAV -> DY>Ok
20-01-22 11:37:05 Temp: XGS -> 0 0 1 1
20-01-22 11:37:05 Temp: XGT -> 1998 1998 86
20-01-22 11:37:05 Opt: FN -> 2
20-01-22 11:37:05 Tft: DRAV -> DY>Ok
20-01-22 11:37:06 Temp: XGS -> 0 0 1 1
20-01-22 11:37:07 Temp: XGT -> 1999 1998 85
20-01-22 11:37:07 Opt: FN -> 2
20-01-22 11:37:07 Tft: DRAV -> DY>Ok
20-01-22 11:37:08 Temp: XGS -> 0 0 1 1
20-01-22 11:37:08 Temp: XGT -> 1999 1999 84
20-01-22 11:37:08 Opt: FN -> 2
20-01-22 11:37:08 Tft: DRAV -> DY>Ok
20-01-22 11:37:10 Temp: XGS -> 0 0 1 1
20-01-22 11:37:10 Temp: XGT -> 1999 1999 84
20-01-22 11:37:10 Opt: FN -> 2
20-01-22 11:37:10 Tft: DRAV -> DY>Ok
20-01-22 11:37:12 Temp: XGS -> 0 0 1 1
20-01-22 11:37:12 Temp: XGT -> 1999 1999 84
20-01-22 11:37:12 Opt: FN -> 2
20-01-22 11:37:12 Tft: DRAV -> DY>Ok
20-01-22 11:37:14 Temp: XGS -> 0 0 1 1
20-01-22 11:37:14 Temp: XGT -> 1999 1999 84
20-01-22 11:37:14 Opt: FN -> 2
20-01-22 11:37:14 Tft: DRAV -> DY>Ok
20-01-22 11:37:16 Temp: XGS -> 0 0 1 1
20-01-22 11:37:16 Temp: XGT -> 1999 1999 84
20-01-22 11:37:16 Opt: FN -> 2
20-01-22 11:37:16 Tft: DRAV -> DY>Ok
20-01-22 11:37:17 Temp: XGS -> 0 0 1 1
20-01-22 11:37:17 Temp: XGT -> 1999 2000 83
20-01-22 11:37:17 Opt: FN -> 2
20-01-22 11:37:17 Tft: DRAV -> DY>Ok
20-01-22 11:37:19 Temp: XGS -> 0 0 1 1
20-01-22 11:37:19 Temp: XGT -> 1999 2000 83
20-01-22 11:37:19 Opt: FN -> 2
20-01-22 11:37:19 Tft: DRAV -> DY>Ok
20-01-22 11:37:21 Temp: XGS -> 0 0 1 1
20-01-22 11:37:21 Temp: XGT -> 1999 2000 83
20-01-22 11:37:21 Opt: FN -> 2
20-01-22 11:37:21 Tft: DRAV -> DY>Ok
20-01-22 11:37:23 Temp: XGS -> 0 0 1 1
20-01-22 11:37:23 Temp: XGT -> 1999 2000 83
20-01-22 11:37:23 Opt: FN -> 2
20-01-22 11:37:23 Tft: DRAV -> DY>Ok
20-01-22 11:37:25 Temp: XGS -> 0 0 1 1
20-01-22 11:37:25 Temp: XGT -> 2000 2000 82
20-01-22 11:37:25 Opt: FN -> 2
20-01-22 11:37:25 Tft: DRAV -> DY>Ok
20-01-22 11:37:26 Temp: XGS -> 0 0 1 1
20-01-22 11:37:26 Temp: XGT -> 2000 2000 82
20-01-22 11:37:26 Opt: FN -> 2
20-01-22 11:37:27 Tft: DRAV -> DY>Ok
20-01-22 11:37:28 Temp: XGS -> 0 0 1 1
20-01-22 11:37:28 Temp: XGT -> 2000 2000 82
20-01-22 11:37:28 Opt: FN -> 2
20-01-22 11:37:28 Tft: DRAV -> DY>Ok
20-01-22 11:37:30 Temp: XGS -> 0 0 1 1
20-01-22 11:37:30 Temp: XGT -> 2000 2000 82
20-01-22 11:37:30 Opt: FN -> 2
20-01-22 11:37:30 Tft: DRAV -> DY>Ok
20-01-22 11:37:32 Temp: XGS -> 0 0 1 1
20-01-22 11:37:32 Temp: XGT -> 2000 2000 82
20-01-22 11:37:32 Opt: FN -> 2
20-01-22 11:37:32 Tft: DRAV -> DY>Ok
20-01-22 11:37:34 Temp: XGS -> 0 0 1 1
20-01-22 11:37:34 Temp: XGT -> 2000 2000 82
20-01-22 11:37:34 Opt: FN -> 2
20-01-22 11:37:34 Tft: DRAV -> DY>Ok
20-01-22 11:37:36 Temp: XGS -> 0 0 1 1
20-01-22 11:37:36 Temp: XGT -> 2000 2000 82
20-01-22 11:37:36 Opt: FN -> 2
20-01-22 11:37:36 Tft: DRAV -> DY>Ok
20-01-22 11:37:37 Temp: XGS -> 0 0 1 1
20-01-22 11:37:37 Temp: XGT -> 2000 2000 82
20-01-22 11:37:37 Opt: FN -> 2
20-01-22 11:37:37 Tft: DRAV -> DY>Ok
20-01-22 11:37:39 Temp: XGS -> 0 0 1 1
20-01-22 11:37:39 Temp: XGT -> 2000 2000 82
20-01-22 11:37:39 Opt: FN -> 2
20-01-22 11:37:39 Tft: DRAV -> DY>Ok
20-01-22 11:37:41 Temp: XGS -> 0 0 1 1
20-01-22 11:37:41 Temp: XGT -> 2000 2000 82
20-01-22 11:37:41 Opt: FN -> 2
20-01-22 11:37:41 Tft: DRAV -> DY>Ok
20-01-22 11:37:43 Temp: XGS -> 0 0 1 1
20-01-22 11:37:43 Temp: XGT -> 2000 2000 82
20-01-22 11:37:43 Opt: FN -> 2
20-01-22 11:37:43 Tft: DRAV -> DY>Ok
20-01-22 11:37:45 Temp: XGS -> 0 0 1 1
20-01-22 11:37:45 Temp: XGT -> 2000 2000 82
20-01-22 11:37:45 Opt: FN -> 2
20-01-22 11:37:45 Tft: DRAV -> DY>Ok
20-01-22 11:37:46 Temp: XGS -> 0 0 1 1
20-01-22 11:37:46 Temp: XGT -> 2000 2000 82
20-01-22 11:37:46 Opt: FN -> 2
20-01-22 11:37:46 Tft: DRAV -> DY>Ok
20-01-22 11:37:48 Temp: XGS -> 0 0 1 1
20-01-22 11:37:48 Temp: XGT -> 2000 2000 82
20-01-22 11:37:48 Opt: FN -> 2
20-01-22 11:37:48 Tft: DRAV -> DY>Ok
20-01-22 11:37:50 Temp: XGS -> 0 0 1 1
20-01-22 11:37:50 Temp: XGT -> 2000 2000 82
20-01-22 11:37:50 Opt: FN -> 2
20-01-22 11:37:50 Tft: DRAV -> DY>Ok
20-01-22 11:37:52 Temp: XGS -> 0 0 1 1
20-01-22 11:37:52 Temp: XGT -> 2000 2000 82
20-01-22 11:37:52 Opt: FN -> 2
20-01-22 11:37:52 Tft: DRAV -> DY>Ok
20-01-22 11:37:54 Temp: XGS -> 0 0 1 1
20-01-22 11:37:54 Temp: XGT -> 2000 2000 82
20-01-22 11:37:54 Opt: FN -> 2
20-01-22 11:37:54 Tft: DRAV -> DY>Ok
20-01-22 11:37:55 Temp: XGS -> 0 0 1 1
20-01-22 11:37:55 Temp: XGT -> 2000 2000 82
20-01-22 11:37:55 Opt: FN -> 2
20-01-22 11:37:55 Tft: DRAV -> DY>Ok
20-01-22 11:37:57 Temp: XGS -> 0 0 1 1
20-01-22 11:37:57 Temp: XGT -> 2000 1999 83
20-01-22 11:37:57 Opt: FN -> 2
20-01-22 11:37:57 Tft: DRAV -> DY>Ok
20-01-22 11:37:59 Temp: XGS -> 0 0 1 1
20-01-22 11:37:59 Temp: XGT -> 1999 1999 84
20-01-22 11:37:59 Opt: FN -> 2
20-01-22 11:37:59 Tft: DRAV -> DY>Ok
20-01-22 11:38:01 Temp: XGS -> 0 0 1 1
20-01-22 11:38:01 Temp: XGT -> 1999 1999 84
20-01-22 11:38:01 Opt: FN -> 2
20-01-22 11:38:01 Tft: DRAV -> DY>Ok
20-01-22 11:38:03 Temp: XGS -> 0 0 1 1
20-01-22 11:38:03 Temp: XGT -> 1999 1999 84
20-01-22 11:38:03 Opt: FN -> 2
20-01-22 11:38:03 Tft: DRAV -> DY>Ok
20-01-22 11:38:05 Temp: XGS -> 0 0 1 1
20-01-22 11:38:05 Temp: XGT -> 1999 1999 84
20-01-22 11:38:05 Opt: FN -> 2
20-01-22 11:38:05 Tft: DRAV -> DY>Ok
20-01-22 11:38:06 Temp: XGS -> 0 0 1 1
20-01-22 11:38:06 Temp: XGT -> 1998 1998 86
20-01-22 11:38:06 Opt: FN -> 2
20-01-22 11:38:06 Tft: DRAV -> DY>Ok
20-01-22 11:38:08 Temp: XGS -> 0 0 1 1
20-01-22 11:38:08 Temp: XGT -> 1998 1998 86
20-01-22 11:38:08 Opt: FN -> 2
20-01-22 11:38:08 Tft: DRAV -> DY>Ok
20-01-22 11:38:10 Temp: XGS -> 0 0 1 1
20-01-22 11:38:10 Temp: XGT -> 1998 1998 86
20-01-22 11:38:10 Opt: FN -> 2
20-01-22 11:38:10 Tft: DRAV -> DY>Ok
20-01-22 11:38:12 Temp: XGS -> 0 0 1 1
20-01-22 11:38:12 Temp: XGT -> 1998 1998 86
20-01-22 11:38:12 Opt: FN -> 2
20-01-22 11:38:12 Tft: DRAV -> DY>Ok
20-01-22 11:38:14 Temp: XGS -> 0 0 1 1
20-01-22 11:38:14 Temp: XGT -> 1998 1998 86
20-01-22 11:38:14 Opt: FN -> 2
20-01-22 11:38:14 Tft: DRAV -> DY>Ok
20-01-22 11:38:15 Temp: XGS -> 0 0 1 1
20-01-22 11:38:15 Temp: XGT -> 1999 1998 85
20-01-22 11:38:15 Opt: FN -> 2
20-01-22 11:38:15 Tft: DRAV -> DY>Ok
20-01-22 11:38:17 Temp: XGS -> 0 0 1 1
20-01-22 11:38:17 Temp: XGT -> 1999 1999 84
20-01-22 11:38:17 Opt: FN -> 2
20-01-22 11:38:17 Tft: DRAV -> DY>Ok
20-01-22 11:38:19 Temp: XGS -> 0 0 1 1
20-01-22 11:38:19 Temp: XGT -> 1999 1999 84
20-01-22 11:38:19 Opt: FN -> 2
20-01-22 11:38:19 Tft: DRAV -> DY>Ok
20-01-22 11:38:21 Temp: XGS -> 0 0 1 1
20-01-22 11:38:21 Temp: XGT -> 1999 1999 84
20-01-22 11:38:21 Opt: FN -> 2
20-01-22 11:38:21 Tft: DRAV -> DY>Ok
20-01-22 11:38:23 Temp: XGS -> 0 0 1 1
20-01-22 11:38:23 Temp: XGT -> 1999 1999 84
20-01-22 11:38:23 Opt: FN -> 2
20-01-22 11:38:23 Tft: DRAV -> DY>Ok
20-01-22 11:38:24 Temp: XGS -> 0 0 1 1
20-01-22 11:38:24 Temp: XGT -> 1999 1999 84
20-01-22 11:38:24 Opt: FN -> 2
20-01-22 11:38:25 Tft: DRAV -> DY>Ok
20-01-22 11:38:26 Temp: XGS -> 0 0 1 1
20-01-22 11:38:26 Temp: XGT -> 1999 1999 84
20-01-22 11:38:26 Opt: FN -> 2
20-01-22 11:38:26 Tft: DRAV -> DY>Ok
20-01-22 11:38:28 Temp: XGS -> 0 0 1 1
20-01-22 11:38:28 Temp: XGT -> 1999 2000 83
20-01-22 11:38:28 Opt: FN -> 2
20-01-22 11:38:28 Tft: DRAV -> DY>Ok
20-01-22 11:38:30 Temp: XGS -> 0 0 1 1
20-01-22 11:38:30 Temp: XGT -> 1999 2000 83
20-01-22 11:38:30 Opt: FN -> 2
20-01-22 11:38:30 Tft: DRAV -> DY>Ok
20-01-22 11:38:32 Temp: XGS -> 0 0 1 1
20-01-22 11:38:32 Temp: XGT -> 1999 2000 83
20-01-22 11:38:32 Opt: FN -> 2
20-01-22 11:38:32 Tft: DRAV -> DY>Ok
20-01-22 11:38:34 Temp: XGS -> 0 0 1 1
20-01-22 11:38:34 Temp: XGT -> 2000 2000 82
20-01-22 11:38:34 Opt: FN -> 2
20-01-22 11:38:34 Tft: DRAV -> DY>Ok
20-01-22 11:38:35 Temp: XGS -> 0 0 1 1
20-01-22 11:38:35 Temp: XGT -> 2000 2000 82
20-01-22 11:38:35 Opt: FN -> 2
20-01-22 11:38:35 Tft: DRAV -> DY>Ok
20-01-22 11:38:37 Temp: XGS -> 0 0 1 1
20-01-22 11:38:37 Temp: XGT -> 2000 2000 82
20-01-22 11:38:37 Opt: FN -> 2
20-01-22 11:38:37 Tft: DRAV -> DY>Ok
20-01-22 11:38:39 Temp: XGS -> 0 0 1 1
20-01-22 11:38:39 Temp: XGT -> 2000 2000 82
20-01-22 11:38:39 Opt: FN -> 2
20-01-22 11:38:39 Tft: DRAV -> DY>Ok
20-01-22 11:38:41 Temp: XGS -> 0 0 1 1
20-01-22 11:38:41 Temp: XGT -> 2000 2000 82
20-01-22 11:38:41 Opt: FN -> 2
20-01-22 11:38:41 Tft: DRAV -> DY>Ok
20-01-22 11:38:43 Temp: XGS -> 0 0 1 1
20-01-22 11:38:43 Temp: XGT -> 2000 2000 82
20-01-22 11:38:43 Opt: FN -> 2
20-01-22 11:38:43 Tft: DRAV -> DY>Ok
20-01-22 11:38:44 Temp: XGS -> 0 0 1 1
20-01-22 11:38:44 Temp: XGT -> 2000 2000 82
20-01-22 11:38:44 Opt: FN -> 2
20-01-22 11:38:44 Tft: DRAV -> DY>Ok
20-01-22 11:38:46 Temp: XGS -> 0 0 1 1
20-01-22 11:38:46 Temp: XGT -> 2000 2000 82
20-01-22 11:38:46 Opt: FN -> 2
20-01-22 11:38:46 Tft: DRAV -> DY>Ok
20-01-22 11:38:48 Temp: XGS -> 0 0 1 1
20-01-22 11:38:48 Temp: XGT -> 2000 2000 82
20-01-22 11:38:48 Opt: FN -> 2
20-01-22 11:38:48 Tft: DRAV -> DY>Ok
20-01-22 11:38:50 Temp: XGS -> 0 0 1 1
20-01-22 11:38:50 Temp: XGT -> 2000 2000 82
20-01-22 11:38:50 Opt: FN -> 2
20-01-22 11:38:50 Tft: DRAV -> DY>Ok
20-01-22 11:38:52 Temp: XGS -> 0 0 1 1
20-01-22 11:38:52 Temp: XGT -> 2000 2000 82
20-01-22 11:38:52 Opt: FN -> 2
20-01-22 11:38:52 Tft: DRAV -> DY>Ok
20-01-22 11:38:53 Temp: XGS -> 0 0 1 1
20-01-22 11:38:54 Temp: XGT -> 2000 2000 82
20-01-22 11:38:54 Opt: FN -> 2
20-01-22 11:38:54 Tft: DRAV -> DY>Ok
20-01-22 11:38:55 Temp: XGS -> 0 0 1 1
20-01-22 11:38:55 Temp: XGT -> 2000 2000 82
20-01-22 11:38:55 Opt: FN -> 2
20-01-22 11:38:55 Tft: DRAV -> DY>Ok
20-01-22 11:38:57 Temp: XGS -> 0 0 1 1
20-01-22 11:38:57 Temp: XGT -> 2000 2000 82
20-01-22 11:38:57 Opt: FN -> 2
20-01-22 11:38:57 Tft: DRAV -> DY>Ok
20-01-22 11:38:59 Temp: XGS -> 0 0 1 1
20-01-22 11:38:59 Temp: XGT -> 2000 2000 82
20-01-22 11:38:59 Opt: FN -> 2
20-01-22 11:38:59 Tft: DRAV -> DY>Ok
20-01-22 11:39:01 Temp: XGS -> 0 0 1 1
20-01-22 11:39:01 Temp: XGT -> 2000 2000 82
20-01-22 11:39:01 Opt: FN -> 2
20-01-22 11:39:01 Tft: DRAV -> DY>Ok
20-01-22 11:39:03 Temp: XGS -> 0 0 1 1
20-01-22 11:39:03 Temp: XGT -> 2000 2000 82
20-01-22 11:39:03 Opt: FN -> 2
20-01-22 11:39:03 Tft: DRAV -> DY>Ok
20-01-22 11:39:04 Temp: XGS -> 0 0 1 1
20-01-22 11:39:04 Temp: XGT -> 2000 2000 82
20-01-22 11:39:04 Opt: FN -> 2
20-01-22 11:39:04 Tft: DRAV -> DY>Ok
20-01-22 11:39:37 Opt: PRDS 1048 -> 0
20-01-22 11:39:37 Error! Opt: CRYC -> ???
20-01-22 11:39:37 Error! Opt: CRYC -> ???
20-01-22 11:39:38 Temp: XGS -> 0 0 1 1
20-01-22 11:39:38 Temp: XGT -> 1999 2000 83
20-01-22 11:39:38 Opt: FN -> 2
20-01-22 11:39:38 Tft: DRAV -> DY>Ok
20-01-22 11:39:40 Temp: XGS -> 0 0 1 1
20-01-22 11:39:40 Temp: XGT -> 1999 2000 83
20-01-22 11:39:40 Opt: FN -> 2
20-01-22 11:39:40 Tft: DRAV -> DY>Ok
20-01-22 11:39:42 Temp: XGS -> 0 0 1 1
20-01-22 11:39:42 Temp: XGT -> 1999 2000 83
20-01-22 11:39:42 Opt: FN -> 2
20-01-22 11:39:42 Tft: DRAV -> DY>Ok
20-01-22 11:39:43 Temp: XGS -> 0 0 1 1
20-01-22 11:39:43 Temp: XGT -> 2000 2000 82
20-01-22 11:39:43 Opt: FN -> 2
20-01-22 11:39:43 Tft: DRAV -> DY>Ok
20-01-22 11:39:45 Temp: XGS -> 0 0 1 1
20-01-22 11:39:45 Temp: XGT -> 2000 2000 82
20-01-22 11:39:45 Opt: FN -> 2
20-01-22 11:39:45 Tft: DRAV -> DY>Ok
20-01-22 11:39:47 Temp: XGS -> 0 0 1 1
20-01-22 11:39:47 Temp: XGT -> 2000 2000 82
20-01-22 11:39:47 Opt: FN -> 2
20-01-22 11:39:47 Tft: DRAV -> DY>Ok
20-01-22 11:39:49 Temp: XGS -> 0 0 1 1
20-01-22 11:39:49 Temp: XGT -> 2000 2000 82
20-01-22 11:39:49 Opt: FN -> 2
20-01-22 11:39:49 Tft: DRAV -> DY>Ok
20-01-22 11:39:51 Temp: XGS -> 0 0 1 1
20-01-22 11:39:51 Temp: XGT -> 2000 2000 82
20-01-22 11:39:51 Opt: FN -> 2
20-01-22 11:39:51 Tft: DRAV -> DY>Ok
20-01-22 11:39:52 Temp: XGS -> 0 0 1 1
20-01-22 11:39:52 Temp: XGT -> 2000 2000 82
20-01-22 11:39:52 Opt: FN -> 2
20-01-22 11:39:52 Tft: DRAV -> DY>Ok
20-01-22 11:39:54 Temp: XGS -> 0 0 1 1
20-01-22 11:39:54 Temp: XGT -> 2000 2000 82
20-01-22 11:39:54 Opt: FN -> 2
20-01-22 11:39:54 Tft: DRAV -> DY>Ok
20-01-22 11:39:56 Temp: XGS -> 0 0 1 1
20-01-22 11:39:56 Temp: XGT -> 2000 2000 82
20-01-22 11:39:56 Opt: FN -> 2
20-01-22 11:39:56 Tft: DRAV -> DY>Ok
20-01-22 11:39:58 Temp: XGS -> 0 0 1 1
20-01-22 11:39:58 Temp: XGT -> 2000 2000 82
20-01-22 11:39:58 Opt: FN -> 2
20-01-22 11:39:58 Tft: DRAV -> DY>Ok
20-01-22 11:40:00 Temp: XGS -> 0 0 1 1
20-01-22 11:40:00 Temp: XGT -> 2000 2000 82
20-01-22 11:40:00 Opt: FN -> 2
20-01-22 11:40:00 Tft: DRAV -> DY>Ok
20-01-22 11:40:01 Temp: XGS -> 0 0 1 1
20-01-22 11:40:01 Temp: XGT -> 2000 2000 82
20-01-22 11:40:01 Opt: FN -> 2
20-01-22 11:40:02 Tft: DRAV -> DY>Ok
20-01-22 11:40:03 Temp: XGS -> 0 0 1 1
20-01-22 11:40:03 Temp: XGT -> 2000 2000 82
20-01-22 11:40:03 Opt: FN -> 2
20-01-22 11:40:03 Tft: DRAV -> DY>Ok
20-01-22 11:40:05 Temp: XGS -> 0 0 1 1
20-01-22 11:40:05 Temp: XGT -> 2000 2000 82
20-01-22 11:40:05 Opt: FN -> 2
20-01-22 11:40:05 Tft: DRAV -> DY>Ok
20-01-22 11:40:07 Temp: XGS -> 0 0 1 1
20-01-22 11:40:07 Temp: XGT -> 2000 2000 82
20-01-22 11:40:07 Opt: FN -> 2
20-01-22 11:40:07 Tft: DRAV -> DY>Ok
20-01-22 11:40:09 Temp: XGS -> 0 0 1 1
20-01-22 11:40:09 Temp: XGT -> 2000 2000 82
20-01-22 11:40:09 Opt: FN -> 2
20-01-22 11:40:09 Tft: DRAV -> DY>Ok
20-01-22 11:40:11 Temp: XGS -> 0 0 1 1
20-01-22 11:40:11 Temp: XGT -> 2000 2000 82
20-01-22 11:40:11 Opt: FN -> 2
20-01-22 11:40:11 Tft: DRAV -> DY>Ok
20-01-22 11:40:12 Temp: XGS -> 0 0 1 1
20-01-22 11:40:12 Temp: XGT -> 2000 2000 82
20-01-22 11:40:12 Opt: FN -> 2
20-01-22 11:40:12 Tft: DRAV -> DY>Ok
20-01-22 11:40:14 Temp: XGS -> 0 0 1 1
20-01-22 11:40:14 Temp: XGT -> 2000 2000 82
20-01-22 11:40:14 Opt: FN -> 2
20-01-22 11:40:14 Tft: DRAV -> DY>Ok
20-01-22 11:40:16 Temp: XGS -> 0 0 1 1
20-01-22 11:40:16 Temp: XGT -> 2000 2000 82
20-01-22 11:40:16 Opt: FN -> 2
20-01-22 11:40:16 Tft: DRAV -> DY>Ok
20-01-22 11:40:18 Temp: XGS -> 0 0 1 1
20-01-22 11:40:18 Temp: XGT -> 2000 1999 83
20-01-22 11:40:18 Opt: FN -> 2
20-01-22 11:40:18 Tft: DRAV -> DY>Ok
20-01-22 11:40:20 Temp: XGS -> 0 0 1 1
20-01-22 11:40:20 Temp: XGT -> 1999 1999 84
20-01-22 11:40:20 Opt: FN -> 2
20-01-22 11:40:20 Tft: DRAV -> DY>Ok
20-01-22 11:40:21 Temp: XGS -> 0 0 1 1
20-01-22 11:40:21 Temp: XGT -> 1999 1999 84
20-01-22 11:40:21 Opt: FN -> 2
20-01-22 11:40:21 Tft: DRAV -> DY>Ok
20-01-22 11:40:23 Temp: XGS -> 0 0 1 1
20-01-22 11:40:23 Temp: XGT -> 1999 1999 84
20-01-22 11:40:23 Opt: FN -> 2
20-01-22 11:40:23 Tft: DRAV -> DY>Ok
20-01-22 11:40:25 Temp: XGS -> 0 0 1 1
20-01-22 11:40:25 Temp: XGT -> 1998 1999 85
20-01-22 11:40:25 Opt: FN -> 2
20-01-22 11:40:25 Tft: DRAV -> DY>Ok
20-01-22 11:40:27 Temp: XGS -> 0 0 1 1
20-01-22 11:40:27 Temp: XGT -> 1998 1998 86
20-01-22 11:40:27 Opt: FN -> 2
20-01-22 11:40:27 Tft: DRAV -> DY>Ok
20-01-22 11:40:29 Temp: XGS -> 0 0 1 1
20-01-22 11:40:29 Temp: XGT -> 1998 1998 86
20-01-22 11:40:29 Opt: FN -> 2
20-01-22 11:40:29 Tft: DRAV -> DY>Ok
20-01-22 11:40:30 Temp: XGS -> 0 0 1 1
20-01-22 11:40:31 Temp: XGT -> 1998 1998 86
20-01-22 11:40:31 Opt: FN -> 2
20-01-22 11:40:31 Tft: DRAV -> DY>Ok
20-01-22 11:40:32 Temp: XGS -> 0 0 1 1
20-01-22 11:40:32 Temp: XGT -> 1998 1998 86
20-01-22 11:40:32 Opt: FN -> 2
20-01-22 11:40:32 Tft: DRAV -> DY>Ok
20-01-22 11:40:34 Temp: XGS -> 0 0 1 1
20-01-22 11:40:34 Temp: XGT -> 1998 1998 86
20-01-22 11:40:34 Opt: FN -> 2
20-01-22 11:40:34 Tft: DRAV -> DY>Ok
20-01-22 11:40:36 Temp: XGS -> 0 0 1 1
20-01-22 11:40:36 Temp: XGT -> 1999 1998 85
20-01-22 11:40:36 Opt: FN -> 2
20-01-22 11:40:36 Tft: DRAV -> DY>Ok
20-01-22 11:40:38 Temp: XGS -> 0 0 1 1
20-01-22 11:40:38 Temp: XGT -> 1999 1998 85
20-01-22 11:40:38 Opt: FN -> 2
20-01-22 11:40:38 Tft: DRAV -> DY>Ok
20-01-22 11:40:40 Temp: XGS -> 0 0 1 1
20-01-22 11:40:40 Temp: XGT -> 1999 1999 84
20-01-22 11:40:40 Opt: FN -> 2
20-01-22 11:40:40 Tft: DRAV -> DY>Ok
20-01-22 11:40:41 Temp: XGS -> 0 0 1 1
20-01-22 11:40:41 Temp: XGT -> 1999 1999 84
20-01-22 11:40:41 Opt: FN -> 2
20-01-22 11:40:41 Tft: DRAV -> DY>Ok
20-01-22 11:40:43 Temp: XGS -> 0 0 1 1
20-01-22 11:40:43 Temp: XGT -> 1999 1999 84
20-01-22 11:40:43 Opt: FN -> 2
20-01-22 11:40:43 Tft: DRAV -> DY>Ok
20-01-22 11:42:20 Opt: PRDS 1048 -> 0
20-01-22 11:42:20 Error! Opt: CRYC -> ???
20-01-22 11:42:20 Error! Opt: CRYC -> ???
20-01-22 11:42:20 Temp: XGS -> 0 0 1 1
20-01-22 11:42:20 Temp: XGT -> 2000 2000 82
20-01-22 11:42:20 Opt: FN -> 2
20-01-22 11:42:20 Tft: DRAV -> DY>Ok
20-01-22 11:42:22 Temp: XGS -> 0 0 1 1
20-01-22 11:42:22 Temp: XGT -> 2000 2000 82
20-01-22 11:42:22 Opt: FN -> 2
20-01-22 11:42:22 Tft: DRAV -> DY>Ok
20-01-22 11:42:24 Temp: XGS -> 0 0 1 1
20-01-22 11:42:24 Temp: XGT -> 2000 2000 82
20-01-22 11:42:24 Opt: FN -> 2
20-01-22 11:42:24 Tft: DRAV -> DY>Ok
20-01-22 11:42:26 Temp: XGS -> 0 0 1 1
20-01-22 11:42:26 Temp: XGT -> 2000 2000 82
20-01-22 11:42:26 Opt: FN -> 2
20-01-22 11:42:26 Tft: DRAV -> DY>Ok
20-01-22 11:42:28 Temp: XGS -> 0 0 1 1
20-01-22 11:42:28 Temp: XGT -> 2000 2000 82
20-01-22 11:42:28 Opt: FN -> 2
20-01-22 11:42:28 Tft: DRAV -> DY>Ok
20-01-22 11:42:29 Temp: XGS -> 0 0 1 1
20-01-22 11:42:29 Temp: XGT -> 2000 2000 82
20-01-22 11:42:29 Opt: FN -> 2
20-01-22 11:42:30 Tft: DRAV -> DY>Ok
20-01-22 11:42:31 Temp: XGS -> 0 0 1 1
20-01-22 11:42:31 Temp: XGT -> 2000 2000 82
20-01-22 11:42:31 Opt: FN -> 2
20-01-22 11:42:31 Tft: DRAV -> DY>Ok
20-01-22 11:42:33 Temp: XGS -> 0 0 1 1
20-01-22 11:42:33 Temp: XGT -> 2000 2000 82
20-01-22 11:42:33 Opt: FN -> 2
20-01-22 11:42:33 Tft: DRAV -> DY>Ok
20-01-22 11:42:35 Temp: XGS -> 0 0 1 1
20-01-22 11:42:35 Temp: XGT -> 2000 2000 82
20-01-22 11:42:35 Opt: FN -> 2
20-01-22 11:42:35 Tft: DRAV -> DY>Ok
20-01-22 11:42:37 Temp: XGS -> 0 0 1 1
20-01-22 11:42:37 Temp: XGT -> 2000 1999 83
20-01-22 11:42:37 Opt: FN -> 2
20-01-22 11:42:37 Tft: DRAV -> DY>Ok
20-01-22 11:42:39 Temp: XGS -> 0 0 1 1
20-01-22 11:42:39 Temp: XGT -> 2000 1999 83
20-01-22 11:42:39 Opt: FN -> 2
20-01-22 11:42:39 Tft: DRAV -> DY>Ok
20-01-22 11:42:40 Temp: XGS -> 0 0 1 1
20-01-22 11:42:40 Temp: XGT -> 1999 1999 84
20-01-22 11:42:40 Opt: FN -> 2
20-01-22 11:42:40 Tft: DRAV -> DY>Ok
20-01-22 11:42:42 Temp: XGS -> 0 0 1 1
20-01-22 11:42:42 Temp: XGT -> 1999 1999 84
20-01-22 11:42:42 Opt: FN -> 2
20-01-22 11:42:42 Tft: DRAV -> DY>Ok
20-01-22 11:42:44 Temp: XGS -> 0 0 1 1
20-01-22 11:42:44 Temp: XGT -> 1999 1999 84
20-01-22 11:42:44 Opt: FN -> 2
20-01-22 11:42:44 Tft: DRAV -> DY>Ok
20-01-22 11:42:46 Temp: XGS -> 0 0 1 1
20-01-22 11:42:46 Temp: XGT -> 1998 1999 85
20-01-22 11:42:46 Opt: FN -> 2
20-01-22 11:42:46 Tft: DRAV -> DY>Ok
20-01-22 11:42:48 Temp: XGS -> 0 0 1 1
20-01-22 11:42:48 Temp: XGT -> 1998 1998 86
20-01-22 11:42:48 Opt: FN -> 2
20-01-22 11:42:48 Tft: DRAV -> DY>Ok
20-01-22 11:42:49 Temp: XGS -> 0 0 1 1
20-01-22 11:42:49 Temp: XGT -> 1998 1998 86
20-01-22 11:42:49 Opt: FN -> 2
20-01-22 11:42:49 Tft: DRAV -> DY>Ok
20-01-22 11:42:51 Temp: XGS -> 0 0 1 1
20-01-22 11:42:51 Temp: XGT -> 1998 1998 86
20-01-22 11:42:51 Opt: FN -> 2
20-01-22 11:42:51 Tft: DRAV -> DY>Ok
20-01-22 11:42:53 Temp: XGS -> 0 0 1 1
20-01-22 11:42:53 Temp: XGT -> 1998 1998 86
20-01-22 11:42:53 Opt: FN -> 2
20-01-22 11:42:53 Tft: DRAV -> DY>Ok
20-01-22 11:42:55 Temp: XGS -> 0 0 1 1
20-01-22 11:42:55 Temp: XGT -> 1998 1998 86
20-01-22 11:42:55 Opt: FN -> 2
20-01-22 11:42:55 Tft: DRAV -> DY>Ok
20-01-22 11:42:57 Temp: XGS -> 0 0 1 1
20-01-22 11:42:57 Temp: XGT -> 1998 1998 86
20-01-22 11:42:57 Opt: FN -> 2
20-01-22 11:42:57 Tft: DRAV -> DY>Ok
20-01-22 11:42:58 Temp: XGS -> 0 0 1 1
20-01-22 11:42:58 Temp: XGT -> 1999 1999 84
20-01-22 11:42:59 Opt: FN -> 2
20-01-22 11:42:59 Tft: DRAV -> DY>Ok
20-01-22 11:43:00 Temp: XGS -> 0 0 1 1
20-01-22 11:43:00 Temp: XGT -> 1999 1999 84
20-01-22 11:43:00 Opt: FN -> 2
20-01-22 11:43:00 Tft: DRAV -> DY>Ok
20-01-22 11:43:02 Temp: XGS -> 0 0 1 1
20-01-22 11:43:02 Temp: XGT -> 1999 1999 84
20-01-22 11:43:02 Opt: FN -> 2
20-01-22 11:43:02 Tft: DRAV -> DY>Ok
20-01-22 11:43:04 Temp: XGS -> 0 0 1 1
20-01-22 11:43:04 Temp: XGT -> 1999 1999 84
20-01-22 11:43:04 Opt: FN -> 2
20-01-22 11:43:04 Tft: DRAV -> DY>Ok
20-01-22 11:43:06 Temp: XGS -> 0 0 1 1
20-01-22 11:43:06 Temp: XGT -> 1999 1999 84
20-01-22 11:43:06 Opt: FN -> 2
20-01-22 11:43:06 Tft: DRAV -> DY>Ok
20-01-22 11:43:08 Temp: XGS -> 0 0 1 1
20-01-22 11:43:08 Temp: XGT -> 1999 2000 83
20-01-22 11:43:08 Opt: FN -> 2
20-01-22 11:43:08 Tft: DRAV -> DY>Ok
20-01-22 11:43:09 Temp: XGS -> 0 0 1 1
20-01-22 11:43:09 Temp: XGT -> 1999 2000 83
20-01-22 11:43:09 Opt: FN -> 2
20-01-22 11:43:09 Tft: DRAV -> DY>Ok
20-01-22 11:43:11 Temp: XGS -> 0 0 1 1
20-01-22 11:43:11 Temp: XGT -> 1999 2000 83
20-01-22 11:43:11 Opt: FN -> 2
20-01-22 11:43:11 Tft: DRAV -> DY>Ok
20-01-22 11:43:13 Temp: XGS -> 0 0 1 1
20-01-22 11:43:13 Temp: XGT -> 1999 2000 83
20-01-22 11:43:13 Opt: FN -> 2
20-01-22 11:43:13 Tft: DRAV -> DY>Ok
20-01-22 11:43:15 Temp: XGS -> 0 0 1 1
20-01-22 11:43:15 Temp: XGT -> 2000 2000 82
20-01-22 11:43:15 Opt: FN -> 2
20-01-22 11:43:15 Tft: DRAV -> DY>Ok
20-01-22 11:43:17 Temp: XGS -> 0 0 1 1
20-01-22 11:43:17 Temp: XGT -> 2000 2000 82
20-01-22 11:43:17 Opt: FN -> 2
20-01-22 11:43:17 Tft: DRAV -> DY>Ok
20-01-22 11:43:18 Temp: XGS -> 0 0 1 1
20-01-22 11:43:18 Temp: XGT -> 2000 2000 82
20-01-22 11:43:18 Opt: FN -> 2
20-01-22 11:43:18 Tft: DRAV -> DY>Ok
20-01-22 11:43:20 Temp: XGS -> 0 0 1 1
20-01-22 11:43:20 Temp: XGT -> 2000 2000 82
20-01-22 11:43:20 Opt: FN -> 2
20-01-22 11:43:20 Tft: DRAV -> DY>Ok
20-01-22 11:43:22 Temp: XGS -> 0 0 1 1
20-01-22 11:43:22 Temp: XGT -> 2000 2000 82
20-01-22 11:43:22 Opt: FN -> 2
20-01-22 11:43:22 Tft: DRAV -> DY>Ok
20-01-22 11:43:24 Temp: XGS -> 0 0 1 1
20-01-22 11:43:24 Temp: XGT -> 2000 2000 82
20-01-22 11:43:24 Opt: FN -> 2
20-01-22 11:43:24 Tft: DRAV -> DY>Ok
20-01-22 11:43:26 Temp: XGS -> 0 0 1 1
20-01-22 11:43:26 Temp: XGT -> 2000 2000 82
20-01-22 11:43:26 Opt: FN -> 2
20-01-22 11:43:26 Tft: DRAV -> DY>Ok
20-01-22 11:43:27 Temp: XGS -> 0 0 1 1
20-01-22 11:43:27 Temp: XGT -> 2000 2000 82
20-01-22 11:43:27 Opt: FN -> 2
20-01-22 11:43:28 Tft: DRAV -> DY>Ok
20-01-22 11:43:29 Temp: XGS -> 0 0 1 1
20-01-22 11:43:29 Temp: XGT -> 2000 2000 82
20-01-22 11:43:29 Opt: FN -> 2
20-01-22 11:43:29 Tft: DRAV -> DY>Ok
20-01-22 11:43:31 Temp: XGS -> 0 0 1 1
20-01-22 11:43:31 Temp: XGT -> 2000 2000 82
20-01-22 11:43:31 Opt: FN -> 2
20-01-22 11:43:31 Tft: DRAV -> DY>Ok
20-01-22 11:43:33 Temp: XGS -> 0 0 1 1
20-01-22 11:43:33 Temp: XGT -> 2000 2000 82
20-01-22 11:43:33 Opt: FN -> 2
20-01-22 11:43:33 Tft: DRAV -> DY>Ok
20-01-22 11:43:35 Temp: XGS -> 0 0 1 1
20-01-22 11:43:35 Temp: XGT -> 2000 2000 82
20-01-22 11:43:35 Opt: FN -> 2
20-01-22 11:43:35 Tft: DRAV -> DY>Ok
20-01-22 11:43:37 Temp: XGS -> 0 0 1 1
20-01-22 11:43:37 Temp: XGT -> 2000 2000 82
20-01-22 11:43:37 Opt: FN -> 2
20-01-22 11:43:37 Tft: DRAV -> DY>Ok
20-01-22 11:43:38 Temp: XGS -> 0 0 1 1
20-01-22 11:43:38 Temp: XGT -> 2000 2000 82
20-01-22 11:43:38 Opt: FN -> 2
20-01-22 11:43:38 Tft: DRAV -> DY>Ok
20-01-22 11:43:40 Temp: XGS -> 0 0 1 1
20-01-22 11:43:40 Temp: XGT -> 2000 2000 82
20-01-22 11:43:40 Opt: FN -> 2
20-01-22 11:43:40 Tft: DRAV -> DY>Ok
20-01-22 11:43:42 Temp: XGS -> 0 0 1 1
20-01-22 11:43:42 Temp: XGT -> 2000 2000 82
20-01-22 11:43:42 Opt: FN -> 2
20-01-22 11:43:42 Tft: DRAV -> DY>Ok
20-01-22 11:43:44 Temp: XGS -> 0 0 1 1
20-01-22 11:43:44 Temp: XGT -> 2000 2000 82
20-01-22 11:43:44 Opt: FN -> 2
20-01-22 11:43:44 Tft: DRAV -> DY>Ok
20-01-22 11:43:46 Temp: XGS -> 0 0 1 1
20-01-22 11:43:46 Temp: XGT -> 2000 2000 82
20-01-22 11:43:46 Opt: FN -> 2
20-01-22 11:43:46 Tft: DRAV -> DY>Ok
20-01-22 11:43:47 Temp: XGS -> 0 0 1 1
20-01-22 11:43:47 Temp: XGT -> 2000 1999 83
20-01-22 11:43:47 Opt: FN -> 2
20-01-22 11:43:47 Tft: DRAV -> DY>Ok
20-01-22 11:43:49 Temp: XGS -> 0 0 1 1
20-01-22 11:43:49 Temp: XGT -> 1999 1999 84
20-01-22 11:43:49 Opt: FN -> 2
20-01-22 11:43:49 Tft: DRAV -> DY>Ok
20-01-22 11:43:51 Temp: XGS -> 0 0 1 1
20-01-22 11:43:51 Temp: XGT -> 1999 1999 84
20-01-22 11:43:51 Opt: FN -> 2
20-01-22 11:43:51 Tft: DRAV -> DY>Ok
20-01-22 11:43:53 Temp: XGS -> 0 0 1 1
20-01-22 11:43:53 Temp: XGT -> 1999 1999 84
20-01-22 11:43:53 Opt: FN -> 2
20-01-22 11:43:53 Tft: DRAV -> DY>Ok
20-01-22 11:43:55 Temp: XGS -> 0 0 1 1
20-01-22 11:43:55 Temp: XGT -> 1999 1999 84
20-01-22 11:43:55 Opt: FN -> 2
20-01-22 11:43:55 Tft: DRAV -> DY>Ok
20-01-22 11:43:56 Temp: XGS -> 0 0 1 1
20-01-22 11:43:57 Temp: XGT -> 1998 1999 85
20-01-22 11:43:57 Opt: FN -> 2
20-01-22 11:43:57 Tft: DRAV -> DY>Ok
20-01-22 11:43:58 Temp: XGS -> 0 0 1 1
20-01-22 11:43:58 Temp: XGT -> 1998 1998 86
20-01-22 11:43:58 Opt: FN -> 2
20-01-22 11:43:58 Tft: DRAV -> DY>Ok
20-01-22 11:44:00 Temp: XGS -> 0 0 1 1
20-01-22 11:44:00 Temp: XGT -> 1998 1998 86
20-01-22 11:44:00 Opt: FN -> 2
20-01-22 11:44:00 Tft: DRAV -> DY>Ok
20-01-22 11:44:02 Temp: XGS -> 0 0 1 1
20-01-22 11:44:02 Temp: XGT -> 1998 1998 86
20-01-22 11:44:02 Opt: FN -> 2
20-01-22 11:44:02 Tft: DRAV -> DY>Ok
20-01-22 11:53:31 Opt: PRDS 1048 -> 0
20-01-22 11:53:31 Error! Opt: CRYC -> ???
20-01-22 11:53:31 Error! Opt: CRYC -> ???
20-01-22 11:53:31 Temp: XGS -> 0 0 1 1
20-01-22 11:53:31 Temp: XGT -> 1999 1999 84
20-01-22 11:53:31 Opt: FN -> 2
20-01-22 11:53:31 Tft: DRAV -> DY>Ok
20-01-22 11:53:33 Temp: XGS -> 0 0 1 1
20-01-22 11:53:33 Temp: XGT -> 1999 1999 84
20-01-22 11:53:33 Opt: FN -> 2
20-01-22 11:53:33 Tft: DRAV -> DY>Ok
20-01-22 11:53:35 Temp: XGS -> 0 0 1 1
20-01-22 11:53:35 Temp: XGT -> 1999 1999 84
20-01-22 11:53:35 Opt: FN -> 2
20-01-22 11:53:35 Tft: DRAV -> DY>Ok
20-01-22 11:53:37 Temp: XGS -> 0 0 1 1
20-01-22 11:53:37 Temp: XGT -> 1999 1999 84
20-01-22 11:53:37 Opt: FN -> 2
20-01-22 11:53:37 Tft: DRAV -> DY>Ok
20-01-22 11:53:39 Temp: XGS -> 0 0 1 1
20-01-22 11:53:39 Temp: XGT -> 1999 2000 83
20-01-22 11:53:39 Opt: FN -> 2
20-01-22 11:53:39 Tft: DRAV -> DY>Ok
20-01-22 11:53:40 Temp: XGS -> 0 0 1 1
20-01-22 11:53:41 Temp: XGT -> 1999 2000 83
20-01-22 11:53:41 Opt: FN -> 2
20-01-22 11:53:41 Tft: DRAV -> DY>Ok
20-01-22 11:53:42 Temp: XGS -> 0 0 1 1
20-01-22 11:53:42 Temp: XGT -> 1999 2000 83
20-01-22 11:53:42 Opt: FN -> 2
20-01-22 11:53:42 Tft: DRAV -> DY>Ok
20-01-22 11:53:44 Temp: XGS -> 0 0 1 1
20-01-22 11:53:44 Temp: XGT -> 2000 2000 82
20-01-22 11:53:44 Opt: FN -> 2
20-01-22 11:53:44 Tft: DRAV -> DY>Ok
20-01-22 11:53:46 Temp: XGS -> 0 0 1 1
20-01-22 11:53:46 Temp: XGT -> 2000 2000 82
20-01-22 11:53:46 Opt: FN -> 2
20-01-22 11:53:46 Tft: DRAV -> DY>Ok
20-01-22 11:53:48 Temp: XGS -> 0 0 1 1
20-01-22 11:53:48 Temp: XGT -> 2000 2000 82
20-01-22 11:53:48 Opt: FN -> 2
20-01-22 11:53:48 Tft: DRAV -> DY>Ok
20-01-22 11:53:50 Temp: XGS -> 0 0 1 1
20-01-22 11:53:50 Temp: XGT -> 2000 2000 82
20-01-22 11:53:50 Opt: FN -> 2
20-01-22 11:53:50 Tft: DRAV -> DY>Ok
20-01-22 11:53:51 Temp: XGS -> 0 0 1 1
20-01-22 11:53:51 Temp: XGT -> 2000 2000 82
20-01-22 11:53:51 Opt: FN -> 2
20-01-22 11:53:51 Tft: DRAV -> DY>Ok
20-01-22 11:53:53 Temp: XGS -> 0 0 1 1
20-01-22 11:53:53 Temp: XGT -> 2000 2000 82
20-01-22 11:53:53 Opt: FN -> 2
20-01-22 11:53:53 Tft: DRAV -> DY>Ok
20-01-22 11:53:55 Temp: XGS -> 0 0 1 1
20-01-22 11:53:55 Temp: XGT -> 2000 2000 82
20-01-22 11:53:55 Opt: FN -> 2
20-01-22 11:53:55 Tft: DRAV -> DY>Ok
20-01-22 11:53:57 Temp: XGS -> 0 0 1 1
20-01-22 11:53:57 Temp: XGT -> 2000 2000 82
20-01-22 11:53:57 Opt: FN -> 2
20-01-22 11:53:57 Tft: DRAV -> DY>Ok
20-01-22 11:53:59 Temp: XGS -> 0 0 1 1
20-01-22 11:53:59 Temp: XGT -> 2000 2000 82
20-01-22 11:53:59 Opt: FN -> 2
20-01-22 11:53:59 Tft: DRAV -> DY>Ok
20-01-22 11:54:00 Opt: FSDW 1024 -> 0
20-01-22 11:54:00 Opt: FSDW 1025 -> 0
20-01-22 11:54:00 Opt: FSDW 1026 -> 0
20-01-22 11:54:00 Opt: FSDW 1027 -> 0
20-01-22 11:54:00 Opt: FVER -> OPTICS 4.38.384 07/09/21
20-01-22 11:54:00 Temp: FVER -> STAMP_0.2_11/08/21
20-01-22 11:54:00 Mot: FVER -> CMOT 6.90 21/07/2021
20-01-22 11:54:00 Tft: FVER -> TFT 2.00.00 Aug 5 2021
20-01-22 11:54:00 Opt: FLCFG 0 -> 470 525
20-01-22 11:54:00 Opt: FLCFG 1 -> 532 570
20-01-22 11:54:00 Opt: FLCFG 2 -> 585 633
20-01-22 11:54:00 Opt: FLCFG 3 -> 633 675
20-01-22 11:54:00 Opt: FLCFG 4 -> 690 730
20-01-22 11:54:00 Opt: FLCFG 5 -> -1
20-01-22 11:54:00 Opt: FLCFG 6 -> -1
20-01-22 11:54:00 Opt: FLCFG 7 -> -1
20-01-22 11:54:00 Temp: DLRS 9 -> R:TY 242 T384A
20-01-22 11:54:00 Opt: FPGET 0 -> Ok
20-01-22 11:54:00 Opt: FPGET 0 -> Ok
20-01-22 11:54:01 Opt: FPGET 1 -> Ok
20-01-22 11:54:01 Opt: FPGET 2 -> Ok
20-01-22 11:54:01 Opt: FPGET 3 -> Ok
20-01-22 11:54:01 Opt: CRDS 0 -> 0
20-01-22 11:54:01 Opt: CRDS 10 -> 0
20-01-22 11:54:01 Opt: CRDS 11 -> 0
20-01-22 11:54:01 Opt: CRDS 20 -> 0
20-01-22 11:54:01 Opt: CRDS 21 -> 0
20-01-22 11:54:01 Opt: CRDS 30 -> 0
20-01-22 11:54:01 Opt: CRDS 31 -> 0
20-01-22 11:54:01 Opt: CRDS 40 -> 0
20-01-22 11:54:01 Opt: CRDS 41 -> 0
20-01-22 11:54:01 Opt: CRDS 50 -> 0
20-01-22 11:54:01 Opt: CRDS 51 -> 0
20-01-22 11:54:01 Opt: CRDS 60 -> 0
20-01-22 11:54:01 Opt: CRDS 61 -> 0
20-01-22 11:54:01 Opt: CRDS 70 -> 0
20-01-22 11:54:01 Tft: DSAV 1 -> DY>Ok
20-01-22 11:54:01 Temp: XGP -> 0 35 3 3 0
20-01-22 11:54:01 Temp: XGB 0 -> 1 1 1
20-01-22 11:54:01 Temp: XGL 0 -> 2000 15 0 0 0 1
20-01-22 11:54:01 Temp: XGB 1 -> 1 1 1
20-01-22 11:54:01 Temp: XGL 1 -> 2000 15 0 0 0 1
20-01-22 11:54:01 Temp: XGB 2 -> 0 3 1
20-01-22 11:54:01 Temp: XGL 2 -> 2000 15 0 0 0 0
20-01-22 11:54:01 Temp: XGN -> E
20-01-22 11:54:01 Opt: FPSAVE -> Ok
20-01-22 11:54:01 Temp: XGS -> 0 0 1 1
20-01-22 11:54:01 Temp: XGT -> 2000 2000 82
20-01-22 11:54:01 Opt: FN -> 2
20-01-22 11:54:01 Tft: DRAV -> DY>Ok
20-01-22 11:54:01 Opt: PWRS 1049 -> 0
20-01-22 11:54:01 Opt: FPSAVE -> Ok
20-01-22 11:54:02 Opt: PRDS 1048 -> 0
20-01-22 11:54:02 Error! Opt: CRYC -> ???
20-01-22 11:54:02 Error! Opt: CRYC -> ???
20-01-22 11:54:02 Temp: XGS -> 0 0 1 1
20-01-22 11:54:02 Temp: XGT -> 2000 2000 82
20-01-22 11:54:02 Opt: FN -> 2
20-01-22 11:54:02 Tft: DRAV -> DY>Ok
20-01-22 11:54:04 Temp: XGS -> 0 0 1 1
20-01-22 11:54:04 Temp: XGT -> 2000 2000 82
20-01-22 11:54:04 Opt: FN -> 2
20-01-22 11:54:04 Tft: DRAV -> DY>Ok
20-01-22 11:54:06 Temp: XGS -> 0 0 1 1
20-01-22 11:54:06 Temp: XGT -> 2000 2000 82
20-01-22 11:54:06 Opt: FN -> 2
20-01-22 11:54:06 Tft: DRAV -> DY>Ok
20-01-22 11:54:08 Temp: XGS -> 0 0 1 1
20-01-22 11:54:08 Temp: XGT -> 2000 2000 82
20-01-22 11:54:08 Opt: FN -> 2
20-01-22 11:54:08 Tft: DRAV -> DY>Ok
20-01-22 11:54:09 Temp: XGS -> 0 0 1 1
20-01-22 11:54:10 Temp: XGT -> 2000 2000 82
20-01-22 11:54:10 Opt: FN -> 2
20-01-22 11:54:10 Tft: DRAV -> DY>Ok
20-01-22 11:54:18 Opt: PRDS 1048 -> 0
20-01-22 11:54:18 Error! Opt: CRYC -> ???
20-01-22 11:54:18 Error! Opt: CRYC -> ???
20-01-22 11:54:18 Temp: XGS -> 0 0 1 1
20-01-22 11:54:18 Temp: XGT -> 2000 1999 83
20-01-22 11:54:18 Opt: FN -> 2
20-01-22 11:54:18 Tft: DRAV -> DY>Ok
20-01-22 11:54:20 Temp: XGS -> 0 0 1 1
20-01-22 11:54:20 Temp: XGT -> 1999 1999 84
20-01-22 11:54:20 Opt: FN -> 2
20-01-22 11:54:20 Tft: DRAV -> DY>Ok
20-01-22 11:54:22 Temp: XGS -> 0 0 1 1
20-01-22 11:54:22 Temp: XGT -> 1999 1999 84
20-01-22 11:54:22 Opt: FN -> 2
20-01-22 11:54:22 Tft: DRAV -> DY>Ok
20-01-22 11:54:24 Temp: XGS -> 0 0 1 1
20-01-22 11:54:24 Temp: XGT -> 1999 1999 84
20-01-22 11:54:24 Opt: FN -> 2
20-01-22 11:54:24 Tft: DRAV -> DY>Ok
20-01-22 11:54:26 Temp: XGS -> 0 0 1 1
20-01-22 11:54:26 Temp: XGT -> 1998 1998 86
20-01-22 11:54:26 Opt: FN -> 2
20-01-22 11:54:26 Tft: DRAV -> DY>Ok
20-01-22 11:54:59 Opt: PRDS 1048 -> 0
20-01-22 11:54:59 Error! Opt: CRYC -> ???
20-01-22 11:54:59 Error! Opt: CRYC -> ???
20-01-22 11:55:00 Temp: XGS -> 0 0 1 1
20-01-22 11:55:00 Temp: XGT -> 2000 2000 82
20-01-22 11:55:00 Opt: FN -> 2
20-01-22 11:55:00 Tft: DRAV -> DY>Ok
20-01-22 11:55:02 Temp: XGS -> 0 0 1 1
20-01-22 11:55:02 Temp: XGT -> 2000 2000 82
20-01-22 11:55:02 Opt: FN -> 2
20-01-22 11:55:02 Tft: DRAV -> DY>Ok
20-01-22 11:55:03 Temp: XGS -> 0 0 1 1
20-01-22 11:55:03 Temp: XGT -> 2000 2000 82
20-01-22 11:55:03 Opt: FN -> 2
20-01-22 11:55:03 Tft: DRAV -> DY>Ok
20-01-22 11:55:05 Temp: XGS -> 0 0 1 1
20-01-22 11:55:05 Temp: XGT -> 2000 2000 82
20-01-22 11:55:05 Opt: FN -> 2
20-01-22 11:55:05 Tft: DRAV -> DY>Ok
20-01-22 11:55:07 Temp: XGS -> 0 0 1 1
20-01-22 11:55:07 Temp: XGT -> 2000 2000 82
20-01-22 11:55:07 Opt: FN -> 2
20-01-22 11:55:07 Tft: DRAV -> DY>Ok
20-01-22 11:55:09 Temp: XGS -> 0 0 1 1
20-01-22 11:55:09 Temp: XGT -> 2000 2000 82
20-01-22 11:55:09 Opt: FN -> 2
20-01-22 11:55:09 Tft: DRAV -> DY>Ok
20-01-22 11:55:11 Temp: XGS -> 0 0 1 1
20-01-22 11:55:11 Temp: XGT -> 2000 2000 82
20-01-22 11:55:11 Opt: FN -> 2
20-01-22 11:55:11 Tft: DRAV -> DY>Ok
20-01-22 11:55:12 Temp: XGS -> 0 0 1 1
20-01-22 11:55:12 Temp: XGT -> 2000 2000 82
20-01-22 11:55:12 Opt: FN -> 2
20-01-22 11:55:13 Tft: DRAV -> DY>Ok
20-01-22 11:55:14 Temp: XGS -> 0 0 1 1
20-01-22 11:55:14 Temp: XGT -> 2000 2000 82
20-01-22 11:55:14 Opt: FN -> 2
20-01-22 11:55:14 Tft: DRAV -> DY>Ok
20-01-22 11:55:16 Temp: XGS -> 0 0 1 1
20-01-22 11:55:16 Temp: XGT -> 2000 2000 82
20-01-22 11:55:16 Opt: FN -> 2
20-01-22 11:55:16 Tft: DRAV -> DY>Ok
20-01-22 11:55:18 Temp: XGS -> 0 0 1 1
20-01-22 11:55:18 Temp: XGT -> 2000 2000 82
20-01-22 11:55:18 Opt: FN -> 2
20-01-22 11:55:18 Tft: DRAV -> DY>Ok
20-01-22 11:55:20 Temp: XGS -> 0 0 1 1
20-01-22 11:55:20 Temp: XGT -> 2000 2000 82
20-01-22 11:55:20 Opt: FN -> 2
20-01-22 11:55:20 Tft: DRAV -> DY>Ok
20-01-22 11:55:22 Temp: XGS -> 0 0 1 1
20-01-22 11:55:22 Temp: XGT -> 2000 2000 82
20-01-22 11:55:22 Opt: FN -> 2
20-01-22 11:55:22 Tft: DRAV -> DY>Ok
20-01-22 11:55:23 Temp: XGS -> 0 0 1 1
20-01-22 11:55:23 Temp: XGT -> 2000 2000 82
20-01-22 11:55:23 Opt: FN -> 2
20-01-22 11:55:23 Tft: DRAV -> DY>Ok
20-01-22 11:55:25 Temp: XGS -> 0 0 1 1
20-01-22 11:55:25 Temp: XGT -> 2000 2000 82
20-01-22 11:55:25 Opt: FN -> 2
20-01-22 11:55:25 Tft: DRAV -> DY>Ok
20-01-22 11:55:27 Temp: XGS -> 0 0 1 1
20-01-22 11:55:27 Temp: XGT -> 2000 1999 83
20-01-22 11:55:27 Opt: FN -> 2
20-01-22 11:55:27 Tft: DRAV -> DY>Ok
20-01-22 11:55:29 Temp: XGS -> 0 0 1 1
20-01-22 11:55:29 Temp: XGT -> 1999 1999 84
20-01-22 11:55:29 Opt: FN -> 2
20-01-22 11:55:29 Tft: DRAV -> DY>Ok
20-01-22 11:55:31 Temp: XGS -> 0 0 1 1
20-01-22 11:55:31 Temp: XGT -> 1999 1999 84
20-01-22 11:55:31 Opt: FN -> 2
20-01-22 11:55:31 Tft: DRAV -> DY>Ok
20-01-22 11:55:32 Temp: XGS -> 0 0 1 1
20-01-22 11:55:32 Temp: XGT -> 1999 1999 84
20-01-22 11:55:32 Opt: FN -> 2
20-01-22 11:55:32 Tft: DRAV -> DY>Ok
20-01-22 11:55:34 Temp: XGS -> 0 0 1 1
20-01-22 11:55:34 Temp: XGT -> 1999 1999 84
20-01-22 11:55:34 Opt: FN -> 2
20-01-22 11:55:34 Tft: DRAV -> DY>Ok
20-01-22 11:55:36 Temp: XGS -> 0 0 1 1
20-01-22 11:55:36 Temp: XGT -> 1998 1998 86
20-01-22 11:55:36 Opt: FN -> 2
20-01-22 11:55:36 Tft: DRAV -> DY>Ok
20-01-22 11:55:38 Temp: XGS -> 0 0 1 1
20-01-22 11:55:38 Temp: XGT -> 1998 1998 86
20-01-22 11:55:38 Opt: FN -> 2
20-01-22 11:55:38 Tft: DRAV -> DY>Ok
20-01-22 11:55:40 Temp: XGS -> 0 0 1 1
20-01-22 11:55:40 Temp: XGT -> 1998 1998 86
20-01-22 11:55:40 Opt: FN -> 2
20-01-22 11:55:40 Tft: DRAV -> DY>Ok
20-01-22 11:55:41 Temp: XGS -> 0 0 1 1
20-01-22 11:55:41 Temp: XGT -> 1998 1998 86
20-01-22 11:55:41 Opt: FN -> 2
20-01-22 11:55:42 Tft: DRAV -> DY>Ok
20-01-22 11:55:43 Temp: XGS -> 0 0 1 1
20-01-22 11:55:43 Temp: XGT -> 1998 1998 86
20-01-22 11:55:43 Opt: FN -> 2
20-01-22 11:55:43 Tft: DRAV -> DY>Ok
20-01-22 11:55:45 Temp: XGS -> 0 0 1 1
20-01-22 11:55:45 Temp: XGT -> 1998 1998 86
20-01-22 11:55:45 Opt: FN -> 2
20-01-22 11:55:45 Tft: DRAV -> DY>Ok
20-01-22 11:55:47 Temp: XGS -> 0 0 1 1
20-01-22 11:55:47 Temp: XGT -> 1999 1998 85
20-01-22 11:55:47 Opt: FN -> 2
20-01-22 11:55:47 Tft: DRAV -> DY>Ok
20-01-22 11:55:49 Temp: XGS -> 0 0 1 1
20-01-22 11:55:49 Temp: XGT -> 1999 1999 84
20-01-22 11:55:49 Opt: FN -> 2
20-01-22 11:55:49 Tft: DRAV -> DY>Ok
20-01-22 11:55:51 Temp: XGS -> 0 0 1 1
20-01-22 11:55:51 Temp: XGT -> 1999 1999 84
20-01-22 11:55:51 Opt: FN -> 2
20-01-22 11:55:51 Tft: DRAV -> DY>Ok
20-01-22 11:55:52 Temp: XGS -> 0 0 1 1
20-01-22 11:55:52 Temp: XGT -> 1999 1999 84
20-01-22 11:55:52 Opt: FN -> 2
20-01-22 11:55:52 Tft: DRAV -> DY>Ok
20-01-22 11:55:54 Temp: XGS -> 0 0 1 1
20-01-22 11:55:54 Temp: XGT -> 1999 1999 84
20-01-22 11:55:54 Opt: FN -> 2
20-01-22 11:55:54 Tft: DRAV -> DY>Ok
20-01-22 11:55:56 Temp: XGS -> 0 0 1 1
20-01-22 11:55:56 Temp: XGT -> 1999 1999 84
20-01-22 11:55:56 Opt: FN -> 2
20-01-22 11:55:56 Tft: DRAV -> DY>Ok
20-01-22 11:55:58 Temp: XGS -> 0 0 1 1
20-01-22 11:55:58 Temp: XGT -> 1999 2000 83
20-01-22 11:55:58 Opt: FN -> 2
20-01-22 11:55:58 Tft: DRAV -> DY>Ok
20-01-22 11:56:00 Temp: XGS -> 0 0 1 1
20-01-22 11:56:00 Temp: XGT -> 1999 2000 83
20-01-22 11:56:00 Opt: FN -> 2
20-01-22 11:56:00 Tft: DRAV -> DY>Ok
20-01-22 11:56:01 Temp: XGS -> 0 0 1 1
20-01-22 11:56:01 Temp: XGT -> 1999 2000 83
20-01-22 11:56:01 Opt: FN -> 2
20-01-22 11:56:01 Tft: DRAV -> DY>Ok
20-01-22 11:56:03 Temp: XGS -> 0 0 1 1
20-01-22 11:56:03 Temp: XGT -> 2000 2000 82
20-01-22 11:56:03 Opt: FN -> 2
20-01-22 11:56:03 Tft: DRAV -> DY>Ok
20-01-22 11:56:05 Temp: XGS -> 0 0 1 1
20-01-22 11:56:05 Temp: XGT -> 2000 2000 82
20-01-22 11:56:05 Opt: FN -> 2
20-01-22 11:56:05 Tft: DRAV -> DY>Ok
20-01-22 11:56:07 Temp: XGS -> 0 0 1 1
20-01-22 11:56:07 Temp: XGT -> 2000 2000 82
20-01-22 11:56:07 Opt: FN -> 2
20-01-22 11:56:07 Tft: DRAV -> DY>Ok
20-01-22 11:56:09 Temp: XGS -> 0 0 1 1
20-01-22 11:56:09 Temp: XGT -> 2000 2000 82
20-01-22 11:56:09 Opt: FN -> 2
20-01-22 11:56:09 Tft: DRAV -> DY>Ok
20-01-22 11:56:10 Temp: XGS -> 0 0 1 1
20-01-22 11:56:10 Temp: XGT -> 2000 2000 82
20-01-22 11:56:10 Opt: FN -> 2
20-01-22 11:56:11 Tft: DRAV -> DY>Ok
20-01-22 11:56:12 Temp: XGS -> 0 0 1 1
20-01-22 11:56:12 Temp: XGT -> 2000 2000 82
20-01-22 11:56:12 Opt: FN -> 2
20-01-22 11:56:12 Tft: DRAV -> DY>Ok
20-01-22 11:56:14 Temp: XGS -> 0 0 1 1
20-01-22 11:56:14 Temp: XGT -> 2000 2000 82
20-01-22 11:56:14 Opt: FN -> 2
20-01-22 11:56:14 Tft: DRAV -> DY>Ok
20-01-22 11:56:16 Temp: XGS -> 0 0 1 1
20-01-22 11:56:16 Temp: XGT -> 2000 2000 82
20-01-22 11:56:16 Opt: FN -> 2
20-01-22 11:56:16 Tft: DRAV -> DY>Ok
20-01-22 11:56:18 Temp: XGS -> 0 0 1 1
20-01-22 11:56:18 Temp: XGT -> 2000 2000 82
20-01-22 11:56:18 Opt: FN -> 2
20-01-22 11:56:18 Tft: DRAV -> DY>Ok
20-01-22 11:56:20 Temp: XGS -> 0 0 1 1
20-01-22 11:56:20 Temp: XGT -> 2000 2000 82
20-01-22 11:56:20 Opt: FN -> 2
20-01-22 11:56:20 Tft: DRAV -> DY>Ok
20-01-22 11:56:21 Temp: XGS -> 0 0 1 1
20-01-22 11:56:21 Temp: XGT -> 2000 2000 82
20-01-22 11:56:21 Opt: FN -> 2
20-01-22 11:56:21 Tft: DRAV -> DY>Ok
20-01-22 11:56:23 Temp: XGS -> 0 0 1 1
20-01-22 11:56:23 Temp: XGT -> 2000 2000 82
20-01-22 11:56:23 Opt: FN -> 2
20-01-22 11:56:23 Tft: DRAV -> DY>Ok
20-01-22 11:56:25 Temp: XGS -> 0 0 1 1
20-01-22 11:56:25 Temp: XGT -> 2000 2000 82
20-01-22 11:56:25 Opt: FN -> 2
20-01-22 11:56:25 Tft: DRAV -> DY>Ok
20-01-22 11:56:27 Temp: XGS -> 0 0 1 1
20-01-22 11:56:27 Temp: XGT -> 2000 2000 82
20-01-22 11:56:27 Opt: FN -> 2
20-01-22 11:56:27 Tft: DRAV -> DY>Ok
20-01-22 11:56:29 Temp: XGS -> 0 0 1 1
20-01-22 11:56:29 Temp: XGT -> 2000 2000 82
20-01-22 11:56:29 Opt: FN -> 2
20-01-22 11:56:29 Tft: DRAV -> DY>Ok
20-01-22 11:56:30 Temp: XGS -> 0 0 1 1
20-01-22 11:56:30 Temp: XGT -> 2000 2000 82
20-01-22 11:56:30 Opt: FN -> 2
20-01-22 11:56:30 Tft: DRAV -> DY>Ok
20-01-22 11:56:32 Temp: XGS -> 0 0 1 1
20-01-22 11:56:32 Temp: XGT -> 2000 2000 82
20-01-22 11:56:32 Opt: FN -> 2
20-01-22 11:56:32 Tft: DRAV -> DY>Ok
20-01-22 11:56:34 Temp: XGS -> 0 0 1 1
20-01-22 11:56:34 Temp: XGT -> 2000 2000 82
20-01-22 11:56:34 Opt: FN -> 2
20-01-22 11:56:34 Tft: DRAV -> DY>Ok
20-01-22 11:56:36 Temp: XGS -> 0 0 1 1
20-01-22 11:56:36 Temp: XGT -> 2000 2000 82
20-01-22 11:56:36 Opt: FN -> 2
20-01-22 11:56:36 Tft: DRAV -> DY>Ok
20-01-22 11:56:38 Temp: XGS -> 0 0 1 1
20-01-22 11:56:38 Temp: XGT -> 2000 1999 83
20-01-22 11:56:38 Opt: FN -> 2
20-01-22 11:56:38 Tft: DRAV -> DY>Ok
20-01-22 11:56:39 Temp: XGS -> 0 0 1 1
20-01-22 11:56:39 Temp: XGT -> 1999 1999 84
20-01-22 11:56:39 Opt: FN -> 2
20-01-22 11:56:40 Tft: DRAV -> DY>Ok
20-01-22 11:56:41 Temp: XGS -> 0 0 1 1
20-01-22 11:56:41 Temp: XGT -> 1999 1999 84
20-01-22 11:56:41 Opt: FN -> 2
20-01-22 11:56:41 Tft: DRAV -> DY>Ok
20-01-22 11:56:43 Temp: XGS -> 0 0 1 1
20-01-22 11:56:43 Temp: XGT -> 1999 1999 84
20-01-22 11:56:43 Opt: FN -> 2
20-01-22 11:56:43 Tft: DRAV -> DY>Ok
20-01-22 11:56:45 Temp: XGS -> 0 0 1 1
20-01-22 11:56:45 Temp: XGT -> 1998 1999 85
20-01-22 11:56:45 Opt: FN -> 2
20-01-22 11:56:45 Tft: DRAV -> DY>Ok
20-01-22 11:56:47 Temp: XGS -> 0 0 1 1
20-01-22 11:56:47 Temp: XGT -> 1998 1998 86
20-01-22 11:56:47 Opt: FN -> 2
20-01-22 11:56:47 Tft: DRAV -> DY>Ok
20-01-22 11:56:49 Temp: XGS -> 0 0 1 1
20-01-22 11:56:49 Temp: XGT -> 1998 1998 86
20-01-22 11:56:49 Opt: FN -> 2
20-01-22 11:56:49 Tft: DRAV -> DY>Ok
20-01-22 11:56:50 Temp: XGS -> 0 0 1 1
20-01-22 11:56:50 Temp: XGT -> 1998 1998 86
20-01-22 11:56:50 Opt: FN -> 2
20-01-22 11:56:50 Tft: DRAV -> DY>Ok
20-01-22 11:56:52 Temp: XGS -> 0 0 1 1
20-01-22 11:56:52 Temp: XGT -> 1998 1998 86
20-01-22 11:56:52 Opt: FN -> 2
20-01-22 11:56:52 Tft: DRAV -> DY>Ok
20-01-22 11:56:54 Temp: XGS -> 0 0 1 1
20-01-22 11:56:54 Temp: XGT -> 1998 1998 86
20-01-22 11:56:54 Opt: FN -> 2
20-01-22 11:56:54 Tft: DRAV -> DY>Ok
20-01-22 11:56:56 Temp: XGS -> 0 0 1 1
20-01-22 11:56:56 Temp: XGT -> 1998 1998 86
20-01-22 11:56:56 Opt: FN -> 2
20-01-22 11:56:56 Tft: DRAV -> DY>Ok
20-01-22 11:56:58 Temp: XGS -> 0 0 1 1
20-01-22 11:56:58 Temp: XGT -> 1999 1998 85
20-01-22 11:56:58 Opt: FN -> 2
20-01-22 11:56:58 Tft: DRAV -> DY>Ok
20-01-22 11:56:59 Temp: XGS -> 0 0 1 1
20-01-22 11:56:59 Temp: XGT -> 1999 1999 84
20-01-22 11:56:59 Opt: FN -> 2
20-01-22 11:56:59 Tft: DRAV -> DY>Ok
20-01-22 11:57:01 Temp: XGS -> 0 0 1 1
20-01-22 11:57:01 Temp: XGT -> 1999 1999 84
20-01-22 11:57:01 Opt: FN -> 2
20-01-22 11:57:01 Tft: DRAV -> DY>Ok
20-01-22 11:57:03 Temp: XGS -> 0 0 1 1
20-01-22 11:57:03 Temp: XGT -> 1999 1999 84
20-01-22 11:57:03 Opt: FN -> 2
20-01-22 11:57:03 Tft: DRAV -> DY>Ok
20-01-22 11:57:05 Temp: XGS -> 0 0 1 1
20-01-22 11:57:05 Temp: XGT -> 1999 1999 84
20-01-22 11:57:05 Opt: FN -> 2
20-01-22 11:57:05 Tft: DRAV -> DY>Ok
20-01-22 11:57:07 Temp: XGS -> 0 0 1 1
20-01-22 11:57:07 Temp: XGT -> 1999 1999 84
20-01-22 11:57:07 Opt: FN -> 2
20-01-22 11:57:07 Tft: DRAV -> DY>Ok
20-01-22 11:57:08 Temp: XGS -> 0 0 1 1
20-01-22 11:57:09 Temp: XGT -> 1999 2000 83
20-01-22 11:57:09 Opt: FN -> 2
20-01-22 11:57:09 Tft: DRAV -> DY>Ok
20-01-22 11:57:10 Temp: XGS -> 0 0 1 1
20-01-22 11:57:10 Temp: XGT -> 1999 2000 83
20-01-22 11:57:10 Opt: FN -> 2
20-01-22 11:57:10 Tft: DRAV -> DY>Ok
20-01-22 11:57:12 Temp: XGS -> 0 0 1 1
20-01-22 11:57:12 Temp: XGT -> 2000 2000 82
20-01-22 11:57:12 Opt: FN -> 2
20-01-22 11:57:12 Tft: DRAV -> DY>Ok
20-01-22 11:57:14 Temp: XGS -> 0 0 1 1
20-01-22 11:57:14 Temp: XGT -> 2000 2000 82
20-01-22 11:57:14 Opt: FN -> 2
20-01-22 11:57:14 Tft: DRAV -> DY>Ok
20-01-22 11:57:16 Temp: XGS -> 0 0 1 1
20-01-22 11:57:16 Temp: XGT -> 2000 2000 82
20-01-22 11:57:16 Opt: FN -> 2
20-01-22 11:57:16 Tft: DRAV -> DY>Ok
20-01-22 11:57:18 Temp: XGS -> 0 0 1 1
20-01-22 11:57:18 Temp: XGT -> 2000 2000 82
20-01-22 11:57:18 Opt: FN -> 2
20-01-22 11:57:18 Tft: DRAV -> DY>Ok
20-01-22 11:57:19 Temp: XGS -> 0 0 1 1
20-01-22 11:57:19 Temp: XGT -> 2000 2000 82
20-01-22 11:57:19 Opt: FN -> 2
20-01-22 11:57:19 Tft: DRAV -> DY>Ok
20-01-22 11:57:21 Temp: XGS -> 0 0 1 1
20-01-22 11:57:21 Temp: XGT -> 2000 2000 82
20-01-22 11:57:21 Opt: FN -> 2
20-01-22 11:57:21 Tft: DRAV -> DY>Ok
20-01-22 11:57:23 Temp: XGS -> 0 0 1 1
20-01-22 11:57:23 Temp: XGT -> 2000 2000 82
20-01-22 11:57:23 Opt: FN -> 2
20-01-22 11:57:23 Tft: DRAV -> DY>Ok
20-01-22 11:57:25 Temp: XGS -> 0 0 1 1
20-01-22 11:57:25 Temp: XGT -> 2000 2000 82
20-01-22 11:57:25 Opt: FN -> 2
20-01-22 11:57:25 Tft: DRAV -> DY>Ok
20-01-22 11:57:27 Temp: XGS -> 0 0 1 1
20-01-22 11:57:27 Temp: XGT -> 2000 2000 82
20-01-22 11:57:27 Opt: FN -> 2
20-01-22 11:57:27 Tft: DRAV -> DY>Ok
20-01-22 11:57:28 Temp: XGS -> 0 0 1 1
20-01-22 11:57:28 Temp: XGT -> 2000 2000 82
20-01-22 11:57:28 Opt: FN -> 2
20-01-22 11:57:28 Tft: DRAV -> DY>Ok
20-01-22 11:57:30 Temp: XGS -> 0 0 1 1
20-01-22 11:57:31 Temp: XGT -> 2000 2000 82
20-01-22 11:57:31 Opt: FN -> 2
20-01-22 11:57:31 Tft: DRAV -> DY>Ok
20-01-22 11:57:32 Temp: XGS -> 0 0 1 1
20-01-22 11:57:48 Temp: XGT -> 2000 1999 83
20-01-22 11:57:48 Opt: FN -> 2
20-01-22 11:57:48 Tft: DRAV -> DY>Ok
20-01-22 11:57:48 Temp: XGS -> 0 0 1 1
20-01-22 11:57:48 Temp: XGT -> 2000 1999 83
20-01-22 11:57:48 Opt: FN -> 2
20-01-22 11:57:48 Tft: DRAV -> DY>Ok
20-01-22 11:57:50 Temp: XGS -> 0 0 1 1
20-01-22 11:57:50 Temp: XGT -> 1999 1999 84
20-01-22 11:57:50 Opt: FN -> 2
20-01-22 11:57:50 Tft: DRAV -> DY>Ok
20-01-22 11:57:52 Temp: XGS -> 0 0 1 1
20-01-22 11:57:52 Temp: XGT -> 1999 1999 84
20-01-22 11:57:52 Opt: FN -> 2
20-01-22 11:57:52 Tft: DRAV -> DY>Ok
20-01-22 11:57:54 Temp: XGS -> 0 0 1 1
20-01-22 11:57:54 Temp: XGT -> 1999 1999 84
20-01-22 11:57:54 Opt: FN -> 2
20-01-22 11:57:54 Tft: DRAV -> DY>Ok
20-01-22 11:57:56 Temp: XGS -> 0 0 1 1
20-01-22 11:57:56 Temp: XGT -> 1998 1998 86
20-01-22 11:57:56 Opt: FN -> 2
20-01-22 11:57:56 Tft: DRAV -> DY>Ok
20-01-22 11:57:57 Temp: XGS -> 0 0 1 1
20-01-22 11:57:57 Temp: XGT -> 1998 1998 86
20-01-22 11:57:57 Opt: FN -> 2
20-01-22 11:57:57 Tft: DRAV -> DY>Ok
20-01-22 11:57:59 Temp: XGS -> 0 0 1 1
20-01-22 11:57:59 Temp: XGT -> 1998 1998 86
20-01-22 11:57:59 Opt: FN -> 2
20-01-22 11:57:59 Tft: DRAV -> DY>Ok
20-01-22 11:58:01 Temp: XGS -> 0 0 1 1
20-01-22 11:58:01 Temp: XGT -> 1998 1998 86
20-01-22 11:58:01 Opt: FN -> 2
20-01-22 11:58:01 Tft: DRAV -> DY>Ok
20-01-22 11:58:03 Temp: XGS -> 0 0 1 1
20-01-22 11:58:03 Temp: XGT -> 1998 1998 86
20-01-22 11:58:03 Opt: FN -> 2
20-01-22 11:58:03 Tft: DRAV -> DY>Ok
20-01-22 11:58:05 Temp: XGS -> 0 0 1 1
20-01-22 11:58:05 Temp: XGT -> 1998 1998 86
20-01-22 11:58:05 Opt: FN -> 2
20-01-22 11:58:05 Tft: DRAV -> DY>Ok
20-01-22 11:58:06 Temp: XGS -> 0 0 1 1
20-01-22 11:58:06 Temp: XGT -> 1999 1998 85
20-01-22 11:58:06 Opt: FN -> 2
20-01-22 11:58:07 Tft: DRAV -> DY>Ok
20-01-22 11:58:08 Temp: XGS -> 0 0 1 1
20-01-22 11:58:08 Temp: XGT -> 1999 1999 84
20-01-22 11:58:08 Opt: FN -> 2
20-01-22 11:58:08 Tft: DRAV -> DY>Ok
20-01-22 11:58:10 Temp: XGS -> 0 0 1 1
20-01-22 11:58:10 Temp: XGT -> 1999 1999 84
20-01-22 11:58:10 Opt: FN -> 2
20-01-22 11:58:10 Tft: DRAV -> DY>Ok
20-01-22 11:58:12 Temp: XGS -> 0 0 1 1
20-01-22 11:58:12 Temp: XGT -> 1999 1999 84
20-01-22 11:58:12 Opt: FN -> 2
20-01-22 11:58:12 Tft: DRAV -> DY>Ok
20-01-22 11:58:14 Temp: XGS -> 0 0 1 1
20-01-22 11:58:14 Temp: XGT -> 1999 1999 84
20-01-22 11:58:14 Opt: FN -> 2
20-01-22 11:58:14 Tft: DRAV -> DY>Ok
20-01-22 11:58:16 Temp: XGS -> 0 0 1 1
20-01-22 11:58:16 Temp: XGT -> 1999 1999 84
20-01-22 11:58:16 Opt: FN -> 2
20-01-22 11:58:16 Tft: DRAV -> DY>Ok
20-01-22 11:58:17 Temp: XGS -> 0 0 1 1
20-01-22 11:58:17 Temp: XGT -> 1999 1999 84
20-01-22 11:58:17 Opt: FN -> 2
20-01-22 11:58:17 Tft: DRAV -> DY>Ok
20-01-22 11:58:19 Temp: XGS -> 0 0 1 1
20-01-22 11:58:19 Temp: XGT -> 1999 2000 83
20-01-22 11:58:19 Opt: FN -> 2
20-01-22 11:58:19 Tft: DRAV -> DY>Ok
20-01-22 11:58:21 Temp: XGS -> 0 0 1 1
20-01-22 11:58:21 Temp: XGT -> 1999 2000 83
20-01-22 11:58:21 Opt: FN -> 2
20-01-22 11:58:21 Tft: DRAV -> DY>Ok
20-01-22 11:58:23 Temp: XGS -> 0 0 1 1
20-01-22 11:58:23 Temp: XGT -> 1999 2000 83
20-01-22 11:58:23 Opt: FN -> 2
20-01-22 11:58:23 Tft: DRAV -> DY>Ok
20-01-22 11:58:25 Temp: XGS -> 0 0 1 1
20-01-22 11:58:25 Temp: XGT -> 2000 2000 82
20-01-22 11:58:25 Opt: FN -> 2
20-01-22 11:58:25 Tft: DRAV -> DY>Ok
20-01-22 11:58:26 Temp: XGS -> 0 0 1 1
20-01-22 11:58:26 Temp: XGT -> 2000 2000 82
20-01-22 11:58:26 Opt: FN -> 2
20-01-22 11:58:26 Tft: DRAV -> DY>Ok
20-01-22 11:58:28 Temp: XGS -> 0 0 1 1
20-01-22 11:58:28 Temp: XGT -> 2000 2000 82
20-01-22 11:58:28 Opt: FN -> 2
20-01-22 11:58:28 Tft: DRAV -> DY>Ok
20-01-22 11:58:30 Temp: XGS -> 0 0 1 1
20-01-22 11:58:30 Temp: XGT -> 2000 2000 82
20-01-22 11:58:30 Opt: FN -> 2
20-01-22 11:58:30 Tft: DRAV -> DY>Ok
20-01-22 11:58:32 Temp: XGS -> 0 0 1 1
20-01-22 11:58:32 Temp: XGT -> 2000 2000 82
20-01-22 11:58:32 Opt: FN -> 2
20-01-22 11:58:32 Tft: DRAV -> DY>Ok
20-01-22 11:58:34 Temp: XGS -> 0 0 1 1
20-01-22 11:58:34 Temp: XGT -> 2000 2000 82
20-01-22 11:58:34 Opt: FN -> 2
20-01-22 11:58:34 Tft: DRAV -> DY>Ok
20-01-22 11:58:35 Temp: XGS -> 0 0 1 1
20-01-22 11:58:36 Temp: XGT -> 2000 2000 82
20-01-22 11:58:36 Opt: FN -> 2
20-01-22 11:58:36 Tft: DRAV -> DY>Ok
20-01-22 11:58:37 Temp: XGS -> 0 0 1 1
20-01-22 11:58:37 Temp: XGT -> 2000 2000 82
20-01-22 11:58:37 Opt: FN -> 2
20-01-22 11:58:37 Tft: DRAV -> DY>Ok
20-01-22 11:58:39 Temp: XGS -> 0 0 1 1
20-01-22 11:58:39 Temp: XGT -> 2000 2000 82
20-01-22 11:58:39 Opt: FN -> 2
20-01-22 11:58:39 Tft: DRAV -> DY>Ok
20-01-22 11:58:41 Temp: XGS -> 0 0 1 1
20-01-22 11:58:41 Temp: XGT -> 2000 2000 82
20-01-22 11:58:41 Opt: FN -> 2
20-01-22 11:58:41 Tft: DRAV -> DY>Ok
20-01-22 11:58:43 Temp: XGS -> 0 0 1 1
20-01-22 11:58:43 Temp: XGT -> 2000 2000 82
20-01-22 11:58:43 Opt: FN -> 2
20-01-22 11:58:43 Tft: DRAV -> DY>Ok
20-01-22 11:58:45 Temp: XGS -> 0 0 1 1
20-01-22 11:58:45 Temp: XGT -> 2000 2000 82
20-01-22 11:58:45 Opt: FN -> 2
20-01-22 11:58:45 Tft: DRAV -> DY>Ok
20-01-22 11:58:46 Temp: XGS -> 0 0 1 1
20-01-22 11:58:46 Temp: XGT -> 2000 2000 82
20-01-22 11:58:46 Opt: FN -> 2
20-01-22 11:58:46 Tft: DRAV -> DY>Ok
20-01-22 11:58:48 Temp: XGS -> 0 0 1 1
20-01-22 11:58:48 Temp: XGT -> 2000 2000 82
20-01-22 11:58:48 Opt: FN -> 2
20-01-22 11:58:48 Tft: DRAV -> DY>Ok
20-01-22 11:58:50 Temp: XGS -> 0 0 1 1
20-01-22 11:58:50 Temp: XGT -> 2000 2000 82
20-01-22 11:58:50 Opt: FN -> 2
20-01-22 11:58:50 Tft: DRAV -> DY>Ok
20-01-22 11:58:52 Temp: XGS -> 0 0 1 1
20-01-22 11:58:52 Temp: XGT -> 2000 2000 82
20-01-22 11:58:52 Opt: FN -> 2
20-01-22 11:58:52 Tft: DRAV -> DY>Ok
20-01-22 11:58:54 Temp: XGS -> 0 0 1 1
20-01-22 11:58:54 Temp: XGT -> 2000 2000 82
20-01-22 11:58:54 Opt: FN -> 2
20-01-22 11:58:54 Tft: DRAV -> DY>Ok
20-01-22 11:58:55 Temp: XGS -> 0 0 1 1
20-01-22 11:58:55 Temp: XGT -> 2000 2000 82
20-01-22 11:58:55 Opt: FN -> 2
20-01-22 11:58:55 Tft: DRAV -> DY>Ok
20-01-22 11:58:57 Temp: XGS -> 0 0 1 1
20-01-22 11:58:57 Temp: XGT -> 2000 1999 83
20-01-22 11:58:57 Opt: FN -> 2
20-01-22 11:58:57 Tft: DRAV -> DY>Ok
20-01-22 11:58:59 Temp: XGS -> 0 0 1 1
20-01-22 11:58:59 Temp: XGT -> 1999 1999 84
20-01-22 11:58:59 Opt: FN -> 2
20-01-22 11:58:59 Tft: DRAV -> DY>Ok
20-01-22 11:59:01 Temp: XGS -> 0 0 1 1
20-01-22 11:59:01 Temp: XGT -> 1999 1999 84
20-01-22 11:59:01 Opt: FN -> 2
20-01-22 11:59:01 Tft: DRAV -> DY>Ok
20-01-22 11:59:03 Temp: XGS -> 0 0 1 1
20-01-22 11:59:03 Temp: XGT -> 1999 1999 84
20-01-22 11:59:03 Opt: FN -> 2
20-01-22 11:59:03 Tft: DRAV -> DY>Ok
20-01-22 11:59:04 Temp: XGS -> 0 0 1 1
20-01-22 11:59:04 Temp: XGT -> 1999 1999 84
20-01-22 11:59:04 Opt: FN -> 2
20-01-22 11:59:05 Tft: DRAV -> DY>Ok
20-01-22 11:59:06 Temp: XGS -> 0 0 1 1
20-01-22 11:59:06 Temp: XGT -> 1998 1999 85
20-01-22 11:59:06 Opt: FN -> 2
20-01-22 11:59:06 Tft: DRAV -> DY>Ok
20-01-22 11:59:08 Temp: XGS -> 0 0 1 1
20-01-22 11:59:08 Temp: XGT -> 1998 1998 86
20-01-22 11:59:08 Opt: FN -> 2
20-01-22 11:59:08 Tft: DRAV -> DY>Ok
20-01-22 11:59:10 Temp: XGS -> 0 0 1 1
20-01-22 11:59:10 Temp: XGT -> 1998 1998 86
20-01-22 11:59:10 Opt: FN -> 2
20-01-22 11:59:10 Tft: DRAV -> DY>Ok
20-01-22 11:59:12 Temp: XGS -> 0 0 1 1
20-01-22 11:59:12 Temp: XGT -> 1998 1998 86
20-01-22 11:59:12 Opt: FN -> 2
20-01-22 11:59:12 Tft: DRAV -> DY>Ok
20-01-22 11:59:14 Temp: XGS -> 0 0 1 1
20-01-22 11:59:14 Temp: XGT -> 1998 1998 86
20-01-22 11:59:14 Opt: FN -> 2
20-01-22 11:59:14 Tft: DRAV -> DY>Ok
20-01-22 11:59:15 Temp: XGS -> 0 0 1 1
20-01-22 11:59:15 Temp: XGT -> 1998 1998 86
20-01-22 11:59:15 Opt: FN -> 2
20-01-22 11:59:15 Tft: DRAV -> DY>Ok
20-01-22 12:00:32 Opt: PRDS 1048 -> 0
20-01-22 12:00:32 Error! Opt: CRYC -> ???
20-01-22 12:00:32 Error! Opt: CRYC -> ???
20-01-22 12:00:32 Temp: XGS -> 0 0 1 1
20-01-22 12:00:32 Temp: XGT -> 1999 1999 84
20-01-22 12:00:32 Opt: FN -> 2
20-01-22 12:00:32 Tft: DRAV -> DY>Ok
20-01-22 12:00:34 Temp: XGS -> 0 0 1 1
20-01-22 12:00:34 Temp: XGT -> 1999 1999 84
20-01-22 12:00:34 Opt: FN -> 2
20-01-22 12:00:34 Tft: DRAV -> DY>Ok
20-01-22 12:00:36 Temp: XGS -> 0 0 1 1
20-01-22 12:00:36 Temp: XGT -> 1999 1999 84
20-01-22 12:00:36 Opt: FN -> 2
20-01-22 12:00:36 Tft: DRAV -> DY>Ok
20-01-22 12:00:38 Temp: XGS -> 0 0 1 1
20-01-22 12:00:38 Temp: XGT -> 1999 1999 84
20-01-22 12:00:38 Opt: FN -> 2
20-01-22 12:00:38 Tft: DRAV -> DY>Ok
20-01-22 12:00:40 Temp: XGS -> 0 0 1 1
20-01-22 12:00:40 Temp: XGT -> 1999 2000 83
20-01-22 12:00:40 Opt: FN -> 2
20-01-22 12:00:40 Tft: DRAV -> DY>Ok
20-01-22 12:00:41 Temp: XGS -> 0 0 1 1
20-01-22 12:00:41 Temp: XGT -> 1999 2000 83
20-01-22 12:00:41 Opt: FN -> 2
20-01-22 12:00:42 Tft: DRAV -> DY>Ok
20-01-22 12:00:43 Temp: XGS -> 0 0 1 1
20-01-22 12:00:43 Temp: XGT -> 2000 2000 82
20-01-22 12:00:43 Opt: FN -> 2
20-01-22 12:00:43 Tft: DRAV -> DY>Ok
20-01-22 12:00:45 Temp: XGS -> 0 0 1 1
20-01-22 12:00:45 Temp: XGT -> 2000 2000 82
20-01-22 12:00:45 Opt: FN -> 2
20-01-22 12:00:45 Tft: DRAV -> DY>Ok
20-01-22 12:00:47 Temp: XGS -> 0 0 1 1
20-01-22 12:00:47 Temp: XGT -> 2000 2000 82
20-01-22 12:00:47 Opt: FN -> 2
20-01-22 12:00:47 Tft: DRAV -> DY>Ok
20-01-22 12:00:49 Temp: XGS -> 0 0 1 1
20-01-22 12:00:49 Temp: XGT -> 2000 2000 82
20-01-22 12:00:49 Opt: FN -> 2
20-01-22 12:00:49 Tft: DRAV -> DY>Ok
20-01-22 12:00:51 Temp: XGS -> 0 0 1 1
20-01-22 12:00:51 Temp: XGT -> 2000 2000 82
20-01-22 12:00:51 Opt: FN -> 2
20-01-22 12:00:51 Tft: DRAV -> DY>Ok
20-01-22 12:00:52 Temp: XGS -> 0 0 1 1
20-01-22 12:00:52 Temp: XGT -> 2000 2000 82
20-01-22 12:00:52 Opt: FN -> 2
20-01-22 12:00:52 Tft: DRAV -> DY>Ok
20-01-22 12:00:54 Temp: XGS -> 0 0 1 1
20-01-22 12:00:54 Temp: XGT -> 2000 2000 82
20-01-22 12:00:54 Opt: FN -> 2
20-01-22 12:00:54 Tft: DRAV -> DY>Ok
20-01-22 12:00:56 Temp: XGS -> 0 0 1 1
20-01-22 12:00:56 Temp: XGT -> 2000 2000 82
20-01-22 12:00:56 Opt: FN -> 2
20-01-22 12:00:56 Tft: DRAV -> DY>Ok
20-01-22 12:00:58 Temp: XGS -> 0 0 1 1
20-01-22 12:00:58 Temp: XGT -> 2000 2000 82
20-01-22 12:00:58 Opt: FN -> 2
20-01-22 12:00:58 Tft: DRAV -> DY>Ok
20-01-22 12:01:00 Temp: XGS -> 0 0 1 1
20-01-22 12:01:00 Temp: XGT -> 2000 2000 82
20-01-22 12:01:00 Opt: FN -> 2
20-01-22 12:01:00 Tft: DRAV -> DY>Ok
20-01-22 12:01:01 Temp: XGS -> 0 0 1 1
20-01-22 12:01:01 Temp: XGT -> 2000 2000 82
20-01-22 12:01:01 Opt: FN -> 2
20-01-22 12:01:01 Tft: DRAV -> DY>Ok
20-01-22 12:01:03 Temp: XGS -> 0 0 1 1
20-01-22 12:01:03 Temp: XGT -> 2000 2000 82
20-01-22 12:01:03 Opt: FN -> 2
20-01-22 12:01:03 Tft: DRAV -> DY>Ok
20-01-22 12:01:05 Temp: XGS -> 0 0 1 1
20-01-22 12:01:05 Temp: XGT -> 2000 2000 82
20-01-22 12:01:05 Opt: FN -> 2
20-01-22 12:01:05 Tft: DRAV -> DY>Ok
20-01-22 12:01:07 Temp: XGS -> 0 0 1 1
20-01-22 12:01:07 Temp: XGT -> 2000 2000 82
20-01-22 12:01:07 Opt: FN -> 2
20-01-22 12:01:07 Tft: DRAV -> DY>Ok
20-01-22 12:01:09 Temp: XGS -> 0 0 1 1
20-01-22 12:01:09 Temp: XGT -> 2000 2000 82
20-01-22 12:01:09 Opt: FN -> 2
20-01-22 12:01:09 Tft: DRAV -> DY>Ok
20-01-22 12:01:10 Temp: XGS -> 0 0 1 1
20-01-22 12:01:10 Temp: XGT -> 2000 2000 82
20-01-22 12:01:11 Opt: FN -> 2
20-01-22 12:01:11 Tft: DRAV -> DY>Ok
20-01-22 12:01:12 Temp: XGS -> 0 0 1 1
20-01-22 12:01:12 Temp: XGT -> 2000 2000 82
20-01-22 12:01:12 Opt: FN -> 2
20-01-22 12:01:12 Tft: DRAV -> DY>Ok
20-01-22 12:01:14 Temp: XGS -> 0 0 1 1
20-01-22 12:01:14 Temp: XGT -> 2000 2000 82
20-01-22 12:01:14 Opt: FN -> 2
20-01-22 12:01:14 Tft: DRAV -> DY>Ok
20-01-22 12:01:16 Temp: XGS -> 0 0 1 1
20-01-22 12:01:16 Temp: XGT -> 2000 2000 82
20-01-22 12:01:16 Opt: FN -> 2
20-01-22 12:01:16 Tft: DRAV -> DY>Ok
20-01-22 12:01:18 Temp: XGS -> 0 0 1 1
20-01-22 12:01:18 Temp: XGT -> 2000 1999 83
20-01-22 12:01:18 Opt: FN -> 2
20-01-22 12:01:18 Tft: DRAV -> DY>Ok
20-01-22 12:01:20 Temp: XGS -> 0 0 1 1
20-01-22 12:01:20 Temp: XGT -> 1999 1999 84
20-01-22 12:01:20 Opt: FN -> 2
20-01-22 12:01:20 Tft: DRAV -> DY>Ok
20-01-22 12:01:21 Temp: XGS -> 0 0 1 1
20-01-22 12:01:21 Temp: XGT -> 1999 1999 84
20-01-22 12:01:21 Opt: FN -> 2
20-01-22 12:01:21 Tft: DRAV -> DY>Ok
20-01-22 12:01:23 Temp: XGS -> 0 0 1 1
20-01-22 12:01:23 Temp: XGT -> 1999 1999 84
20-01-22 12:01:23 Opt: FN -> 2
20-01-22 12:01:23 Tft: DRAV -> DY>Ok
20-01-22 12:01:25 Temp: XGS -> 0 0 1 1
20-01-22 12:01:25 Temp: XGT -> 1999 1999 84
20-01-22 12:01:25 Opt: FN -> 2
20-01-22 12:01:25 Tft: DRAV -> DY>Ok
20-01-22 12:01:27 Temp: XGS -> 0 0 1 1
20-01-22 12:01:27 Temp: XGT -> 1998 1999 85
20-01-22 12:01:27 Opt: FN -> 2
20-01-22 12:01:27 Tft: DRAV -> DY>Ok
20-01-22 12:01:29 Temp: XGS -> 0 0 1 1
20-01-22 12:01:29 Temp: XGT -> 1998 1998 86
20-01-22 12:01:29 Opt: FN -> 2
20-01-22 12:01:29 Tft: DRAV -> DY>Ok
20-01-22 12:01:30 Temp: XGS -> 0 0 1 1
20-01-22 12:01:30 Temp: XGT -> 1998 1998 86
20-01-22 12:01:30 Opt: FN -> 2
20-01-22 12:01:30 Tft: DRAV -> DY>Ok
20-01-22 12:01:32 Temp: XGS -> 0 0 1 1
20-01-22 12:01:32 Temp: XGT -> 1998 1998 86
20-01-22 12:01:32 Opt: FN -> 2
20-01-22 12:01:32 Tft: DRAV -> DY>Ok
20-01-22 12:01:34 Temp: XGS -> 0 0 1 1
20-01-22 12:01:34 Temp: XGT -> 1998 1998 86
20-01-22 12:01:34 Opt: FN -> 2
20-01-22 12:01:34 Tft: DRAV -> DY>Ok
20-01-22 12:01:36 Temp: XGS -> 0 0 1 1
20-01-22 12:01:36 Temp: XGT -> 1998 1998 86
20-01-22 12:01:36 Opt: FN -> 2
20-01-22 12:01:36 Tft: DRAV -> DY>Ok
20-01-22 12:01:38 Temp: XGS -> 0 0 1 1
20-01-22 12:01:38 Temp: XGT -> 1999 1998 85
20-01-22 12:01:38 Opt: FN -> 2
20-01-22 12:01:38 Tft: DRAV -> DY>Ok
20-01-22 12:01:39 Temp: XGS -> 0 0 1 1
20-01-22 12:01:39 Temp: XGT -> 1999 1999 84
20-01-22 12:01:39 Opt: FN -> 2
20-01-22 12:01:40 Tft: DRAV -> DY>Ok
20-01-22 12:02:52 Opt: PRDS 1048 -> 0
20-01-22 12:02:52 Error! Opt: CRYC -> ???
20-01-22 12:02:52 Error! Opt: CRYC -> ???
20-01-22 12:02:53 Temp: XGS -> 0 0 1 1
20-01-22 12:02:53 Temp: XGT -> 1999 1999 84
20-01-22 12:02:53 Opt: FN -> 2
20-01-22 12:02:53 Tft: DRAV -> DY>Ok
20-01-22 12:02:54 Temp: XGS -> 0 0 1 1
20-01-22 12:02:54 Temp: XGT -> 1999 1999 84
20-01-22 12:02:54 Opt: FN -> 2
20-01-22 12:02:54 Tft: DRAV -> DY>Ok
20-01-22 12:02:56 Temp: XGS -> 0 0 1 1
20-01-22 12:02:56 Temp: XGT -> 1999 1999 84
20-01-22 12:02:56 Opt: FN -> 2
20-01-22 12:02:56 Tft: DRAV -> DY>Ok
20-01-22 12:02:58 Temp: XGS -> 0 0 1 1
20-01-22 12:02:58 Temp: XGT -> 1999 1999 84
20-01-22 12:02:58 Opt: FN -> 2
20-01-22 12:02:58 Tft: DRAV -> DY>Ok
20-01-22 12:03:00 Temp: XGS -> 0 0 1 1
20-01-22 12:03:00 Temp: XGT -> 1999 2000 83
20-01-22 12:03:00 Opt: FN -> 2
20-01-22 12:03:00 Tft: DRAV -> DY>Ok
20-01-22 12:03:02 Temp: XGS -> 0 0 1 1
20-01-22 12:03:02 Temp: XGT -> 1999 2000 83
20-01-22 12:03:02 Opt: FN -> 2
20-01-22 12:03:02 Tft: DRAV -> DY>Ok
20-01-22 12:03:03 Temp: XGS -> 0 0 1 1
20-01-22 12:03:03 Temp: XGT -> 1999 2000 83
20-01-22 12:03:03 Opt: FN -> 2
20-01-22 12:03:03 Tft: DRAV -> DY>Ok
20-01-22 12:03:05 Temp: XGS -> 0 0 1 1
20-01-22 12:03:05 Temp: XGT -> 2000 2000 82
20-01-22 12:03:05 Opt: FN -> 2
20-01-22 12:03:05 Tft: DRAV -> DY>Ok
20-01-22 12:03:07 Temp: XGS -> 0 0 1 1
20-01-22 12:03:07 Temp: XGT -> 2000 2000 82
20-01-22 12:03:07 Opt: FN -> 2
20-01-22 12:03:07 Tft: DRAV -> DY>Ok
20-01-22 12:03:09 Temp: XGS -> 0 0 1 1
20-01-22 12:03:09 Temp: XGT -> 2000 2000 82
20-01-22 12:03:09 Opt: FN -> 2
20-01-22 12:03:09 Tft: DRAV -> DY>Ok
20-01-22 12:03:11 Temp: XGS -> 0 0 1 1
20-01-22 12:03:11 Temp: XGT -> 2000 2000 82
20-01-22 12:03:11 Opt: FN -> 2
20-01-22 12:03:11 Tft: DRAV -> DY>Ok
20-01-22 12:03:12 Temp: XGS -> 0 0 1 1
20-01-22 12:03:13 Temp: XGT -> 2000 2000 82
20-01-22 12:03:13 Opt: FN -> 2
20-01-22 12:03:13 Tft: DRAV -> DY>Ok
20-01-22 12:03:14 Temp: XGS -> 0 0 1 1
20-01-22 12:03:14 Temp: XGT -> 2000 2000 82
20-01-22 12:03:14 Opt: FN -> 2
20-01-22 12:03:14 Tft: DRAV -> DY>Ok
20-01-22 12:03:16 Temp: XGS -> 0 0 1 1
20-01-22 12:03:16 Temp: XGT -> 2000 2000 82
20-01-22 12:03:16 Opt: FN -> 2
20-01-22 12:03:16 Tft: DRAV -> DY>Ok
20-01-22 12:03:18 Temp: XGS -> 0 0 1 1
20-01-22 12:03:18 Temp: XGT -> 2000 2000 82
20-01-22 12:03:18 Opt: FN -> 2
20-01-22 12:03:18 Tft: DRAV -> DY>Ok
20-01-22 12:03:20 Temp: XGS -> 0 0 1 1
20-01-22 12:03:20 Temp: XGT -> 2000 2000 82
20-01-22 12:03:20 Opt: FN -> 2
20-01-22 12:03:20 Tft: DRAV -> DY>Ok
20-01-22 12:03:22 Temp: XGS -> 0 0 1 1
20-01-22 12:03:22 Temp: XGT -> 2000 2000 82
20-01-22 12:03:22 Opt: FN -> 2
20-01-22 12:03:22 Tft: DRAV -> DY>Ok
20-01-22 12:03:23 Temp: XGS -> 0 0 1 1
20-01-22 12:03:23 Temp: XGT -> 2000 2000 82
20-01-22 12:03:23 Opt: FN -> 2
20-01-22 12:03:23 Tft: DRAV -> DY>Ok
20-01-22 12:03:25 Temp: XGS -> 0 0 1 1
20-01-22 12:03:25 Temp: XGT -> 2000 2000 82
20-01-22 12:03:25 Opt: FN -> 2
20-01-22 12:03:25 Tft: DRAV -> DY>Ok
20-01-22 12:03:27 Temp: XGS -> 0 0 1 1
20-01-22 12:03:27 Temp: XGT -> 2000 2000 82
20-01-22 12:03:27 Opt: FN -> 2
20-01-22 12:03:27 Tft: DRAV -> DY>Ok
20-01-22 15:23:29 Opt: FHW -> v4.0
20-01-22 15:23:29 Opt: FVER -> OPTICS 4.38.384 07/09/21
20-01-22 15:23:29 Temp: FVER -> STAMP_0.2_11/08/21
20-01-22 15:23:29 Mot: FVER -> CMOT 6.90 21/07/2021
20-01-22 15:23:29 Tft: FVER -> TFT 2.00.00 Aug 5 2021
20-01-22 15:23:29 Opt: FLCFG 0 -> 470 525
20-01-22 15:23:29 Opt: FLCFG 1 -> 532 570
20-01-22 15:23:29 Opt: FLCFG 2 -> 585 633
20-01-22 15:23:29 Opt: FLCFG 3 -> 633 675
20-01-22 15:23:29 Opt: FLCFG 4 -> 690 730
20-01-22 15:23:29 Opt: FLCFG 5 -> -1
20-01-22 15:23:29 Opt: FLCFG 6 -> -1
20-01-22 15:23:29 Opt: FLCFG 7 -> -1
20-01-22 15:23:29 Temp: DLRS 9 -> R:TY 242 T384A
20-01-22 15:23:29 Opt: FPGET 0 -> Ok
20-01-22 15:23:29 Opt: FPGET 0 -> Ok
20-01-22 15:23:29 Opt: FPGET 1 -> Ok
20-01-22 15:23:29 Opt: FPGET 2 -> Ok
20-01-22 15:23:29 Opt: FPGET 3 -> Ok
20-01-22 15:23:29 Opt: CRDS 0 -> 0
20-01-22 15:23:29 Opt: CRDS 10 -> 0
20-01-22 15:23:29 Opt: CRDS 11 -> 0
20-01-22 15:23:29 Opt: CRDS 20 -> 0
20-01-22 15:23:29 Opt: CRDS 21 -> 0
20-01-22 15:23:29 Opt: CRDS 30 -> 0
20-01-22 15:23:29 Opt: CRDS 31 -> 0
20-01-22 15:23:29 Opt: CRDS 40 -> 0
20-01-22 15:23:29 Opt: CRDS 41 -> 0
20-01-22 15:23:29 Opt: CRDS 50 -> 0
20-01-22 15:23:30 Opt: CRDS 51 -> 0
20-01-22 15:23:30 Opt: CRDS 60 -> 0
20-01-22 15:23:30 Opt: CRDS 61 -> 0
20-01-22 15:23:30 Opt: CRDS 70 -> 0
20-01-22 15:23:30 Tft: DSAV 1 -> DY>Ok
20-01-22 15:23:30 Temp: XGP -> 0 35 3 3 0
20-01-22 15:23:30 Temp: XGB 0 -> 1 1 1
20-01-22 15:23:30 Temp: XGL 0 -> 2000 15 0 0 0 1
20-01-22 15:23:30 Temp: XGB 1 -> 1 1 1
20-01-22 15:23:30 Temp: XGL 1 -> 2000 15 0 0 0 1
20-01-22 15:23:30 Temp: XGB 2 -> 0 3 1
20-01-22 15:23:30 Temp: XGL 2 -> 2000 15 0 0 0 0
20-01-22 15:23:30 Temp: XGN -> E
20-01-22 15:23:50 Opt: PRDS 1048 -> 0
20-01-22 15:23:50 Error! Opt: CRYC -> ???
20-01-22 15:23:50 Error! Opt: CRYC -> ???
20-01-22 15:23:51 Temp: XGS -> 0 0 1 1
20-01-22 15:23:51 Temp: XGT -> 2032 2032 18
20-01-22 15:23:51 Opt: FN -> 2
20-01-22 15:23:51 Tft: DRAV -> DY>Ok
20-01-22 15:23:52 Temp: XGS -> 0 0 1 1
20-01-22 15:23:52 Temp: XGT -> 2031 2031 20
20-01-22 15:23:52 Opt: FN -> 2
20-01-22 15:23:52 Tft: DRAV -> DY>Ok
20-01-22 15:23:54 Temp: XGS -> 0 0 1 1
20-01-22 15:23:54 Temp: XGT -> 2030 2030 22
20-01-22 15:23:54 Opt: FN -> 2
20-01-22 15:23:54 Tft: DRAV -> DY>Ok
20-01-22 15:23:56 Temp: XGS -> 0 0 1 1
20-01-22 15:23:56 Temp: XGT -> 2030 2030 22
20-01-22 15:23:56 Opt: FN -> 2
20-01-22 15:23:56 Tft: DRAV -> DY>Ok
20-01-22 15:23:58 Temp: XGS -> 0 0 1 1
20-01-22 15:23:58 Temp: XGT -> 2030 2030 22
20-01-22 15:23:58 Opt: FN -> 2
20-01-22 15:23:58 Tft: DRAV -> DY>Ok
20-01-22 15:24:00 Temp: XGS -> 0 0 1 1
20-01-22 15:24:00 Temp: XGT -> 2030 2030 22
20-01-22 15:24:00 Opt: FN -> 2
20-01-22 15:24:00 Tft: DRAV -> DY>Ok
20-01-22 15:24:01 Temp: XGS -> 0 0 1 1
20-01-22 15:24:01 Temp: XGT -> 2030 2030 22
20-01-22 15:24:01 Opt: FN -> 2
20-01-22 15:24:01 Tft: DRAV -> DY>Ok
20-01-22 15:24:03 Temp: XGS -> 0 0 1 1
20-01-22 15:24:03 Temp: XGT -> 2030 2030 22
20-01-22 15:24:03 Opt: FN -> 2
20-01-22 15:24:03 Tft: DRAV -> DY>Ok
20-01-22 15:24:05 Temp: XGS -> 0 0 1 1
20-01-22 15:24:05 Temp: XGT -> 2030 2030 22
20-01-22 15:24:05 Opt: FN -> 2
20-01-22 15:24:05 Tft: DRAV -> DY>Ok
20-01-22 15:24:07 Temp: XGS -> 0 0 1 1
20-01-22 15:24:07 Temp: XGT -> 2030 2030 22
20-01-22 15:24:07 Opt: FN -> 2
20-01-22 15:24:07 Tft: DRAV -> DY>Ok
20-01-22 15:24:09 Temp: XGS -> 0 0 1 1
20-01-22 15:24:09 Temp: XGT -> 2030 2030 22
20-01-22 15:24:09 Opt: FN -> 2
20-01-22 15:24:09 Tft: DRAV -> DY>Ok
20-01-22 15:24:10 Temp: XGS -> 0 0 1 1
20-01-22 15:24:10 Temp: XGT -> 2030 2031 21
20-01-22 15:24:10 Opt: FN -> 2
20-01-22 15:24:10 Tft: DRAV -> DY>Ok
20-01-22 15:24:12 Temp: XGS -> 0 0 1 1
20-01-22 15:24:12 Temp: XGT -> 2031 2031 20
20-01-22 15:24:12 Opt: FN -> 2
20-01-22 15:24:12 Tft: DRAV -> DY>Ok
20-01-22 15:24:13 Mot: MP 0 -> 0
20-01-22 15:24:13 Opt: FEXP 6493 -> Ok
20-01-22 15:24:13 Opt: FLT 140 -> Ok
20-01-22 15:24:13 Opt: FLED 1 -> Ok
20-01-22 15:24:13 Mot: MBUSY -> 1
20-01-22 15:24:13 Mot: MBUSY -> 1
20-01-22 15:24:13 Mot: MBUSY -> 1
20-01-22 15:24:13 Mot: MBUSY -> 1
20-01-22 15:24:13 Mot: MBUSY -> 0
20-01-22 15:24:13 Opt: FPIC -> Ok
20-01-22 15:24:15 Opt: FLED 0 -> Ok
20-01-22 15:24:15 Opt: FPIC -> Ok
20-01-22 15:24:15 Opt: FFD 0 -> Ok
20-01-22 15:24:15 Opt: FFD 1 -> Ok
20-01-22 15:24:15 Opt: FFD 2 -> Ok
20-01-22 15:24:15 Opt: FFD 3 -> Ok
20-01-22 15:24:15 Temp: XGS -> 0 0 1 1
20-01-22 15:24:15 Temp: XGT -> 2031 2031 20
20-01-22 15:24:15 Opt: FN -> 2
20-01-22 15:24:15 Tft: DRAV -> DY>Ok
20-01-22 15:24:16 Temp: XGS -> 0 0 1 1
20-01-22 15:24:16 Temp: XGT -> 2031 2031 20
20-01-22 15:24:16 Opt: FN -> 2
20-01-22 15:24:16 Tft: DRAV -> DY>Ok
20-01-22 15:24:18 Temp: XGS -> 0 0 1 1
20-01-22 15:24:18 Temp: XGT -> 2031 2031 20
20-01-22 15:24:18 Opt: FN -> 2
