28-10-21 18:04:34 Opt: FHW -> v4.0
28-10-21 18:04:34 Opt: FVER -> OPTICS 4.38.384 07/09/21
28-10-21 18:04:34 Temp: FVER -> STAMP_0.2_11/08/21
28-10-21 18:04:34 Mot: FVER -> CMOT 6.90 21/07/2021
28-10-21 18:04:34 Tft: FVER -> TFT 2.00.00 Aug 5 2021
28-10-21 18:04:34 Opt: FLCFG 0 -> 470 525
28-10-21 18:04:34 Opt: FLCFG 1 -> 532 570
28-10-21 18:04:34 Opt: FLCFG 2 -> 585 633
28-10-21 18:04:34 Opt: FLCFG 3 -> 633 675
28-10-21 18:04:34 Opt: FLCFG 4 -> 690 730
28-10-21 18:04:34 Opt: FLCFG 5 -> -1
28-10-21 18:04:34 Opt: FLCFG 6 -> -1
28-10-21 18:04:34 Opt: FLCFG 7 -> -1
28-10-21 18:04:34 Temp: DLRS 9 -> R:TY 242 T384A
28-10-21 18:04:34 Opt: FPGET 0 -> Ok
28-10-21 18:04:35 Opt: FPGET 0 -> Ok
28-10-21 18:04:35 Opt: FPGET 1 -> Ok
28-10-21 18:04:35 Opt: FPGET 2 -> Ok
28-10-21 18:04:35 Opt: FPGET 3 -> Ok
28-10-21 18:04:35 Opt: CRDS 0 -> 0
28-10-21 18:04:35 Opt: CRDS 10 -> 0
28-10-21 18:04:35 Opt: CRDS 11 -> 0
28-10-21 18:04:35 Opt: CRDS 20 -> 0
28-10-21 18:04:35 Opt: CRDS 21 -> 0
28-10-21 18:04:35 Opt: CRDS 30 -> 0
28-10-21 18:04:35 Opt: CRDS 31 -> 0
28-10-21 18:04:35 Opt: CRDS 40 -> 0
28-10-21 18:04:35 Opt: CRDS 41 -> 0
28-10-21 18:04:35 Opt: CRDS 50 -> 0
28-10-21 18:04:35 Opt: CRDS 51 -> 0
28-10-21 18:04:35 Opt: CRDS 60 -> 0
28-10-21 18:04:35 Tft: DSAV 1 -> DY>Ok
28-10-21 18:04:35 Temp: XGP -> 0 25 5 7 0
28-10-21 18:04:35 Temp: XGB 0 -> 1 1 1
28-10-21 18:04:35 Temp: XGL 0 -> 5000 1200 0 0 0 0
28-10-21 18:04:35 Temp: XGB 1 -> 1 1 1
28-10-21 18:04:35 Temp: XGL 1 -> 9500 900 0 0 0 0
28-10-21 18:04:35 Temp: XGB 2 -> 45 1 3
28-10-21 18:04:35 Temp: XGL 2 -> 9500 10 0 0 0 0
28-10-21 18:04:35 Temp: XGL 3 -> 6000 60 0 0 0 1
28-10-21 18:04:35 Temp: XGL 4 -> 7200 16 0 0 0 1
28-10-21 18:04:35 Temp: XGB 3 -> 1 1 1
28-10-21 18:04:35 Temp: XGL 5 -> 5500 30 0 0 0 0
28-10-21 18:04:35 Temp: XGB 4 -> 60 1 1
28-10-21 18:04:35 Temp: XGL 6 -> 5500 16 50 0 0 2
28-10-21 18:04:35 Temp: XGN -> S°?
28-10-21 18:05:21 Opt: FHW -> v4.0
28-10-21 18:05:21 Opt: FVER -> OPTICS 4.38.384 07/09/21
28-10-21 18:05:21 Temp: FVER -> STAMP_0.2_11/08/21
28-10-21 18:05:21 Mot: FVER -> CMOT 6.90 21/07/2021
28-10-21 18:05:21 Tft: FVER -> TFT 2.00.00 Aug 5 2021
28-10-21 18:05:21 Opt: FLCFG 0 -> 470 525
28-10-21 18:05:21 Opt: FLCFG 1 -> 532 570
28-10-21 18:05:21 Opt: FLCFG 2 -> 585 633
28-10-21 18:05:21 Opt: FLCFG 3 -> 633 675
28-10-21 18:05:21 Opt: FLCFG 4 -> 690 730
28-10-21 18:05:21 Opt: FLCFG 5 -> -1
28-10-21 18:05:21 Opt: FLCFG 6 -> -1
28-10-21 18:05:21 Opt: FLCFG 7 -> -1
28-10-21 18:05:22 Temp: DLRS 9 -> R:TY 242 T384A
28-10-21 18:05:22 Opt: FPGET 0 -> Ok
28-10-21 18:05:22 Opt: FPGET 0 -> Ok
28-10-21 18:05:22 Opt: FPGET 1 -> Ok
28-10-21 18:05:22 Opt: FPGET 2 -> Ok
28-10-21 18:05:22 Opt: FPGET 3 -> Ok
28-10-21 18:05:22 Opt: CRDS 0 -> 0
28-10-21 18:05:22 Opt: CRDS 10 -> 0
28-10-21 18:05:22 Opt: CRDS 11 -> 0
28-10-21 18:05:22 Opt: CRDS 20 -> 0
28-10-21 18:05:22 Opt: CRDS 21 -> 0
28-10-21 18:05:22 Opt: CRDS 30 -> 0
28-10-21 18:05:22 Opt: CRDS 31 -> 0
28-10-21 18:05:22 Opt: CRDS 40 -> 0
28-10-21 18:05:22 Opt: CRDS 41 -> 0
28-10-21 18:05:22 Opt: CRDS 50 -> 0
28-10-21 18:05:22 Opt: CRDS 51 -> 0
28-10-21 18:05:22 Opt: CRDS 60 -> 0
28-10-21 18:05:22 Tft: DSAV 1 -> DY>Ok
28-10-21 18:05:22 Temp: XGP -> 0 25 5 7 0
28-10-21 18:05:22 Temp: XGB 0 -> 1 1 1
28-10-21 18:05:22 Temp: XGL 0 -> 5000 1200 0 0 0 0
28-10-21 18:05:22 Temp: XGB 1 -> 1 1 1
28-10-21 18:05:22 Temp: XGL 1 -> 9500 900 0 0 0 0
28-10-21 18:05:22 Temp: XGB 2 -> 45 1 3
28-10-21 18:05:22 Temp: XGL 2 -> 9500 10 0 0 0 0
28-10-21 18:05:22 Temp: XGL 3 -> 6000 60 0 0 0 1
28-10-21 18:05:22 Temp: XGL 4 -> 7200 16 0 0 0 1
28-10-21 18:05:22 Temp: XGB 3 -> 1 1 1
28-10-21 18:05:23 Temp: XGL 5 -> 5500 30 0 0 0 0
28-10-21 18:05:23 Temp: XGB 4 -> 60 1 1
28-10-21 18:05:23 Temp: XGL 6 -> 5500 16 50 0 0 2
28-10-21 18:05:23 Temp: XGN -> S
28-10-21 18:06:02 Opt: PRDS 1048 -> 0
28-10-21 18:06:02 Error! Opt: CRYC -> ???
28-10-21 18:06:02 Error! Opt: CRYC -> ???
28-10-21 18:06:03 Temp: XGS -> 0 0 1 1
28-10-21 18:06:03 Temp: XGT -> 2000 2000 82
28-10-21 18:06:03 Opt: FN -> 0
28-10-21 18:06:03 Tft: DRAV -> DY>Ok
28-10-21 18:06:05 Temp: XGS -> 0 0 1 1
28-10-21 18:06:05 Temp: XGT -> 2000 2000 82
28-10-21 18:06:05 Opt: FN -> 0
28-10-21 18:06:05 Tft: DRAV -> DY>Ok
28-10-21 18:06:07 Temp: XGS -> 0 0 1 1
28-10-21 18:06:07 Temp: XGT -> 2000 2000 82
28-10-21 18:06:07 Opt: FN -> 0
28-10-21 18:06:07 Tft: DRAV -> DY>Ok
28-10-21 18:06:09 Temp: XGS -> 0 0 1 1
28-10-21 18:06:09 Temp: XGT -> 2000 2000 82
28-10-21 18:06:09 Opt: FN -> 0
28-10-21 18:06:09 Tft: DRAV -> DY>Ok
28-10-21 18:06:10 Temp: XGS -> 0 0 1 1
28-10-21 18:06:10 Temp: XGT -> 2000 2000 82
28-10-21 18:06:10 Opt: FN -> 0
28-10-21 18:06:10 Tft: DRAV -> DY>Ok
28-10-21 18:06:12 Temp: XGS -> 0 0 1 1
28-10-21 18:06:12 Temp: XGT -> 2000 2000 82
28-10-21 18:06:12 Opt: FN -> 0
28-10-21 18:06:12 Tft: DRAV -> DY>Ok
28-10-21 18:06:14 Temp: XGS -> 0 0 1 1
28-10-21 18:06:14 Temp: XGT -> 2000 2000 82
28-10-21 18:06:14 Opt: FN -> 0
28-10-21 18:06:14 Tft: DRAV -> DY>Ok
28-10-21 18:06:16 Temp: XGS -> 0 0 1 1
28-10-21 18:06:16 Temp: XGT -> 2000 2000 82
28-10-21 18:06:16 Opt: FN -> 0
28-10-21 18:06:16 Tft: DRAV -> DY>Ok
28-10-21 18:06:18 Temp: XGS -> 0 0 1 1
28-10-21 18:06:18 Temp: XGT -> 2000 2000 82
28-10-21 18:06:18 Opt: FN -> 0
28-10-21 18:06:18 Tft: DRAV -> DY>Ok
28-10-21 18:06:19 Temp: XGS -> 0 0 1 1
28-10-21 18:06:19 Temp: XGT -> 2000 2000 82
28-10-21 18:06:19 Opt: FN -> 0
28-10-21 18:06:19 Tft: DRAV -> DY>Ok
28-10-21 18:30:26 Opt: FHW -> v4.0
28-10-21 18:30:26 Opt: FVER -> OPTICS 4.38.384 07/09/21
28-10-21 18:30:26 Temp: FVER -> STAMP_0.2_11/08/21
28-10-21 18:30:26 Mot: FVER -> CMOT 6.90 21/07/2021
28-10-21 18:30:26 Tft: FVER -> TFT 2.00.00 Aug 5 2021
28-10-21 18:30:26 Opt: FLCFG 0 -> 470 525
28-10-21 18:30:26 Opt: FLCFG 1 -> 532 570
28-10-21 18:30:26 Opt: FLCFG 2 -> 585 633
28-10-21 18:30:26 Opt: FLCFG 3 -> 633 675
28-10-21 18:30:26 Opt: FLCFG 4 -> 690 730
28-10-21 18:30:26 Opt: FLCFG 5 -> -1
28-10-21 18:30:26 Opt: FLCFG 6 -> -1
28-10-21 18:30:26 Opt: FLCFG 7 -> -1
28-10-21 18:30:26 Temp: DLRS 9 -> R:TY 242 T384A
28-10-21 18:30:27 Opt: FPGET 0 -> Ok
28-10-21 18:30:27 Opt: FPGET 0 -> Ok
28-10-21 18:30:27 Opt: FPGET 1 -> Ok
28-10-21 18:30:27 Opt: FPGET 2 -> Ok
28-10-21 18:30:27 Opt: FPGET 3 -> Ok
28-10-21 18:30:27 Opt: CRDS 0 -> 0
28-10-21 18:30:27 Opt: CRDS 10 -> 0
28-10-21 18:30:27 Opt: CRDS 11 -> 0
28-10-21 18:30:27 Opt: CRDS 20 -> 0
28-10-21 18:30:27 Opt: CRDS 21 -> 0
28-10-21 18:30:27 Opt: CRDS 30 -> 0
28-10-21 18:30:27 Opt: CRDS 31 -> 0
28-10-21 18:30:27 Opt: CRDS 40 -> 0
28-10-21 18:30:27 Opt: CRDS 41 -> 0
28-10-21 18:30:27 Opt: CRDS 50 -> 0
28-10-21 18:30:27 Opt: CRDS 51 -> 0
28-10-21 18:30:27 Opt: CRDS 60 -> 0
28-10-21 18:30:27 Tft: DSAV 1 -> DY>Ok
28-10-21 18:30:27 Temp: XGP -> 0 25 5 7 0
28-10-21 18:30:27 Temp: XGB 0 -> 1 1 1
28-10-21 18:30:27 Temp: XGL 0 -> 5000 1200 0 0 0 0
28-10-21 18:30:27 Temp: XGB 1 -> 1 1 1
28-10-21 18:30:27 Temp: XGL 1 -> 9500 900 0 0 0 0
28-10-21 18:30:27 Temp: XGB 2 -> 45 1 3
28-10-21 18:30:27 Temp: XGL 2 -> 9500 10 0 0 0 0
28-10-21 18:30:27 Temp: XGL 3 -> 6000 60 0 0 0 1
28-10-21 18:30:27 Temp: XGL 4 -> 7200 16 0 0 0 1
28-10-21 18:30:27 Temp: XGB 3 -> 1 1 1
28-10-21 18:30:27 Temp: XGL 5 -> 5500 30 0 0 0 0
28-10-21 18:30:27 Temp: XGB 4 -> 60 1 1
28-10-21 18:30:28 Temp: XGL 6 -> 5500 16 50 0 0 2
28-10-21 18:30:28 Temp: XGN -> S
