01-11-21 11:49:16 Temp: XGS -> 0 0 1 1
01-11-21 11:49:16 Temp: XGT -> 1998 1998 86
01-11-21 11:49:16 Opt: FN -> 0
01-11-21 11:49:16 Tft: DRAV -> DY>Ok
01-11-21 11:49:18 Temp: XGS -> 0 0 1 1
01-11-21 11:49:18 Temp: XGT -> 1998 1998 86
01-11-21 11:49:18 Opt: FN -> 0
01-11-21 11:49:18 Tft: DRAV -> DY>Ok
20-01-22 09:28:44 Opt: FHW -> v4.0
20-01-22 09:28:44 Opt: FVER -> OPTICS 4.38.384 07/09/21
20-01-22 09:28:44 Temp: FVER -> STAMP_0.2_11/08/21
20-01-22 09:28:44 Mot: FVER -> CMOT 6.90 21/07/2021
20-01-22 09:28:44 Tft: FVER -> TFT 2.00.00 Aug 5 2021
20-01-22 09:28:44 Opt: FLCFG 0 -> 470 525
20-01-22 09:28:44 Opt: FLCFG 1 -> 532 570
20-01-22 09:28:44 Opt: FLCFG 2 -> 585 633
20-01-22 09:28:44 Opt: FLCFG 3 -> 633 675
20-01-22 09:28:44 Opt: FLCFG 4 -> 690 730
20-01-22 09:28:44 Opt: FLCFG 5 -> -1
20-01-22 09:28:44 Opt: FLCFG 6 -> -1
20-01-22 09:28:44 Opt: FLCFG 7 -> -1
20-01-22 09:28:45 Temp: DLRS 9 -> R:TY 242 T384A
20-01-22 09:28:45 Opt: FPGET 0 -> Ok
20-01-22 09:28:45 Opt: FPGET 0 -> Ok
20-01-22 09:28:45 Opt: FPGET 1 -> Ok
20-01-22 09:28:45 Opt: FPGET 2 -> Ok
20-01-22 09:28:45 Opt: FPGET 3 -> Ok
20-01-22 09:28:45 Opt: CRDS 0 -> 0
20-01-22 09:28:45 Opt: CRDS 10 -> 0
20-01-22 09:28:45 Opt: CRDS 11 -> 0
20-01-22 09:28:45 Opt: CRDS 20 -> 0
20-01-22 09:28:45 Opt: CRDS 21 -> 0
20-01-22 09:28:45 Opt: CRDS 30 -> 0
20-01-22 09:28:45 Opt: CRDS 31 -> 0
20-01-22 09:28:45 Opt: CRDS 40 -> 0
20-01-22 09:28:45 Opt: CRDS 41 -> 0
20-01-22 09:28:45 Opt: CRDS 50 -> 0
20-01-22 09:28:45 Opt: CRDS 51 -> 0
20-01-22 09:28:45 Opt: CRDS 60 -> 0
20-01-22 09:28:45 Opt: CRDS 61 -> 0
20-01-22 09:28:45 Opt: CRDS 70 -> 0
20-01-22 09:28:45 Tft: DSAV 1 -> DY>Ok
20-01-22 09:28:45 Temp: XGP -> 0 35 3 3 0
20-01-22 09:28:45 Temp: XGB 0 -> 1 1 1
20-01-22 09:28:45 Temp: XGL 0 -> 2000 15 0 0 0 1
20-01-22 09:28:46 Temp: XGB 1 -> 1 1 1
20-01-22 09:28:46 Temp: XGL 1 -> 2000 15 0 0 0 1
20-01-22 09:28:46 Temp: XGB 2 -> 0 3 1
20-01-22 09:28:46 Temp: XGL 2 -> 2000 15 0 0 0 0
20-01-22 09:28:46 Temp: XGN -> E
20-01-22 09:30:02 Opt: FHW -> v4.0
20-01-22 09:30:02 Opt: FVER -> OPTICS 4.38.384 07/09/21
20-01-22 09:30:02 Temp: FVER -> STAMP_0.2_11/08/21
20-01-22 09:30:02 Mot: FVER -> CMOT 6.90 21/07/2021
20-01-22 09:30:02 Tft: FVER -> TFT 2.00.00 Aug 5 2021
20-01-22 09:30:02 Opt: FLCFG 0 -> 470 525
20-01-22 09:30:02 Opt: FLCFG 1 -> 532 570
20-01-22 09:30:02 Opt: FLCFG 2 -> 585 633
20-01-22 09:30:02 Opt: FLCFG 3 -> 633 675
20-01-22 09:30:03 Opt: FLCFG 4 -> 690 730
20-01-22 09:30:03 Opt: FLCFG 5 -> -1
20-01-22 09:30:03 Opt: FLCFG 6 -> -1
20-01-22 09:30:03 Opt: FLCFG 7 -> -1
20-01-22 09:30:03 Temp: DLRS 9 -> R:TY 242 T384A
20-01-22 09:30:03 Opt: FPGET 0 -> Ok
20-01-22 09:30:03 Opt: FPGET 0 -> Ok
20-01-22 09:30:03 Opt: FPGET 1 -> Ok
20-01-22 09:30:03 Opt: FPGET 2 -> Ok
20-01-22 09:30:03 Opt: FPGET 3 -> Ok
20-01-22 09:30:03 Opt: CRDS 0 -> 0
20-01-22 09:30:03 Opt: CRDS 10 -> 0
20-01-22 09:30:03 Opt: CRDS 11 -> 0
20-01-22 09:30:03 Opt: CRDS 20 -> 0
20-01-22 09:30:03 Opt: CRDS 21 -> 0
20-01-22 09:30:03 Opt: CRDS 30 -> 0
20-01-22 09:30:03 Opt: CRDS 31 -> 0
20-01-22 09:30:03 Opt: CRDS 40 -> 0
20-01-22 09:30:03 Opt: CRDS 41 -> 0
20-01-22 09:30:03 Opt: CRDS 50 -> 0
20-01-22 09:30:03 Opt: CRDS 51 -> 0
20-01-22 09:30:03 Opt: CRDS 60 -> 0
20-01-22 09:30:03 Opt: CRDS 61 -> 0
20-01-22 09:30:03 Opt: CRDS 70 -> 0
20-01-22 09:30:03 Tft: DSAV 1 -> DY>Ok
20-01-22 09:30:03 Temp: XGP -> 0 35 3 3 0
20-01-22 09:30:03 Temp: XGB 0 -> 1 1 1
20-01-22 09:30:03 Temp: XGL 0 -> 2000 15 0 0 0 1
20-01-22 09:30:03 Temp: XGB 1 -> 1 1 1
20-01-22 09:30:04 Temp: XGL 1 -> 2000 15 0 0 0 1
20-01-22 09:30:04 Temp: XGB 2 -> 0 3 1
20-01-22 09:30:04 Temp: XGL 2 -> 2000 15 0 0 0 0
20-01-22 09:30:04 Temp: XGN -> E
20-01-22 09:30:36 Opt: PRDS 1048 -> 0
20-01-22 09:30:36 Error! Opt: CRYC -> ???
20-01-22 09:30:36 Error! Opt: CRYC -> ???
20-01-22 09:30:37 Temp: XGS -> 0 0 1 1
20-01-22 09:30:37 Temp: XGT -> 2014 2016 52
20-01-22 09:30:37 Opt: FN -> 2
20-01-22 09:30:37 Tft: DRAV -> DY>Ok
20-01-22 09:30:39 Temp: XGS -> 0 0 1 1
20-01-22 09:30:39 Temp: XGT -> 2014 2016 52
20-01-22 09:30:39 Opt: FN -> 2
20-01-22 09:30:39 Tft: DRAV -> DY>Ok
20-01-22 09:30:40 Temp: XGS -> 0 0 1 1
20-01-22 09:30:41 Temp: XGT -> 2014 2016 52
20-01-22 09:30:41 Opt: FN -> 2
20-01-22 09:30:41 Tft: DRAV -> DY>Ok
20-01-22 09:30:42 Temp: XGS -> 0 0 1 1
20-01-22 09:30:42 Temp: XGT -> 2015 2015 52
20-01-22 09:30:42 Opt: FN -> 2
20-01-22 09:30:42 Tft: DRAV -> DY>Ok
20-01-22 09:30:44 Temp: XGS -> 0 0 1 1
20-01-22 09:30:44 Temp: XGT -> 2007 2008 67
20-01-22 09:30:44 Opt: FN -> 2
20-01-22 09:30:44 Tft: DRAV -> DY>Ok
20-01-22 09:30:46 Temp: XGS -> 0 0 1 1
20-01-22 09:30:46 Temp: XGT -> 2001 2002 79
20-01-22 09:30:46 Opt: FN -> 2
20-01-22 09:30:46 Tft: DRAV -> DY>Ok
20-01-22 09:30:48 Temp: XGS -> 0 0 1 1
20-01-22 09:30:48 Temp: XGT -> 1997 1998 87
20-01-22 09:30:48 Opt: FN -> 2
20-01-22 09:30:48 Tft: DRAV -> DY>Ok
20-01-22 09:30:50 Temp: XGS -> 0 0 1 1
20-01-22 09:30:50 Temp: XGT -> 1994 1995 93
20-01-22 09:30:50 Opt: FN -> 2
20-01-22 09:30:50 Tft: DRAV -> DY>Ok
20-01-22 09:30:51 Temp: XGS -> 0 0 1 1
20-01-22 09:30:51 Temp: XGT -> 1992 1993 97
20-01-22 09:30:51 Opt: FN -> 2
20-01-22 09:30:51 Tft: DRAV -> DY>Ok
20-01-22 09:30:53 Temp: XGS -> 0 0 1 1
20-01-22 09:30:53 Temp: XGT -> 1991 1992 99
20-01-22 09:30:53 Opt: FN -> 2
20-01-22 09:30:53 Tft: DRAV -> DY>Ok
20-01-22 09:30:55 Temp: XGS -> 0 0 1 1
20-01-22 09:30:55 Temp: XGT -> 1991 1991 100
20-01-22 09:30:55 Opt: FN -> 2
20-01-22 09:30:55 Tft: DRAV -> DY>Ok
20-01-22 09:30:57 Temp: XGS -> 0 0 1 1
20-01-22 09:30:57 Temp: XGT -> 1991 1991 100
20-01-22 09:30:57 Opt: FN -> 2
20-01-22 09:30:57 Tft: DRAV -> DY>Ok
20-01-22 09:30:59 Temp: XGS -> 0 0 1 1
20-01-22 09:30:59 Temp: XGT -> 1991 1991 100
20-01-22 09:30:59 Opt: FN -> 2
20-01-22 09:30:59 Tft: DRAV -> DY>Ok
20-01-22 09:31:00 Temp: XGS -> 0 0 1 1
20-01-22 09:31:00 Temp: XGT -> 1991 1992 99
20-01-22 09:31:00 Opt: FN -> 2
20-01-22 09:31:00 Tft: DRAV -> DY>Ok
20-01-22 09:31:02 Temp: XGS -> 0 0 1 1
20-01-22 09:31:02 Temp: XGT -> 1992 1992 98
20-01-22 09:31:02 Opt: FN -> 2
20-01-22 09:31:02 Tft: DRAV -> DY>Ok
20-01-22 09:31:04 Temp: XGS -> 0 0 1 1
20-01-22 09:31:04 Temp: XGT -> 1992 1993 97
20-01-22 09:31:04 Opt: FN -> 2
20-01-22 09:31:04 Tft: DRAV -> DY>Ok
20-01-22 09:31:06 Temp: XGS -> 0 0 1 1
20-01-22 09:31:06 Temp: XGT -> 1993 1993 96
20-01-22 09:31:06 Opt: FN -> 2
20-01-22 09:31:06 Tft: DRAV -> DY>Ok
20-01-22 09:31:08 Temp: XGS -> 0 0 1 1
20-01-22 09:31:08 Temp: XGT -> 1993 1994 95
20-01-22 09:31:08 Opt: FN -> 2
20-01-22 09:31:08 Tft: DRAV -> DY>Ok
20-01-22 09:31:10 Temp: XGS -> 0 0 1 1
20-01-22 09:31:10 Temp: XGT -> 1994 1994 94
20-01-22 09:31:10 Opt: FN -> 2
20-01-22 09:31:10 Tft: DRAV -> DY>Ok
20-01-22 09:31:11 Temp: XGS -> 0 0 1 1
20-01-22 09:31:11 Temp: XGT -> 1994 1995 93
20-01-22 09:31:11 Opt: FN -> 2
20-01-22 09:31:11 Tft: DRAV -> DY>Ok
20-01-22 09:31:13 Temp: XGS -> 0 0 1 1
20-01-22 09:31:13 Temp: XGT -> 1995 1995 92
20-01-22 09:31:13 Opt: FN -> 2
20-01-22 09:31:13 Tft: DRAV -> DY>Ok
20-01-22 09:31:15 Temp: XGS -> 0 0 1 1
20-01-22 09:31:15 Temp: XGT -> 1996 1996 90
20-01-22 09:31:15 Opt: FN -> 2
20-01-22 09:31:15 Tft: DRAV -> DY>Ok
20-01-22 09:31:17 Temp: XGS -> 0 0 1 1
20-01-22 09:31:17 Temp: XGT -> 1996 1996 90
20-01-22 09:31:17 Opt: FN -> 2
20-01-22 09:31:17 Tft: DRAV -> DY>Ok
20-01-22 09:31:19 Temp: XGS -> 0 0 1 1
20-01-22 09:31:19 Temp: XGT -> 1996 1996 90
20-01-22 09:31:19 Opt: FN -> 2
20-01-22 09:31:19 Tft: DRAV -> DY>Ok
20-01-22 09:31:20 Temp: XGS -> 0 0 1 1
20-01-22 09:31:20 Temp: XGT -> 1997 1997 88
20-01-22 09:31:20 Opt: FN -> 2
20-01-22 09:31:20 Tft: DRAV -> DY>Ok
20-01-22 09:31:22 Temp: XGS -> 0 0 1 1
20-01-22 09:31:22 Temp: XGT -> 1997 1997 88
20-01-22 09:31:22 Opt: FN -> 2
20-01-22 09:31:22 Tft: DRAV -> DY>Ok
20-01-22 09:31:24 Temp: XGS -> 0 0 1 1
20-01-22 09:31:24 Temp: XGT -> 1998 1998 86
20-01-22 09:31:24 Opt: FN -> 2
20-01-22 09:31:24 Tft: DRAV -> DY>Ok
20-01-22 09:31:26 Temp: XGS -> 0 0 1 1
20-01-22 09:31:26 Temp: XGT -> 1998 1998 86
20-01-22 09:31:26 Opt: FN -> 2
20-01-22 09:31:26 Tft: DRAV -> DY>Ok
20-01-22 09:31:27 Mot: MP 0 -> 0
20-01-22 09:31:27 Opt: FEXP 6493 -> Ok
20-01-22 09:31:27 Opt: FLT 140 -> Ok
20-01-22 09:31:27 Opt: FLED 1 -> Ok
20-01-22 09:31:27 Mot: MBUSY -> 1
20-01-22 09:31:27 Mot: MBUSY -> 1
20-01-22 09:31:28 Mot: MBUSY -> 1
20-01-22 09:31:28 Mot: MBUSY -> 1
20-01-22 09:31:28 Mot: MBUSY -> 0
20-01-22 09:31:28 Opt: FPIC -> Ok
20-01-22 09:31:29 Opt: FLED 0 -> Ok
20-01-22 09:31:29 Opt: FPIC -> Ok
20-01-22 09:31:29 Opt: FFD 0 -> Ok
20-01-22 09:31:29 Opt: FFD 1 -> Ok
20-01-22 09:31:29 Opt: FFD 2 -> Ok
20-01-22 09:31:29 Opt: FFD 3 -> Ok
20-01-22 09:31:29 Temp: XGS -> 0 0 1 1
20-01-22 09:31:29 Temp: XGT -> 1998 1998 86
20-01-22 09:31:29 Opt: FN -> 2
20-01-22 09:31:29 Tft: DRAV -> DY>Ok
20-01-22 09:31:29 Temp: XGS -> 0 0 1 1
20-01-22 09:31:30 Temp: XGT -> 1998 1998 86
20-01-22 09:31:30 Opt: FN -> 2
20-01-22 09:31:30 Tft: DRAV -> DY>Ok
20-01-22 09:31:31 Temp: XGS -> 0 0 1 1
20-01-22 09:31:31 Temp: XGT -> 1998 1998 86
20-01-22 09:31:31 Opt: FN -> 2
20-01-22 09:31:31 Tft: DRAV -> DY>Ok
20-01-22 09:31:33 Temp: XGS -> 0 0 1 1
20-01-22 09:31:33 Temp: XGT -> 1998 1998 86
20-01-22 09:31:33 Opt: FN -> 2
20-01-22 09:31:33 Tft: DRAV -> DY>Ok
20-01-22 09:31:35 Temp: XGS -> 0 0 1 1
20-01-22 09:31:35 Temp: XGT -> 1998 1998 86
20-01-22 09:31:35 Opt: FN -> 2
20-01-22 09:31:35 Tft: DRAV -> DY>Ok
20-01-22 09:31:37 Temp: XGS -> 0 0 1 1
20-01-22 09:31:37 Temp: XGT -> 1998 1998 86
20-01-22 09:31:37 Opt: FN -> 2
20-01-22 09:31:37 Tft: DRAV -> DY>Ok
20-01-22 09:31:38 Temp: XGS -> 0 0 1 1
20-01-22 09:31:39 Temp: XGT -> 1998 1998 86
20-01-22 09:31:39 Opt: FN -> 2
20-01-22 09:31:39 Tft: DRAV -> DY>Ok
20-01-22 09:31:40 Temp: XGS -> 0 0 1 1
20-01-22 09:31:40 Temp: XGT -> 1998 1998 86
20-01-22 09:31:40 Opt: FN -> 2
20-01-22 09:31:40 Tft: DRAV -> DY>Ok
20-01-22 09:31:42 Temp: XGS -> 0 0 1 1
20-01-22 09:31:42 Temp: XGT -> 1998 1998 86
20-01-22 09:31:42 Opt: FN -> 2
20-01-22 09:31:42 Tft: DRAV -> DY>Ok
20-01-22 09:31:44 Temp: XGS -> 0 0 1 1
20-01-22 09:31:44 Temp: XGT -> 1998 1998 86
20-01-22 09:31:44 Opt: FN -> 2
20-01-22 09:31:44 Tft: DRAV -> DY>Ok
20-01-22 09:31:46 Temp: XGS -> 0 0 1 1
20-01-22 09:31:46 Temp: XGT -> 1998 1998 86
20-01-22 09:31:46 Opt: FN -> 2
20-01-22 09:31:46 Tft: DRAV -> DY>Ok
20-01-22 09:31:48 Temp: XGS -> 0 0 1 1
20-01-22 09:31:48 Temp: XGT -> 1998 1998 86
20-01-22 09:31:48 Opt: FN -> 2
20-01-22 09:31:48 Tft: DRAV -> DY>Ok
20-01-22 09:31:49 Temp: XGS -> 0 0 1 1
20-01-22 09:31:49 Temp: XGT -> 1998 1998 86
20-01-22 09:31:49 Opt: FN -> 2
20-01-22 09:31:49 Tft: DRAV -> DY>Ok
20-01-22 09:31:51 Temp: XGS -> 0 0 1 1
20-01-22 09:31:51 Temp: XGT -> 1998 1998 86
20-01-22 09:31:51 Opt: FN -> 2
20-01-22 09:31:51 Tft: DRAV -> DY>Ok
20-01-22 09:31:53 Temp: XGS -> 0 0 1 1
20-01-22 09:31:53 Temp: XGT -> 1998 1998 86
20-01-22 09:31:53 Opt: FN -> 2
20-01-22 09:31:53 Tft: DRAV -> DY>Ok
20-01-22 09:31:55 Temp: XGS -> 0 0 1 1
20-01-22 09:31:55 Temp: XGT -> 1998 1998 86
20-01-22 09:31:55 Opt: FN -> 2
20-01-22 09:31:55 Tft: DRAV -> DY>Ok
20-01-22 09:31:57 Temp: XGS -> 0 0 1 1
20-01-22 09:31:57 Temp: XGT -> 1998 1998 86
20-01-22 09:31:57 Opt: FN -> 2
20-01-22 09:31:57 Tft: DRAV -> DY>Ok
20-01-22 09:31:58 Temp: XGS -> 0 0 1 1
20-01-22 09:31:58 Temp: XGT -> 1998 1998 86
20-01-22 09:31:58 Opt: FN -> 2
20-01-22 09:31:58 Tft: DRAV -> DY>Ok
20-01-22 09:32:00 Mot: MP 0 -> 0
20-01-22 09:32:00 Opt: FEXP 6493 -> Ok
20-01-22 09:32:00 Opt: FLT 140 -> Ok
20-01-22 09:32:00 Opt: FLED 1 -> Ok
20-01-22 09:32:00 Mot: MBUSY -> 0
20-01-22 09:32:00 Opt: FPIC -> Ok
20-01-22 09:32:01 Opt: FLED 0 -> Ok
20-01-22 09:32:01 Opt: FPIC -> Ok
20-01-22 09:32:01 Opt: FFD 0 -> Ok
20-01-22 09:32:01 Opt: FFD 1 -> Ok
20-01-22 09:32:02 Opt: FFD 2 -> Ok
20-01-22 09:32:02 Opt: FFD 3 -> Ok
20-01-22 09:32:02 Temp: XGS -> 0 0 1 1
20-01-22 09:32:02 Temp: XGT -> 1998 1999 85
20-01-22 09:32:02 Opt: FN -> 2
20-01-22 09:32:02 Tft: DRAV -> DY>Ok
20-01-22 09:32:02 Temp: XGS -> 0 0 1 1
20-01-22 09:32:02 Temp: XGT -> 1998 1999 85
20-01-22 09:32:02 Opt: FN -> 2
20-01-22 09:32:02 Tft: DRAV -> DY>Ok
20-01-22 09:32:04 Temp: XGS -> 0 0 1 1
20-01-22 09:32:04 Temp: XGT -> 1999 1999 84
20-01-22 09:32:04 Opt: FN -> 2
20-01-22 09:32:04 Tft: DRAV -> DY>Ok
20-01-22 09:32:06 Temp: XGS -> 0 0 1 1
20-01-22 09:32:06 Temp: XGT -> 1999 1999 84
20-01-22 09:32:06 Opt: FN -> 2
20-01-22 09:32:06 Tft: DRAV -> DY>Ok
20-01-22 09:32:08 Temp: XGS -> 0 0 1 1
20-01-22 09:32:08 Temp: XGT -> 1999 1999 84
20-01-22 09:32:08 Opt: FN -> 2
20-01-22 09:32:08 Tft: DRAV -> DY>Ok
20-01-22 09:32:09 Temp: XGS -> 0 0 1 1
20-01-22 09:32:09 Temp: XGT -> 1999 1999 84
20-01-22 09:32:09 Opt: FN -> 2
20-01-22 09:32:09 Tft: DRAV -> DY>Ok
20-01-22 09:32:11 Temp: XGS -> 0 0 1 1
20-01-22 09:32:11 Temp: XGT -> 1999 1999 84
20-01-22 09:32:11 Opt: FN -> 2
20-01-22 09:32:11 Tft: DRAV -> DY>Ok
20-01-22 09:32:13 Temp: XGS -> 0 0 1 1
20-01-22 09:32:13 Temp: XGT -> 1999 2000 83
20-01-22 09:32:13 Opt: FN -> 2
20-01-22 09:32:13 Tft: DRAV -> DY>Ok
20-01-22 09:32:15 Temp: XGS -> 0 0 1 1
20-01-22 09:32:15 Temp: XGT -> 2000 2000 82
20-01-22 09:32:15 Opt: FN -> 2
20-01-22 09:32:15 Tft: DRAV -> DY>Ok
20-01-22 09:32:17 Temp: XGS -> 0 0 1 1
20-01-22 09:32:17 Temp: XGT -> 2000 2000 82
20-01-22 09:32:17 Opt: FN -> 2
20-01-22 09:32:17 Tft: DRAV -> DY>Ok
20-01-22 09:32:18 Temp: XGS -> 0 0 1 1
20-01-22 09:32:18 Temp: XGT -> 2000 2000 82
20-01-22 09:32:18 Opt: FN -> 2
20-01-22 09:32:18 Tft: DRAV -> DY>Ok
20-01-22 09:32:20 Opt: FSDW 1024 -> 0
20-01-22 09:32:20 Opt: FSDW 1025 -> 0
20-01-22 09:32:20 Opt: FSDW 1026 -> 0
20-01-22 09:32:20 Opt: FSDW 1027 -> 0
20-01-22 09:32:21 Opt: FVER -> OPTICS 4.38.384 07/09/21
20-01-22 09:32:21 Temp: FVER -> STAMP_0.2_11/08/21
20-01-22 09:32:21 Mot: FVER -> CMOT 6.90 21/07/2021
20-01-22 09:32:21 Tft: FVER -> TFT 2.00.00 Aug 5 2021
20-01-22 09:32:21 Opt: FLCFG 0 -> 470 525
20-01-22 09:32:21 Opt: FLCFG 1 -> 532 570
20-01-22 09:32:21 Opt: FLCFG 2 -> 585 633
20-01-22 09:32:21 Opt: FLCFG 3 -> 633 675
20-01-22 09:32:21 Opt: FLCFG 4 -> 690 730
20-01-22 09:32:21 Opt: FLCFG 5 -> -1
20-01-22 09:32:21 Opt: FLCFG 6 -> -1
20-01-22 09:32:21 Opt: FLCFG 7 -> -1
20-01-22 09:32:21 Temp: DLRS 9 -> R:TY 242 T384A
20-01-22 09:32:21 Opt: FPGET 0 -> Ok
20-01-22 09:32:21 Opt: FPGET 0 -> Ok
20-01-22 09:32:21 Opt: FPGET 1 -> Ok
20-01-22 09:32:21 Opt: FPGET 2 -> Ok
20-01-22 09:32:21 Opt: FPGET 3 -> Ok
20-01-22 09:32:21 Opt: CRDS 0 -> 0
20-01-22 09:32:21 Opt: CRDS 10 -> 0
20-01-22 09:32:21 Opt: CRDS 11 -> 0
20-01-22 09:32:21 Opt: CRDS 20 -> 0
20-01-22 09:32:21 Opt: CRDS 21 -> 0
20-01-22 09:32:21 Opt: CRDS 30 -> 0
20-01-22 09:32:21 Opt: CRDS 31 -> 0
20-01-22 09:32:21 Opt: CRDS 40 -> 0
20-01-22 09:32:21 Opt: CRDS 41 -> 0
20-01-22 09:32:22 Opt: CRDS 50 -> 0
20-01-22 09:32:22 Opt: CRDS 51 -> 0
20-01-22 09:32:22 Opt: CRDS 60 -> 0
20-01-22 09:32:22 Opt: CRDS 61 -> 0
20-01-22 09:32:22 Opt: CRDS 70 -> 0
20-01-22 09:32:22 Tft: DSAV 1 -> DY>Ok
20-01-22 09:32:22 Temp: XGP -> 0 35 3 3 0
20-01-22 09:32:22 Temp: XGB 0 -> 1 1 1
20-01-22 09:32:22 Temp: XGL 0 -> 2000 15 0 0 0 1
20-01-22 09:32:22 Temp: XGB 1 -> 1 1 1
20-01-22 09:32:22 Temp: XGL 1 -> 2000 15 0 0 0 1
20-01-22 09:32:22 Temp: XGB 2 -> 0 3 1
20-01-22 09:32:22 Temp: XGL 2 -> 2000 15 0 0 0 0
20-01-22 09:32:22 Temp: XGN -> E
20-01-22 09:32:22 Opt: FPSAVE -> Ok
20-01-22 09:32:22 Temp: XGS -> 0 0 1 1
20-01-22 09:32:22 Temp: XGT -> 2000 2000 82
20-01-22 09:32:22 Opt: FN -> 2
20-01-22 09:32:22 Tft: DRAV -> DY>Ok
20-01-22 09:32:22 Opt: PWRS 1049 -> 0
20-01-22 09:32:22 Opt: FPSAVE -> Ok
20-01-22 09:32:22 Temp: XGS -> 0 0 1 1
20-01-22 09:32:22 Temp: XGT -> 2000 2000 82
20-01-22 09:32:22 Opt: FN -> 2
20-01-22 09:32:22 Tft: DRAV -> DY>Ok
20-01-22 09:32:22 Opt: PRDS 1048 -> 0
20-01-22 09:32:22 Error! Opt: CRYC -> ???
20-01-22 09:32:22 Error! Opt: CRYC -> ???
20-01-22 09:32:24 Temp: XGS -> 0 0 1 1
20-01-22 09:32:24 Temp: XGT -> 2000 2000 82
20-01-22 09:32:24 Opt: FN -> 2
20-01-22 09:32:24 Tft: DRAV -> DY>Ok
20-01-22 09:32:26 Temp: XGS -> 0 0 1 1
20-01-22 09:32:26 Temp: XGT -> 2000 2000 82
20-01-22 09:32:26 Opt: FN -> 2
20-01-22 09:32:26 Tft: DRAV -> DY>Ok
20-01-22 09:32:27 Mot: MP 0 -> 0
20-01-22 09:32:27 Opt: FEXP 6493 -> Ok
20-01-22 09:32:27 Opt: FLT 140 -> Ok
20-01-22 09:32:27 Opt: FLED 1 -> Ok
20-01-22 09:32:27 Mot: MBUSY -> 0
20-01-22 09:32:27 Opt: FPIC -> Ok
20-01-22 09:32:28 Opt: FLED 0 -> Ok
20-01-22 09:32:28 Opt: FPIC -> Ok
20-01-22 09:32:29 Opt: FFD 0 -> Ok
20-01-22 09:32:29 Opt: FFD 1 -> Ok
20-01-22 09:32:29 Opt: FFD 2 -> Ok
20-01-22 09:32:29 Opt: FFD 3 -> Ok
20-01-22 09:32:29 Temp: XGS -> 0 0 1 1
20-01-22 09:32:29 Temp: XGT -> 2000 2000 82
20-01-22 09:32:29 Opt: FN -> 2
20-01-22 09:32:29 Tft: DRAV -> DY>Ok
20-01-22 09:32:29 Temp: XGS -> 0 0 1 1
20-01-22 09:32:29 Temp: XGT -> 2000 2000 82
20-01-22 09:32:29 Opt: FN -> 2
20-01-22 09:32:29 Tft: DRAV -> DY>Ok
20-01-22 09:32:31 Temp: XGS -> 0 0 1 1
20-01-22 09:32:31 Temp: XGT -> 2000 2000 82
20-01-22 09:32:31 Opt: FN -> 2
20-01-22 09:32:31 Tft: DRAV -> DY>Ok
20-01-22 09:32:33 Temp: XGS -> 0 0 1 1
20-01-22 09:32:33 Temp: XGT -> 2000 2000 82
20-01-22 09:32:33 Opt: FN -> 2
20-01-22 09:32:33 Tft: DRAV -> DY>Ok
20-01-22 09:32:35 Temp: XGS -> 0 0 1 1
20-01-22 09:32:35 Temp: XGT -> 2000 2000 82
20-01-22 09:32:35 Opt: FN -> 2
20-01-22 09:32:35 Tft: DRAV -> DY>Ok
20-01-22 09:32:37 Temp: XGS -> 0 0 1 1
20-01-22 09:32:37 Temp: XGT -> 2000 2000 82
20-01-22 09:32:37 Opt: FN -> 2
20-01-22 09:32:37 Tft: DRAV -> DY>Ok
20-01-22 09:32:38 Temp: XGS -> 0 0 1 1
20-01-22 09:32:38 Temp: XGT -> 2000 2000 82
20-01-22 09:32:38 Opt: FN -> 2
20-01-22 09:32:38 Tft: DRAV -> DY>Ok
20-01-22 09:32:40 Temp: XGS -> 0 0 1 1
20-01-22 09:32:40 Temp: XGT -> 2000 2000 82
20-01-22 09:32:40 Opt: FN -> 2
20-01-22 09:32:40 Tft: DRAV -> DY>Ok
20-01-22 09:32:42 Mot: MP 1 -> 0
20-01-22 09:32:42 Opt: FEXP 6493 -> Ok
20-01-22 09:32:42 Opt: FLT 110 -> Ok
20-01-22 09:32:42 Opt: FLED 2 -> Ok
20-01-22 09:32:42 Mot: MBUSY -> 1
20-01-22 09:32:42 Mot: MBUSY -> 1
20-01-22 09:32:42 Mot: MBUSY -> 1
20-01-22 09:32:42 Mot: MBUSY -> 1
20-01-22 09:32:43 Mot: MBUSY -> 1
20-01-22 09:32:43 Mot: MBUSY -> 0
20-01-22 09:32:43 Opt: FPIC -> Ok
20-01-22 09:32:44 Opt: FLED 0 -> Ok
20-01-22 09:32:44 Opt: FPIC -> Ok
20-01-22 09:32:44 Opt: FFD 0 -> Ok
20-01-22 09:32:44 Opt: FFD 1 -> Ok
20-01-22 09:32:44 Opt: FFD 2 -> Ok
20-01-22 09:32:44 Opt: FFD 3 -> Ok
20-01-22 09:32:44 Temp: XGS -> 0 0 1 1
20-01-22 09:32:44 Temp: XGT -> 2000 2000 82
20-01-22 09:32:44 Opt: FN -> 2
20-01-22 09:32:44 Tft: DRAV -> DY>Ok
20-01-22 09:32:46 Temp: XGS -> 0 0 1 1
20-01-22 09:32:46 Temp: XGT -> 2000 2000 82
20-01-22 09:32:46 Opt: FN -> 2
20-01-22 09:32:46 Tft: DRAV -> DY>Ok
20-01-22 09:32:47 Temp: XGS -> 0 0 1 1
20-01-22 09:32:47 Temp: XGT -> 2000 2000 82
20-01-22 09:32:47 Opt: FN -> 2
20-01-22 09:32:47 Tft: DRAV -> DY>Ok
20-01-22 09:32:49 Temp: XGS -> 0 0 1 1
20-01-22 09:32:49 Temp: XGT -> 2000 2000 82
20-01-22 09:32:49 Opt: FN -> 2
20-01-22 09:32:49 Tft: DRAV -> DY>Ok
20-01-22 09:32:51 Temp: XGS -> 0 0 1 1
20-01-22 09:32:51 Temp: XGT -> 2000 2000 82
20-01-22 09:32:51 Opt: FN -> 2
20-01-22 09:32:51 Tft: DRAV -> DY>Ok
20-01-22 09:32:53 Temp: XGS -> 0 0 1 1
20-01-22 09:32:53 Temp: XGT -> 2000 2000 82
20-01-22 09:32:53 Opt: FN -> 2
20-01-22 09:32:53 Tft: DRAV -> DY>Ok
20-01-22 09:32:55 Temp: XGS -> 0 0 1 1
20-01-22 09:32:55 Temp: XGT -> 2000 2000 82
20-01-22 09:32:55 Opt: FN -> 2
20-01-22 09:32:55 Tft: DRAV -> DY>Ok
20-01-22 09:32:56 Temp: XGS -> 0 0 1 1
20-01-22 09:32:56 Temp: XGT -> 2000 2000 82
20-01-22 09:32:56 Opt: FN -> 2
20-01-22 09:32:56 Tft: DRAV -> DY>Ok
20-01-22 09:32:57 Mot: MP 0 -> 0
20-01-22 09:32:57 Opt: FEXP 3246 -> Ok
20-01-22 09:32:57 Opt: FLT 140 -> Ok
20-01-22 09:32:57 Opt: FLED 1 -> Ok
20-01-22 09:32:58 Mot: MBUSY -> 1
20-01-22 09:32:58 Mot: MBUSY -> 1
20-01-22 09:32:58 Mot: MBUSY -> 1
20-01-22 09:32:58 Mot: MBUSY -> 0
20-01-22 09:32:58 Opt: FPIC -> Ok
20-01-22 09:32:59 Opt: FLED 0 -> Ok
20-01-22 09:32:59 Opt: FFD 0 -> Ok
20-01-22 09:32:59 Opt: FFD 1 -> Ok
20-01-22 09:32:59 Opt: FFD 2 -> Ok
20-01-22 09:32:59 Opt: FFD 3 -> Ok
20-01-22 09:32:59 Temp: XGS -> 0 0 1 1
20-01-22 09:32:59 Temp: XGT -> 1999 1999 84
20-01-22 09:32:59 Opt: FN -> 2
20-01-22 09:32:59 Tft: DRAV -> DY>Ok
20-01-22 09:33:00 Temp: XGS -> 0 0 1 1
20-01-22 09:33:00 Temp: XGT -> 1999 1999 84
20-01-22 09:33:00 Opt: FN -> 2
20-01-22 09:33:00 Tft: DRAV -> DY>Ok
20-01-22 09:33:02 Temp: XGS -> 0 0 1 1
20-01-22 09:33:02 Temp: XGT -> 1999 1999 84
20-01-22 09:33:02 Opt: FN -> 2
20-01-22 09:33:02 Tft: DRAV -> DY>Ok
20-01-22 09:33:04 Temp: XGS -> 0 0 1 1
20-01-22 09:33:04 Temp: XGT -> 1998 1999 85
20-01-22 09:33:04 Opt: FN -> 2
20-01-22 09:33:04 Tft: DRAV -> DY>Ok
20-01-22 09:33:06 Temp: XGS -> 0 0 1 1
20-01-22 09:33:06 Temp: XGT -> 1998 1998 86
20-01-22 09:33:06 Opt: FN -> 2
20-01-22 09:33:06 Tft: DRAV -> DY>Ok
20-01-22 09:33:07 Temp: XGS -> 0 0 1 1
20-01-22 09:33:07 Temp: XGT -> 1998 1998 86
20-01-22 09:33:07 Opt: FN -> 2
20-01-22 09:33:07 Tft: DRAV -> DY>Ok
20-01-22 09:33:09 Temp: XGS -> 0 0 1 1
20-01-22 09:33:09 Temp: XGT -> 1998 1998 86
20-01-22 09:33:09 Opt: FN -> 2
20-01-22 09:33:09 Tft: DRAV -> DY>Ok
20-01-22 09:33:11 Temp: XGS -> 0 0 1 1
20-01-22 09:33:11 Temp: XGT -> 1998 1998 86
20-01-22 09:33:11 Opt: FN -> 2
20-01-22 09:33:11 Tft: DRAV -> DY>Ok
20-01-22 09:33:13 Temp: XGS -> 0 0 1 1
20-01-22 09:33:13 Temp: XGT -> 1998 1998 86
20-01-22 09:33:13 Opt: FN -> 2
20-01-22 09:33:13 Tft: DRAV -> DY>Ok
20-01-22 09:33:15 Temp: XGS -> 0 0 1 1
20-01-22 09:33:15 Temp: XGT -> 1998 1998 86
20-01-22 09:33:15 Opt: FN -> 2
20-01-22 09:33:15 Tft: DRAV -> DY>Ok
20-01-22 09:33:16 Temp: XGS -> 0 0 1 1
20-01-22 09:33:16 Temp: XGT -> 1998 1998 86
20-01-22 09:33:16 Opt: FN -> 2
20-01-22 09:33:16 Tft: DRAV -> DY>Ok
20-01-22 09:33:18 Temp: XGS -> 0 0 1 1
20-01-22 09:33:18 Temp: XGT -> 1998 1998 86
20-01-22 09:33:18 Opt: FN -> 2
20-01-22 09:33:18 Tft: DRAV -> DY>Ok
20-01-22 09:33:20 Temp: XGS -> 0 0 1 1
20-01-22 09:33:20 Temp: XGT -> 1999 1998 85
20-01-22 09:33:20 Opt: FN -> 2
20-01-22 09:33:20 Tft: DRAV -> DY>Ok
20-01-22 09:33:22 Temp: XGS -> 0 0 1 1
20-01-22 09:33:22 Temp: XGT -> 1999 1999 84
20-01-22 09:33:22 Opt: FN -> 2
20-01-22 09:33:22 Tft: DRAV -> DY>Ok
20-01-22 09:33:24 Temp: XGS -> 0 0 1 1
20-01-22 09:33:24 Temp: XGT -> 1999 1999 84
20-01-22 09:33:24 Opt: FN -> 2
20-01-22 09:33:24 Tft: DRAV -> DY>Ok
20-01-22 09:33:25 Temp: XGS -> 0 0 1 1
20-01-22 09:33:25 Temp: XGT -> 1999 1999 84
20-01-22 09:33:25 Opt: FN -> 2
20-01-22 09:33:25 Tft: DRAV -> DY>Ok
20-01-22 09:33:27 Temp: XGS -> 0 0 1 1
20-01-22 09:33:27 Temp: XGT -> 1999 1999 84
20-01-22 09:33:27 Opt: FN -> 2
20-01-22 09:33:27 Tft: DRAV -> DY>Ok
20-01-22 09:33:29 Temp: XGS -> 0 0 1 1
20-01-22 09:33:29 Temp: XGT -> 1999 1999 84
20-01-22 09:33:29 Opt: FN -> 2
20-01-22 09:33:29 Tft: DRAV -> DY>Ok
20-01-22 09:33:31 Temp: XGS -> 0 0 1 1
20-01-22 09:33:31 Temp: XGT -> 1999 2000 83
20-01-22 09:33:31 Opt: FN -> 2
20-01-22 09:33:31 Tft: DRAV -> DY>Ok
20-01-22 09:33:33 Temp: XGS -> 0 0 1 1
20-01-22 09:33:33 Temp: XGT -> 1999 2000 83
20-01-22 09:33:33 Opt: FN -> 2
20-01-22 09:33:33 Tft: DRAV -> DY>Ok
20-01-22 09:33:35 Temp: XGS -> 0 0 1 1
20-01-22 09:33:35 Temp: XGT -> 1999 2000 83
20-01-22 09:33:35 Opt: FN -> 2
20-01-22 09:33:35 Tft: DRAV -> DY>Ok
20-01-22 09:33:36 Temp: XGS -> 0 0 1 1
20-01-22 09:33:36 Temp: XGT -> 2000 2000 82
20-01-22 09:33:36 Opt: FN -> 2
20-01-22 09:33:36 Tft: DRAV -> DY>Ok
20-01-22 09:33:38 Temp: XGS -> 0 0 1 1
20-01-22 09:33:38 Temp: XGT -> 2000 2000 82
20-01-22 09:33:38 Opt: FN -> 2
20-01-22 09:33:38 Tft: DRAV -> DY>Ok
20-01-22 09:33:40 Temp: XGS -> 0 0 1 1
20-01-22 09:33:40 Temp: XGT -> 2000 2000 82
20-01-22 09:33:40 Opt: FN -> 2
20-01-22 09:33:40 Tft: DRAV -> DY>Ok
20-01-22 09:33:42 Temp: XGS -> 0 0 1 1
20-01-22 09:33:42 Temp: XGT -> 2000 2000 82
20-01-22 09:33:42 Opt: FN -> 2
20-01-22 09:33:42 Tft: DRAV -> DY>Ok
20-01-22 09:33:44 Temp: XGS -> 0 0 1 1
20-01-22 09:33:44 Temp: XGT -> 2000 2000 82
20-01-22 09:33:44 Opt: FN -> 2
20-01-22 09:33:44 Tft: DRAV -> DY>Ok
20-01-22 09:33:45 Temp: XGS -> 0 0 1 1
20-01-22 09:33:45 Temp: XGT -> 2000 2000 82
20-01-22 09:33:45 Opt: FN -> 2
20-01-22 09:33:45 Tft: DRAV -> DY>Ok
20-01-22 09:33:47 Temp: XGS -> 0 0 1 1
20-01-22 09:33:47 Temp: XGT -> 2000 2000 82
20-01-22 09:33:47 Opt: FN -> 2
20-01-22 09:33:47 Tft: DRAV -> DY>Ok
20-01-22 09:33:49 Temp: XGS -> 0 0 1 1
20-01-22 09:33:49 Temp: XGT -> 2000 2000 82
20-01-22 09:33:49 Opt: FN -> 2
20-01-22 09:33:49 Tft: DRAV -> DY>Ok
20-01-22 09:33:51 Temp: XGS -> 0 0 1 1
20-01-22 09:33:51 Temp: XGT -> 2000 2000 82
20-01-22 09:33:51 Opt: FN -> 2
20-01-22 09:33:51 Tft: DRAV -> DY>Ok
20-01-22 09:33:53 Temp: XGS -> 0 0 1 1
20-01-22 09:33:53 Temp: XGT -> 2000 2000 82
20-01-22 09:33:53 Opt: FN -> 2
20-01-22 09:33:53 Tft: DRAV -> DY>Ok
20-01-22 09:33:54 Temp: XGS -> 0 0 1 1
20-01-22 09:33:54 Temp: XGT -> 2000 2000 82
20-01-22 09:33:54 Opt: FN -> 2
20-01-22 09:33:55 Tft: DRAV -> DY>Ok
20-01-22 09:33:56 Temp: XGS -> 0 0 1 1
20-01-22 09:33:56 Temp: XGT -> 2000 2000 82
20-01-22 09:33:56 Opt: FN -> 2
20-01-22 09:33:56 Tft: DRAV -> DY>Ok
20-01-22 09:33:58 Temp: XGS -> 0 0 1 1
20-01-22 09:33:58 Temp: XGT -> 2000 2000 82
20-01-22 09:33:58 Opt: FN -> 2
20-01-22 09:33:58 Tft: DRAV -> DY>Ok
20-01-22 09:34:00 Temp: XGS -> 0 0 1 1
20-01-22 09:34:00 Temp: XGT -> 2000 2000 82
20-01-22 09:34:00 Opt: FN -> 2
20-01-22 09:34:00 Tft: DRAV -> DY>Ok
20-01-22 09:34:02 Temp: XGS -> 0 0 1 1
20-01-22 09:34:02 Temp: XGT -> 2000 2000 82
20-01-22 09:34:02 Opt: FN -> 2
20-01-22 09:34:02 Tft: DRAV -> DY>Ok
20-01-22 09:34:04 Temp: XGS -> 0 0 1 1
20-01-22 09:34:04 Temp: XGT -> 2000 2000 82
20-01-22 09:34:04 Opt: FN -> 2
20-01-22 09:34:04 Tft: DRAV -> DY>Ok
20-01-22 09:34:04 Mot: MP 0 -> 0
20-01-22 09:34:04 Opt: FEXP 6493 -> Ok
20-01-22 09:34:04 Opt: FLT 140 -> Ok
20-01-22 09:34:04 Opt: FLED 1 -> Ok
20-01-22 09:34:04 Mot: MBUSY -> 0
20-01-22 09:34:04 Opt: FPIC -> Ok
20-01-22 09:34:05 Opt: FLED 0 -> Ok
20-01-22 09:34:05 Opt: FPIC -> Ok
20-01-22 09:34:05 Opt: FFD 0 -> Ok
20-01-22 09:34:05 Opt: FFD 1 -> Ok
20-01-22 09:34:05 Opt: FFD 2 -> Ok
20-01-22 09:34:05 Opt: FFD 3 -> Ok
20-01-22 09:34:05 Temp: XGS -> 0 0 1 1
20-01-22 09:34:05 Temp: XGT -> 2000 2000 82
20-01-22 09:34:05 Opt: FN -> 2
20-01-22 09:34:05 Tft: DRAV -> DY>Ok
20-01-22 09:34:07 Temp: XGS -> 0 0 1 1
20-01-22 09:34:07 Temp: XGT -> 2000 2000 82
20-01-22 09:34:07 Opt: FN -> 2
20-01-22 09:34:07 Tft: DRAV -> DY>Ok
20-01-22 09:34:09 Temp: XGS -> 0 0 1 1
20-01-22 09:34:09 Temp: XGT -> 2000 2000 82
20-01-22 09:34:09 Opt: FN -> 2
20-01-22 09:34:09 Tft: DRAV -> DY>Ok
20-01-22 09:34:11 Temp: XGS -> 0 0 1 1
20-01-22 09:34:11 Temp: XGT -> 2000 2000 82
20-01-22 09:34:11 Opt: FN -> 2
20-01-22 09:34:11 Tft: DRAV -> DY>Ok
20-01-22 09:34:13 Temp: XGS -> 0 0 1 1
20-01-22 09:34:13 Temp: XGT -> 2000 2000 82
20-01-22 09:34:13 Opt: FN -> 2
20-01-22 09:34:13 Tft: DRAV -> DY>Ok
20-01-22 09:34:14 Temp: XGS -> 0 0 1 1
20-01-22 09:34:14 Temp: XGT -> 2000 2000 82
20-01-22 09:34:14 Opt: FN -> 2
20-01-22 09:34:14 Tft: DRAV -> DY>Ok
20-01-22 09:34:16 Temp: XGS -> 0 0 1 1
20-01-22 09:34:16 Temp: XGT -> 1999 1999 84
20-01-22 09:34:16 Opt: FN -> 2
20-01-22 09:34:16 Tft: DRAV -> DY>Ok
20-01-22 09:34:18 Temp: XGS -> 0 0 1 1
20-01-22 09:34:18 Temp: XGT -> 1999 1999 84
20-01-22 09:34:18 Opt: FN -> 2
20-01-22 09:34:18 Tft: DRAV -> DY>Ok
20-01-22 09:34:20 Temp: XGS -> 0 0 1 1
20-01-22 09:34:20 Temp: XGT -> 1999 1999 84
20-01-22 09:34:20 Opt: FN -> 2
20-01-22 09:34:20 Tft: DRAV -> DY>Ok
20-01-22 09:34:22 Temp: XGS -> 0 0 1 1
20-01-22 09:34:22 Temp: XGT -> 1999 1999 84
20-01-22 09:34:22 Opt: FN -> 2
20-01-22 09:34:22 Tft: DRAV -> DY>Ok
20-01-22 09:34:23 Temp: XGS -> 0 0 1 1
20-01-22 09:34:24 Temp: XGT -> 1998 1999 85
20-01-22 09:34:24 Opt: FN -> 2
20-01-22 09:34:24 Tft: DRAV -> DY>Ok
20-01-22 09:34:25 Temp: XGS -> 0 0 1 1
20-01-22 09:34:25 Temp: XGT -> 1998 1998 86
20-01-22 09:34:25 Opt: FN -> 2
20-01-22 09:34:25 Tft: DRAV -> DY>Ok
20-01-22 09:34:27 Temp: XGS -> 0 0 1 1
20-01-22 09:34:27 Temp: XGT -> 1998 1998 86
20-01-22 09:34:27 Opt: FN -> 2
20-01-22 09:34:27 Tft: DRAV -> DY>Ok
20-01-22 09:34:29 Temp: XGS -> 0 0 1 1
20-01-22 09:34:29 Temp: XGT -> 1998 1998 86
20-01-22 09:34:29 Opt: FN -> 2
20-01-22 09:34:29 Tft: DRAV -> DY>Ok
20-01-22 09:34:31 Temp: XGS -> 0 0 1 1
20-01-22 09:34:31 Temp: XGT -> 1998 1998 86
20-01-22 09:34:31 Opt: FN -> 2
20-01-22 09:34:31 Tft: DRAV -> DY>Ok
20-01-22 09:34:33 Temp: XGS -> 0 0 1 1
20-01-22 09:34:33 Temp: XGT -> 1998 1998 86
20-01-22 09:34:33 Opt: FN -> 2
20-01-22 09:34:33 Tft: DRAV -> DY>Ok
20-01-22 09:34:34 Temp: XGS -> 0 0 1 1
20-01-22 09:34:34 Temp: XGT -> 1998 1998 86
20-01-22 09:34:34 Opt: FN -> 2
20-01-22 09:34:34 Tft: DRAV -> DY>Ok
20-01-22 09:34:36 Temp: XGS -> 0 0 1 1
20-01-22 09:34:36 Temp: XGT -> 1998 1998 86
20-01-22 09:34:36 Opt: FN -> 2
20-01-22 09:34:36 Tft: DRAV -> DY>Ok
20-01-22 09:34:38 Temp: XGS -> 0 0 1 1
20-01-22 09:34:38 Temp: XGT -> 1999 1998 85
20-01-22 09:34:38 Opt: FN -> 2
20-01-22 09:34:38 Tft: DRAV -> DY>Ok
20-01-22 09:34:40 Temp: XGS -> 0 0 1 1
20-01-22 09:34:40 Temp: XGT -> 1999 1998 85
20-01-22 09:34:40 Opt: FN -> 2
20-01-22 09:34:40 Tft: DRAV -> DY>Ok
20-01-22 09:34:42 Temp: XGS -> 0 0 1 1
20-01-22 09:34:42 Temp: XGT -> 1999 1999 84
20-01-22 09:34:42 Opt: FN -> 2
20-01-22 09:34:42 Tft: DRAV -> DY>Ok
20-01-22 09:34:43 Temp: XGS -> 0 0 1 1
20-01-22 09:34:43 Temp: XGT -> 1999 1999 84
20-01-22 09:34:43 Opt: FN -> 2
20-01-22 09:34:43 Tft: DRAV -> DY>Ok
20-01-22 09:34:45 Temp: XGS -> 0 0 1 1
20-01-22 09:34:45 Temp: XGT -> 1999 1999 84
20-01-22 09:34:45 Opt: FN -> 2
20-01-22 09:34:45 Tft: DRAV -> DY>Ok
20-01-22 09:34:47 Temp: XGS -> 0 0 1 1
20-01-22 09:34:47 Temp: XGT -> 1999 1999 84
20-01-22 09:34:47 Opt: FN -> 2
20-01-22 09:34:47 Tft: DRAV -> DY>Ok
20-01-22 09:34:49 Temp: XGS -> 0 0 1 1
20-01-22 09:34:49 Temp: XGT -> 1999 1999 84
20-01-22 09:34:49 Opt: FN -> 2
20-01-22 09:34:49 Tft: DRAV -> DY>Ok
20-01-22 09:34:51 Temp: XGS -> 0 0 1 1
20-01-22 09:34:51 Temp: XGT -> 1999 2000 83
20-01-22 09:34:51 Opt: FN -> 2
20-01-22 09:34:51 Tft: DRAV -> DY>Ok
20-01-22 09:34:52 Temp: XGS -> 0 0 1 1
20-01-22 09:34:52 Temp: XGT -> 1999 2000 83
20-01-22 09:34:53 Opt: FN -> 2
20-01-22 09:34:53 Tft: DRAV -> DY>Ok
20-01-22 09:34:54 Temp: XGS -> 0 0 1 1
20-01-22 09:34:54 Temp: XGT -> 1999 2000 83
20-01-22 09:34:54 Opt: FN -> 2
20-01-22 09:34:54 Tft: DRAV -> DY>Ok
20-01-22 09:34:55 Temp: RSTS -> 8000
20-01-22 09:34:56 Mot: HOPEN -> 0
20-01-22 09:34:56 Mot: HSTS -> 1
20-01-22 09:34:56 Temp: XGS -> 0 0 1 1
20-01-22 09:34:56 Temp: XGT -> 2000 2000 82
20-01-22 09:34:56 Opt: FN -> 2
20-01-22 09:34:56 Tft: DRAV -> DY>Ok
20-01-22 09:34:56 Mot: HSTS -> 1
20-01-22 09:34:58 Temp: XGS -> 0 0 1 1
20-01-22 09:34:58 Temp: XGT -> 2000 2000 82
20-01-22 09:34:58 Opt: FN -> 2
20-01-22 09:34:58 Tft: DRAV -> DY>Ok
20-01-22 09:34:58 Mot: HSTS -> 1
20-01-22 09:35:00 Temp: XGS -> 0 0 1 1
20-01-22 09:35:00 Temp: XGT -> 2000 2000 82
20-01-22 09:35:00 Opt: FN -> 2
20-01-22 09:35:00 Tft: DRAV -> DY>Ok
20-01-22 09:35:00 Mot: HSTS -> 1
20-01-22 09:35:02 Temp: XGS -> 0 0 1 1
20-01-22 09:35:02 Temp: XGT -> 2000 2000 82
20-01-22 09:35:02 Opt: FN -> 2
20-01-22 09:35:02 Tft: DRAV -> DY>Ok
20-01-22 09:35:02 Mot: HSTS -> 1
20-01-22 09:35:03 Temp: XGS -> 0 0 1 1
20-01-22 09:35:03 Temp: XGT -> 2000 2000 82
20-01-22 09:35:03 Opt: FN -> 2
20-01-22 09:35:03 Tft: DRAV -> DY>Ok
20-01-22 09:35:03 Mot: HSTS -> 1
20-01-22 09:35:05 Temp: XGS -> 0 0 1 1
20-01-22 09:35:05 Temp: XGT -> 2000 2000 82
20-01-22 09:35:05 Opt: FN -> 2
20-01-22 09:35:05 Tft: DRAV -> DY>Ok
20-01-22 09:35:05 Mot: HSTS -> 1
20-01-22 09:35:07 Temp: XGS -> 0 0 1 1
20-01-22 09:35:07 Temp: XGT -> 2000 2000 82
20-01-22 09:35:07 Opt: FN -> 2
20-01-22 09:35:07 Tft: DRAV -> DY>Ok
20-01-22 09:35:07 Mot: HSTS -> 1
20-01-22 09:35:09 Temp: XGS -> 0 0 1 1
20-01-22 09:35:09 Temp: XGT -> 2000 2000 82
20-01-22 09:35:09 Opt: FN -> 2
20-01-22 09:35:09 Tft: DRAV -> DY>Ok
20-01-22 09:35:09 Mot: HSTS -> 1
20-01-22 09:35:11 Temp: XGS -> 0 0 1 1
20-01-22 09:35:11 Temp: XGT -> 2000 2000 82
20-01-22 09:35:11 Opt: FN -> 2
20-01-22 09:35:11 Tft: DRAV -> DY>Ok
20-01-22 09:35:11 Mot: HSTS -> 1
20-01-22 09:35:12 Temp: XGS -> 0 0 1 1
20-01-22 09:35:12 Temp: XGT -> 2000 2000 82
20-01-22 09:35:12 Opt: FN -> 2
20-01-22 09:35:12 Tft: DRAV -> DY>Ok
20-01-22 09:35:12 Mot: HSTS -> 1
20-01-22 09:35:14 Temp: XGS -> 0 0 1 1
20-01-22 09:35:14 Temp: XGT -> 2000 2000 82
20-01-22 09:35:14 Opt: FN -> 2
20-01-22 09:35:14 Tft: DRAV -> DY>Ok
20-01-22 09:35:14 Mot: HSTS -> 1
20-01-22 09:35:16 Temp: XGS -> 0 0 1 1
20-01-22 09:35:16 Temp: XGT -> 2000 2000 82
20-01-22 09:35:16 Opt: FN -> 2
20-01-22 09:35:16 Tft: DRAV -> DY>Ok
20-01-22 09:35:16 Mot: HSTS -> 1
20-01-22 09:35:18 Temp: XGS -> 0 0 1 1
20-01-22 09:35:18 Temp: XGT -> 2000 2000 82
20-01-22 09:35:18 Opt: FN -> 2
20-01-22 09:35:18 Tft: DRAV -> DY>Ok
20-01-22 09:35:18 Mot: HSTS -> 1
20-01-22 09:35:20 Temp: XGS -> 0 0 1 1
20-01-22 09:35:20 Temp: XGT -> 2000 2000 82
20-01-22 09:35:20 Opt: FN -> 2
20-01-22 09:35:20 Tft: DRAV -> DY>Ok
20-01-22 09:35:20 Mot: HSTS -> 1
20-01-22 09:35:21 Temp: XGS -> 0 0 1 1
20-01-22 09:35:22 Temp: XGT -> 2000 2000 82
20-01-22 09:35:22 Opt: FN -> 2
20-01-22 09:35:22 Tft: DRAV -> DY>Ok
20-01-22 09:35:22 Mot: HSTS -> 1
20-01-22 09:35:23 Temp: XGS -> 0 0 1 1
20-01-22 09:35:23 Temp: XGT -> 2000 2000 82
20-01-22 09:35:23 Opt: FN -> 2
20-01-22 09:35:23 Tft: DRAV -> DY>Ok
20-01-22 09:35:23 Mot: HSTS -> 1
20-01-22 09:35:25 Temp: XGS -> 0 0 1 1
20-01-22 09:35:25 Temp: XGT -> 2000 2000 82
20-01-22 09:35:25 Opt: FN -> 2
20-01-22 09:35:25 Tft: DRAV -> DY>Ok
20-01-22 09:35:25 Mot: HSTS -> 1
20-01-22 09:35:27 Temp: XGS -> 0 0 1 1
20-01-22 09:35:27 Temp: XGT -> 2000 2000 82
20-01-22 09:35:27 Opt: FN -> 2
20-01-22 09:35:27 Tft: DRAV -> DY>Ok
20-01-22 09:35:27 Mot: HSTS -> 1
20-01-22 09:35:29 Temp: XGS -> 0 0 1 1
20-01-22 09:35:29 Temp: XGT -> 2000 2000 82
20-01-22 09:35:29 Opt: FN -> 2
20-01-22 09:35:29 Tft: DRAV -> DY>Ok
20-01-22 09:35:29 Mot: HSTS -> 1
20-01-22 09:35:31 Temp: XGS -> 0 0 1 1
20-01-22 09:35:31 Temp: XGT -> 2000 2000 82
20-01-22 09:35:31 Opt: FN -> 2
20-01-22 09:35:31 Tft: DRAV -> DY>Ok
20-01-22 09:35:31 Mot: HSTS -> 0
20-01-22 09:35:32 Temp: XGS -> 0 0 1 1
20-01-22 09:35:32 Temp: XGT -> 2000 2000 82
20-01-22 09:35:32 Opt: FN -> 2
20-01-22 09:35:32 Tft: DRAV -> DY>Ok
20-01-22 09:35:34 Temp: XGS -> 0 0 1 1
20-01-22 09:35:34 Temp: XGT -> 2000 1999 83
20-01-22 09:35:34 Opt: FN -> 2
20-01-22 09:35:34 Tft: DRAV -> DY>Ok
20-01-22 09:35:35 Temp: RSTS -> 8000
20-01-22 09:35:35 Mot: HCLOSE -> 0
20-01-22 09:35:35 Mot: HSTS -> 1
20-01-22 09:35:36 Temp: XGS -> 0 0 1 1
20-01-22 09:35:36 Temp: XGT -> 1999 1999 84
20-01-22 09:35:36 Opt: FN -> 2
20-01-22 09:35:36 Tft: DRAV -> DY>Ok
20-01-22 09:35:36 Mot: HSTS -> 1
20-01-22 09:35:38 Temp: XGS -> 0 0 1 1
20-01-22 09:35:38 Temp: XGT -> 1999 1999 84
20-01-22 09:35:38 Opt: FN -> 2
20-01-22 09:35:38 Tft: DRAV -> DY>Ok
20-01-22 09:35:38 Mot: HSTS -> 1
20-01-22 09:35:40 Temp: XGS -> 0 0 1 1
20-01-22 09:35:40 Temp: XGT -> 1999 1999 84
20-01-22 09:35:40 Opt: FN -> 2
20-01-22 09:35:40 Tft: DRAV -> DY>Ok
20-01-22 09:35:40 Mot: HSTS -> 1
20-01-22 09:35:41 Temp: XGS -> 0 0 1 1
20-01-22 09:35:42 Temp: XGT -> 1998 1999 85
20-01-22 09:35:42 Opt: FN -> 2
20-01-22 09:35:42 Tft: DRAV -> DY>Ok
20-01-22 09:35:42 Mot: HSTS -> 1
20-01-22 09:35:44 Temp: XGS -> 0 0 1 1
20-01-22 09:35:44 Temp: XGT -> 1998 1998 86
20-01-22 09:35:44 Opt: FN -> 2
20-01-22 09:35:44 Tft: DRAV -> DY>Ok
20-01-22 09:35:44 Mot: HSTS -> 1
20-01-22 09:35:45 Temp: XGS -> 0 0 1 1
20-01-22 09:35:45 Temp: XGT -> 1998 1998 86
20-01-22 09:35:45 Opt: FN -> 2
20-01-22 09:35:45 Tft: DRAV -> DY>Ok
20-01-22 09:35:45 Mot: HSTS -> 1
20-01-22 09:35:47 Temp: XGS -> 0 0 1 1
20-01-22 09:35:47 Temp: XGT -> 1998 1998 86
20-01-22 09:35:47 Opt: FN -> 2
20-01-22 09:35:47 Tft: DRAV -> DY>Ok
20-01-22 09:35:47 Mot: HSTS -> 0
20-01-22 09:35:49 Temp: XGS -> 0 0 1 1
20-01-22 09:35:49 Temp: XGT -> 1998 1998 86
20-01-22 09:35:49 Opt: FN -> 2
20-01-22 09:35:49 Tft: DRAV -> DY>Ok
20-01-22 09:35:50 Temp: XGS -> 0 0 1 1
20-01-22 09:35:51 Temp: XGT -> 1998 1998 86
20-01-22 09:35:51 Opt: FN -> 2
20-01-22 09:35:51 Tft: DRAV -> DY>Ok
20-01-22 09:35:52 Temp: XGS -> 0 0 1 1
20-01-22 09:35:52 Temp: XGT -> 1998 1998 86
20-01-22 09:35:52 Opt: FN -> 2
20-01-22 09:35:52 Tft: DRAV -> DY>Ok
20-01-22 09:35:54 Temp: XGS -> 0 0 1 1
20-01-22 09:35:54 Temp: XGT -> 1998 1998 86
20-01-22 09:35:54 Opt: FN -> 2
20-01-22 09:35:54 Tft: DRAV -> DY>Ok
20-01-22 09:35:56 Temp: XGS -> 0 0 1 1
20-01-22 09:35:56 Temp: XGT -> 1998 1998 86
20-01-22 09:35:56 Opt: FN -> 2
20-01-22 09:35:56 Tft: DRAV -> DY>Ok
20-01-22 09:35:58 Temp: XGS -> 0 0 1 1
20-01-22 09:35:58 Temp: XGT -> 1999 1998 85
20-01-22 09:35:58 Opt: FN -> 2
20-01-22 09:35:58 Tft: DRAV -> DY>Ok
20-01-22 09:36:00 Temp: XGS -> 0 0 1 1
20-01-22 09:36:00 Temp: XGT -> 1999 1999 84
20-01-22 09:36:00 Opt: FN -> 2
20-01-22 09:36:00 Tft: DRAV -> DY>Ok
20-01-22 09:36:06 Opt: PRDS 1048 -> 0
20-01-22 09:36:06 Error! Opt: CRYC -> ???
20-01-22 09:36:06 Error! Opt: CRYC -> ???
20-01-22 09:36:06 Temp: XGS -> 0 0 1 1
20-01-22 09:36:06 Temp: XGT -> 1999 1999 84
20-01-22 09:36:06 Opt: FN -> 2
20-01-22 09:36:06 Tft: DRAV -> DY>Ok
20-01-22 09:36:08 Temp: XGS -> 0 0 1 1
20-01-22 09:36:08 Temp: XGT -> 1999 2000 83
20-01-22 09:36:08 Opt: FN -> 2
20-01-22 09:36:08 Tft: DRAV -> DY>Ok
20-01-22 09:36:10 Temp: XGS -> 0 0 1 1
20-01-22 09:36:10 Temp: XGT -> 1999 2000 83
20-01-22 09:36:10 Opt: FN -> 2
20-01-22 09:36:10 Tft: DRAV -> DY>Ok
20-01-22 09:36:12 Temp: XGS -> 0 0 1 1
20-01-22 09:36:12 Temp: XGT -> 1999 2000 83
20-01-22 09:36:12 Opt: FN -> 2
20-01-22 09:36:12 Tft: DRAV -> DY>Ok
20-01-22 09:36:14 Temp: XGS -> 0 0 1 1
20-01-22 09:36:14 Temp: XGT -> 2000 2000 82
20-01-22 09:36:14 Opt: FN -> 2
20-01-22 09:36:14 Tft: DRAV -> DY>Ok
20-01-22 09:36:15 Temp: XGS -> 0 0 1 1
20-01-22 09:36:15 Temp: XGT -> 2000 2000 82
20-01-22 09:36:15 Opt: FN -> 2
20-01-22 09:36:15 Tft: DRAV -> DY>Ok
20-01-22 09:36:17 Temp: XGS -> 0 0 1 1
20-01-22 09:36:17 Temp: XGT -> 2000 2000 82
20-01-22 09:36:17 Opt: FN -> 2
20-01-22 09:36:17 Tft: DRAV -> DY>Ok
20-01-22 09:36:19 Temp: XGS -> 0 0 1 1
20-01-22 09:36:19 Temp: XGT -> 2000 2000 82
20-01-22 09:36:19 Opt: FN -> 2
20-01-22 09:36:19 Tft: DRAV -> DY>Ok
20-01-22 09:36:21 Temp: XGS -> 0 0 1 1
20-01-22 09:36:21 Temp: XGT -> 2000 2000 82
20-01-22 09:36:21 Opt: FN -> 2
20-01-22 09:36:21 Tft: DRAV -> DY>Ok
20-01-22 09:36:27 Opt: PRDS 1048 -> 0
20-01-22 09:36:27 Error! Opt: CRYC -> ???
20-01-22 09:36:27 Error! Opt: CRYC -> ???
20-01-22 09:36:27 Temp: XGS -> 0 0 1 1
20-01-22 09:36:27 Temp: XGT -> 2000 2000 82
20-01-22 09:36:27 Opt: FN -> 2
20-01-22 09:36:27 Tft: DRAV -> DY>Ok
20-01-22 09:36:29 Temp: XGS -> 0 0 1 1
20-01-22 09:36:29 Temp: XGT -> 2000 2000 82
20-01-22 09:36:29 Opt: FN -> 2
20-01-22 09:36:29 Tft: DRAV -> DY>Ok
20-01-22 09:36:31 Temp: XGS -> 0 0 1 1
20-01-22 09:36:31 Temp: XGT -> 2000 2000 82
20-01-22 09:36:31 Opt: FN -> 2
20-01-22 09:36:31 Tft: DRAV -> DY>Ok
20-01-22 09:36:33 Temp: XGS -> 0 0 1 1
20-01-22 09:36:33 Temp: XGT -> 2000 2000 82
20-01-22 09:36:33 Opt: FN -> 2
20-01-22 09:36:33 Tft: DRAV -> DY>Ok
20-01-22 09:36:35 Temp: XGS -> 0 0 1 1
20-01-22 09:36:35 Temp: XGT -> 2000 2000 82
20-01-22 09:36:35 Opt: FN -> 2
20-01-22 09:36:35 Tft: DRAV -> DY>Ok
20-01-22 09:36:36 Temp: XGS -> 0 0 1 1
20-01-22 09:36:36 Temp: XGT -> 2000 2000 82
20-01-22 09:36:36 Opt: FN -> 2
20-01-22 09:36:36 Tft: DRAV -> DY>Ok
20-01-22 09:36:38 Temp: XGS -> 0 0 1 1
20-01-22 09:36:38 Temp: XGT -> 2000 2000 82
20-01-22 09:36:38 Opt: FN -> 2
20-01-22 09:36:38 Tft: DRAV -> DY>Ok
20-01-22 09:36:40 Temp: XGS -> 0 0 1 1
20-01-22 09:36:40 Temp: XGT -> 2000 2000 82
20-01-22 09:36:40 Opt: FN -> 2
20-01-22 09:36:40 Tft: DRAV -> DY>Ok
20-01-22 09:36:42 Temp: XGS -> 0 0 1 1
20-01-22 09:36:42 Temp: XGT -> 2000 2000 82
20-01-22 09:36:42 Opt: FN -> 2
20-01-22 09:36:42 Tft: DRAV -> DY>Ok
20-01-22 09:36:42 Mot: MP 1 -> 0
20-01-22 09:36:42 Opt: FEXP 6493 -> Ok
20-01-22 09:36:42 Opt: FLT 110 -> Ok
20-01-22 09:36:42 Opt: FLED 2 -> Ok
20-01-22 09:36:42 Mot: MBUSY -> 1
20-01-22 09:36:43 Mot: MBUSY -> 1
20-01-22 09:36:43 Mot: MBUSY -> 1
20-01-22 09:36:43 Mot: MBUSY -> 1
20-01-22 09:36:43 Mot: MBUSY -> 1
20-01-22 09:36:43 Mot: MBUSY -> 0
20-01-22 09:36:43 Opt: FPIC -> Ok
20-01-22 09:36:44 Opt: FLED 0 -> Ok
20-01-22 09:36:44 Opt: FPIC -> Ok
20-01-22 09:36:44 Opt: FFD 0 -> Ok
20-01-22 09:36:44 Opt: FFD 1 -> Ok
20-01-22 09:36:44 Opt: FFD 2 -> Ok
20-01-22 09:36:44 Opt: FFD 3 -> Ok
20-01-22 09:36:44 Temp: XGS -> 0 0 1 1
20-01-22 09:36:45 Temp: XGT -> 2000 2000 82
20-01-22 09:36:45 Opt: FN -> 2
20-01-22 09:36:45 Tft: DRAV -> DY>Ok
20-01-22 09:36:45 Temp: XGS -> 0 0 1 1
20-01-22 09:36:45 Temp: XGT -> 2000 2000 82
20-01-22 09:36:45 Opt: FN -> 2
20-01-22 09:36:46 Tft: DRAV -> DY>Ok
20-01-22 09:36:47 Temp: XGS -> 0 0 1 1
20-01-22 09:36:47 Temp: XGT -> 2000 2000 82
20-01-22 09:36:47 Opt: FN -> 2
20-01-22 09:36:47 Tft: DRAV -> DY>Ok
20-01-22 09:36:49 Temp: XGS -> 0 0 1 1
20-01-22 09:36:49 Temp: XGT -> 2000 2000 82
20-01-22 09:36:49 Opt: FN -> 2
20-01-22 09:36:49 Tft: DRAV -> DY>Ok
20-01-22 09:36:51 Temp: XGS -> 0 0 1 1
20-01-22 09:36:51 Temp: XGT -> 2000 2000 82
20-01-22 09:36:51 Opt: FN -> 2
20-01-22 09:36:51 Tft: DRAV -> DY>Ok
20-01-22 09:36:53 Temp: XGS -> 0 0 1 1
20-01-22 09:36:53 Temp: XGT -> 2000 1999 83
20-01-22 09:36:53 Opt: FN -> 2
20-01-22 09:36:53 Tft: DRAV -> DY>Ok
20-01-22 10:48:39 Opt: FHW -> v4.0
20-01-22 10:48:39 Opt: FVER -> OPTICS 4.38.384 07/09/21
20-01-22 10:48:39 Temp: FVER -> STAMP_0.2_11/08/21
20-01-22 10:48:39 Mot: FVER -> CMOT 6.90 21/07/2021
20-01-22 10:48:39 Tft: FVER -> TFT 2.00.00 Aug 5 2021
20-01-22 10:48:39 Opt: FLCFG 0 -> 470 525
20-01-22 10:48:39 Opt: FLCFG 1 -> 532 570
20-01-22 10:48:39 Opt: FLCFG 2 -> 585 633
20-01-22 10:48:39 Opt: FLCFG 3 -> 633 675
20-01-22 10:48:39 Opt: FLCFG 4 -> 690 730
20-01-22 10:48:39 Opt: FLCFG 5 -> -1
20-01-22 10:48:39 Opt: FLCFG 6 -> -1
20-01-22 10:48:39 Opt: FLCFG 7 -> -1
20-01-22 10:48:39 Temp: DLRS 9 -> R:TY 242 T384A
20-01-22 10:48:39 Opt: FPGET 0 -> Ok
20-01-22 10:48:39 Opt: FPGET 0 -> Ok
20-01-22 10:48:39 Opt: FPGET 1 -> Ok
20-01-22 10:48:40 Opt: FPGET 2 -> Ok
20-01-22 10:48:40 Opt: FPGET 3 -> Ok
20-01-22 10:48:40 Opt: CRDS 0 -> 0
20-01-22 10:48:40 Opt: CRDS 10 -> 0
20-01-22 10:48:40 Opt: CRDS 11 -> 0
20-01-22 10:48:40 Opt: CRDS 20 -> 0
20-01-22 10:48:40 Opt: CRDS 21 -> 0
20-01-22 10:48:40 Opt: CRDS 30 -> 0
20-01-22 10:48:40 Opt: CRDS 31 -> 0
20-01-22 10:48:40 Opt: CRDS 40 -> 0
20-01-22 10:48:40 Opt: CRDS 41 -> 0
20-01-22 10:48:40 Opt: CRDS 50 -> 0
20-01-22 10:48:40 Opt: CRDS 51 -> 0
20-01-22 10:48:40 Opt: CRDS 60 -> 0
20-01-22 10:48:40 Opt: CRDS 61 -> 0
20-01-22 10:48:40 Opt: CRDS 70 -> 0
20-01-22 10:48:40 Tft: DSAV 1 -> DY>Ok
20-01-22 10:48:40 Temp: XGP -> 0 35 3 3 0
20-01-22 10:48:40 Temp: XGB 0 -> 1 1 1
20-01-22 10:48:40 Temp: XGL 0 -> 2000 15 0 0 0 1
20-01-22 10:48:40 Temp: XGB 1 -> 1 1 1
20-01-22 10:48:40 Temp: XGL 1 -> 2000 15 0 0 0 1
20-01-22 10:48:40 Temp: XGB 2 -> 0 3 1
20-01-22 10:48:40 Temp: XGL 2 -> 2000 15 0 0 0 0
20-01-22 10:48:40 Temp: XGN -> E
20-01-22 10:49:23 Opt: PRDS 1048 -> 0
20-01-22 10:49:23 Error! Opt: CRYC -> ???
20-01-22 10:49:23 Error! Opt: CRYC -> ???
20-01-22 10:49:23 Temp: XGS -> 0 0 1 1
20-01-22 10:49:23 Temp: XGT -> 1998 1998 86
20-01-22 10:49:23 Opt: FN -> 2
20-01-22 10:49:23 Tft: DRAV -> DY>Ok
20-01-22 10:49:25 Temp: XGS -> 0 0 1 1
20-01-22 10:49:25 Temp: XGT -> 1998 1998 86
20-01-22 10:49:25 Opt: FN -> 2
20-01-22 10:49:25 Tft: DRAV -> DY>Ok
20-01-22 10:49:27 Temp: XGS -> 0 0 1 1
20-01-22 10:49:27 Temp: XGT -> 1998 1998 86
20-01-22 10:49:27 Opt: FN -> 2
20-01-22 10:49:27 Tft: DRAV -> DY>Ok
20-01-22 10:49:29 Temp: XGS -> 0 0 1 1
20-01-22 10:49:29 Temp: XGT -> 1998 1998 86
20-01-22 10:49:29 Opt: FN -> 2
20-01-22 10:49:29 Tft: DRAV -> DY>Ok
20-01-22 10:49:31 Temp: XGS -> 0 0 1 1
20-01-22 10:49:31 Temp: XGT -> 1999 1999 84
20-01-22 10:49:31 Opt: FN -> 2
20-01-22 10:49:31 Tft: DRAV -> DY>Ok
20-01-22 10:49:32 Temp: XGS -> 0 0 1 1
20-01-22 10:49:32 Temp: XGT -> 1999 1999 84
20-01-22 10:49:33 Opt: FN -> 2
20-01-22 10:49:33 Tft: DRAV -> DY>Ok
20-01-22 10:49:34 Temp: XGS -> 0 0 1 1
20-01-22 10:49:34 Temp: XGT -> 1999 1999 84
20-01-22 10:49:34 Opt: FN -> 2
20-01-22 10:49:34 Tft: DRAV -> DY>Ok
20-01-22 10:49:36 Temp: XGS -> 0 0 1 1
20-01-22 10:49:36 Temp: XGT -> 1999 1999 84
20-01-22 10:49:36 Opt: FN -> 2
20-01-22 10:49:36 Tft: DRAV -> DY>Ok
20-01-22 10:49:38 Temp: XGS -> 0 0 1 1
20-01-22 10:49:38 Temp: XGT -> 1999 1999 84
20-01-22 10:49:38 Opt: FN -> 2
20-01-22 10:49:38 Tft: DRAV -> DY>Ok
20-01-22 10:49:40 Temp: XGS -> 0 0 1 1
20-01-22 10:49:40 Temp: XGT -> 1999 2000 83
20-01-22 10:49:40 Opt: FN -> 2
20-01-22 10:49:40 Tft: DRAV -> DY>Ok
20-01-22 10:49:42 Temp: XGS -> 0 0 1 1
20-01-22 10:49:42 Temp: XGT -> 1999 2000 83
20-01-22 10:49:42 Opt: FN -> 2
20-01-22 10:49:42 Tft: DRAV -> DY>Ok
20-01-22 10:49:43 Temp: XGS -> 0 0 1 1
20-01-22 10:49:43 Temp: XGT -> 1999 2000 83
20-01-22 10:49:43 Opt: FN -> 2
20-01-22 10:49:43 Tft: DRAV -> DY>Ok
20-01-22 10:49:45 Temp: XGS -> 0 0 1 1
20-01-22 10:49:45 Temp: XGT -> 1999 2000 83
20-01-22 10:49:45 Opt: FN -> 2
20-01-22 10:49:45 Tft: DRAV -> DY>Ok
20-01-22 10:49:47 Temp: XGS -> 0 0 1 1
20-01-22 10:49:47 Temp: XGT -> 2000 2000 82
20-01-22 10:49:47 Opt: FN -> 2
20-01-22 10:49:47 Tft: DRAV -> DY>Ok
20-01-22 10:49:49 Temp: XGS -> 0 0 1 1
20-01-22 10:49:49 Temp: XGT -> 2000 2000 82
20-01-22 10:49:49 Opt: FN -> 2
20-01-22 10:49:49 Tft: DRAV -> DY>Ok
20-01-22 10:49:51 Temp: XGS -> 0 0 1 1
20-01-22 10:49:51 Temp: XGT -> 2000 2000 82
20-01-22 10:49:51 Opt: FN -> 2
20-01-22 10:49:51 Tft: DRAV -> DY>Ok
20-01-22 10:49:52 Temp: XGS -> 0 0 1 1
20-01-22 10:49:52 Temp: XGT -> 2000 2000 82
20-01-22 10:49:52 Opt: FN -> 2
20-01-22 10:49:52 Tft: DRAV -> DY>Ok
20-01-22 10:49:54 Temp: XGS -> 0 0 1 1
20-01-22 10:49:54 Temp: XGT -> 2000 2000 82
20-01-22 10:49:54 Opt: FN -> 2
20-01-22 10:49:54 Tft: DRAV -> DY>Ok
20-01-22 10:49:56 Temp: XGS -> 0 0 1 1
20-01-22 10:49:56 Temp: XGT -> 2000 2000 82
20-01-22 10:49:56 Opt: FN -> 2
20-01-22 10:49:56 Tft: DRAV -> DY>Ok
20-01-22 10:49:58 Temp: XGS -> 0 0 1 1
20-01-22 10:49:58 Temp: XGT -> 2000 2000 82
20-01-22 10:49:58 Opt: FN -> 2
20-01-22 10:49:58 Tft: DRAV -> DY>Ok
20-01-22 10:50:00 Temp: XGS -> 0 0 1 1
20-01-22 10:50:00 Temp: XGT -> 2000 2000 82
20-01-22 10:50:00 Opt: FN -> 2
20-01-22 10:50:00 Tft: DRAV -> DY>Ok
20-01-22 10:50:01 Temp: XGS -> 0 0 1 1
20-01-22 10:50:02 Temp: XGT -> 2000 2000 82
20-01-22 10:50:02 Opt: FN -> 2
20-01-22 10:50:02 Tft: DRAV -> DY>Ok
20-01-22 10:50:03 Temp: XGS -> 0 0 1 1
20-01-22 10:50:03 Temp: XGT -> 2000 2000 82
20-01-22 10:50:03 Opt: FN -> 2
20-01-22 10:50:03 Tft: DRAV -> DY>Ok
20-01-22 10:50:05 Temp: XGS -> 0 0 1 1
20-01-22 10:50:05 Temp: XGT -> 2000 2000 82
20-01-22 10:50:05 Opt: FN -> 2
20-01-22 10:50:05 Tft: DRAV -> DY>Ok
20-01-22 10:50:07 Temp: XGS -> 0 0 1 1
20-01-22 10:50:07 Temp: XGT -> 2000 2000 82
20-01-22 10:50:07 Opt: FN -> 2
20-01-22 10:50:07 Tft: DRAV -> DY>Ok
20-01-22 10:50:09 Temp: XGS -> 0 0 1 1
20-01-22 10:50:09 Temp: XGT -> 2000 2000 82
20-01-22 10:50:09 Opt: FN -> 2
20-01-22 10:50:09 Tft: DRAV -> DY>Ok
20-01-22 10:50:11 Temp: XGS -> 0 0 1 1
20-01-22 10:50:11 Temp: XGT -> 2000 2000 82
20-01-22 10:50:11 Opt: FN -> 2
20-01-22 10:50:11 Tft: DRAV -> DY>Ok
20-01-22 10:50:12 Temp: XGS -> 0 0 1 1
20-01-22 10:50:12 Temp: XGT -> 2000 2000 82
20-01-22 10:50:12 Opt: FN -> 2
20-01-22 10:50:12 Tft: DRAV -> DY>Ok
20-01-22 10:50:13 Mot: MP 0 -> 0
20-01-22 10:50:13 Opt: FEXP 6493 -> Ok
20-01-22 10:50:13 Opt: FLT 140 -> Ok
20-01-22 10:50:13 Opt: FLED 1 -> Ok
20-01-22 10:50:13 Mot: MBUSY -> 0
20-01-22 10:50:13 Opt: FPIC -> Ok
20-01-22 10:50:15 Opt: FLED 0 -> Ok
20-01-22 10:50:15 Opt: FPIC -> Ok
20-01-22 10:50:15 Opt: FFD 0 -> Ok
20-01-22 10:50:15 Opt: FFD 1 -> Ok
20-01-22 10:50:15 Opt: FFD 2 -> Ok
20-01-22 10:50:15 Opt: FFD 3 -> Ok
20-01-22 10:50:15 Temp: XGS -> 0 0 1 1
20-01-22 10:50:15 Temp: XGT -> 2000 2000 82
20-01-22 10:50:15 Opt: FN -> 2
20-01-22 10:50:15 Tft: DRAV -> DY>Ok
20-01-22 10:50:16 Temp: XGS -> 0 0 1 1
20-01-22 10:50:16 Temp: XGT -> 2000 2000 82
20-01-22 10:50:16 Opt: FN -> 2
20-01-22 10:50:16 Tft: DRAV -> DY>Ok
20-01-22 10:50:18 Temp: XGS -> 0 0 1 1
20-01-22 10:50:18 Temp: XGT -> 2000 2000 82
20-01-22 10:50:18 Opt: FN -> 2
20-01-22 10:50:18 Tft: DRAV -> DY>Ok
20-01-22 10:50:20 Temp: XGS -> 0 0 1 1
20-01-22 10:50:20 Temp: XGT -> 2000 2000 82
20-01-22 10:50:20 Opt: FN -> 2
20-01-22 10:50:20 Tft: DRAV -> DY>Ok
20-01-22 10:50:20 Mot: MP 0 -> 0
20-01-22 10:50:20 Opt: FEXP 6493 -> Ok
20-01-22 10:50:20 Opt: FLT 140 -> Ok
20-01-22 10:50:20 Opt: FLED 1 -> Ok
20-01-22 10:50:20 Mot: MBUSY -> 0
20-01-22 10:50:20 Opt: FPIC -> Ok
20-01-22 10:50:21 Opt: FLED 0 -> Ok
20-01-22 10:50:21 Opt: FPIC -> Ok
20-01-22 10:50:21 Opt: FFD 0 -> Ok
20-01-22 10:50:21 Opt: FFD 1 -> Ok
20-01-22 10:50:21 Opt: FFD 2 -> Ok
20-01-22 10:50:21 Opt: FFD 3 -> Ok
20-01-22 10:50:21 Temp: XGS -> 0 0 1 1
20-01-22 10:50:21 Temp: XGT -> 2000 2000 82
20-01-22 10:50:21 Opt: FN -> 2
20-01-22 10:50:21 Tft: DRAV -> DY>Ok
20-01-22 10:50:23 Opt: FSDW 1024 -> 0
20-01-22 10:50:23 Opt: FSDW 1025 -> 0
20-01-22 10:50:23 Opt: FSDW 1026 -> 0
20-01-22 10:50:23 Opt: FSDW 1027 -> 0
20-01-22 10:50:23 Opt: FVER -> OPTICS 4.38.384 07/09/21
20-01-22 10:50:23 Temp: FVER -> STAMP_0.2_11/08/21
20-01-22 10:50:24 Mot: FVER -> CMOT 6.90 21/07/2021
20-01-22 10:50:24 Tft: FVER -> TFT 2.00.00 Aug 5 2021
20-01-22 10:50:24 Opt: FLCFG 0 -> 470 525
20-01-22 10:50:24 Opt: FLCFG 1 -> 532 570
20-01-22 10:50:24 Opt: FLCFG 2 -> 585 633
20-01-22 10:50:24 Opt: FLCFG 3 -> 633 675
20-01-22 10:50:24 Opt: FLCFG 4 -> 690 730
20-01-22 10:50:24 Opt: FLCFG 5 -> -1
20-01-22 10:50:24 Opt: FLCFG 6 -> -1
20-01-22 10:50:24 Opt: FLCFG 7 -> -1
20-01-22 10:50:24 Temp: DLRS 9 -> R:TY 242 T384A
20-01-22 10:50:24 Opt: FPGET 0 -> Ok
20-01-22 10:50:24 Opt: FPGET 0 -> Ok
20-01-22 10:50:24 Opt: FPGET 1 -> Ok
20-01-22 10:50:24 Opt: FPGET 2 -> Ok
20-01-22 10:50:24 Opt: FPGET 3 -> Ok
20-01-22 10:50:24 Opt: CRDS 0 -> 0
20-01-22 10:50:24 Opt: CRDS 10 -> 0
20-01-22 10:50:24 Opt: CRDS 11 -> 0
20-01-22 10:50:24 Opt: CRDS 20 -> 0
20-01-22 10:50:24 Opt: CRDS 21 -> 0
20-01-22 10:50:24 Opt: CRDS 30 -> 0
20-01-22 10:50:24 Opt: CRDS 31 -> 0
20-01-22 10:50:24 Opt: CRDS 40 -> 0
20-01-22 10:50:24 Opt: CRDS 41 -> 0
20-01-22 10:50:24 Opt: CRDS 50 -> 0
20-01-22 10:50:24 Opt: CRDS 51 -> 0
20-01-22 10:50:24 Opt: CRDS 60 -> 0
20-01-22 10:50:24 Opt: CRDS 61 -> 0
20-01-22 10:50:24 Opt: CRDS 70 -> 0
20-01-22 10:50:25 Tft: DSAV 1 -> DY>Ok
20-01-22 10:50:25 Temp: XGP -> 0 35 3 3 0
20-01-22 10:50:25 Temp: XGB 0 -> 1 1 1
20-01-22 10:50:25 Temp: XGL 0 -> 2000 15 0 0 0 1
20-01-22 10:50:25 Temp: XGB 1 -> 1 1 1
20-01-22 10:50:25 Temp: XGL 1 -> 2000 15 0 0 0 1
20-01-22 10:50:25 Temp: XGB 2 -> 0 3 1
20-01-22 10:50:25 Temp: XGL 2 -> 2000 15 0 0 0 0
20-01-22 10:50:25 Temp: XGN -> E?
20-01-22 10:50:25 Opt: FPSAVE -> Ok
20-01-22 10:50:25 Temp: XGS -> 0 0 1 1
20-01-22 10:50:25 Temp: XGT -> 2000 1999 83
20-01-22 10:50:25 Opt: FN -> 2
20-01-22 10:50:25 Tft: DRAV -> DY>Ok
20-01-22 10:50:25 Opt: PWRS 1049 -> 0
20-01-22 10:50:25 Opt: FPSAVE -> Ok
20-01-22 10:50:25 Opt: PRDS 1048 -> 0
20-01-22 10:50:25 Error! Opt: CRYC -> ???
20-01-22 10:50:25 Error! Opt: CRYC -> ???
20-01-22 10:50:27 Temp: XGS -> 0 0 1 1
20-01-22 10:50:27 Temp: XGT -> 1999 1999 84
20-01-22 10:50:27 Opt: FN -> 2
20-01-22 10:50:27 Tft: DRAV -> DY>Ok
20-01-22 10:50:29 Temp: XGS -> 0 0 1 1
20-01-22 10:50:29 Temp: XGT -> 1999 1999 84
20-01-22 10:50:29 Opt: FN -> 2
20-01-22 10:50:29 Tft: DRAV -> DY>Ok
20-01-22 10:50:30 Temp: XGS -> 0 0 1 1
20-01-22 10:50:30 Temp: XGT -> 1999 1999 84
20-01-22 10:50:31 Opt: FN -> 2
20-01-22 10:50:31 Tft: DRAV -> DY>Ok
20-01-22 10:50:32 Temp: XGS -> 0 0 1 1
20-01-22 10:50:32 Temp: XGT -> 1998 1998 86
20-01-22 10:50:32 Opt: FN -> 2
20-01-22 10:50:32 Tft: DRAV -> DY>Ok
20-01-22 10:51:24 Opt: PRDS 1048 -> 0
20-01-22 10:51:24 Error! Opt: CRYC -> ???
20-01-22 10:51:24 Error! Opt: CRYC -> ???
20-01-22 10:51:25 Temp: XGS -> 0 0 1 1
20-01-22 10:51:25 Temp: XGT -> 2000 2000 82
20-01-22 10:51:25 Opt: FN -> 2
20-01-22 10:51:25 Tft: DRAV -> DY>Ok
20-01-22 10:51:27 Temp: XGS -> 0 0 1 1
20-01-22 10:51:27 Temp: XGT -> 2000 2000 82
20-01-22 10:51:27 Opt: FN -> 2
20-01-22 10:51:27 Tft: DRAV -> DY>Ok
20-01-22 10:51:29 Temp: XGS -> 0 0 1 1
20-01-22 10:51:29 Temp: XGT -> 2000 2000 82
20-01-22 10:51:29 Opt: FN -> 2
20-01-22 10:51:29 Tft: DRAV -> DY>Ok
20-01-22 10:51:30 Temp: XGS -> 0 0 1 1
20-01-22 10:51:30 Temp: XGT -> 2000 2000 82
20-01-22 10:51:30 Opt: FN -> 2
20-01-22 10:51:31 Tft: DRAV -> DY>Ok
20-01-22 10:51:32 Temp: XGS -> 0 0 1 1
20-01-22 10:51:32 Temp: XGT -> 2000 2000 82
20-01-22 10:51:32 Opt: FN -> 2
20-01-22 10:51:32 Tft: DRAV -> DY>Ok
20-01-22 10:51:34 Temp: XGS -> 0 0 1 1
20-01-22 10:51:34 Temp: XGT -> 2000 2000 82
20-01-22 10:51:34 Opt: FN -> 2
20-01-22 10:51:34 Tft: DRAV -> DY>Ok
20-01-22 10:51:36 Temp: XGS -> 0 0 1 1
20-01-22 10:51:36 Temp: XGT -> 2000 2000 82
20-01-22 10:51:36 Opt: FN -> 2
20-01-22 10:51:36 Tft: DRAV -> DY>Ok
20-01-22 10:51:38 Temp: XGS -> 0 0 1 1
20-01-22 10:51:38 Temp: XGT -> 2000 2000 82
20-01-22 10:51:38 Opt: FN -> 2
20-01-22 10:51:38 Tft: DRAV -> DY>Ok
20-01-22 10:51:40 Temp: XGS -> 0 0 1 1
20-01-22 10:51:40 Temp: XGT -> 1999 1999 84
20-01-22 10:51:40 Opt: FN -> 2
20-01-22 10:51:40 Tft: DRAV -> DY>Ok
20-01-22 10:51:41 Temp: XGS -> 0 0 1 1
20-01-22 10:51:41 Temp: XGT -> 1999 1999 84
20-01-22 10:51:41 Opt: FN -> 2
20-01-22 10:51:41 Tft: DRAV -> DY>Ok
20-01-22 10:51:43 Temp: XGS -> 0 0 1 1
20-01-22 10:51:43 Temp: XGT -> 1999 1999 84
20-01-22 10:51:43 Opt: FN -> 2
20-01-22 10:51:43 Tft: DRAV -> DY>Ok
20-01-22 10:51:45 Temp: XGS -> 0 0 1 1
20-01-22 10:51:45 Temp: XGT -> 1999 1999 84
20-01-22 10:51:45 Opt: FN -> 2
20-01-22 10:51:45 Tft: DRAV -> DY>Ok
20-01-22 10:51:47 Temp: XGS -> 0 0 1 1
20-01-22 10:51:47 Temp: XGT -> 1998 1998 86
20-01-22 10:51:47 Opt: FN -> 2
20-01-22 10:51:47 Tft: DRAV -> DY>Ok
20-01-22 10:51:49 Temp: XGS -> 0 0 1 1
20-01-22 10:51:49 Temp: XGT -> 1998 1998 86
20-01-22 10:51:49 Opt: FN -> 2
20-01-22 10:51:49 Tft: DRAV -> DY>Ok
20-01-22 10:51:50 Temp: XGS -> 0 0 1 1
20-01-22 10:51:50 Temp: XGT -> 1998 1998 86
20-01-22 10:51:50 Opt: FN -> 2
20-01-22 10:51:50 Tft: DRAV -> DY>Ok
20-01-22 10:51:52 Temp: XGS -> 0 0 1 1
20-01-22 10:51:52 Temp: XGT -> 1998 1998 86
20-01-22 10:51:52 Opt: FN -> 2
20-01-22 10:51:52 Tft: DRAV -> DY>Ok
20-01-22 10:51:54 Temp: XGS -> 0 0 1 1
20-01-22 10:51:54 Temp: XGT -> 1998 1998 86
20-01-22 10:51:54 Opt: FN -> 2
20-01-22 10:51:54 Tft: DRAV -> DY>Ok
20-01-22 10:51:56 Temp: XGS -> 0 0 1 1
20-01-22 10:51:56 Temp: XGT -> 1998 1998 86
20-01-22 10:51:56 Opt: FN -> 2
20-01-22 10:51:56 Tft: DRAV -> DY>Ok
20-01-22 10:51:58 Temp: XGS -> 0 0 1 1
20-01-22 10:51:58 Temp: XGT -> 1998 1998 86
20-01-22 10:51:58 Opt: FN -> 2
20-01-22 10:51:58 Tft: DRAV -> DY>Ok
20-01-22 10:51:59 Temp: XGS -> 0 0 1 1
20-01-22 10:51:59 Temp: XGT -> 1999 1998 85
20-01-22 10:51:59 Opt: FN -> 2
20-01-22 10:52:00 Tft: DRAV -> DY>Ok
20-01-22 10:52:01 Temp: XGS -> 0 0 1 1
20-01-22 10:52:01 Temp: XGT -> 1999 1999 84
20-01-22 10:52:01 Opt: FN -> 2
20-01-22 10:52:01 Tft: DRAV -> DY>Ok
20-01-22 10:52:03 Temp: XGS -> 0 0 1 1
20-01-22 10:52:03 Temp: XGT -> 1999 1999 84
20-01-22 10:52:03 Opt: FN -> 2
20-01-22 10:52:03 Tft: DRAV -> DY>Ok
20-01-22 10:52:11 Opt: PRDS 1048 -> 0
20-01-22 10:52:12 Error! Opt: CRYC -> ???
20-01-22 10:52:12 Error! Opt: CRYC -> ???
20-01-22 10:52:12 Temp: XGS -> 0 0 1 1
20-01-22 10:52:12 Temp: XGT -> 1999 2000 83
20-01-22 10:52:12 Opt: FN -> 2
20-01-22 10:52:12 Tft: DRAV -> DY>Ok
20-01-22 10:52:14 Temp: XGS -> 0 0 1 1
20-01-22 10:52:14 Temp: XGT -> 1999 2000 83
20-01-22 10:52:14 Opt: FN -> 2
20-01-22 10:52:14 Tft: DRAV -> DY>Ok
20-01-22 10:52:16 Temp: XGS -> 0 0 1 1
20-01-22 10:52:16 Temp: XGT -> 2000 2000 82
20-01-22 10:52:16 Opt: FN -> 2
20-01-22 10:52:16 Tft: DRAV -> DY>Ok
20-01-22 10:52:18 Temp: XGS -> 0 0 1 1
20-01-22 10:52:18 Temp: XGT -> 2000 2000 82
20-01-22 10:52:18 Opt: FN -> 2
20-01-22 10:52:18 Tft: DRAV -> DY>Ok
20-01-22 10:52:19 Temp: XGS -> 0 0 1 1
20-01-22 10:52:20 Temp: XGT -> 2000 2000 82
20-01-22 10:52:20 Opt: FN -> 2
20-01-22 10:52:20 Tft: DRAV -> DY>Ok
20-01-22 10:52:21 Temp: XGS -> 0 0 1 1
20-01-22 10:52:21 Temp: XGT -> 2000 2000 82
20-01-22 10:52:21 Opt: FN -> 2
20-01-22 10:52:21 Tft: DRAV -> DY>Ok
20-01-22 10:52:23 Temp: XGS -> 0 0 1 1
20-01-22 10:52:23 Temp: XGT -> 2000 2000 82
20-01-22 10:52:23 Opt: FN -> 2
20-01-22 10:52:23 Tft: DRAV -> DY>Ok
20-01-22 10:53:46 Opt: PRDS 1048 -> 0
20-01-22 10:53:46 Error! Opt: CRYC -> ???
20-01-22 10:53:46 Error! Opt: CRYC -> ???
20-01-22 10:53:47 Temp: XGS -> 0 0 1 1
20-01-22 10:53:47 Temp: XGT -> 2000 2000 82
20-01-22 10:53:47 Opt: FN -> 2
20-01-22 10:53:47 Tft: DRAV -> DY>Ok
20-01-22 10:53:48 Temp: XGS -> 0 0 1 1
20-01-22 10:53:49 Temp: XGT -> 2000 2000 82
20-01-22 10:53:49 Opt: FN -> 2
20-01-22 10:53:49 Tft: DRAV -> DY>Ok
20-01-22 10:53:50 Temp: XGS -> 0 0 1 1
20-01-22 10:53:50 Temp: XGT -> 2000 2000 82
20-01-22 10:53:50 Opt: FN -> 2
20-01-22 10:53:50 Tft: DRAV -> DY>Ok
20-01-22 10:53:52 Temp: XGS -> 0 0 1 1
20-01-22 10:53:52 Temp: XGT -> 2000 2000 82
20-01-22 10:53:52 Opt: FN -> 2
20-01-22 10:53:52 Tft: DRAV -> DY>Ok
20-01-22 10:53:54 Temp: XGS -> 0 0 1 1
20-01-22 10:53:54 Temp: XGT -> 2000 2000 82
20-01-22 10:53:54 Opt: FN -> 2
20-01-22 10:53:54 Tft: DRAV -> DY>Ok
20-01-22 10:53:56 Temp: XGS -> 0 0 1 1
20-01-22 10:53:56 Temp: XGT -> 2000 2000 82
20-01-22 10:53:56 Opt: FN -> 2
20-01-22 10:53:56 Tft: DRAV -> DY>Ok
20-01-22 10:53:58 Temp: XGS -> 0 0 1 1
20-01-22 10:53:58 Temp: XGT -> 2000 2000 82
20-01-22 10:53:58 Opt: FN -> 2
20-01-22 10:53:58 Tft: DRAV -> DY>Ok
20-01-22 10:53:59 Temp: XGS -> 0 0 1 1
20-01-22 10:53:59 Temp: XGT -> 2000 2000 82
20-01-22 10:53:59 Opt: FN -> 2
20-01-22 10:53:59 Tft: DRAV -> DY>Ok
20-01-22 10:54:01 Temp: XGS -> 0 0 1 1
20-01-22 10:54:01 Temp: XGT -> 2000 2000 82
20-01-22 10:54:01 Opt: FN -> 2
20-01-22 10:54:01 Tft: DRAV -> DY>Ok
20-01-22 10:54:03 Temp: XGS -> 0 0 1 1
20-01-22 10:54:03 Temp: XGT -> 2000 2000 82
20-01-22 10:54:03 Opt: FN -> 2
20-01-22 10:54:03 Tft: DRAV -> DY>Ok
20-01-22 10:54:05 Temp: XGS -> 0 0 1 1
20-01-22 10:54:05 Temp: XGT -> 2000 1999 83
20-01-22 10:54:05 Opt: FN -> 2
20-01-22 10:54:05 Tft: DRAV -> DY>Ok
20-01-22 10:54:07 Temp: XGS -> 0 0 1 1
20-01-22 10:54:07 Temp: XGT -> 1999 1999 84
20-01-22 10:54:07 Opt: FN -> 2
20-01-22 10:54:07 Tft: DRAV -> DY>Ok
20-01-22 10:54:08 Temp: XGS -> 0 0 1 1
20-01-22 10:54:08 Temp: XGT -> 1999 1999 84
20-01-22 10:54:08 Opt: FN -> 2
20-01-22 10:54:08 Tft: DRAV -> DY>Ok
20-01-22 10:54:10 Temp: XGS -> 0 0 1 1
20-01-22 10:54:10 Temp: XGT -> 1999 1999 84
20-01-22 10:54:10 Opt: FN -> 2
20-01-22 10:54:10 Tft: DRAV -> DY>Ok
20-01-22 10:54:12 Temp: XGS -> 0 0 1 1
20-01-22 10:54:12 Temp: XGT -> 1999 1999 84
20-01-22 10:54:12 Opt: FN -> 2
20-01-22 10:54:12 Tft: DRAV -> DY>Ok
20-01-22 10:54:14 Temp: XGS -> 0 0 1 1
20-01-22 10:54:14 Temp: XGT -> 1998 1998 86
20-01-22 10:54:14 Opt: FN -> 2
20-01-22 10:54:14 Tft: DRAV -> DY>Ok
20-01-22 10:54:16 Temp: XGS -> 0 0 1 1
20-01-22 10:54:16 Temp: XGT -> 1998 1998 86
20-01-22 10:54:16 Opt: FN -> 2
20-01-22 10:54:16 Tft: DRAV -> DY>Ok
20-01-22 10:54:18 Temp: XGS -> 0 0 1 1
20-01-22 10:54:18 Temp: XGT -> 1998 1998 86
20-01-22 10:54:18 Opt: FN -> 2
20-01-22 10:54:18 Tft: DRAV -> DY>Ok
20-01-22 10:54:19 Temp: XGS -> 0 0 1 1
20-01-22 10:54:19 Temp: XGT -> 1998 1998 86
20-01-22 10:54:19 Opt: FN -> 2
20-01-22 10:54:19 Tft: DRAV -> DY>Ok
20-01-22 10:54:21 Temp: XGS -> 0 0 1 1
20-01-22 10:54:21 Temp: XGT -> 1998 1998 86
20-01-22 10:54:21 Opt: FN -> 2
20-01-22 10:54:21 Tft: DRAV -> DY>Ok
20-01-22 10:54:23 Temp: XGS -> 0 0 1 1
20-01-22 10:54:23 Temp: XGT -> 1998 1998 86
20-01-22 10:54:23 Opt: FN -> 2
20-01-22 10:54:23 Tft: DRAV -> DY>Ok
20-01-22 10:54:25 Temp: XGS -> 0 0 1 1
20-01-22 10:54:25 Temp: XGT -> 1998 1998 86
20-01-22 10:54:25 Opt: FN -> 2
20-01-22 10:54:25 Tft: DRAV -> DY>Ok
20-01-22 10:54:27 Temp: XGS -> 0 0 1 1
20-01-22 10:54:27 Temp: XGT -> 1999 1998 85
20-01-22 10:54:27 Opt: FN -> 2
20-01-22 10:54:27 Tft: DRAV -> DY>Ok
20-01-22 10:54:28 Temp: XGS -> 0 0 1 1
20-01-22 10:54:28 Temp: XGT -> 1999 1999 84
20-01-22 10:54:28 Opt: FN -> 2
20-01-22 10:54:28 Tft: DRAV -> DY>Ok
20-01-22 10:54:30 Temp: XGS -> 0 0 1 1
20-01-22 10:54:30 Temp: XGT -> 1999 1999 84
20-01-22 10:54:30 Opt: FN -> 2
20-01-22 10:54:30 Tft: DRAV -> DY>Ok
20-01-22 10:54:32 Temp: XGS -> 0 0 1 1
20-01-22 10:54:32 Temp: XGT -> 1999 1999 84
20-01-22 10:54:32 Opt: FN -> 2
20-01-22 10:54:32 Tft: DRAV -> DY>Ok
20-01-22 10:54:34 Temp: XGS -> 0 0 1 1
20-01-22 10:54:34 Temp: XGT -> 1999 1999 84
20-01-22 10:54:34 Opt: FN -> 2
20-01-22 10:54:34 Tft: DRAV -> DY>Ok
20-01-22 10:54:36 Temp: XGS -> 0 0 1 1
20-01-22 10:54:36 Temp: XGT -> 1999 1999 84
20-01-22 10:54:36 Opt: FN -> 2
20-01-22 10:54:36 Tft: DRAV -> DY>Ok
20-01-22 10:54:37 Temp: XGS -> 0 0 1 1
20-01-22 10:54:37 Temp: XGT -> 1999 2000 83
20-01-22 10:54:37 Opt: FN -> 2
20-01-22 10:54:37 Tft: DRAV -> DY>Ok
20-01-22 10:54:39 Temp: XGS -> 0 0 1 1
20-01-22 10:54:39 Temp: XGT -> 1999 2000 83
20-01-22 10:54:39 Opt: FN -> 2
20-01-22 10:54:39 Tft: DRAV -> DY>Ok
20-01-22 10:54:41 Temp: XGS -> 0 0 1 1
20-01-22 10:54:41 Temp: XGT -> 1999 2000 83
20-01-22 10:54:41 Opt: FN -> 2
20-01-22 10:54:41 Tft: DRAV -> DY>Ok
20-01-22 10:54:43 Temp: XGS -> 0 0 1 1
20-01-22 10:54:43 Temp: XGT -> 2000 2000 82
20-01-22 10:54:43 Opt: FN -> 2
20-01-22 10:54:43 Tft: DRAV -> DY>Ok
20-01-22 10:57:39 Opt: PRDS 1048 -> 0
20-01-22 10:57:39 Error! Opt: CRYC -> ???
20-01-22 10:57:39 Error! Opt: CRYC -> ???
20-01-22 10:57:39 Temp: XGS -> 0 0 1 1
20-01-22 10:57:39 Temp: XGT -> 2000 2000 82
20-01-22 10:57:39 Opt: FN -> 2
20-01-22 10:57:40 Tft: DRAV -> DY>Ok
20-01-22 10:57:41 Temp: XGS -> 0 0 1 1
20-01-22 10:57:41 Temp: XGT -> 2000 2000 82
20-01-22 10:57:41 Opt: FN -> 2
20-01-22 10:57:41 Tft: DRAV -> DY>Ok
20-01-22 10:57:43 Temp: XGS -> 0 0 1 1
20-01-22 10:57:43 Temp: XGT -> 2000 2000 82
20-01-22 10:57:43 Opt: FN -> 2
20-01-22 10:57:43 Tft: DRAV -> DY>Ok
20-01-22 10:57:45 Temp: XGS -> 0 0 1 1
20-01-22 10:57:45 Temp: XGT -> 2000 1999 83
20-01-22 10:57:45 Opt: FN -> 2
20-01-22 10:57:45 Tft: DRAV -> DY>Ok
20-01-22 10:57:47 Temp: XGS -> 0 0 1 1
20-01-22 10:57:47 Temp: XGT -> 1999 1999 84
20-01-22 10:57:47 Opt: FN -> 2
20-01-22 10:57:47 Tft: DRAV -> DY>Ok
20-01-22 10:57:49 Temp: XGS -> 0 0 1 1
20-01-22 10:57:49 Temp: XGT -> 1999 1999 84
20-01-22 10:57:49 Opt: FN -> 2
20-01-22 10:57:49 Tft: DRAV -> DY>Ok
20-01-22 11:01:27 Opt: FHW -> v4.0
20-01-22 11:01:27 Opt: FVER -> OPTICS 4.38.384 07/09/21
20-01-22 11:01:27 Temp: FVER -> STAMP_0.2_11/08/21
20-01-22 11:01:27 Mot: FVER -> CMOT 6.90 21/07/2021
20-01-22 11:01:27 Tft: FVER -> TFT 2.00.00 Aug 5 2021
20-01-22 11:01:27 Opt: FLCFG 0 -> 470 525
20-01-22 11:01:27 Opt: FLCFG 1 -> 532 570
20-01-22 11:01:27 Opt: FLCFG 2 -> 585 633
20-01-22 11:01:27 Opt: FLCFG 3 -> 633 675
20-01-22 11:01:27 Opt: FLCFG 4 -> 690 730
20-01-22 11:01:27 Opt: FLCFG 5 -> -1
20-01-22 11:01:27 Opt: FLCFG 6 -> -1
20-01-22 11:01:27 Opt: FLCFG 7 -> -1
20-01-22 11:01:27 Temp: DLRS 9 -> R:TY 242 T384A
20-01-22 11:01:27 Opt: FPGET 0 -> Ok
20-01-22 11:01:27 Opt: FPGET 0 -> Ok
20-01-22 11:01:27 Opt: FPGET 1 -> Ok
20-01-22 11:01:27 Opt: FPGET 2 -> Ok
20-01-22 11:01:27 Opt: FPGET 3 -> Ok
20-01-22 11:01:27 Opt: CRDS 0 -> 0
20-01-22 11:01:27 Opt: CRDS 10 -> 0
20-01-22 11:01:27 Opt: CRDS 11 -> 0
20-01-22 11:01:28 Opt: CRDS 20 -> 0
20-01-22 11:01:28 Opt: CRDS 21 -> 0
20-01-22 11:01:28 Opt: CRDS 30 -> 0
20-01-22 11:01:28 Opt: CRDS 31 -> 0
20-01-22 11:01:28 Opt: CRDS 40 -> 0
20-01-22 11:01:28 Opt: CRDS 41 -> 0
20-01-22 11:01:28 Opt: CRDS 50 -> 0
20-01-22 11:01:28 Opt: CRDS 51 -> 0
20-01-22 11:01:28 Opt: CRDS 60 -> 0
20-01-22 11:01:28 Opt: CRDS 61 -> 0
20-01-22 11:01:28 Opt: CRDS 70 -> 0
20-01-22 11:01:28 Tft: DSAV 1 -> DY>Ok
20-01-22 11:01:28 Temp: XGP -> 0 35 3 3 0
20-01-22 11:01:28 Temp: XGB 0 -> 1 1 1
20-01-22 11:01:28 Temp: XGL 0 -> 2000 15 0 0 0 1
20-01-22 11:01:28 Temp: XGB 1 -> 1 1 1
20-01-22 11:01:28 Temp: XGL 1 -> 2000 15 0 0 0 1
20-01-22 11:01:28 Temp: XGB 2 -> 0 3 1
20-01-22 11:01:28 Temp: XGL 2 -> 2000 15 0 0 0 0
20-01-22 11:01:28 Temp: XGN -> E
20-01-22 11:02:04 Opt: PRDS 1048 -> 0
20-01-22 11:02:04 Error! Opt: CRYC -> ???
20-01-22 11:02:04 Error! Opt: CRYC -> ???
20-01-22 11:02:05 Temp: XGS -> 0 0 1 1
20-01-22 11:02:05 Temp: XGT -> 1999 1999 84
20-01-22 11:02:05 Opt: FN -> 2
20-01-22 11:02:05 Tft: DRAV -> DY>Ok
20-01-22 11:02:07 Temp: XGS -> 0 0 1 1
20-01-22 11:02:07 Temp: XGT -> 1999 2000 83
20-01-22 11:02:07 Opt: FN -> 2
20-01-22 11:02:07 Tft: DRAV -> DY>Ok
20-01-22 11:02:08 Temp: XGS -> 0 0 1 1
20-01-22 11:02:08 Temp: XGT -> 2000 2000 82
20-01-22 11:02:08 Opt: FN -> 2
20-01-22 11:02:08 Tft: DRAV -> DY>Ok
20-01-22 11:02:10 Temp: XGS -> 0 0 1 1
20-01-22 11:02:10 Temp: XGT -> 2000 2000 82
20-01-22 11:02:10 Opt: FN -> 2
20-01-22 11:02:10 Tft: DRAV -> DY>Ok
20-01-22 11:02:12 Temp: XGS -> 0 0 1 1
20-01-22 11:02:12 Temp: XGT -> 2000 2000 82
20-01-22 11:02:12 Opt: FN -> 2
20-01-22 11:02:12 Tft: DRAV -> DY>Ok
20-01-22 11:02:14 Temp: XGS -> 0 0 1 1
20-01-22 11:02:14 Temp: XGT -> 2000 2000 82
20-01-22 11:02:14 Opt: FN -> 2
20-01-22 11:02:14 Tft: DRAV -> DY>Ok
20-01-22 11:02:16 Temp: XGS -> 0 0 1 1
20-01-22 11:02:16 Temp: XGT -> 2000 2000 82
20-01-22 11:02:16 Opt: FN -> 2
20-01-22 11:02:16 Tft: DRAV -> DY>Ok
20-01-22 11:02:17 Temp: XGS -> 0 0 1 1
20-01-22 11:02:17 Temp: XGT -> 2000 2000 82
20-01-22 11:02:17 Opt: FN -> 2
20-01-22 11:02:17 Tft: DRAV -> DY>Ok
20-01-22 11:02:19 Temp: XGS -> 0 0 1 1
20-01-22 11:02:19 Temp: XGT -> 2000 2000 82
20-01-22 11:02:19 Opt: FN -> 2
20-01-22 11:02:19 Tft: DRAV -> DY>Ok
20-01-22 11:02:21 Temp: XGS -> 0 0 1 1
20-01-22 11:02:21 Temp: XGT -> 2000 2000 82
20-01-22 11:02:21 Opt: FN -> 2
20-01-22 11:02:21 Tft: DRAV -> DY>Ok
20-01-22 11:02:23 Temp: XGS -> 0 0 1 1
20-01-22 11:02:23 Temp: XGT -> 2000 2000 82
20-01-22 11:02:23 Opt: FN -> 2
20-01-22 11:02:23 Tft: DRAV -> DY>Ok
20-01-22 11:02:25 Temp: XGS -> 0 0 1 1
20-01-22 11:02:25 Temp: XGT -> 2000 2000 82
20-01-22 11:02:25 Opt: FN -> 2
20-01-22 11:02:25 Tft: DRAV -> DY>Ok
20-01-22 11:02:26 Temp: XGS -> 0 0 1 1
20-01-22 11:02:27 Temp: XGT -> 2000 2000 82
20-01-22 11:02:27 Opt: FN -> 2
20-01-22 11:02:27 Tft: DRAV -> DY>Ok
20-01-22 11:02:28 Temp: XGS -> 0 0 1 1
20-01-22 11:02:28 Temp: XGT -> 2000 2000 82
20-01-22 11:02:28 Opt: FN -> 2
20-01-22 11:02:28 Tft: DRAV -> DY>Ok
20-01-22 11:02:30 Temp: XGS -> 0 0 1 1
20-01-22 11:02:30 Temp: XGT -> 2000 2000 82
20-01-22 11:02:30 Opt: FN -> 2
20-01-22 11:02:30 Tft: DRAV -> DY>Ok
20-01-22 11:02:32 Temp: XGS -> 0 0 1 1
20-01-22 11:02:32 Temp: XGT -> 2000 2000 82
20-01-22 11:02:32 Opt: FN -> 2
20-01-22 11:02:32 Tft: DRAV -> DY>Ok
20-01-22 11:02:39 Opt: PRDS 1048 -> 0
20-01-22 11:02:39 Error! Opt: CRYC -> ???
20-01-22 11:02:39 Error! Opt: CRYC -> ???
20-01-22 11:02:40 Temp: XGS -> 0 0 1 1
20-01-22 11:02:40 Temp: XGT -> 2000 1999 83
20-01-22 11:02:40 Opt: FN -> 2
20-01-22 11:02:40 Tft: DRAV -> DY>Ok
20-01-22 11:02:42 Temp: XGS -> 0 0 1 1
20-01-22 11:02:42 Temp: XGT -> 1999 1999 84
20-01-22 11:02:42 Opt: FN -> 2
20-01-22 11:02:42 Tft: DRAV -> DY>Ok
20-01-22 11:02:44 Temp: XGS -> 0 0 1 1
20-01-22 11:02:44 Temp: XGT -> 1999 1999 84
20-01-22 11:02:44 Opt: FN -> 2
20-01-22 11:02:44 Tft: DRAV -> DY>Ok
20-01-22 11:02:45 Temp: XGS -> 0 0 1 1
20-01-22 11:02:46 Temp: XGT -> 1999 1999 84
20-01-22 11:02:46 Opt: FN -> 2
20-01-22 11:02:46 Tft: DRAV -> DY>Ok
20-01-22 11:02:47 Temp: XGS -> 0 0 1 1
20-01-22 11:02:47 Temp: XGT -> 1998 1999 85
20-01-22 11:02:47 Opt: FN -> 2
20-01-22 11:02:47 Tft: DRAV -> DY>Ok
20-01-22 11:10:41 Opt: PRDS 1048 -> 0
20-01-22 11:10:41 Error! Opt: CRYC -> ???
20-01-22 11:10:41 Error! Opt: CRYC -> ???
20-01-22 11:10:41 Temp: XGS -> 0 0 1 1
20-01-22 11:10:42 Temp: XGT -> 2000 2000 82
20-01-22 11:10:42 Opt: FN -> 2
20-01-22 11:10:42 Tft: DRAV -> DY>Ok
20-01-22 11:10:43 Temp: XGS -> 0 0 1 1
20-01-22 11:10:43 Temp: XGT -> 2000 2000 82
20-01-22 11:10:43 Opt: FN -> 2
20-01-22 11:10:43 Tft: DRAV -> DY>Ok
20-01-22 11:10:45 Temp: XGS -> 0 0 1 1
20-01-22 11:10:45 Temp: XGT -> 2000 2000 82
20-01-22 11:10:45 Opt: FN -> 2
20-01-22 11:10:45 Tft: DRAV -> DY>Ok
20-01-22 11:10:47 Temp: XGS -> 0 0 1 1
20-01-22 11:10:47 Temp: XGT -> 2000 2000 82
20-01-22 11:10:47 Opt: FN -> 2
20-01-22 11:10:47 Tft: DRAV -> DY>Ok
20-01-22 11:10:49 Temp: XGS -> 0 0 1 1
20-01-22 11:10:49 Temp: XGT -> 2000 2000 82
20-01-22 11:10:49 Opt: FN -> 2
20-01-22 11:10:49 Tft: DRAV -> DY>Ok
20-01-22 11:10:51 Temp: XGS -> 0 0 1 1
20-01-22 11:10:51 Temp: XGT -> 2000 2000 82
20-01-22 11:10:51 Opt: FN -> 2
20-01-22 11:10:51 Tft: DRAV -> DY>Ok
20-01-22 11:10:52 Temp: XGS -> 0 0 1 1
20-01-22 11:10:52 Temp: XGT -> 2000 2000 82
20-01-22 11:10:52 Opt: FN -> 2
20-01-22 11:10:52 Tft: DRAV -> DY>Ok
20-01-22 11:10:54 Temp: XGS -> 0 0 1 1
20-01-22 11:10:54 Temp: XGT -> 2000 2000 82
20-01-22 11:10:54 Opt: FN -> 2
20-01-22 11:10:54 Tft: DRAV -> DY>Ok
20-01-22 11:10:56 Temp: XGS -> 0 0 1 1
20-01-22 11:10:56 Temp: XGT -> 2000 2000 82
20-01-22 11:10:56 Opt: FN -> 2
20-01-22 11:10:56 Tft: DRAV -> DY>Ok
20-01-22 11:10:58 Temp: XGS -> 0 0 1 1
20-01-22 11:10:58 Temp: XGT -> 2000 2000 82
20-01-22 11:10:58 Opt: FN -> 2
20-01-22 11:10:58 Tft: DRAV -> DY>Ok
20-01-22 11:11:00 Temp: XGS -> 0 0 1 1
20-01-22 11:11:00 Temp: XGT -> 2000 1999 83
20-01-22 11:11:00 Opt: FN -> 2
20-01-22 11:11:00 Tft: DRAV -> DY>Ok
20-01-22 11:11:01 Temp: XGS -> 0 0 1 1
20-01-22 11:11:01 Temp: XGT -> 1999 1999 84
20-01-22 11:11:01 Opt: FN -> 2
20-01-22 11:11:01 Tft: DRAV -> DY>Ok
20-01-22 11:11:03 Temp: XGS -> 0 0 1 1
20-01-22 11:11:03 Temp: XGT -> 1999 1999 84
20-01-22 11:11:03 Opt: FN -> 2
20-01-22 11:11:03 Tft: DRAV -> DY>Ok
20-01-22 11:11:05 Temp: XGS -> 0 0 1 1
20-01-22 11:11:05 Temp: XGT -> 1999 1999 84
20-01-22 11:11:05 Opt: FN -> 2
20-01-22 11:11:05 Tft: DRAV -> DY>Ok
20-01-22 11:11:07 Temp: XGS -> 0 0 1 1
20-01-22 11:11:07 Temp: XGT -> 1998 1999 85
20-01-22 11:11:07 Opt: FN -> 2
20-01-22 11:11:07 Tft: DRAV -> DY>Ok
20-01-22 11:11:09 Temp: XGS -> 0 0 1 1
20-01-22 11:11:09 Temp: XGT -> 1998 1998 86
20-01-22 11:11:09 Opt: FN -> 2
20-01-22 11:11:09 Tft: DRAV -> DY>Ok
20-01-22 11:11:10 Temp: XGS -> 0 0 1 1
20-01-22 11:11:10 Temp: XGT -> 1998 1998 86
20-01-22 11:11:11 Opt: FN -> 2
20-01-22 11:11:11 Tft: DRAV -> DY>Ok
20-01-22 11:11:12 Temp: XGS -> 0 0 1 1
20-01-22 11:11:12 Temp: XGT -> 1998 1998 86
20-01-22 11:11:12 Opt: FN -> 2
20-01-22 11:11:12 Tft: DRAV -> DY>Ok
20-01-22 11:11:14 Temp: XGS -> 0 0 1 1
20-01-22 11:11:14 Temp: XGT -> 1998 1998 86
20-01-22 11:11:14 Opt: FN -> 2
20-01-22 11:11:14 Tft: DRAV -> DY>Ok
20-01-22 11:11:16 Temp: XGS -> 0 0 1 1
20-01-22 11:11:16 Temp: XGT -> 1998 1998 86
20-01-22 11:11:16 Opt: FN -> 2
20-01-22 11:11:16 Tft: DRAV -> DY>Ok
20-01-22 11:11:18 Temp: XGS -> 0 0 1 1
20-01-22 11:11:18 Temp: XGT -> 1998 1998 86
20-01-22 11:11:18 Opt: FN -> 2
20-01-22 11:11:18 Tft: DRAV -> DY>Ok
20-01-22 11:11:20 Temp: XGS -> 0 0 1 1
20-01-22 11:11:20 Temp: XGT -> 1999 1998 85
20-01-22 11:11:20 Opt: FN -> 2
20-01-22 11:11:20 Tft: DRAV -> DY>Ok
20-01-22 11:11:21 Temp: XGS -> 0 0 1 1
20-01-22 11:11:21 Temp: XGT -> 1999 1999 84
20-01-22 11:11:21 Opt: FN -> 2
20-01-22 11:11:21 Tft: DRAV -> DY>Ok
20-01-22 11:11:23 Temp: XGS -> 0 0 1 1
20-01-22 11:11:23 Temp: XGT -> 1999 1999 84
20-01-22 11:11:23 Opt: FN -> 2
20-01-22 11:11:23 Tft: DRAV -> DY>Ok
20-01-22 11:11:25 Temp: XGS -> 0 0 1 1
20-01-22 11:11:25 Temp: XGT -> 1999 1999 84
20-01-22 11:11:25 Opt: FN -> 2
20-01-22 11:11:25 Tft: DRAV -> DY>Ok
20-01-22 11:11:27 Temp: XGS -> 0 0 1 1
20-01-22 11:11:27 Temp: XGT -> 1999 1999 84
20-01-22 11:11:27 Opt: FN -> 2
20-01-22 11:11:27 Tft: DRAV -> DY>Ok
20-01-22 11:11:29 Temp: XGS -> 0 0 1 1
20-01-22 11:11:29 Temp: XGT -> 1999 1999 84
20-01-22 11:11:29 Opt: FN -> 2
20-01-22 11:11:29 Tft: DRAV -> DY>Ok
20-01-22 11:11:30 Temp: XGS -> 0 0 1 1
20-01-22 11:11:30 Temp: XGT -> 1999 2000 83
20-01-22 11:11:30 Opt: FN -> 2
20-01-22 11:11:30 Tft: DRAV -> DY>Ok
20-01-22 11:11:32 Temp: XGS -> 0 0 1 1
20-01-22 11:11:32 Temp: XGT -> 1999 2000 83
20-01-22 11:11:32 Opt: FN -> 2
20-01-22 11:11:32 Tft: DRAV -> DY>Ok
20-01-22 11:11:34 Temp: XGS -> 0 0 1 1
20-01-22 11:11:34 Temp: XGT -> 1999 2000 83
20-01-22 11:11:34 Opt: FN -> 2
20-01-22 11:11:34 Tft: DRAV -> DY>Ok
20-01-22 11:11:36 Temp: XGS -> 0 0 1 1
20-01-22 11:11:36 Temp: XGT -> 2000 2000 82
20-01-22 11:11:36 Opt: FN -> 2
20-01-22 11:11:36 Tft: DRAV -> DY>Ok
20-01-22 11:11:38 Temp: XGS -> 0 0 1 1
20-01-22 11:11:38 Temp: XGT -> 2000 2000 82
20-01-22 11:11:38 Opt: FN -> 2
20-01-22 11:11:38 Tft: DRAV -> DY>Ok
20-01-22 11:11:39 Temp: XGS -> 0 0 1 1
20-01-22 11:11:39 Temp: XGT -> 2000 2000 82
20-01-22 11:11:40 Opt: FN -> 2
20-01-22 11:11:40 Tft: DRAV -> DY>Ok
20-01-22 11:11:41 Temp: XGS -> 0 0 1 1
20-01-22 11:11:41 Temp: XGT -> 2000 2000 82
20-01-22 11:11:41 Opt: FN -> 2
20-01-22 11:11:41 Tft: DRAV -> DY>Ok
20-01-22 11:11:43 Temp: XGS -> 0 0 1 1
20-01-22 11:11:43 Temp: XGT -> 2000 2000 82
20-01-22 11:11:43 Opt: FN -> 2
20-01-22 11:11:43 Tft: DRAV -> DY>Ok
20-01-22 11:11:45 Temp: XGS -> 0 0 1 1
20-01-22 11:11:45 Temp: XGT -> 2000 2000 82
20-01-22 11:11:45 Opt: FN -> 2
20-01-22 11:11:45 Tft: DRAV -> DY>Ok
20-01-22 11:11:47 Temp: XGS -> 0 0 1 1
20-01-22 11:11:47 Temp: XGT -> 2000 2000 82
20-01-22 11:11:47 Opt: FN -> 2
20-01-22 11:11:47 Tft: DRAV -> DY>Ok
20-01-22 11:11:49 Temp: XGS -> 0 0 1 1
20-01-22 11:11:49 Temp: XGT -> 2000 2000 82
20-01-22 11:11:49 Opt: FN -> 2
20-01-22 11:11:49 Tft: DRAV -> DY>Ok
20-01-22 11:11:50 Temp: XGS -> 0 0 1 1
20-01-22 11:11:50 Temp: XGT -> 2000 2000 82
20-01-22 11:11:50 Opt: FN -> 2
20-01-22 11:11:50 Tft: DRAV -> DY>Ok
20-01-22 11:11:52 Temp: XGS -> 0 0 1 1
20-01-22 11:11:52 Temp: XGT -> 2000 2000 82
20-01-22 11:11:52 Opt: FN -> 2
20-01-22 11:11:52 Tft: DRAV -> DY>Ok
20-01-22 11:11:54 Temp: XGS -> 0 0 1 1
20-01-22 11:11:54 Temp: XGT -> 2000 2000 82
20-01-22 11:11:54 Opt: FN -> 2
20-01-22 11:11:54 Tft: DRAV -> DY>Ok
20-01-22 11:11:56 Temp: XGS -> 0 0 1 1
20-01-22 11:11:56 Temp: XGT -> 2000 2000 82
20-01-22 11:11:56 Opt: FN -> 2
20-01-22 11:11:56 Tft: DRAV -> DY>Ok
20-01-22 11:11:58 Temp: XGS -> 0 0 1 1
20-01-22 11:11:58 Temp: XGT -> 2000 2000 82
20-01-22 11:11:58 Opt: FN -> 2
20-01-22 11:11:58 Tft: DRAV -> DY>Ok
20-01-22 11:11:59 Temp: XGS -> 0 0 1 1
20-01-22 11:11:59 Temp: XGT -> 2000 2000 82
20-01-22 11:11:59 Opt: FN -> 2
20-01-22 11:11:59 Tft: DRAV -> DY>Ok
20-01-22 11:12:01 Temp: XGS -> 0 0 1 1
20-01-22 11:12:01 Temp: XGT -> 2000 2000 82
20-01-22 11:12:01 Opt: FN -> 2
20-01-22 11:12:01 Tft: DRAV -> DY>Ok
20-01-22 11:12:03 Temp: XGS -> 0 0 1 1
20-01-22 11:12:03 Temp: XGT -> 2000 2000 82
20-01-22 11:12:03 Opt: FN -> 2
20-01-22 11:12:03 Tft: DRAV -> DY>Ok
20-01-22 11:12:05 Temp: XGS -> 0 0 1 1
20-01-22 11:12:05 Temp: XGT -> 2000 2000 82
20-01-22 11:12:05 Opt: FN -> 2
20-01-22 11:12:05 Tft: DRAV -> DY>Ok
20-01-22 11:12:07 Temp: XGS -> 0 0 1 1
20-01-22 11:12:07 Temp: XGT -> 2000 2000 82
20-01-22 11:12:07 Opt: FN -> 2
20-01-22 11:12:07 Tft: DRAV -> DY>Ok
20-01-22 11:12:08 Temp: XGS -> 0 0 1 1
20-01-22 11:12:08 Temp: XGT -> 2000 2000 82
20-01-22 11:12:09 Opt: FN -> 2
20-01-22 11:12:09 Tft: DRAV -> DY>Ok
20-01-22 11:12:10 Temp: XGS -> 0 0 1 1
20-01-22 11:12:10 Temp: XGT -> 2000 1999 83
20-01-22 11:12:10 Opt: FN -> 2
20-01-22 11:12:10 Tft: DRAV -> DY>Ok
20-01-22 11:12:12 Temp: XGS -> 0 0 1 1
20-01-22 11:12:12 Temp: XGT -> 1999 1999 84
20-01-22 11:12:12 Opt: FN -> 2
20-01-22 11:12:12 Tft: DRAV -> DY>Ok
20-01-22 11:12:14 Temp: XGS -> 0 0 1 1
20-01-22 11:12:14 Temp: XGT -> 1999 1999 84
20-01-22 11:12:14 Opt: FN -> 2
20-01-22 11:12:14 Tft: DRAV -> DY>Ok
20-01-22 11:12:16 Temp: XGS -> 0 0 1 1
20-01-22 11:12:16 Temp: XGT -> 1999 1999 84
20-01-22 11:12:16 Opt: FN -> 2
20-01-22 11:12:16 Tft: DRAV -> DY>Ok
20-01-22 11:12:18 Temp: XGS -> 0 0 1 1
20-01-22 11:12:18 Temp: XGT -> 1998 1999 85
20-01-22 11:12:18 Opt: FN -> 2
20-01-22 11:12:18 Tft: DRAV -> DY>Ok
20-01-22 11:12:19 Temp: XGS -> 0 0 1 1
20-01-22 11:12:19 Temp: XGT -> 1998 1998 86
20-01-22 11:12:19 Opt: FN -> 2
20-01-22 11:12:19 Tft: DRAV -> DY>Ok
20-01-22 11:12:21 Temp: XGS -> 0 0 1 1
20-01-22 11:12:21 Temp: XGT -> 1998 1998 86
20-01-22 11:12:21 Opt: FN -> 2
20-01-22 11:12:21 Tft: DRAV -> DY>Ok
20-01-22 11:12:23 Temp: XGS -> 0 0 1 1
20-01-22 11:12:23 Temp: XGT -> 1998 1998 86
20-01-22 11:12:23 Opt: FN -> 2
20-01-22 11:12:23 Tft: DRAV -> DY>Ok
20-01-22 11:12:25 Temp: XGS -> 0 0 1 1
20-01-22 11:12:25 Temp: XGT -> 1998 1998 86
20-01-22 11:12:25 Opt: FN -> 2
20-01-22 11:12:25 Tft: DRAV -> DY>Ok
20-01-22 11:12:27 Temp: XGS -> 0 0 1 1
20-01-22 11:12:27 Temp: XGT -> 1998 1998 86
20-01-22 11:12:27 Opt: FN -> 2
20-01-22 11:12:27 Tft: DRAV -> DY>Ok
20-01-22 11:12:28 Temp: XGS -> 0 0 1 1
20-01-22 11:12:28 Temp: XGT -> 1998 1998 86
20-01-22 11:12:28 Opt: FN -> 2
20-01-22 11:12:28 Tft: DRAV -> DY>Ok
20-01-22 11:12:31 Temp: XGS -> 0 0 1 1
20-01-22 11:12:31 Temp: XGT -> 1999 1998 85
20-01-22 11:12:31 Opt: FN -> 2
20-01-22 11:12:31 Tft: DRAV -> DY>Ok
20-01-22 11:12:32 Temp: XGS -> 0 0 1 1
20-01-22 11:12:32 Temp: XGT -> 1999 1999 84
20-01-22 11:12:32 Opt: FN -> 2
20-01-22 11:12:32 Tft: DRAV -> DY>Ok
20-01-22 11:12:34 Temp: XGS -> 0 0 1 1
20-01-22 11:12:34 Temp: XGT -> 1999 1999 84
20-01-22 11:12:34 Opt: FN -> 2
20-01-22 11:12:34 Tft: DRAV -> DY>Ok
20-01-22 11:12:36 Temp: XGS -> 0 0 1 1
20-01-22 11:12:36 Temp: XGT -> 1999 1999 84
20-01-22 11:12:36 Opt: FN -> 2
20-01-22 11:12:36 Tft: DRAV -> DY>Ok
20-01-22 11:12:37 Temp: XGS -> 0 0 1 1
20-01-22 11:12:37 Temp: XGT -> 1999 1999 84
20-01-22 11:12:38 Opt: FN -> 2
20-01-22 11:12:38 Tft: DRAV -> DY>Ok
20-01-22 11:12:39 Temp: XGS -> 0 0 1 1
20-01-22 11:12:39 Temp: XGT -> 1999 1999 84
20-01-22 11:12:39 Opt: FN -> 2
20-01-22 11:12:39 Tft: DRAV -> DY>Ok
20-01-22 11:12:41 Temp: XGS -> 0 0 1 1
20-01-22 11:12:41 Temp: XGT -> 1999 2000 83
20-01-22 11:12:41 Opt: FN -> 2
20-01-22 11:12:41 Tft: DRAV -> DY>Ok
20-01-22 11:12:43 Temp: XGS -> 0 0 1 1
20-01-22 11:12:43 Temp: XGT -> 1999 2000 83
20-01-22 11:12:43 Opt: FN -> 2
20-01-22 11:12:43 Tft: DRAV -> DY>Ok
20-01-22 11:12:45 Temp: XGS -> 0 0 1 1
20-01-22 11:12:45 Temp: XGT -> 1999 2000 83
20-01-22 11:12:45 Opt: FN -> 2
20-01-22 11:12:45 Tft: DRAV -> DY>Ok
20-01-22 11:12:47 Temp: XGS -> 0 0 1 1
20-01-22 11:12:47 Temp: XGT -> 2000 2000 82
20-01-22 11:12:47 Opt: FN -> 2
20-01-22 11:12:47 Tft: DRAV -> DY>Ok
20-01-22 11:12:48 Temp: XGS -> 0 0 1 1
20-01-22 11:12:48 Temp: XGT -> 2000 2000 82
20-01-22 11:12:48 Opt: FN -> 2
20-01-22 11:12:48 Tft: DRAV -> DY>Ok
20-01-22 11:12:50 Temp: XGS -> 0 0 1 1
20-01-22 11:12:50 Temp: XGT -> 2000 2000 82
20-01-22 11:12:50 Opt: FN -> 2
20-01-22 11:12:50 Tft: DRAV -> DY>Ok
20-01-22 11:12:52 Temp: XGS -> 0 0 1 1
20-01-22 11:12:52 Temp: XGT -> 2000 2000 82
20-01-22 11:12:52 Opt: FN -> 2
20-01-22 11:12:52 Tft: DRAV -> DY>Ok
20-01-22 11:12:54 Temp: XGS -> 0 0 1 1
20-01-22 11:12:54 Temp: XGT -> 2000 2000 82
20-01-22 11:12:54 Opt: FN -> 2
20-01-22 11:12:54 Tft: DRAV -> DY>Ok
20-01-22 11:12:56 Temp: XGS -> 0 0 1 1
20-01-22 11:12:56 Temp: XGT -> 2000 2000 82
20-01-22 11:12:56 Opt: FN -> 2
20-01-22 11:12:56 Tft: DRAV -> DY>Ok
20-01-22 11:12:57 Temp: XGS -> 0 0 1 1
20-01-22 11:12:57 Temp: XGT -> 2000 2000 82
20-01-22 11:12:57 Opt: FN -> 2
20-01-22 11:12:57 Tft: DRAV -> DY>Ok
20-01-22 11:12:59 Temp: XGS -> 0 0 1 1
20-01-22 11:12:59 Temp: XGT -> 2000 2000 82
20-01-22 11:12:59 Opt: FN -> 2
20-01-22 11:12:59 Tft: DRAV -> DY>Ok
20-01-22 11:13:01 Temp: XGS -> 0 0 1 1
20-01-22 11:13:01 Temp: XGT -> 2000 2000 82
20-01-22 11:13:01 Opt: FN -> 2
20-01-22 11:13:01 Tft: DRAV -> DY>Ok
20-01-22 11:13:03 Temp: XGS -> 0 0 1 1
20-01-22 11:13:03 Temp: XGT -> 2000 2000 82
20-01-22 11:13:03 Opt: FN -> 2
20-01-22 11:13:03 Tft: DRAV -> DY>Ok
20-01-22 11:13:05 Temp: XGS -> 0 0 1 1
20-01-22 11:13:05 Temp: XGT -> 2000 2000 82
20-01-22 11:13:05 Opt: FN -> 2
20-01-22 11:13:05 Tft: DRAV -> DY>Ok
20-01-22 11:13:06 Temp: XGS -> 0 0 1 1
20-01-22 11:13:06 Temp: XGT -> 2000 2000 82
20-01-22 11:13:07 Opt: FN -> 2
20-01-22 11:13:07 Tft: DRAV -> DY>Ok
20-01-22 11:13:08 Temp: XGS -> 0 0 1 1
20-01-22 11:13:08 Temp: XGT -> 2000 2000 82
20-01-22 11:13:08 Opt: FN -> 2
20-01-22 11:13:08 Tft: DRAV -> DY>Ok
20-01-22 11:13:10 Temp: XGS -> 0 0 1 1
20-01-22 11:13:10 Temp: XGT -> 2000 2000 82
20-01-22 11:13:10 Opt: FN -> 2
20-01-22 11:13:10 Tft: DRAV -> DY>Ok
20-01-22 11:13:12 Temp: XGS -> 0 0 1 1
20-01-22 11:13:12 Temp: XGT -> 2000 2000 82
20-01-22 11:13:12 Opt: FN -> 2
20-01-22 11:13:12 Tft: DRAV -> DY>Ok
20-01-22 11:13:14 Temp: XGS -> 0 0 1 1
20-01-22 11:13:14 Temp: XGT -> 2000 2000 82
20-01-22 11:13:14 Opt: FN -> 2
20-01-22 11:13:14 Tft: DRAV -> DY>Ok
20-01-22 11:13:16 Temp: XGS -> 0 0 1 1
20-01-22 11:13:16 Temp: XGT -> 2000 2000 82
20-01-22 11:13:16 Opt: FN -> 2
20-01-22 11:13:16 Tft: DRAV -> DY>Ok
20-01-22 11:13:17 Temp: XGS -> 0 0 1 1
20-01-22 11:13:17 Temp: XGT -> 2000 2000 82
20-01-22 11:13:17 Opt: FN -> 2
20-01-22 11:13:17 Tft: DRAV -> DY>Ok
20-01-22 11:13:19 Temp: XGS -> 0 0 1 1
20-01-22 11:13:19 Temp: XGT -> 2000 2000 82
20-01-22 11:13:19 Opt: FN -> 2
20-01-22 11:13:19 Tft: DRAV -> DY>Ok
20-01-22 11:21:34 Opt: PRDS 1048 -> 0
20-01-22 11:21:34 Error! Opt: CRYC -> ???
20-01-22 11:21:34 Error! Opt: CRYC -> ???
20-01-22 11:21:35 Temp: XGS -> 0 0 1 1
20-01-22 11:21:35 Temp: XGT -> 1999 1999 84
20-01-22 11:21:35 Opt: FN -> 2
20-01-22 11:21:35 Tft: DRAV -> DY>Ok
20-01-22 11:21:36 Temp: XGS -> 0 0 1 1
20-01-22 11:21:37 Temp: XGT -> 1999 1999 84
20-01-22 11:21:37 Opt: FN -> 2
20-01-22 11:21:37 Tft: DRAV -> DY>Ok
20-01-22 11:21:38 Temp: XGS -> 0 0 1 1
20-01-22 11:21:38 Temp: XGT -> 1999 1999 84
20-01-22 11:21:38 Opt: FN -> 2
20-01-22 11:21:38 Tft: DRAV -> DY>Ok
20-01-22 11:21:40 Temp: XGS -> 0 0 1 1
20-01-22 11:21:40 Temp: XGT -> 1999 1999 84
20-01-22 11:21:40 Opt: FN -> 2
20-01-22 11:21:40 Tft: DRAV -> DY>Ok
20-01-22 11:21:42 Temp: XGS -> 0 0 1 1
20-01-22 11:21:42 Temp: XGT -> 1998 1999 85
20-01-22 11:21:42 Opt: FN -> 2
20-01-22 11:21:42 Tft: DRAV -> DY>Ok
20-01-22 11:21:44 Temp: XGS -> 0 0 1 1
20-01-22 11:21:44 Temp: XGT -> 1998 1998 86
20-01-22 11:21:44 Opt: FN -> 2
20-01-22 11:21:44 Tft: DRAV -> DY>Ok
20-01-22 11:21:46 Temp: XGS -> 0 0 1 1
20-01-22 11:21:46 Temp: XGT -> 1998 1998 86
20-01-22 11:21:46 Opt: FN -> 2
20-01-22 11:21:46 Tft: DRAV -> DY>Ok
20-01-22 11:21:47 Temp: XGS -> 0 0 1 1
20-01-22 11:21:47 Temp: XGT -> 1998 1998 86
20-01-22 11:21:47 Opt: FN -> 2
20-01-22 11:21:47 Tft: DRAV -> DY>Ok
20-01-22 11:21:49 Temp: XGS -> 0 0 1 1
20-01-22 11:21:49 Temp: XGT -> 1998 1998 86
20-01-22 11:21:49 Opt: FN -> 2
20-01-22 11:21:49 Tft: DRAV -> DY>Ok
20-01-22 11:21:51 Temp: XGS -> 0 0 1 1
20-01-22 11:21:51 Temp: XGT -> 1998 1998 86
20-01-22 11:21:51 Opt: FN -> 2
20-01-22 11:21:51 Tft: DRAV -> DY>Ok
20-01-22 11:21:53 Temp: XGS -> 0 0 1 1
20-01-22 11:21:53 Temp: XGT -> 1999 1998 85
20-01-22 11:21:53 Opt: FN -> 2
20-01-22 11:21:53 Tft: DRAV -> DY>Ok
20-01-22 11:21:55 Temp: XGS -> 0 0 1 1
20-01-22 11:21:55 Temp: XGT -> 1999 1998 85
20-01-22 11:21:55 Opt: FN -> 2
20-01-22 11:21:55 Tft: DRAV -> DY>Ok
20-01-22 11:21:56 Temp: XGS -> 0 0 1 1
20-01-22 11:21:56 Temp: XGT -> 1999 1999 84
20-01-22 11:21:56 Opt: FN -> 2
20-01-22 11:21:56 Tft: DRAV -> DY>Ok
20-01-22 11:21:58 Temp: XGS -> 0 0 1 1
20-01-22 11:21:58 Temp: XGT -> 1999 1999 84
20-01-22 11:21:58 Opt: FN -> 2
20-01-22 11:21:58 Tft: DRAV -> DY>Ok
20-01-22 11:22:00 Temp: XGS -> 0 0 1 1
20-01-22 11:22:00 Temp: XGT -> 1999 1999 84
20-01-22 11:22:00 Opt: FN -> 2
20-01-22 11:22:00 Tft: DRAV -> DY>Ok
20-01-22 11:22:02 Temp: XGS -> 0 0 1 1
20-01-22 11:22:02 Temp: XGT -> 1999 1999 84
20-01-22 11:22:02 Opt: FN -> 2
20-01-22 11:22:02 Tft: DRAV -> DY>Ok
20-01-22 11:22:04 Temp: XGS -> 0 0 1 1
20-01-22 11:22:04 Temp: XGT -> 1999 1999 84
20-01-22 11:22:04 Opt: FN -> 2
20-01-22 11:22:04 Tft: DRAV -> DY>Ok
20-01-22 11:22:05 Temp: XGS -> 0 0 1 1
20-01-22 11:22:06 Temp: XGT -> 1999 2000 83
20-01-22 11:22:06 Opt: FN -> 2
20-01-22 11:22:06 Tft: DRAV -> DY>Ok
20-01-22 11:22:07 Temp: XGS -> 0 0 1 1
20-01-22 11:22:07 Temp: XGT -> 1999 2000 83
20-01-22 11:22:07 Opt: FN -> 2
20-01-22 11:22:07 Tft: DRAV -> DY>Ok
20-01-22 11:22:09 Temp: XGS -> 0 0 1 1
20-01-22 11:22:09 Temp: XGT -> 1999 2000 83
20-01-22 11:22:09 Opt: FN -> 2
20-01-22 11:22:09 Tft: DRAV -> DY>Ok
20-01-22 11:22:11 Temp: XGS -> 0 0 1 1
20-01-22 11:22:11 Temp: XGT -> 2000 2000 82
20-01-22 11:22:11 Opt: FN -> 2
20-01-22 11:22:11 Tft: DRAV -> DY>Ok
20-01-22 11:22:13 Temp: XGS -> 0 0 1 1
20-01-22 11:22:13 Temp: XGT -> 2000 2000 82
20-01-22 11:22:13 Opt: FN -> 2
20-01-22 11:22:13 Tft: DRAV -> DY>Ok
20-01-22 11:22:15 Temp: XGS -> 0 0 1 1
20-01-22 11:22:15 Temp: XGT -> 2000 2000 82
20-01-22 11:22:15 Opt: FN -> 2
20-01-22 11:22:15 Tft: DRAV -> DY>Ok
20-01-22 11:22:16 Temp: XGS -> 0 0 1 1
20-01-22 11:22:16 Temp: XGT -> 2000 2000 82
20-01-22 11:22:16 Opt: FN -> 2
20-01-22 11:22:16 Tft: DRAV -> DY>Ok
20-01-22 11:22:18 Temp: XGS -> 0 0 1 1
20-01-22 11:22:18 Temp: XGT -> 2000 2000 82
20-01-22 11:22:18 Opt: FN -> 2
20-01-22 11:22:18 Tft: DRAV -> DY>Ok
20-01-22 11:22:20 Temp: XGS -> 0 0 1 1
20-01-22 11:22:20 Temp: XGT -> 2000 2000 82
20-01-22 11:22:20 Opt: FN -> 2
20-01-22 11:22:20 Tft: DRAV -> DY>Ok
20-01-22 11:22:22 Temp: XGS -> 0 0 1 1
20-01-22 11:22:22 Temp: XGT -> 2000 2000 82
20-01-22 11:22:22 Opt: FN -> 2
20-01-22 11:22:22 Tft: DRAV -> DY>Ok
20-01-22 11:22:24 Temp: XGS -> 0 0 1 1
20-01-22 11:22:24 Temp: XGT -> 2000 2000 82
20-01-22 11:22:24 Opt: FN -> 2
20-01-22 11:22:24 Tft: DRAV -> DY>Ok
20-01-22 11:28:07 Opt: PRDS 1048 -> 0
20-01-22 11:28:07 Error! Opt: CRYC -> ???
20-01-22 11:28:08 Error! Opt: CRYC -> ???
20-01-22 11:28:08 Temp: XGS -> 0 0 1 1
20-01-22 11:28:08 Temp: XGT -> 2000 2000 82
20-01-22 11:28:08 Opt: FN -> 2
20-01-22 11:28:08 Tft: DRAV -> DY>Ok
20-01-22 11:28:10 Temp: XGS -> 0 0 1 1
20-01-22 11:28:10 Temp: XGT -> 2000 2000 82
20-01-22 11:28:10 Opt: FN -> 2
20-01-22 11:28:10 Tft: DRAV -> DY>Ok
20-01-22 11:28:12 Temp: XGS -> 0 0 1 1
20-01-22 11:28:12 Temp: XGT -> 2000 2000 82
20-01-22 11:28:12 Opt: FN -> 2
20-01-22 11:28:12 Tft: DRAV -> DY>Ok
20-01-22 11:28:14 Temp: XGS -> 0 0 1 1
20-01-22 11:28:14 Temp: XGT -> 2000 2000 82
20-01-22 11:28:14 Opt: FN -> 2
20-01-22 11:28:14 Tft: DRAV -> DY>Ok
20-01-22 11:28:15 Temp: XGS -> 0 0 1 1
20-01-22 11:28:15 Temp: XGT -> 2000 2000 82
20-01-22 11:28:15 Opt: FN -> 2
20-01-22 11:28:15 Tft: DRAV -> DY>Ok
20-01-22 11:28:17 Temp: XGS -> 0 0 1 1
20-01-22 11:28:17 Temp: XGT -> 2000 2000 82
20-01-22 11:28:17 Opt: FN -> 2
20-01-22 11:28:17 Tft: DRAV -> DY>Ok
20-01-22 11:28:19 Temp: XGS -> 0 0 1 1
20-01-22 11:28:19 Temp: XGT -> 2000 2000 82
20-01-22 11:28:19 Opt: FN -> 2
20-01-22 11:28:19 Tft: DRAV -> DY>Ok
20-01-22 11:28:21 Temp: XGS -> 0 0 1 1
20-01-22 11:28:21 Temp: XGT -> 2000 2000 82
20-01-22 11:28:21 Opt: FN -> 2
20-01-22 11:28:21 Tft: DRAV -> DY>Ok
20-01-22 11:28:23 Temp: XGS -> 0 0 1 1
20-01-22 11:28:23 Temp: XGT -> 2000 2000 82
20-01-22 11:28:23 Opt: FN -> 2
20-01-22 11:28:23 Tft: DRAV -> DY>Ok
20-01-22 11:28:24 Temp: XGS -> 0 0 1 1
20-01-22 11:28:24 Temp: XGT -> 2000 2000 82
20-01-22 11:28:24 Opt: FN -> 2
20-01-22 11:28:25 Tft: DRAV -> DY>Ok
20-01-22 11:28:26 Temp: XGS -> 0 0 1 1
20-01-22 11:28:26 Temp: XGT -> 2000 2000 82
20-01-22 11:28:26 Opt: FN -> 2
20-01-22 11:28:26 Tft: DRAV -> DY>Ok
20-01-22 11:28:28 Temp: XGS -> 0 0 1 1
20-01-22 11:28:28 Temp: XGT -> 2000 2000 82
20-01-22 11:28:28 Opt: FN -> 2
20-01-22 11:28:28 Tft: DRAV -> DY>Ok
20-01-22 11:28:30 Temp: XGS -> 0 0 1 1
20-01-22 11:28:30 Temp: XGT -> 2000 2000 82
20-01-22 11:28:30 Opt: FN -> 2
20-01-22 11:28:30 Tft: DRAV -> DY>Ok
20-01-22 11:28:32 Temp: XGS -> 0 0 1 1
20-01-22 11:28:32 Temp: XGT -> 2000 2000 82
20-01-22 11:28:32 Opt: FN -> 2
20-01-22 11:28:32 Tft: DRAV -> DY>Ok
20-01-22 11:28:34 Temp: XGS -> 0 0 1 1
20-01-22 11:28:34 Temp: XGT -> 2000 2000 82
20-01-22 11:28:34 Opt: FN -> 2
20-01-22 11:28:34 Tft: DRAV -> DY>Ok
20-01-22 11:28:35 Temp: XGS -> 0 0 1 1
20-01-22 11:28:35 Temp: XGT -> 2000 2000 82
20-01-22 11:28:35 Opt: FN -> 2
20-01-22 11:28:35 Tft: DRAV -> DY>Ok
20-01-22 11:28:37 Temp: XGS -> 0 0 1 1
20-01-22 11:28:37 Temp: XGT -> 1999 1999 84
20-01-22 11:28:37 Opt: FN -> 2
20-01-22 11:28:37 Tft: DRAV -> DY>Ok
20-01-22 11:28:39 Temp: XGS -> 0 0 1 1
20-01-22 11:28:39 Temp: XGT -> 1999 1999 84
20-01-22 11:28:39 Opt: FN -> 2
20-01-22 11:28:39 Tft: DRAV -> DY>Ok
20-01-22 11:28:41 Temp: XGS -> 0 0 1 1
20-01-22 11:28:41 Temp: XGT -> 1999 1999 84
20-01-22 11:28:41 Opt: FN -> 2
20-01-22 11:28:41 Tft: DRAV -> DY>Ok
20-01-22 11:28:43 Temp: XGS -> 0 0 1 1
20-01-22 11:28:43 Temp: XGT -> 1999 1999 84
20-01-22 11:28:43 Opt: FN -> 2
20-01-22 11:28:43 Tft: DRAV -> DY>Ok
20-01-22 11:28:44 Temp: XGS -> 0 0 1 1
20-01-22 11:28:44 Temp: XGT -> 1998 1998 86
20-01-22 11:28:44 Opt: FN -> 2
20-01-22 11:28:44 Tft: DRAV -> DY>Ok
20-01-22 11:28:46 Temp: XGS -> 0 0 1 1
20-01-22 11:28:46 Temp: XGT -> 1998 1998 86
20-01-22 11:28:46 Opt: FN -> 2
20-01-22 11:28:46 Tft: DRAV -> DY>Ok
20-01-22 11:28:48 Temp: XGS -> 0 0 1 1
20-01-22 11:28:48 Temp: XGT -> 1998 1998 86
20-01-22 11:28:48 Opt: FN -> 2
20-01-22 11:28:48 Tft: DRAV -> DY>Ok
20-01-22 11:28:50 Temp: XGS -> 0 0 1 1
20-01-22 11:28:50 Temp: XGT -> 1998 1998 86
20-01-22 11:28:50 Opt: FN -> 2
20-01-22 11:28:50 Tft: DRAV -> DY>Ok
20-01-22 11:28:52 Temp: XGS -> 0 0 1 1
20-01-22 11:28:52 Temp: XGT -> 1998 1998 86
20-01-22 11:28:52 Opt: FN -> 2
20-01-22 11:28:52 Tft: DRAV -> DY>Ok
20-01-22 11:28:53 Temp: XGS -> 0 0 1 1
20-01-22 11:28:53 Temp: XGT -> 1998 1998 86
20-01-22 11:28:53 Opt: FN -> 2
20-01-22 11:28:54 Tft: DRAV -> DY>Ok
20-01-22 11:28:55 Temp: XGS -> 0 0 1 1
20-01-22 11:28:55 Temp: XGT -> 1998 1998 86
20-01-22 11:28:55 Opt: FN -> 2
20-01-22 11:28:55 Tft: DRAV -> DY>Ok
20-01-22 11:28:57 Temp: XGS -> 0 0 1 1
20-01-22 11:28:57 Temp: XGT -> 1999 1999 84
20-01-22 11:28:57 Opt: FN -> 2
20-01-22 11:28:57 Tft: DRAV -> DY>Ok
20-01-22 11:28:59 Temp: XGS -> 0 0 1 1
20-01-22 11:28:59 Temp: XGT -> 1999 1999 84
20-01-22 11:28:59 Opt: FN -> 2
20-01-22 11:28:59 Tft: DRAV -> DY>Ok
20-01-22 11:29:01 Temp: XGS -> 0 0 1 1
20-01-22 11:29:01 Temp: XGT -> 1999 1999 84
20-01-22 11:29:01 Opt: FN -> 2
20-01-22 11:29:01 Tft: DRAV -> DY>Ok
20-01-22 11:29:03 Temp: XGS -> 0 0 1 1
20-01-22 11:29:03 Temp: XGT -> 1999 1999 84
20-01-22 11:29:03 Opt: FN -> 2
20-01-22 11:29:03 Tft: DRAV -> DY>Ok
20-01-22 11:29:04 Temp: XGS -> 0 0 1 1
20-01-22 11:29:04 Temp: XGT -> 1999 1999 84
20-01-22 11:29:04 Opt: FN -> 2
20-01-22 11:29:04 Tft: DRAV -> DY>Ok
20-01-22 11:29:06 Temp: XGS -> 0 0 1 1
20-01-22 11:29:06 Temp: XGT -> 1999 1999 84
20-01-22 11:29:06 Opt: FN -> 2
20-01-22 11:29:06 Tft: DRAV -> DY>Ok
20-01-22 11:29:08 Temp: XGS -> 0 0 1 1
20-01-22 11:29:08 Temp: XGT -> 1999 2000 83
20-01-22 11:29:08 Opt: FN -> 2
20-01-22 11:29:08 Tft: DRAV -> DY>Ok
20-01-22 11:29:10 Temp: XGS -> 0 0 1 1
20-01-22 11:29:10 Temp: XGT -> 1999 2000 83
20-01-22 11:29:10 Opt: FN -> 2
20-01-22 11:29:10 Tft: DRAV -> DY>Ok
20-01-22 11:29:12 Temp: XGS -> 0 0 1 1
20-01-22 11:29:12 Temp: XGT -> 1999 2000 83
20-01-22 11:29:12 Opt: FN -> 2
20-01-22 11:29:12 Tft: DRAV -> DY>Ok
20-01-22 11:29:13 Temp: XGS -> 0 0 1 1
20-01-22 11:29:13 Temp: XGT -> 2000 2000 82
20-01-22 11:29:13 Opt: FN -> 2
20-01-22 11:29:13 Tft: DRAV -> DY>Ok
20-01-22 11:29:15 Temp: XGS -> 0 0 1 1
20-01-22 11:29:15 Temp: XGT -> 2000 2000 82
20-01-22 11:29:15 Opt: FN -> 2
20-01-22 11:29:15 Tft: DRAV -> DY>Ok
20-01-22 11:29:17 Temp: XGS -> 0 0 1 1
20-01-22 11:29:17 Temp: XGT -> 2000 2000 82
20-01-22 11:29:17 Opt: FN -> 2
20-01-22 11:29:17 Tft: DRAV -> DY>Ok
20-01-22 11:29:19 Temp: XGS -> 0 0 1 1
20-01-22 11:29:19 Temp: XGT -> 2000 2000 82
20-01-22 11:29:19 Opt: FN -> 2
20-01-22 11:29:19 Tft: DRAV -> DY>Ok
20-01-22 11:29:21 Temp: XGS -> 0 0 1 1
20-01-22 11:29:21 Temp: XGT -> 2000 2000 82
20-01-22 11:29:21 Opt: FN -> 2
20-01-22 11:29:21 Tft: DRAV -> DY>Ok
20-01-22 11:29:22 Temp: XGS -> 0 0 1 1
20-01-22 11:29:22 Temp: XGT -> 2000 2000 82
20-01-22 11:29:22 Opt: FN -> 2
20-01-22 11:29:23 Tft: DRAV -> DY>Ok
20-01-22 11:29:24 Temp: XGS -> 0 0 1 1
20-01-22 11:29:24 Temp: XGT -> 2000 2000 82
20-01-22 11:29:24 Opt: FN -> 2
20-01-22 11:29:24 Tft: DRAV -> DY>Ok
20-01-22 11:29:26 Temp: XGS -> 0 0 1 1
20-01-22 11:29:26 Temp: XGT -> 2000 2000 82
20-01-22 11:29:26 Opt: FN -> 2
20-01-22 11:29:26 Tft: DRAV -> DY>Ok
20-01-22 11:29:28 Temp: XGS -> 0 0 1 1
20-01-22 11:29:28 Temp: XGT -> 2000 2000 82
20-01-22 11:29:28 Opt: FN -> 2
20-01-22 11:29:28 Tft: DRAV -> DY>Ok
20-01-22 11:29:30 Temp: XGS -> 0 0 1 1
20-01-22 11:29:30 Temp: XGT -> 2000 2000 82
20-01-22 11:29:30 Opt: FN -> 2
20-01-22 11:29:30 Tft: DRAV -> DY>Ok
20-01-22 11:29:32 Temp: XGS -> 0 0 1 1
20-01-22 11:29:32 Temp: XGT -> 2000 2000 82
20-01-22 11:29:32 Opt: FN -> 2
20-01-22 11:29:32 Tft: DRAV -> DY>Ok
20-01-22 11:29:33 Temp: XGS -> 0 0 1 1
20-01-22 11:29:33 Temp: XGT -> 2000 2000 82
20-01-22 11:29:33 Opt: FN -> 2
20-01-22 11:29:33 Tft: DRAV -> DY>Ok
20-01-22 11:29:35 Temp: XGS -> 0 0 1 1
20-01-22 11:29:35 Temp: XGT -> 2000 2000 82
20-01-22 11:29:35 Opt: FN -> 2
20-01-22 11:29:35 Tft: DRAV -> DY>Ok
20-01-22 11:29:37 Temp: XGS -> 0 0 1 1
20-01-22 11:29:37 Temp: XGT -> 2000 2000 82
20-01-22 11:29:37 Opt: FN -> 2
20-01-22 11:29:37 Tft: DRAV -> DY>Ok
20-01-22 11:29:39 Temp: XGS -> 0 0 1 1
20-01-22 11:29:39 Temp: XGT -> 2000 2000 82
20-01-22 11:29:39 Opt: FN -> 2
20-01-22 11:29:39 Tft: DRAV -> DY>Ok
20-01-22 11:29:41 Temp: XGS -> 0 0 1 1
20-01-22 11:29:41 Temp: XGT -> 2000 2000 82
20-01-22 11:29:41 Opt: FN -> 2
20-01-22 11:29:41 Tft: DRAV -> DY>Ok
20-01-22 11:29:42 Temp: XGS -> 0 0 1 1
20-01-22 11:29:42 Temp: XGT -> 2000 2000 82
20-01-22 11:29:42 Opt: FN -> 2
20-01-22 11:29:42 Tft: DRAV -> DY>Ok
20-01-22 11:29:44 Temp: XGS -> 0 0 1 1
20-01-22 11:29:44 Temp: XGT -> 2000 2000 82
20-01-22 11:29:44 Opt: FN -> 2
20-01-22 11:29:44 Tft: DRAV -> DY>Ok
20-01-22 11:29:46 Temp: XGS -> 0 0 1 1
20-01-22 11:29:46 Temp: XGT -> 2000 1999 83
20-01-22 11:29:46 Opt: FN -> 2
20-01-22 11:29:46 Tft: DRAV -> DY>Ok
20-01-22 11:29:48 Temp: XGS -> 0 0 1 1
20-01-22 11:29:48 Temp: XGT -> 1999 1999 84
20-01-22 11:29:48 Opt: FN -> 2
20-01-22 11:29:48 Tft: DRAV -> DY>Ok
20-01-22 11:29:50 Temp: XGS -> 0 0 1 1
20-01-22 11:29:50 Temp: XGT -> 1999 1999 84
20-01-22 11:29:50 Opt: FN -> 2
20-01-22 11:29:50 Tft: DRAV -> DY>Ok
20-01-22 11:29:51 Temp: XGS -> 0 0 1 1
20-01-22 11:29:51 Temp: XGT -> 1999 1999 84
20-01-22 11:29:51 Opt: FN -> 2
20-01-22 11:29:52 Tft: DRAV -> DY>Ok
20-01-22 11:29:53 Temp: XGS -> 0 0 1 1
20-01-22 11:29:53 Temp: XGT -> 1999 1999 84
20-01-22 11:29:53 Opt: FN -> 2
20-01-22 11:29:53 Tft: DRAV -> DY>Ok
20-01-22 11:29:55 Temp: XGS -> 0 0 1 1
20-01-22 11:29:55 Temp: XGT -> 1998 1999 85
20-01-22 11:29:55 Opt: FN -> 2
20-01-22 11:29:55 Tft: DRAV -> DY>Ok
20-01-22 11:29:57 Temp: XGS -> 0 0 1 1
20-01-22 11:29:57 Temp: XGT -> 1998 1998 86
20-01-22 11:29:57 Opt: FN -> 2
20-01-22 11:29:57 Tft: DRAV -> DY>Ok
20-01-22 11:29:59 Temp: XGS -> 0 0 1 1
20-01-22 11:29:59 Temp: XGT -> 1998 1998 86
20-01-22 11:29:59 Opt: FN -> 2
20-01-22 11:29:59 Tft: DRAV -> DY>Ok
20-01-22 11:30:01 Temp: XGS -> 0 0 1 1
20-01-22 11:30:01 Temp: XGT -> 1998 1998 86
20-01-22 11:30:01 Opt: FN -> 2
20-01-22 11:30:01 Tft: DRAV -> DY>Ok
20-01-22 11:30:02 Temp: XGS -> 0 0 1 1
20-01-22 11:30:02 Temp: XGT -> 1998 1998 86
20-01-22 11:30:02 Opt: FN -> 2
20-01-22 11:30:02 Tft: DRAV -> DY>Ok
20-01-22 11:30:04 Temp: XGS -> 0 0 1 1
20-01-22 11:30:04 Temp: XGT -> 1998 1998 86
20-01-22 11:30:04 Opt: FN -> 2
20-01-22 11:30:04 Tft: DRAV -> DY>Ok
20-01-22 11:30:06 Temp: XGS -> 0 0 1 1
20-01-22 11:30:06 Temp: XGT -> 1999 1998 85
20-01-22 11:30:06 Opt: FN -> 2
20-01-22 11:30:06 Tft: DRAV -> DY>Ok
20-01-22 11:30:08 Temp: XGS -> 0 0 1 1
20-01-22 11:30:08 Temp: XGT -> 1999 1999 84
20-01-22 11:30:08 Opt: FN -> 2
20-01-22 11:30:08 Tft: DRAV -> DY>Ok
20-01-22 11:30:10 Temp: XGS -> 0 0 1 1
20-01-22 11:30:10 Temp: XGT -> 1999 1999 84
20-01-22 11:30:10 Opt: FN -> 2
20-01-22 11:30:10 Tft: DRAV -> DY>Ok
20-01-22 11:30:11 Temp: XGS -> 0 0 1 1
20-01-22 11:30:11 Temp: XGT -> 1999 1999 84
20-01-22 11:30:11 Opt: FN -> 2
20-01-22 11:30:11 Tft: DRAV -> DY>Ok
20-01-22 11:30:13 Temp: XGS -> 0 0 1 1
20-01-22 11:30:13 Temp: XGT -> 1999 1999 84
20-01-22 11:30:13 Opt: FN -> 2
20-01-22 11:30:13 Tft: DRAV -> DY>Ok
20-01-22 11:30:15 Temp: XGS -> 0 0 1 1
20-01-22 11:30:15 Temp: XGT -> 1999 1999 84
20-01-22 11:30:15 Opt: FN -> 2
20-01-22 11:30:15 Tft: DRAV -> DY>Ok
20-01-22 11:30:17 Temp: XGS -> 0 0 1 1
20-01-22 11:30:17 Temp: XGT -> 1999 1999 84
20-01-22 11:30:17 Opt: FN -> 2
20-01-22 11:30:17 Tft: DRAV -> DY>Ok
20-01-22 11:30:19 Temp: XGS -> 0 0 1 1
20-01-22 11:30:19 Temp: XGT -> 1999 2000 83
20-01-22 11:30:19 Opt: FN -> 2
20-01-22 11:30:19 Tft: DRAV -> DY>Ok
20-01-22 11:30:20 Temp: XGS -> 0 0 1 1
20-01-22 11:30:20 Temp: XGT -> 1999 2000 83
20-01-22 11:30:20 Opt: FN -> 2
20-01-22 11:30:21 Tft: DRAV -> DY>Ok
20-01-22 11:30:22 Temp: XGS -> 0 0 1 1
20-01-22 11:30:22 Temp: XGT -> 2000 2000 82
20-01-22 11:30:22 Opt: FN -> 2
20-01-22 11:30:22 Tft: DRAV -> DY>Ok
20-01-22 11:30:24 Temp: XGS -> 0 0 1 1
20-01-22 11:30:24 Temp: XGT -> 2000 2000 82
20-01-22 11:30:24 Opt: FN -> 2
20-01-22 11:30:24 Tft: DRAV -> DY>Ok
20-01-22 11:30:26 Temp: XGS -> 0 0 1 1
20-01-22 11:30:26 Temp: XGT -> 2000 2000 82
20-01-22 11:30:26 Opt: FN -> 2
20-01-22 11:30:26 Tft: DRAV -> DY>Ok
20-01-22 11:30:28 Temp: XGS -> 0 0 1 1
20-01-22 11:30:28 Temp: XGT -> 2000 2000 82
20-01-22 11:30:28 Opt: FN -> 2
20-01-22 11:30:28 Tft: DRAV -> DY>Ok
20-01-22 11:30:30 Temp: XGS -> 0 0 1 1
20-01-22 11:30:30 Temp: XGT -> 2000 2000 82
20-01-22 11:30:30 Opt: FN -> 2
20-01-22 11:30:30 Tft: DRAV -> DY>Ok
20-01-22 11:30:31 Temp: XGS -> 0 0 1 1
20-01-22 11:30:31 Temp: XGT -> 2000 2000 82
20-01-22 11:30:31 Opt: FN -> 2
20-01-22 11:30:31 Tft: DRAV -> DY>Ok
20-01-22 11:30:33 Temp: XGS -> 0 0 1 1
20-01-22 11:30:33 Temp: XGT -> 2000 2000 82
20-01-22 11:30:33 Opt: FN -> 2
20-01-22 11:30:33 Tft: DRAV -> DY>Ok
20-01-22 11:30:35 Temp: XGS -> 0 0 1 1
