20-01-22 11:59:05 --> InfoData
20-01-22 11:59:05 <-- InfoData
20-01-22 11:59:06 --> InfoData
20-01-22 11:59:06 <-- InfoData
20-01-22 11:59:07 --> InfoData
20-01-22 11:59:07 <-- InfoData
20-01-22 11:59:08 --> InfoData
20-01-22 11:59:08 <-- InfoData
20-01-22 11:59:09 --> InfoData
20-01-22 11:59:09 <-- InfoData
20-01-22 11:59:10 --> InfoData
20-01-22 11:59:10 <-- InfoData
20-01-22 11:59:11 --> InfoData
20-01-22 11:59:11 <-- InfoData
20-01-22 11:59:12 --> InfoData
20-01-22 11:59:12 <-- InfoData
20-01-22 11:59:13 --> InfoData
20-01-22 11:59:13 <-- InfoData
20-01-22 11:59:14 --> InfoData
20-01-22 11:59:14 <-- InfoData
20-01-22 11:59:15 --> InfoData
20-01-22 11:59:15 <-- InfoData
20-01-22 11:59:16 --> InfoData
20-01-22 11:59:16 <-- InfoData
20-01-22 11:59:17 The remote host is closed.
20-01-22 12:00:29 Get request on connection from remote host wit IP: ::ffff:127.0.0.1
20-01-22 12:00:29 <-- ISCONNECTED
20-01-22 12:00:29 The remote host is closed.
20-01-22 12:00:31 Get request on connection from remote host wit IP: ::ffff:127.0.0.1
20-01-22 12:00:31 <-- ISCONNECTED
20-01-22 12:00:32 --> InfoDevice
20-01-22 12:00:32 <-- InfoDevice
20-01-22 12:00:32 --> sector_read
20-01-22 12:00:32 --> CRYPTO_REQUEST
20-01-22 12:00:32 <-- sector_read
20-01-22 12:00:32 <-- CRYPTO_REQUEST
20-01-22 12:00:33 --> InfoData
20-01-22 12:00:33 <-- InfoData
20-01-22 12:00:34 --> InfoData
20-01-22 12:00:34 <-- InfoData
20-01-22 12:00:35 --> InfoData
20-01-22 12:00:35 <-- InfoData
20-01-22 12:00:36 --> InfoData
20-01-22 12:00:36 <-- InfoData
20-01-22 12:00:37 --> InfoData
20-01-22 12:00:37 <-- InfoData
20-01-22 12:00:38 --> InfoData
20-01-22 12:00:38 <-- InfoData
20-01-22 12:00:39 --> InfoData
20-01-22 12:00:39 <-- InfoData
20-01-22 12:00:40 --> InfoData
20-01-22 12:00:40 <-- InfoData
20-01-22 12:00:41 --> InfoData
20-01-22 12:00:41 <-- InfoData
20-01-22 12:00:42 --> InfoData
20-01-22 12:00:42 <-- InfoData
20-01-22 12:00:43 --> InfoData
20-01-22 12:00:43 <-- InfoData
20-01-22 12:00:44 --> InfoData
20-01-22 12:00:44 <-- InfoData
20-01-22 12:00:45 --> InfoData
20-01-22 12:00:45 <-- InfoData
20-01-22 12:00:46 --> InfoData
20-01-22 12:00:46 <-- InfoData
20-01-22 12:00:47 --> InfoData
20-01-22 12:00:47 <-- InfoData
20-01-22 12:00:48 --> InfoData
20-01-22 12:00:48 <-- InfoData
20-01-22 12:00:49 --> InfoData
20-01-22 12:00:49 <-- InfoData
20-01-22 12:00:50 --> InfoData
20-01-22 12:00:50 <-- InfoData
20-01-22 12:00:51 --> InfoData
20-01-22 12:00:51 <-- InfoData
20-01-22 12:00:52 --> InfoData
20-01-22 12:00:52 <-- InfoData
20-01-22 12:00:53 --> InfoData
20-01-22 12:00:53 <-- InfoData
20-01-22 12:00:54 --> InfoData
20-01-22 12:00:54 <-- InfoData
20-01-22 12:00:55 --> InfoData
20-01-22 12:00:55 <-- InfoData
20-01-22 12:00:56 --> InfoData
20-01-22 12:00:56 <-- InfoData
20-01-22 12:00:57 --> InfoData
20-01-22 12:00:57 <-- InfoData
20-01-22 12:00:58 --> InfoData
20-01-22 12:00:58 <-- InfoData
20-01-22 12:00:59 --> InfoData
20-01-22 12:00:59 <-- InfoData
20-01-22 12:01:00 --> InfoData
20-01-22 12:01:00 <-- InfoData
20-01-22 12:01:01 --> InfoData
20-01-22 12:01:01 <-- InfoData
20-01-22 12:01:02 --> InfoData
20-01-22 12:01:02 <-- InfoData
20-01-22 12:01:03 --> InfoData
20-01-22 12:01:03 <-- InfoData
20-01-22 12:01:04 --> InfoData
20-01-22 12:01:04 <-- InfoData
20-01-22 12:01:05 --> InfoData
20-01-22 12:01:05 <-- InfoData
20-01-22 12:01:06 --> InfoData
20-01-22 12:01:06 <-- InfoData
20-01-22 12:01:07 --> InfoData
20-01-22 12:01:07 <-- InfoData
20-01-22 12:01:08 --> InfoData
20-01-22 12:01:08 <-- InfoData
20-01-22 12:01:09 --> InfoData
20-01-22 12:01:09 <-- InfoData
20-01-22 12:01:10 --> InfoData
20-01-22 12:01:10 <-- InfoData
20-01-22 12:01:11 --> InfoData
20-01-22 12:01:11 <-- InfoData
20-01-22 12:01:12 --> InfoData
20-01-22 12:01:12 <-- InfoData
20-01-22 12:01:13 --> InfoData
20-01-22 12:01:13 <-- InfoData
20-01-22 12:01:14 --> InfoData
20-01-22 12:01:14 <-- InfoData
20-01-22 12:01:15 --> InfoData
20-01-22 12:01:15 <-- InfoData
20-01-22 12:01:16 --> InfoData
20-01-22 12:01:16 <-- InfoData
20-01-22 12:01:17 --> InfoData
20-01-22 12:01:17 <-- InfoData
20-01-22 12:01:18 --> InfoData
20-01-22 12:01:18 <-- InfoData
20-01-22 12:01:19 --> InfoData
20-01-22 12:01:19 <-- InfoData
20-01-22 12:01:20 --> InfoData
20-01-22 12:01:20 <-- InfoData
20-01-22 12:01:21 --> InfoData
20-01-22 12:01:21 <-- InfoData
20-01-22 12:01:22 --> InfoData
20-01-22 12:01:22 <-- InfoData
20-01-22 12:01:23 --> InfoData
20-01-22 12:01:23 <-- InfoData
20-01-22 12:01:24 --> InfoData
20-01-22 12:01:24 <-- InfoData
20-01-22 12:01:25 --> InfoData
20-01-22 12:01:25 <-- InfoData
20-01-22 12:01:26 --> InfoData
20-01-22 12:01:26 <-- InfoData
20-01-22 12:01:27 --> InfoData
20-01-22 12:01:27 <-- InfoData
20-01-22 12:01:28 --> InfoData
20-01-22 12:01:28 <-- InfoData
20-01-22 12:01:29 --> InfoData
20-01-22 12:01:29 <-- InfoData
20-01-22 12:01:30 --> InfoData
20-01-22 12:01:30 <-- InfoData
20-01-22 12:01:31 --> InfoData
20-01-22 12:01:31 <-- InfoData
20-01-22 12:01:32 --> InfoData
20-01-22 12:01:32 <-- InfoData
20-01-22 12:01:33 --> InfoData
20-01-22 12:01:33 <-- InfoData
20-01-22 12:01:34 --> InfoData
20-01-22 12:01:34 <-- InfoData
20-01-22 12:01:35 --> InfoData
20-01-22 12:01:35 <-- InfoData
20-01-22 12:01:36 --> InfoData
20-01-22 12:01:36 <-- InfoData
20-01-22 12:01:38 --> InfoData
20-01-22 12:01:38 <-- InfoData
20-01-22 12:01:39 --> InfoData
20-01-22 12:01:39 <-- InfoData
20-01-22 12:01:40 --> InfoData
20-01-22 12:01:40 <-- InfoData
20-01-22 12:01:41 The remote host is closed.
20-01-22 12:02:49 Get request on connection from remote host wit IP: ::ffff:127.0.0.1
20-01-22 12:02:49 <-- ISCONNECTED
20-01-22 12:02:49 The remote host is closed.
20-01-22 12:02:51 Get request on connection from remote host wit IP: ::ffff:127.0.0.1
20-01-22 12:02:51 <-- ISCONNECTED
20-01-22 12:02:52 --> InfoDevice
20-01-22 12:02:52 <-- InfoDevice
20-01-22 12:02:52 --> sector_read
20-01-22 12:02:52 --> CRYPTO_REQUEST
20-01-22 12:02:52 <-- sector_read
20-01-22 12:02:52 <-- CRYPTO_REQUEST
20-01-22 12:02:53 --> InfoData
20-01-22 12:02:53 <-- InfoData
20-01-22 12:02:54 --> InfoData
20-01-22 12:02:54 <-- InfoData
20-01-22 12:02:55 --> InfoData
20-01-22 12:02:55 <-- InfoData
20-01-22 12:02:56 --> InfoData
20-01-22 12:02:56 <-- InfoData
20-01-22 12:02:57 --> InfoData
20-01-22 12:02:57 <-- InfoData
20-01-22 12:02:58 --> InfoData
20-01-22 12:02:58 <-- InfoData
20-01-22 12:02:59 --> InfoData
20-01-22 12:02:59 <-- InfoData
20-01-22 12:03:00 --> InfoData
20-01-22 12:03:00 <-- InfoData
20-01-22 12:03:01 --> InfoData
20-01-22 12:03:01 <-- InfoData
20-01-22 12:03:02 --> InfoData
20-01-22 12:03:02 <-- InfoData
20-01-22 12:03:03 --> InfoData
20-01-22 12:03:03 <-- InfoData
20-01-22 12:03:04 --> InfoData
20-01-22 12:03:04 <-- InfoData
20-01-22 12:03:05 --> InfoData
20-01-22 12:03:05 <-- InfoData
20-01-22 12:03:06 --> InfoData
20-01-22 12:03:06 <-- InfoData
20-01-22 12:03:07 --> InfoData
20-01-22 12:03:07 <-- InfoData
20-01-22 12:03:08 --> InfoData
20-01-22 12:03:08 <-- InfoData
20-01-22 12:03:09 --> InfoData
20-01-22 12:03:09 <-- InfoData
20-01-22 12:03:10 --> InfoData
20-01-22 12:03:10 <-- InfoData
20-01-22 12:03:11 --> InfoData
20-01-22 12:03:11 <-- InfoData
20-01-22 12:03:12 --> InfoData
20-01-22 12:03:12 <-- InfoData
20-01-22 12:03:13 --> InfoData
20-01-22 12:03:13 <-- InfoData
20-01-22 12:03:14 --> InfoData
20-01-22 12:03:14 <-- InfoData
20-01-22 12:03:15 --> InfoData
20-01-22 12:03:15 <-- InfoData
20-01-22 12:03:16 --> InfoData
20-01-22 12:03:16 <-- InfoData
20-01-22 12:03:17 --> InfoData
20-01-22 12:03:17 <-- InfoData
20-01-22 12:03:18 --> InfoData
20-01-22 12:03:18 <-- InfoData
20-01-22 12:03:19 --> InfoData
20-01-22 12:03:19 <-- InfoData
20-01-22 12:03:20 --> InfoData
20-01-22 12:03:20 <-- InfoData
20-01-22 12:03:21 --> InfoData
20-01-22 12:03:21 <-- InfoData
20-01-22 12:03:22 --> InfoData
20-01-22 12:03:22 <-- InfoData
20-01-22 12:03:23 --> InfoData
20-01-22 12:03:23 <-- InfoData
20-01-22 12:03:24 --> InfoData
20-01-22 12:03:24 <-- InfoData
20-01-22 12:03:28 --> InfoData
20-01-22 12:03:28 <-- InfoData
20-01-22 12:03:28 --> InfoData
20-01-22 12:03:28 <-- InfoData
20-01-22 12:03:28 The remote host is closed.
20-01-22 15:23:46 Get request on connection from remote host wit IP: ::ffff:127.0.0.1
20-01-22 15:23:46 <-- ISCONNECTED
20-01-22 15:23:46 The remote host is closed.
20-01-22 15:23:49 Get request on connection from remote host wit IP: ::ffff:127.0.0.1
20-01-22 15:23:49 <-- ISCONNECTED
20-01-22 15:23:50 --> InfoDevice
20-01-22 15:23:50 <-- InfoDevice
20-01-22 15:23:50 --> sector_read
20-01-22 15:23:50 --> CRYPTO_REQUEST
20-01-22 15:23:50 <-- sector_read
20-01-22 15:23:50 <-- CRYPTO_REQUEST
20-01-22 15:23:51 --> InfoData
20-01-22 15:23:51 <-- InfoData
20-01-22 15:23:52 --> InfoData
20-01-22 15:23:52 <-- InfoData
20-01-22 15:23:53 --> InfoData
20-01-22 15:23:53 <-- InfoData
20-01-22 15:23:54 --> InfoData
20-01-22 15:23:54 <-- InfoData
20-01-22 15:23:55 --> InfoData
20-01-22 15:23:55 <-- InfoData
20-01-22 15:23:56 --> InfoData
20-01-22 15:23:56 <-- InfoData
20-01-22 15:23:57 --> InfoData
20-01-22 15:23:57 <-- InfoData
20-01-22 15:23:58 --> InfoData
20-01-22 15:23:58 <-- InfoData
20-01-22 15:23:59 --> InfoData
20-01-22 15:23:59 <-- InfoData
20-01-22 15:24:00 --> InfoData
20-01-22 15:24:00 <-- InfoData
20-01-22 15:24:01 --> InfoData
20-01-22 15:24:01 <-- InfoData
20-01-22 15:24:02 --> InfoData
20-01-22 15:24:02 <-- InfoData
20-01-22 15:24:03 --> InfoData
20-01-22 15:24:03 <-- InfoData
20-01-22 15:24:04 --> InfoData
20-01-22 15:24:04 <-- InfoData
20-01-22 15:24:05 --> InfoData
20-01-22 15:24:05 <-- InfoData
20-01-22 15:24:06 --> InfoData
20-01-22 15:24:06 <-- InfoData
20-01-22 15:24:07 --> InfoData
20-01-22 15:24:07 <-- InfoData
20-01-22 15:24:08 --> InfoData
20-01-22 15:24:08 <-- InfoData
20-01-22 15:24:09 --> InfoData
20-01-22 15:24:09 <-- InfoData
20-01-22 15:24:10 --> InfoData
20-01-22 15:24:10 <-- InfoData
20-01-22 15:24:11 --> InfoData
20-01-22 15:24:11 <-- InfoData
20-01-22 15:24:12 --> InfoData
20-01-22 15:24:12 <-- InfoData
20-01-22 15:24:13 --> GETPIC
20-01-22 15:24:15 <-- GETPIC
20-01-22 15:24:15 --> InfoData
20-01-22 15:24:15 <-- InfoData
20-01-22 15:24:16 --> InfoData
20-01-22 15:24:16 <-- InfoData
20-01-22 15:24:17 --> InfoData
20-01-22 15:24:17 <-- InfoData
20-01-22 15:24:18 --> InfoData
20-01-22 15:24:18 <-- InfoData
20-01-22 15:24:19 --> InfoData
20-01-22 15:24:19 <-- InfoData
20-01-22 15:24:20 --> InfoData
20-01-22 15:24:20 <-- InfoData
20-01-22 15:24:21 --> GETPIC
20-01-22 15:24:22 <-- GETPIC
20-01-22 15:24:23 --> InfoData
20-01-22 15:24:23 <-- InfoData
20-01-22 15:24:24 --> InfoData
20-01-22 15:24:24 <-- InfoData
20-01-22 15:24:24 --> SAVEPAR
20-01-22 15:24:26 <-- SAVEPAR
20-01-22 15:24:26 --> sector_write
20-01-22 15:24:26 <-- sector_write
20-01-22 15:24:26 --> InfoDevice
20-01-22 15:24:26 <-- InfoDevice
20-01-22 15:24:26 --> sector_read
20-01-22 15:24:26 --> CRYPTO_REQUEST
20-01-22 15:24:26 <-- sector_read
20-01-22 15:24:26 <-- CRYPTO_REQUEST
20-01-22 15:24:27 --> InfoData
20-01-22 15:24:27 <-- InfoData
20-01-22 15:24:28 --> InfoData
20-01-22 15:24:28 <-- InfoData
20-01-22 15:24:29 --> InfoData
20-01-22 15:24:29 <-- InfoData
20-01-22 15:24:30 --> InfoData
20-01-22 15:24:30 <-- InfoData
20-01-22 15:24:31 --> InfoData
20-01-22 15:24:31 <-- InfoData
20-01-22 15:24:31 --> GETPIC
20-01-22 15:24:32 <-- GETPIC
20-01-22 15:24:32 --> InfoData
20-01-22 15:24:32 <-- InfoData
20-01-22 15:24:33 --> InfoData
20-01-22 15:24:33 <-- InfoData
20-01-22 15:24:34 --> InfoData
20-01-22 15:24:34 <-- InfoData
20-01-22 15:24:35 --> InfoData
20-01-22 15:24:35 <-- InfoData
20-01-22 15:24:36 --> InfoData
20-01-22 15:24:36 <-- InfoData
20-01-22 15:24:36 --> GETPIC
20-01-22 15:24:38 <-- GETPIC
20-01-22 15:24:39 --> InfoData
20-01-22 15:24:39 <-- InfoData
20-01-22 15:24:40 --> InfoData
20-01-22 15:24:40 <-- InfoData
20-01-22 15:24:41 --> InfoData
20-01-22 15:24:41 <-- InfoData
20-01-22 15:24:42 --> InfoData
20-01-22 15:24:42 <-- InfoData
20-01-22 15:24:43 --> InfoData
20-01-22 15:24:43 <-- InfoData
20-01-22 15:24:44 --> InfoData
20-01-22 15:24:44 <-- InfoData
20-01-22 15:24:45 --> InfoData
20-01-22 15:24:45 <-- InfoData
20-01-22 15:24:46 --> InfoData
20-01-22 15:24:46 <-- InfoData
20-01-22 15:24:47 --> InfoData
20-01-22 15:24:47 <-- InfoData
20-01-22 15:24:48 --> InfoData
20-01-22 15:24:48 <-- InfoData
20-01-22 15:24:49 --> InfoData
20-01-22 15:24:49 <-- InfoData
20-01-22 15:24:50 --> InfoData
20-01-22 15:24:50 <-- InfoData
20-01-22 15:24:51 --> InfoData
20-01-22 15:24:51 <-- InfoData
20-01-22 15:24:52 --> InfoData
20-01-22 15:24:52 <-- InfoData
20-01-22 15:24:53 --> InfoData
20-01-22 15:24:53 <-- InfoData
20-01-22 15:24:54 --> InfoData
20-01-22 15:24:54 <-- InfoData
20-01-22 15:24:55 --> InfoData
20-01-22 15:24:55 <-- InfoData
20-01-22 15:24:56 --> InfoData
20-01-22 15:24:56 <-- InfoData
20-01-22 15:24:57 --> InfoData
20-01-22 15:24:57 <-- InfoData
20-01-22 15:24:58 --> InfoData
20-01-22 15:24:58 <-- InfoData
20-01-22 15:24:59 --> InfoData
20-01-22 15:24:59 <-- InfoData
20-01-22 15:25:00 --> InfoData
20-01-22 15:25:00 <-- InfoData
20-01-22 15:25:01 --> InfoData
20-01-22 15:25:01 <-- InfoData
20-01-22 15:25:02 --> InfoData
20-01-22 15:25:02 <-- InfoData
20-01-22 15:25:03 --> InfoData
20-01-22 15:25:03 <-- InfoData
20-01-22 15:25:04 --> InfoData
20-01-22 15:25:04 <-- InfoData
20-01-22 15:25:05 --> InfoData
20-01-22 15:25:05 <-- InfoData
20-01-22 15:25:06 --> InfoData
20-01-22 15:25:06 <-- InfoData
20-01-22 15:25:07 The remote host is closed.
20-01-22 15:26:12 Get request on connection from remote host wit IP: ::ffff:127.0.0.1
20-01-22 15:26:12 <-- ISCONNECTED
20-01-22 15:26:12 The remote host is closed.
20-01-22 15:26:13 Get request on connection from remote host wit IP: ::ffff:127.0.0.1
20-01-22 15:26:13 <-- ISCONNECTED
20-01-22 15:26:14 --> InfoDevice
20-01-22 15:26:14 <-- InfoDevice
20-01-22 15:26:14 --> sector_read
20-01-22 15:26:14 --> CRYPTO_REQUEST
20-01-22 15:26:14 <-- sector_read
20-01-22 15:26:14 <-- CRYPTO_REQUEST
20-01-22 15:26:15 --> InfoData
20-01-22 15:26:15 <-- InfoData
20-01-22 15:26:16 --> InfoData
20-01-22 15:26:16 <-- InfoData
20-01-22 15:26:17 --> InfoData
20-01-22 15:26:17 <-- InfoData
20-01-22 15:26:18 --> InfoData
20-01-22 15:26:18 <-- InfoData
20-01-22 15:26:19 --> InfoData
20-01-22 15:26:19 <-- InfoData
20-01-22 15:26:20 --> InfoData
20-01-22 15:26:20 <-- InfoData
20-01-22 15:26:21 --> InfoData
20-01-22 15:26:21 <-- InfoData
20-01-22 15:26:22 --> InfoData
20-01-22 15:26:22 <-- InfoData
20-01-22 15:26:23 --> InfoData
20-01-22 15:26:23 <-- InfoData
20-01-22 15:26:24 --> InfoData
20-01-22 15:26:24 <-- InfoData
20-01-22 15:26:25 --> InfoData
20-01-22 15:26:25 <-- InfoData
20-01-22 15:26:25 --> GETPIC
20-01-22 15:26:27 <-- GETPIC
20-01-22 15:26:27 --> InfoData
20-01-22 15:26:27 <-- InfoData
20-01-22 15:26:28 --> InfoData
20-01-22 15:26:28 <-- InfoData
20-01-22 15:26:29 --> InfoData
20-01-22 15:26:29 <-- InfoData
20-01-22 15:26:30 --> InfoData
20-01-22 15:26:30 <-- InfoData
20-01-22 15:26:31 --> InfoData
20-01-22 15:26:31 <-- InfoData
20-01-22 15:26:32 --> InfoData
20-01-22 15:26:32 <-- InfoData
20-01-22 15:26:33 --> InfoData
20-01-22 15:26:33 <-- InfoData
20-01-22 15:26:34 --> InfoData
20-01-22 15:26:34 <-- InfoData
20-01-22 15:26:35 --> InfoData
20-01-22 15:26:35 <-- InfoData
20-01-22 15:26:36 --> InfoData
20-01-22 15:26:36 <-- InfoData
20-01-22 15:26:37 Get request on connection from remote host wit IP: ::ffff:127.0.0.1
20-01-22 15:26:37 The remote host can't connected. Server is busy of application with IP: ::ffff:127.0.0.1
20-01-22 15:26:37 <-- ISCONNECTED
20-01-22 15:26:37 The remote host is closed.
20-01-22 15:26:37 --> InfoData
20-01-22 15:26:37 <-- InfoData
20-01-22 15:26:38 --> InfoData
20-01-22 15:26:38 <-- InfoData
20-01-22 15:26:39 The remote host is closed.
20-01-22 15:26:40 Get request on connection from remote host wit IP: ::ffff:127.0.0.1
20-01-22 15:26:40 <-- ISCONNECTED
20-01-22 15:26:40 The remote host is closed.
20-01-22 15:26:42 Get request on connection from remote host wit IP: ::ffff:127.0.0.1
20-01-22 15:26:42 <-- ISCONNECTED
20-01-22 15:26:43 --> InfoDevice
20-01-22 15:26:43 <-- InfoDevice
20-01-22 15:26:43 --> sector_read
20-01-22 15:26:43 --> CRYPTO_REQUEST
20-01-22 15:26:43 <-- sector_read
20-01-22 15:26:43 <-- CRYPTO_REQUEST
20-01-22 15:26:44 --> InfoData
20-01-22 15:26:44 <-- InfoData
20-01-22 15:26:45 --> InfoData
20-01-22 15:26:45 <-- InfoData
20-01-22 15:26:46 --> InfoData
20-01-22 15:26:46 <-- InfoData
20-01-22 15:26:47 --> InfoData
20-01-22 15:26:47 <-- InfoData
20-01-22 15:26:48 --> InfoData
20-01-22 15:26:48 <-- InfoData
20-01-22 15:26:49 --> InfoData
20-01-22 15:26:49 <-- InfoData
20-01-22 15:26:50 --> InfoData
20-01-22 15:26:50 <-- InfoData
20-01-22 15:26:51 --> InfoData
20-01-22 15:26:51 <-- InfoData
20-01-22 15:26:52 The remote host is closed.
20-01-22 15:28:43 Get request on connection from remote host wit IP: ::ffff:127.0.0.1
20-01-22 15:28:43 <-- ISCONNECTED
20-01-22 15:28:43 The remote host is closed.
20-01-22 15:28:45 Get request on connection from remote host wit IP: ::ffff:127.0.0.1
20-01-22 15:28:45 <-- ISCONNECTED
20-01-22 15:28:46 --> InfoDevice
20-01-22 15:28:46 <-- InfoDevice
20-01-22 15:28:46 --> sector_read
20-01-22 15:28:46 --> CRYPTO_REQUEST
20-01-22 15:28:46 <-- sector_read
20-01-22 15:28:46 <-- CRYPTO_REQUEST
20-01-22 15:28:47 --> InfoData
20-01-22 15:28:47 <-- InfoData
20-01-22 15:28:48 --> InfoData
20-01-22 15:28:48 <-- InfoData
20-01-22 15:28:49 --> InfoData
20-01-22 15:28:49 <-- InfoData
20-01-22 15:28:50 --> InfoData
20-01-22 15:28:50 <-- InfoData
20-01-22 15:28:51 --> InfoData
20-01-22 15:28:51 <-- InfoData
20-01-22 15:28:52 --> InfoData
20-01-22 15:28:52 <-- InfoData
20-01-22 15:28:53 --> InfoData
20-01-22 15:28:53 <-- InfoData
20-01-22 15:28:54 --> InfoData
20-01-22 15:28:54 <-- InfoData
20-01-22 15:28:55 --> InfoData
20-01-22 15:28:55 <-- InfoData
20-01-22 15:28:56 --> InfoData
20-01-22 15:28:56 <-- InfoData
20-01-22 15:28:57 --> InfoData
20-01-22 15:28:57 <-- InfoData
20-01-22 15:28:58 --> InfoData
20-01-22 15:28:58 <-- InfoData
20-01-22 15:28:59 --> InfoData
20-01-22 15:28:59 <-- InfoData
20-01-22 15:29:00 --> InfoData
20-01-22 15:29:00 <-- InfoData
20-01-22 15:29:01 --> InfoData
20-01-22 15:29:01 <-- InfoData
20-01-22 15:29:02 --> InfoData
20-01-22 15:29:02 <-- InfoData
20-01-22 15:29:03 The remote host is closed.
