20-01-22 10:51:40 <-- InfoData
20-01-22 10:51:41 --> InfoData
20-01-22 10:51:41 <-- InfoData
20-01-22 10:51:42 --> InfoData
20-01-22 10:51:42 <-- InfoData
20-01-22 10:51:43 --> InfoData
20-01-22 10:51:43 <-- InfoData
20-01-22 10:51:44 --> InfoData
20-01-22 10:51:44 <-- InfoData
20-01-22 10:51:45 --> InfoData
20-01-22 10:51:45 <-- InfoData
20-01-22 10:51:46 --> InfoData
20-01-22 10:51:46 <-- InfoData
20-01-22 10:51:47 --> InfoData
20-01-22 10:51:47 <-- InfoData
20-01-22 10:51:48 --> InfoData
20-01-22 10:51:48 <-- InfoData
20-01-22 10:51:49 --> InfoData
20-01-22 10:51:49 <-- InfoData
20-01-22 10:51:50 --> InfoData
20-01-22 10:51:50 <-- InfoData
20-01-22 10:51:51 --> InfoData
20-01-22 10:51:51 <-- InfoData
20-01-22 10:51:52 --> InfoData
20-01-22 10:51:52 <-- InfoData
20-01-22 10:51:53 --> InfoData
20-01-22 10:51:53 <-- InfoData
20-01-22 10:51:54 --> InfoData
20-01-22 10:51:54 <-- InfoData
20-01-22 10:51:55 --> InfoData
20-01-22 10:51:55 <-- InfoData
20-01-22 10:51:56 --> InfoData
20-01-22 10:51:56 <-- InfoData
20-01-22 10:51:57 --> InfoData
20-01-22 10:51:57 <-- InfoData
20-01-22 10:51:58 --> InfoData
20-01-22 10:51:58 <-- InfoData
20-01-22 10:51:59 --> InfoData
20-01-22 10:51:59 <-- InfoData
20-01-22 10:52:00 --> InfoData
20-01-22 10:52:00 <-- InfoData
20-01-22 10:52:01 --> InfoData
20-01-22 10:52:01 <-- InfoData
20-01-22 10:52:02 Get request on connection from remote host wit IP: ::ffff:127.0.0.1
20-01-22 10:52:02 The remote host can't connected. Server is busy of application with IP: ::ffff:127.0.0.1
20-01-22 10:52:02 <-- ISCONNECTED
20-01-22 10:52:02 --> InfoData
20-01-22 10:52:02 <-- InfoData
20-01-22 10:52:02 The remote host is closed.
20-01-22 10:52:03 --> InfoData
20-01-22 10:52:03 <-- InfoData
20-01-22 10:52:04 The remote host is closed.
20-01-22 10:52:08 Get request on connection from remote host wit IP: ::ffff:127.0.0.1
20-01-22 10:52:08 <-- ISCONNECTED
20-01-22 10:52:08 The remote host is closed.
20-01-22 10:52:10 Get request on connection from remote host wit IP: ::ffff:127.0.0.1
20-01-22 10:52:10 <-- ISCONNECTED
20-01-22 10:52:11 --> InfoDevice
20-01-22 10:52:11 <-- InfoDevice
20-01-22 10:52:11 --> sector_read
20-01-22 10:52:11 --> CRYPTO_REQUEST
20-01-22 10:52:12 <-- sector_read
20-01-22 10:52:12 <-- CRYPTO_REQUEST
20-01-22 10:52:12 --> InfoData
20-01-22 10:52:12 <-- InfoData
20-01-22 10:52:13 --> InfoData
20-01-22 10:52:13 <-- InfoData
20-01-22 10:52:14 --> InfoData
20-01-22 10:52:14 <-- InfoData
20-01-22 10:52:15 --> InfoData
20-01-22 10:52:15 <-- InfoData
20-01-22 10:52:16 --> InfoData
20-01-22 10:52:16 <-- InfoData
20-01-22 10:52:18 --> InfoData
20-01-22 10:52:18 <-- InfoData
20-01-22 10:52:18 --> InfoData
20-01-22 10:52:18 <-- InfoData
20-01-22 10:52:20 --> InfoData
20-01-22 10:52:20 <-- InfoData
20-01-22 10:52:20 --> InfoData
20-01-22 10:52:20 <-- InfoData
20-01-22 10:52:22 --> InfoData
20-01-22 10:52:22 <-- InfoData
20-01-22 10:52:23 --> InfoData
20-01-22 10:52:23 <-- InfoData
20-01-22 10:52:24 --> InfoData
20-01-22 10:52:24 <-- InfoData
20-01-22 10:52:24 The remote host is closed.
20-01-22 10:53:43 Get request on connection from remote host wit IP: ::ffff:127.0.0.1
20-01-22 10:53:43 <-- ISCONNECTED
20-01-22 10:53:43 The remote host is closed.
20-01-22 10:53:45 Get request on connection from remote host wit IP: ::ffff:127.0.0.1
20-01-22 10:53:45 <-- ISCONNECTED
20-01-22 10:53:46 --> InfoDevice
20-01-22 10:53:46 <-- InfoDevice
20-01-22 10:53:46 --> sector_read
20-01-22 10:53:46 --> CRYPTO_REQUEST
20-01-22 10:53:46 <-- sector_read
20-01-22 10:53:46 <-- CRYPTO_REQUEST
20-01-22 10:53:47 --> InfoData
20-01-22 10:53:47 <-- InfoData
20-01-22 10:53:48 --> InfoData
20-01-22 10:53:48 <-- InfoData
20-01-22 10:53:49 --> InfoData
20-01-22 10:53:49 <-- InfoData
20-01-22 10:53:50 --> InfoData
20-01-22 10:53:50 <-- InfoData
20-01-22 10:53:51 --> InfoData
20-01-22 10:53:51 <-- InfoData
20-01-22 10:53:52 --> InfoData
20-01-22 10:53:52 <-- InfoData
20-01-22 10:53:53 --> InfoData
20-01-22 10:53:53 <-- InfoData
20-01-22 10:53:54 --> InfoData
20-01-22 10:53:54 <-- InfoData
20-01-22 10:53:55 --> InfoData
20-01-22 10:53:55 <-- InfoData
20-01-22 10:53:56 --> InfoData
20-01-22 10:53:56 <-- InfoData
20-01-22 10:53:57 --> InfoData
20-01-22 10:53:57 <-- InfoData
20-01-22 10:53:58 --> InfoData
20-01-22 10:53:58 <-- InfoData
20-01-22 10:53:59 --> InfoData
20-01-22 10:53:59 <-- InfoData
20-01-22 10:54:00 --> InfoData
20-01-22 10:54:00 <-- InfoData
20-01-22 10:54:01 --> InfoData
20-01-22 10:54:01 <-- InfoData
20-01-22 10:54:02 --> InfoData
20-01-22 10:54:02 <-- InfoData
20-01-22 10:54:03 --> InfoData
20-01-22 10:54:03 <-- InfoData
20-01-22 10:54:04 --> InfoData
20-01-22 10:54:04 <-- InfoData
20-01-22 10:54:05 --> InfoData
20-01-22 10:54:05 <-- InfoData
20-01-22 10:54:06 --> InfoData
20-01-22 10:54:06 <-- InfoData
20-01-22 10:54:07 --> InfoData
20-01-22 10:54:07 <-- InfoData
20-01-22 10:54:08 --> InfoData
20-01-22 10:54:08 <-- InfoData
20-01-22 10:54:09 --> InfoData
20-01-22 10:54:09 <-- InfoData
20-01-22 10:54:10 --> InfoData
20-01-22 10:54:10 <-- InfoData
20-01-22 10:54:11 --> InfoData
20-01-22 10:54:11 <-- InfoData
20-01-22 10:54:12 --> InfoData
20-01-22 10:54:12 <-- InfoData
20-01-22 10:54:13 --> InfoData
20-01-22 10:54:13 <-- InfoData
20-01-22 10:54:14 --> InfoData
20-01-22 10:54:14 <-- InfoData
20-01-22 10:54:15 --> InfoData
20-01-22 10:54:15 <-- InfoData
20-01-22 10:54:16 --> InfoData
20-01-22 10:54:16 <-- InfoData
20-01-22 10:54:17 --> InfoData
20-01-22 10:54:17 <-- InfoData
20-01-22 10:54:18 --> InfoData
20-01-22 10:54:18 <-- InfoData
20-01-22 10:54:19 --> InfoData
20-01-22 10:54:19 <-- InfoData
20-01-22 10:54:20 --> InfoData
20-01-22 10:54:20 <-- InfoData
20-01-22 10:54:21 --> InfoData
20-01-22 10:54:21 <-- InfoData
20-01-22 10:54:22 --> InfoData
20-01-22 10:54:22 <-- InfoData
20-01-22 10:54:23 --> InfoData
20-01-22 10:54:23 <-- InfoData
20-01-22 10:54:24 --> InfoData
20-01-22 10:54:24 <-- InfoData
20-01-22 10:54:25 --> InfoData
20-01-22 10:54:25 <-- InfoData
20-01-22 10:54:26 --> InfoData
20-01-22 10:54:26 <-- InfoData
20-01-22 10:54:27 --> InfoData
20-01-22 10:54:27 <-- InfoData
20-01-22 10:54:31 --> InfoData
20-01-22 10:54:31 <-- InfoData
20-01-22 10:54:31 --> InfoData
20-01-22 10:54:31 <-- InfoData
20-01-22 10:54:32 --> InfoData
20-01-22 10:54:32 <-- InfoData
20-01-22 10:54:33 --> InfoData
20-01-22 10:54:33 <-- InfoData
20-01-22 10:54:34 --> InfoData
20-01-22 10:54:34 <-- InfoData
20-01-22 10:54:35 --> InfoData
20-01-22 10:54:35 <-- InfoData
20-01-22 10:54:36 --> InfoData
20-01-22 10:54:36 <-- InfoData
20-01-22 10:54:37 --> InfoData
20-01-22 10:54:37 <-- InfoData
20-01-22 10:54:38 --> InfoData
20-01-22 10:54:38 <-- InfoData
20-01-22 10:54:39 --> InfoData
20-01-22 10:54:39 <-- InfoData
20-01-22 10:54:40 --> InfoData
20-01-22 10:54:40 <-- InfoData
20-01-22 10:54:41 --> InfoData
20-01-22 10:54:41 <-- InfoData
20-01-22 10:54:42 --> InfoData
20-01-22 10:54:42 <-- InfoData
20-01-22 10:54:43 --> InfoData
20-01-22 10:54:43 <-- InfoData
20-01-22 10:54:44 The remote host is closed.
20-01-22 10:57:36 Get request on connection from remote host wit IP: ::ffff:127.0.0.1
20-01-22 10:57:36 <-- ISCONNECTED
20-01-22 10:57:36 The remote host is closed.
20-01-22 10:57:38 Get request on connection from remote host wit IP: ::ffff:127.0.0.1
20-01-22 10:57:38 <-- ISCONNECTED
20-01-22 10:57:39 --> InfoDevice
20-01-22 10:57:39 <-- InfoDevice
20-01-22 10:57:39 --> sector_read
20-01-22 10:57:39 --> CRYPTO_REQUEST
20-01-22 10:57:39 <-- sector_read
20-01-22 10:57:39 <-- CRYPTO_REQUEST
20-01-22 10:57:40 --> InfoData
20-01-22 10:57:40 <-- InfoData
20-01-22 10:57:41 --> InfoData
20-01-22 10:57:41 <-- InfoData
20-01-22 10:57:42 --> InfoData
20-01-22 10:57:42 <-- InfoData
20-01-22 10:57:43 --> InfoData
20-01-22 10:57:43 <-- InfoData
20-01-22 10:57:44 --> InfoData
20-01-22 10:57:44 <-- InfoData
20-01-22 10:57:45 --> InfoData
20-01-22 10:57:45 <-- InfoData
20-01-22 10:57:46 --> InfoData
20-01-22 10:57:46 <-- InfoData
20-01-22 10:57:47 --> InfoData
20-01-22 10:57:47 <-- InfoData
20-01-22 10:57:48 --> InfoData
20-01-22 10:57:48 <-- InfoData
20-01-22 10:57:49 --> InfoData
20-01-22 10:57:49 <-- InfoData
20-01-22 10:57:50 The remote host is closed.
20-01-22 11:02:01 Get request on connection from remote host wit IP: ::ffff:127.0.0.1
20-01-22 11:02:01 <-- ISCONNECTED
20-01-22 11:02:01 The remote host is closed.
20-01-22 11:02:03 Get request on connection from remote host wit IP: ::ffff:127.0.0.1
20-01-22 11:02:03 <-- ISCONNECTED
20-01-22 11:02:04 --> InfoDevice
20-01-22 11:02:04 <-- InfoDevice
20-01-22 11:02:04 --> sector_read
20-01-22 11:02:04 --> CRYPTO_REQUEST
20-01-22 11:02:04 <-- sector_read
20-01-22 11:02:04 <-- CRYPTO_REQUEST
20-01-22 11:02:05 --> InfoData
20-01-22 11:02:05 <-- InfoData
20-01-22 11:02:06 --> InfoData
20-01-22 11:02:06 <-- InfoData
20-01-22 11:02:07 --> InfoData
20-01-22 11:02:07 <-- InfoData
20-01-22 11:02:08 --> InfoData
20-01-22 11:02:08 <-- InfoData
20-01-22 11:02:09 --> InfoData
20-01-22 11:02:09 <-- InfoData
20-01-22 11:02:10 --> InfoData
20-01-22 11:02:10 <-- InfoData
20-01-22 11:02:11 --> InfoData
20-01-22 11:02:11 <-- InfoData
20-01-22 11:02:12 --> InfoData
20-01-22 11:02:12 <-- InfoData
20-01-22 11:02:13 --> InfoData
20-01-22 11:02:13 <-- InfoData
20-01-22 11:02:14 --> InfoData
20-01-22 11:02:14 <-- InfoData
20-01-22 11:02:15 --> InfoData
20-01-22 11:02:15 <-- InfoData
20-01-22 11:02:16 --> InfoData
20-01-22 11:02:16 <-- InfoData
20-01-22 11:02:17 --> InfoData
20-01-22 11:02:17 <-- InfoData
20-01-22 11:02:18 --> InfoData
20-01-22 11:02:18 <-- InfoData
20-01-22 11:02:19 --> InfoData
20-01-22 11:02:19 <-- InfoData
20-01-22 11:02:20 --> InfoData
20-01-22 11:02:20 <-- InfoData
20-01-22 11:02:21 --> InfoData
20-01-22 11:02:21 <-- InfoData
20-01-22 11:02:22 --> InfoData
20-01-22 11:02:22 <-- InfoData
20-01-22 11:02:23 --> InfoData
20-01-22 11:02:23 <-- InfoData
20-01-22 11:02:24 --> InfoData
20-01-22 11:02:24 <-- InfoData
20-01-22 11:02:25 --> InfoData
20-01-22 11:02:25 <-- InfoData
20-01-22 11:02:26 --> InfoData
20-01-22 11:02:26 <-- InfoData
20-01-22 11:02:27 --> InfoData
20-01-22 11:02:27 <-- InfoData
20-01-22 11:02:28 --> InfoData
20-01-22 11:02:28 <-- InfoData
20-01-22 11:02:29 --> InfoData
20-01-22 11:02:29 <-- InfoData
20-01-22 11:02:30 --> InfoData
20-01-22 11:02:30 <-- InfoData
20-01-22 11:02:31 --> InfoData
20-01-22 11:02:31 <-- InfoData
20-01-22 11:02:31 Get request on connection from remote host wit IP: ::ffff:127.0.0.1
20-01-22 11:02:31 The remote host can't connected. Server is busy of application with IP: ::ffff:127.0.0.1
20-01-22 11:02:31 <-- ISCONNECTED
20-01-22 11:02:31 The remote host is closed.
20-01-22 11:02:32 --> InfoData
20-01-22 11:02:32 <-- InfoData
20-01-22 11:02:33 --> InfoData
20-01-22 11:02:33 <-- InfoData
20-01-22 11:02:33 The remote host is closed.
20-01-22 11:02:37 Get request on connection from remote host wit IP: ::ffff:127.0.0.1
20-01-22 11:02:37 <-- ISCONNECTED
20-01-22 11:02:37 The remote host is closed.
20-01-22 11:02:38 Get request on connection from remote host wit IP: ::ffff:127.0.0.1
20-01-22 11:02:38 <-- ISCONNECTED
20-01-22 11:02:39 --> InfoDevice
20-01-22 11:02:39 <-- InfoDevice
20-01-22 11:02:39 --> sector_read
20-01-22 11:02:39 --> CRYPTO_REQUEST
20-01-22 11:02:39 <-- sector_read
20-01-22 11:02:39 <-- CRYPTO_REQUEST
20-01-22 11:02:40 --> InfoData
20-01-22 11:02:40 <-- InfoData
20-01-22 11:02:41 --> InfoData
20-01-22 11:02:41 <-- InfoData
20-01-22 11:02:42 --> InfoData
20-01-22 11:02:42 <-- InfoData
20-01-22 11:02:43 --> InfoData
20-01-22 11:02:43 <-- InfoData
20-01-22 11:02:44 --> InfoData
20-01-22 11:02:44 <-- InfoData
20-01-22 11:02:45 --> InfoData
20-01-22 11:02:45 <-- InfoData
20-01-22 11:02:46 --> InfoData
20-01-22 11:02:46 <-- InfoData
20-01-22 11:02:47 --> InfoData
20-01-22 11:02:47 <-- InfoData
20-01-22 11:02:48 The remote host is closed.
20-01-22 11:10:38 Get request on connection from remote host wit IP: ::ffff:127.0.0.1
20-01-22 11:10:38 <-- ISCONNECTED
20-01-22 11:10:38 The remote host is closed.
20-01-22 11:10:40 Get request on connection from remote host wit IP: ::ffff:127.0.0.1
20-01-22 11:10:40 <-- ISCONNECTED
20-01-22 11:10:41 --> InfoDevice
20-01-22 11:10:41 <-- InfoDevice
20-01-22 11:10:41 --> sector_read
20-01-22 11:10:41 --> CRYPTO_REQUEST
20-01-22 11:10:41 <-- sector_read
20-01-22 11:10:41 <-- CRYPTO_REQUEST
20-01-22 11:10:42 --> InfoData
20-01-22 11:10:42 <-- InfoData
20-01-22 11:10:43 --> InfoData
20-01-22 11:10:43 <-- InfoData
20-01-22 11:10:44 --> InfoData
20-01-22 11:10:44 <-- InfoData
20-01-22 11:10:45 --> InfoData
20-01-22 11:10:45 <-- InfoData
20-01-22 11:10:46 --> InfoData
20-01-22 11:10:46 <-- InfoData
20-01-22 11:10:47 --> InfoData
20-01-22 11:10:47 <-- InfoData
20-01-22 11:10:48 --> InfoData
20-01-22 11:10:48 <-- InfoData
20-01-22 11:10:49 --> InfoData
20-01-22 11:10:49 <-- InfoData
20-01-22 11:10:50 --> InfoData
20-01-22 11:10:50 <-- InfoData
20-01-22 11:10:51 --> InfoData
20-01-22 11:10:51 <-- InfoData
20-01-22 11:10:52 --> InfoData
20-01-22 11:10:52 <-- InfoData
20-01-22 11:10:53 --> InfoData
20-01-22 11:10:53 <-- InfoData
20-01-22 11:10:54 --> InfoData
20-01-22 11:10:54 <-- InfoData
20-01-22 11:10:55 --> InfoData
20-01-22 11:10:55 <-- InfoData
20-01-22 11:10:56 --> InfoData
20-01-22 11:10:56 <-- InfoData
20-01-22 11:10:57 --> InfoData
20-01-22 11:10:57 <-- InfoData
20-01-22 11:10:58 --> InfoData
20-01-22 11:10:58 <-- InfoData
20-01-22 11:10:59 --> InfoData
20-01-22 11:10:59 <-- InfoData
20-01-22 11:11:00 --> InfoData
20-01-22 11:11:00 <-- InfoData
20-01-22 11:11:01 --> InfoData
20-01-22 11:11:01 <-- InfoData
20-01-22 11:11:02 --> InfoData
20-01-22 11:11:02 <-- InfoData
20-01-22 11:11:03 --> InfoData
20-01-22 11:11:03 <-- InfoData
20-01-22 11:11:04 --> InfoData
20-01-22 11:11:04 <-- InfoData
20-01-22 11:11:05 --> InfoData
20-01-22 11:11:05 <-- InfoData
20-01-22 11:11:06 --> InfoData
20-01-22 11:11:06 <-- InfoData
20-01-22 11:11:07 --> InfoData
20-01-22 11:11:07 <-- InfoData
20-01-22 11:11:08 --> InfoData
20-01-22 11:11:08 <-- InfoData
20-01-22 11:11:09 --> InfoData
20-01-22 11:11:09 <-- InfoData
20-01-22 11:11:10 --> InfoData
20-01-22 11:11:10 <-- InfoData
20-01-22 11:11:11 --> InfoData
20-01-22 11:11:11 <-- InfoData
20-01-22 11:11:12 --> InfoData
20-01-22 11:11:12 <-- InfoData
20-01-22 11:11:13 --> InfoData
20-01-22 11:11:13 <-- InfoData
20-01-22 11:11:14 --> InfoData
20-01-22 11:11:14 <-- InfoData
20-01-22 11:11:15 --> InfoData
20-01-22 11:11:15 <-- InfoData
20-01-22 11:11:16 --> InfoData
20-01-22 11:11:16 <-- InfoData
20-01-22 11:11:17 --> InfoData
20-01-22 11:11:17 <-- InfoData
20-01-22 11:11:18 --> InfoData
20-01-22 11:11:18 <-- InfoData
20-01-22 11:11:19 --> InfoData
20-01-22 11:11:19 <-- InfoData
20-01-22 11:11:20 --> InfoData
20-01-22 11:11:20 <-- InfoData
20-01-22 11:11:21 --> InfoData
20-01-22 11:11:21 <-- InfoData
20-01-22 11:11:22 --> InfoData
20-01-22 11:11:22 <-- InfoData
20-01-22 11:11:23 --> InfoData
20-01-22 11:11:23 <-- InfoData
20-01-22 11:11:24 --> InfoData
20-01-22 11:11:24 <-- InfoData
20-01-22 11:11:25 --> InfoData
20-01-22 11:11:25 <-- InfoData
20-01-22 11:11:26 --> InfoData
20-01-22 11:11:26 <-- InfoData
20-01-22 11:11:27 --> InfoData
20-01-22 11:11:27 <-- InfoData
20-01-22 11:11:28 --> InfoData
20-01-22 11:11:28 <-- InfoData
20-01-22 11:11:29 --> InfoData
20-01-22 11:11:29 <-- InfoData
20-01-22 11:11:30 --> InfoData
20-01-22 11:11:30 <-- InfoData
20-01-22 11:11:31 --> InfoData
20-01-22 11:11:31 <-- InfoData
20-01-22 11:11:32 --> InfoData
20-01-22 11:11:32 <-- InfoData
20-01-22 11:11:33 --> InfoData
20-01-22 11:11:33 <-- InfoData
20-01-22 11:11:35 --> InfoData
20-01-22 11:11:35 <-- InfoData
20-01-22 11:11:35 --> InfoData
20-01-22 11:11:35 <-- InfoData
20-01-22 11:11:36 --> InfoData
20-01-22 11:11:36 <-- InfoData
20-01-22 11:11:37 --> InfoData
20-01-22 11:11:37 <-- InfoData
20-01-22 11:11:38 --> InfoData
20-01-22 11:11:38 <-- InfoData
20-01-22 11:11:39 --> InfoData
20-01-22 11:11:39 <-- InfoData
20-01-22 11:11:40 --> InfoData
20-01-22 11:11:40 <-- InfoData
20-01-22 11:11:41 --> InfoData
20-01-22 11:11:41 <-- InfoData
20-01-22 11:11:42 --> InfoData
20-01-22 11:11:42 <-- InfoData
20-01-22 11:11:43 --> InfoData
20-01-22 11:11:43 <-- InfoData
20-01-22 11:11:44 --> InfoData
20-01-22 11:11:44 <-- InfoData
20-01-22 11:11:45 --> InfoData
20-01-22 11:11:45 <-- InfoData
20-01-22 11:11:46 --> InfoData
20-01-22 11:11:46 <-- InfoData
20-01-22 11:11:47 --> InfoData
20-01-22 11:11:47 <-- InfoData
20-01-22 11:11:48 --> InfoData
20-01-22 11:11:48 <-- InfoData
20-01-22 11:11:49 --> InfoData
20-01-22 11:11:49 <-- InfoData
20-01-22 11:11:50 --> InfoData
20-01-22 11:11:50 <-- InfoData
20-01-22 11:11:51 --> InfoData
20-01-22 11:11:51 <-- InfoData
20-01-22 11:11:52 --> InfoData
20-01-22 11:11:52 <-- InfoData
20-01-22 11:11:53 --> InfoData
20-01-22 11:11:53 <-- InfoData
20-01-22 11:11:54 --> InfoData
20-01-22 11:11:54 <-- InfoData
20-01-22 11:11:55 --> InfoData
20-01-22 11:11:55 <-- InfoData
20-01-22 11:11:56 --> InfoData
20-01-22 11:11:56 <-- InfoData
20-01-22 11:11:57 --> InfoData
20-01-22 11:11:57 <-- InfoData
20-01-22 11:11:58 --> InfoData
20-01-22 11:11:58 <-- InfoData
20-01-22 11:11:59 --> InfoData
20-01-22 11:11:59 <-- InfoData
20-01-22 11:12:00 --> InfoData
20-01-22 11:12:00 <-- InfoData
20-01-22 11:12:01 --> InfoData
20-01-22 11:12:01 <-- InfoData
20-01-22 11:12:02 --> InfoData
20-01-22 11:12:02 <-- InfoData
20-01-22 11:12:03 --> InfoData
20-01-22 11:12:03 <-- InfoData
20-01-22 11:12:04 --> InfoData
20-01-22 11:12:04 <-- InfoData
20-01-22 11:12:05 --> InfoData
20-01-22 11:12:05 <-- InfoData
20-01-22 11:12:06 --> InfoData
20-01-22 11:12:06 <-- InfoData
20-01-22 11:12:07 --> InfoData
20-01-22 11:12:07 <-- InfoData
20-01-22 11:12:08 --> InfoData
20-01-22 11:12:08 <-- InfoData
20-01-22 11:12:09 --> InfoData
20-01-22 11:12:09 <-- InfoData
20-01-22 11:12:10 --> InfoData
20-01-22 11:12:10 <-- InfoData
20-01-22 11:12:11 --> InfoData
20-01-22 11:12:11 <-- InfoData
20-01-22 11:12:12 --> InfoData
20-01-22 11:12:12 <-- InfoData
20-01-22 11:12:13 --> InfoData
20-01-22 11:12:13 <-- InfoData
20-01-22 11:12:14 --> InfoData
20-01-22 11:12:14 <-- InfoData
20-01-22 11:12:15 --> InfoData
20-01-22 11:12:15 <-- InfoData
20-01-22 11:12:16 --> InfoData
20-01-22 11:12:16 <-- InfoData
20-01-22 11:12:17 --> InfoData
20-01-22 11:12:17 <-- InfoData
20-01-22 11:12:18 --> InfoData
20-01-22 11:12:18 <-- InfoData
20-01-22 11:12:19 --> InfoData
20-01-22 11:12:19 <-- InfoData
20-01-22 11:12:20 --> InfoData
20-01-22 11:12:20 <-- InfoData
20-01-22 11:12:21 --> InfoData
20-01-22 11:12:21 <-- InfoData
20-01-22 11:12:22 --> InfoData
20-01-22 11:12:22 <-- InfoData
20-01-22 11:12:23 --> InfoData
20-01-22 11:12:23 <-- InfoData
20-01-22 11:12:24 --> InfoData
20-01-22 11:12:24 <-- InfoData
20-01-22 11:12:25 --> InfoData
20-01-22 11:12:25 <-- InfoData
20-01-22 11:12:26 --> InfoData
20-01-22 11:12:26 <-- InfoData
20-01-22 11:12:27 --> InfoData
20-01-22 11:12:27 <-- InfoData
20-01-22 11:12:28 --> InfoData
20-01-22 11:12:28 <-- InfoData
20-01-22 11:12:29 --> InfoData
20-01-22 11:12:29 <-- InfoData
20-01-22 11:12:30 --> InfoData
20-01-22 11:12:30 <-- InfoData
20-01-22 11:12:31 --> InfoData
20-01-22 11:12:31 <-- InfoData
20-01-22 11:12:32 --> InfoData
20-01-22 11:12:32 <-- InfoData
20-01-22 11:12:33 --> InfoData
20-01-22 11:12:33 <-- InfoData
20-01-22 11:12:34 --> InfoData
20-01-22 11:12:34 <-- InfoData
20-01-22 11:12:35 --> InfoData
20-01-22 11:12:35 <-- InfoData
20-01-22 11:12:36 --> InfoData
20-01-22 11:12:36 <-- InfoData
20-01-22 11:12:37 --> InfoData
20-01-22 11:12:37 <-- InfoData
20-01-22 11:12:38 --> InfoData
20-01-22 11:12:38 <-- InfoData
20-01-22 11:12:39 --> InfoData
20-01-22 11:12:39 <-- InfoData
20-01-22 11:12:40 --> InfoData
20-01-22 11:12:40 <-- InfoData
20-01-22 11:12:41 --> InfoData
20-01-22 11:12:41 <-- InfoData
20-01-22 11:12:42 --> InfoData
20-01-22 11:12:42 <-- InfoData
20-01-22 11:12:43 --> InfoData
20-01-22 11:12:43 <-- InfoData
20-01-22 11:12:44 --> InfoData
20-01-22 11:12:44 <-- InfoData
20-01-22 11:12:45 --> InfoData
20-01-22 11:12:45 <-- InfoData
20-01-22 11:12:46 --> InfoData
20-01-22 11:12:46 <-- InfoData
20-01-22 11:12:47 --> InfoData
20-01-22 11:12:47 <-- InfoData
20-01-22 11:12:48 --> InfoData
20-01-22 11:12:48 <-- InfoData
20-01-22 11:12:49 --> InfoData
20-01-22 11:12:49 <-- InfoData
20-01-22 11:12:50 --> InfoData
20-01-22 11:12:50 <-- InfoData
20-01-22 11:12:51 --> InfoData
20-01-22 11:12:51 <-- InfoData
20-01-22 11:12:52 --> InfoData
20-01-22 11:12:52 <-- InfoData
20-01-22 11:12:53 --> InfoData
20-01-22 11:12:53 <-- InfoData
20-01-22 11:12:54 --> InfoData
20-01-22 11:12:54 <-- InfoData
20-01-22 11:12:55 --> InfoData
20-01-22 11:12:55 <-- InfoData
20-01-22 11:12:56 --> InfoData
20-01-22 11:12:56 <-- InfoData
20-01-22 11:12:57 --> InfoData
20-01-22 11:12:57 <-- InfoData
20-01-22 11:12:58 --> InfoData
20-01-22 11:12:58 <-- InfoData
20-01-22 11:12:59 --> InfoData
20-01-22 11:12:59 <-- InfoData
20-01-22 11:13:00 --> InfoData
20-01-22 11:13:00 <-- InfoData
20-01-22 11:13:01 --> InfoData
20-01-22 11:13:01 <-- InfoData
20-01-22 11:13:02 --> InfoData
20-01-22 11:13:02 <-- InfoData
20-01-22 11:13:03 --> InfoData
20-01-22 11:13:03 <-- InfoData
20-01-22 11:13:04 --> InfoData
20-01-22 11:13:04 <-- InfoData
20-01-22 11:13:05 --> InfoData
20-01-22 11:13:05 <-- InfoData
20-01-22 11:13:06 --> InfoData
20-01-22 11:13:06 <-- InfoData
20-01-22 11:13:07 --> InfoData
20-01-22 11:13:07 <-- InfoData
20-01-22 11:13:08 --> InfoData
20-01-22 11:13:08 <-- InfoData
20-01-22 11:13:09 --> InfoData
20-01-22 11:13:09 <-- InfoData
20-01-22 11:13:10 --> InfoData
20-01-22 11:13:10 <-- InfoData
20-01-22 11:13:11 --> InfoData
20-01-22 11:13:11 <-- InfoData
20-01-22 11:13:12 --> InfoData
20-01-22 11:13:12 <-- InfoData
20-01-22 11:13:13 --> InfoData
20-01-22 11:13:13 <-- InfoData
20-01-22 11:13:14 --> InfoData
20-01-22 11:13:14 <-- InfoData
20-01-22 11:13:15 --> InfoData
20-01-22 11:13:15 <-- InfoData
20-01-22 11:13:16 --> InfoData
20-01-22 11:13:16 <-- InfoData
20-01-22 11:13:17 --> InfoData
20-01-22 11:13:17 <-- InfoData
20-01-22 11:13:18 --> InfoData
20-01-22 11:13:18 <-- InfoData
20-01-22 11:13:19 The remote host is closed.
20-01-22 11:21:31 Get request on connection from remote host wit IP: ::ffff:127.0.0.1
20-01-22 11:21:31 <-- ISCONNECTED
20-01-22 11:21:31 The remote host is closed.
20-01-22 11:21:33 Get request on connection from remote host wit IP: ::ffff:127.0.0.1
20-01-22 11:21:33 <-- ISCONNECTED
20-01-22 11:21:34 --> InfoDevice
20-01-22 11:21:34 <-- InfoDevice
20-01-22 11:21:34 --> sector_read
20-01-22 11:21:34 --> CRYPTO_REQUEST
20-01-22 11:21:34 <-- sector_read
20-01-22 11:21:34 <-- CRYPTO_REQUEST
20-01-22 11:21:35 --> InfoData
20-01-22 11:21:35 <-- InfoData
20-01-22 11:21:36 --> InfoData
20-01-22 11:21:36 <-- InfoData
20-01-22 11:21:37 --> InfoData
20-01-22 11:21:37 <-- InfoData
20-01-22 11:21:38 --> InfoData
20-01-22 11:21:38 <-- InfoData
20-01-22 11:21:39 --> InfoData
20-01-22 11:21:39 <-- InfoData
20-01-22 11:21:40 --> InfoData
20-01-22 11:21:40 <-- InfoData
20-01-22 11:21:41 --> InfoData
20-01-22 11:21:41 <-- InfoData
20-01-22 11:21:42 --> InfoData
20-01-22 11:21:42 <-- InfoData
20-01-22 11:21:43 --> InfoData
20-01-22 11:21:43 <-- InfoData
20-01-22 11:21:44 --> InfoData
20-01-22 11:21:44 <-- InfoData
20-01-22 11:21:45 --> InfoData
20-01-22 11:21:45 <-- InfoData
20-01-22 11:21:46 --> InfoData
20-01-22 11:21:46 <-- InfoData
20-01-22 11:21:47 --> InfoData
20-01-22 11:21:47 <-- InfoData
20-01-22 11:21:48 --> InfoData
20-01-22 11:21:48 <-- InfoData
20-01-22 11:21:49 --> InfoData
20-01-22 11:21:49 <-- InfoData
20-01-22 11:21:50 --> InfoData
20-01-22 11:21:50 <-- InfoData
20-01-22 11:21:51 --> InfoData
20-01-22 11:21:51 <-- InfoData
20-01-22 11:21:52 --> InfoData
20-01-22 11:21:52 <-- InfoData
20-01-22 11:21:53 --> InfoData
20-01-22 11:21:53 <-- InfoData
20-01-22 11:21:54 --> InfoData
20-01-22 11:21:54 <-- InfoData
20-01-22 11:21:55 --> InfoData
20-01-22 11:21:55 <-- InfoData
20-01-22 11:21:56 --> InfoData
20-01-22 11:21:56 <-- InfoData
20-01-22 11:21:57 --> InfoData
20-01-22 11:21:57 <-- InfoData
20-01-22 11:21:58 --> InfoData
20-01-22 11:21:58 <-- InfoData
20-01-22 11:21:59 --> InfoData
20-01-22 11:21:59 <-- InfoData
20-01-22 11:22:00 --> InfoData
20-01-22 11:22:00 <-- InfoData
20-01-22 11:22:01 --> InfoData
20-01-22 11:22:01 <-- InfoData
20-01-22 11:22:02 --> InfoData
20-01-22 11:22:02 <-- InfoData
20-01-22 11:22:03 --> InfoData
20-01-22 11:22:03 <-- InfoData
20-01-22 11:22:04 --> InfoData
20-01-22 11:22:04 <-- InfoData
20-01-22 11:22:05 --> InfoData
20-01-22 11:22:05 <-- InfoData
20-01-22 11:22:06 --> InfoData
20-01-22 11:22:06 <-- InfoData
20-01-22 11:22:07 --> InfoData
20-01-22 11:22:07 <-- InfoData
20-01-22 11:22:08 --> InfoData
20-01-22 11:22:08 <-- InfoData
20-01-22 11:22:09 --> InfoData
20-01-22 11:22:09 <-- InfoData
20-01-22 11:22:10 --> InfoData
20-01-22 11:22:10 <-- InfoData
20-01-22 11:22:11 --> InfoData
20-01-22 11:22:11 <-- InfoData
20-01-22 11:22:12 --> InfoData
20-01-22 11:22:12 <-- InfoData
20-01-22 11:22:13 --> InfoData
20-01-22 11:22:13 <-- InfoData
20-01-22 11:22:14 --> InfoData
20-01-22 11:22:14 <-- InfoData
20-01-22 11:22:15 --> InfoData
20-01-22 11:22:15 <-- InfoData
20-01-22 11:22:16 --> InfoData
20-01-22 11:22:16 <-- InfoData
20-01-22 11:22:17 --> InfoData
20-01-22 11:22:17 <-- InfoData
20-01-22 11:22:18 --> InfoData
20-01-22 11:22:18 <-- InfoData
20-01-22 11:22:19 --> InfoData
20-01-22 11:22:19 <-- InfoData
20-01-22 11:22:20 --> InfoData
20-01-22 11:22:20 <-- InfoData
20-01-22 11:22:21 --> InfoData
20-01-22 11:22:21 <-- InfoData
20-01-22 11:22:24 --> InfoData
20-01-22 11:22:24 <-- InfoData
20-01-22 11:22:24 --> InfoData
20-01-22 11:22:24 <-- InfoData
20-01-22 11:22:24 The remote host is closed.
20-01-22 11:28:05 Get request on connection from remote host wit IP: ::ffff:127.0.0.1
20-01-22 11:28:05 <-- ISCONNECTED
20-01-22 11:28:05 The remote host is closed.
20-01-22 11:28:06 Get request on connection from remote host wit IP: ::ffff:127.0.0.1
20-01-22 11:28:06 <-- ISCONNECTED
20-01-22 11:28:07 --> InfoDevice
20-01-22 11:28:07 <-- InfoDevice
20-01-22 11:28:07 --> sector_read
20-01-22 11:28:07 --> CRYPTO_REQUEST
20-01-22 11:28:07 <-- sector_read
20-01-22 11:28:08 <-- CRYPTO_REQUEST
20-01-22 11:28:08 --> InfoData
20-01-22 11:28:08 <-- InfoData
20-01-22 11:28:09 --> InfoData
20-01-22 11:28:09 <-- InfoData
20-01-22 11:28:10 --> InfoData
20-01-22 11:28:10 <-- InfoData
20-01-22 11:28:11 --> InfoData
20-01-22 11:28:11 <-- InfoData
20-01-22 11:28:12 --> InfoData
20-01-22 11:28:12 <-- InfoData
20-01-22 11:28:13 --> InfoData
20-01-22 11:28:13 <-- InfoData
20-01-22 11:28:14 --> InfoData
20-01-22 11:28:14 <-- InfoData
20-01-22 11:28:15 --> InfoData
20-01-22 11:28:15 <-- InfoData
20-01-22 11:28:16 --> InfoData
20-01-22 11:28:16 <-- InfoData
20-01-22 11:28:17 --> InfoData
20-01-22 11:28:17 <-- InfoData
20-01-22 11:28:18 --> InfoData
20-01-22 11:28:18 <-- InfoData
20-01-22 11:28:19 --> InfoData
20-01-22 11:28:19 <-- InfoData
20-01-22 11:28:20 --> InfoData
20-01-22 11:28:20 <-- InfoData
20-01-22 11:28:21 --> InfoData
20-01-22 11:28:21 <-- InfoData
20-01-22 11:28:22 --> InfoData
20-01-22 11:28:22 <-- InfoData
20-01-22 11:28:23 --> InfoData
20-01-22 11:28:23 <-- InfoData
20-01-22 11:28:25 --> InfoData
20-01-22 11:28:25 <-- InfoData
20-01-22 11:28:25 --> InfoData
20-01-22 11:28:25 <-- InfoData
20-01-22 11:28:27 --> InfoData
20-01-22 11:28:27 <-- InfoData
20-01-22 11:28:28 --> InfoData
20-01-22 11:28:28 <-- InfoData
20-01-22 11:28:29 --> InfoData
20-01-22 11:28:29 <-- InfoData
20-01-22 11:28:30 --> InfoData
20-01-22 11:28:30 <-- InfoData
20-01-22 11:28:31 --> InfoData
20-01-22 11:28:31 <-- InfoData
20-01-22 11:28:32 --> InfoData
20-01-22 11:28:32 <-- InfoData
20-01-22 11:28:33 --> InfoData
20-01-22 11:28:33 <-- InfoData
20-01-22 11:28:34 --> InfoData
20-01-22 11:28:34 <-- InfoData
20-01-22 11:28:35 --> InfoData
20-01-22 11:28:35 <-- InfoData
20-01-22 11:28:36 --> InfoData
20-01-22 11:28:36 <-- InfoData
20-01-22 11:28:37 --> InfoData
20-01-22 11:28:37 <-- InfoData
20-01-22 11:28:38 --> InfoData
20-01-22 11:28:38 <-- InfoData
20-01-22 11:28:39 --> InfoData
20-01-22 11:28:39 <-- InfoData
20-01-22 11:28:40 --> InfoData
20-01-22 11:28:40 <-- InfoData
20-01-22 11:28:41 --> InfoData
20-01-22 11:28:41 <-- InfoData
20-01-22 11:28:42 --> InfoData
20-01-22 11:28:42 <-- InfoData
20-01-22 11:28:43 --> InfoData
20-01-22 11:28:43 <-- InfoData
20-01-22 11:28:44 --> InfoData
20-01-22 11:28:44 <-- InfoData
20-01-22 11:28:45 --> InfoData
20-01-22 11:28:45 <-- InfoData
20-01-22 11:28:46 --> InfoData
20-01-22 11:28:46 <-- InfoData
20-01-22 11:28:47 --> InfoData
20-01-22 11:28:47 <-- InfoData
20-01-22 11:28:48 --> InfoData
20-01-22 11:28:48 <-- InfoData
20-01-22 11:28:49 --> InfoData
20-01-22 11:28:49 <-- InfoData
20-01-22 11:28:50 --> InfoData
20-01-22 11:28:50 <-- InfoData
20-01-22 11:28:51 --> InfoData
20-01-22 11:28:51 <-- InfoData
20-01-22 11:28:52 --> InfoData
20-01-22 11:28:52 <-- InfoData
20-01-22 11:28:53 --> InfoData
20-01-22 11:28:53 <-- InfoData
20-01-22 11:28:54 --> InfoData
20-01-22 11:28:54 <-- InfoData
20-01-22 11:28:55 --> InfoData
20-01-22 11:28:55 <-- InfoData
20-01-22 11:28:56 --> InfoData
20-01-22 11:28:56 <-- InfoData
20-01-22 11:28:57 --> InfoData
20-01-22 11:28:57 <-- InfoData
20-01-22 11:28:58 --> InfoData
20-01-22 11:28:58 <-- InfoData
20-01-22 11:28:59 --> InfoData
20-01-22 11:28:59 <-- InfoData
20-01-22 11:29:00 --> InfoData
20-01-22 11:29:00 <-- InfoData
20-01-22 11:29:01 --> InfoData
20-01-22 11:29:01 <-- InfoData
20-01-22 11:29:02 --> InfoData
20-01-22 11:29:02 <-- InfoData
20-01-22 11:29:03 --> InfoData
20-01-22 11:29:03 <-- InfoData
20-01-22 11:29:04 --> InfoData
20-01-22 11:29:04 <-- InfoData
20-01-22 11:29:05 --> InfoData
20-01-22 11:29:05 <-- InfoData
20-01-22 11:29:06 --> InfoData
20-01-22 11:29:06 <-- InfoData
20-01-22 11:29:07 --> InfoData
20-01-22 11:29:07 <-- InfoData
20-01-22 11:29:08 --> InfoData
20-01-22 11:29:08 <-- InfoData
20-01-22 11:29:09 --> InfoData
20-01-22 11:29:09 <-- InfoData
20-01-22 11:29:10 --> InfoData
20-01-22 11:29:10 <-- InfoData
20-01-22 11:29:11 --> InfoData
20-01-22 11:29:11 <-- InfoData
20-01-22 11:29:12 --> InfoData
20-01-22 11:29:12 <-- InfoData
20-01-22 11:29:13 --> InfoData
20-01-22 11:29:13 <-- InfoData
20-01-22 11:29:14 --> InfoData
20-01-22 11:29:14 <-- InfoData
20-01-22 11:29:15 --> InfoData
20-01-22 11:29:15 <-- InfoData
20-01-22 11:29:16 --> InfoData
20-01-22 11:29:16 <-- InfoData
20-01-22 11:29:17 --> InfoData
20-01-22 11:29:17 <-- InfoData
20-01-22 11:29:18 --> InfoData
20-01-22 11:29:18 <-- InfoData
20-01-22 11:29:19 --> InfoData
20-01-22 11:29:19 <-- InfoData
20-01-22 11:29:20 --> InfoData
20-01-22 11:29:20 <-- InfoData
20-01-22 11:29:21 --> InfoData
20-01-22 11:29:21 <-- InfoData
20-01-22 11:29:22 --> InfoData
20-01-22 11:29:22 <-- InfoData
20-01-22 11:29:23 --> InfoData
20-01-22 11:29:23 <-- InfoData
20-01-22 11:29:24 --> InfoData
20-01-22 11:29:24 <-- InfoData
20-01-22 11:29:25 --> InfoData
20-01-22 11:29:25 <-- InfoData
20-01-22 11:29:26 --> InfoData
20-01-22 11:29:26 <-- InfoData
20-01-22 11:29:27 --> InfoData
20-01-22 11:29:27 <-- InfoData
20-01-22 11:29:28 --> InfoData
20-01-22 11:29:28 <-- InfoData
20-01-22 11:29:29 --> InfoData
20-01-22 11:29:29 <-- InfoData
20-01-22 11:29:30 --> InfoData
20-01-22 11:29:30 <-- InfoData
20-01-22 11:29:31 --> InfoData
20-01-22 11:29:31 <-- InfoData
20-01-22 11:29:32 --> InfoData
20-01-22 11:29:32 <-- InfoData
20-01-22 11:29:33 --> InfoData
20-01-22 11:29:33 <-- InfoData
20-01-22 11:29:34 --> InfoData
20-01-22 11:29:34 <-- InfoData
20-01-22 11:29:35 --> InfoData
20-01-22 11:29:35 <-- InfoData
20-01-22 11:29:36 --> InfoData
20-01-22 11:29:36 <-- InfoData
20-01-22 11:29:37 --> InfoData
20-01-22 11:29:37 <-- InfoData
20-01-22 11:29:38 --> InfoData
20-01-22 11:29:38 <-- InfoData
20-01-22 11:29:39 --> InfoData
20-01-22 11:29:39 <-- InfoData
20-01-22 11:29:40 --> InfoData
20-01-22 11:29:40 <-- InfoData
20-01-22 11:29:41 --> InfoData
20-01-22 11:29:41 <-- InfoData
20-01-22 11:29:42 --> InfoData
20-01-22 11:29:42 <-- InfoData
20-01-22 11:29:43 --> InfoData
20-01-22 11:29:43 <-- InfoData
20-01-22 11:29:44 --> InfoData
20-01-22 11:29:44 <-- InfoData
20-01-22 11:29:45 --> InfoData
20-01-22 11:29:45 <-- InfoData
20-01-22 11:29:46 --> InfoData
20-01-22 11:29:46 <-- InfoData
20-01-22 11:29:47 --> InfoData
20-01-22 11:29:47 <-- InfoData
20-01-22 11:29:48 --> InfoData
20-01-22 11:29:48 <-- InfoData
20-01-22 11:29:49 --> InfoData
20-01-22 11:29:49 <-- InfoData
20-01-22 11:29:50 --> InfoData
20-01-22 11:29:50 <-- InfoData
20-01-22 11:29:51 --> InfoData
20-01-22 11:29:51 <-- InfoData
20-01-22 11:29:52 --> InfoData
20-01-22 11:29:52 <-- InfoData
20-01-22 11:29:53 --> InfoData
20-01-22 11:29:53 <-- InfoData
20-01-22 11:29:54 --> InfoData
20-01-22 11:29:54 <-- InfoData
20-01-22 11:29:55 --> InfoData
20-01-22 11:29:55 <-- InfoData
20-01-22 11:29:56 --> InfoData
20-01-22 11:29:56 <-- InfoData
20-01-22 11:29:57 --> InfoData
20-01-22 11:29:57 <-- InfoData
20-01-22 11:29:58 --> InfoData
20-01-22 11:29:58 <-- InfoData
20-01-22 11:29:59 --> InfoData
20-01-22 11:29:59 <-- InfoData
20-01-22 11:30:00 --> InfoData
20-01-22 11:30:00 <-- InfoData
20-01-22 11:30:01 --> InfoData
20-01-22 11:30:01 <-- InfoData
20-01-22 11:30:02 --> InfoData
20-01-22 11:30:02 <-- InfoData
20-01-22 11:30:03 --> InfoData
20-01-22 11:30:03 <-- InfoData
20-01-22 11:30:04 --> InfoData
20-01-22 11:30:04 <-- InfoData
20-01-22 11:30:05 --> InfoData
20-01-22 11:30:05 <-- InfoData
20-01-22 11:30:06 --> InfoData
20-01-22 11:30:06 <-- InfoData
20-01-22 11:30:07 --> InfoData
20-01-22 11:30:07 <-- InfoData
20-01-22 11:30:08 --> InfoData
20-01-22 11:30:08 <-- InfoData
20-01-22 11:30:09 --> InfoData
20-01-22 11:30:09 <-- InfoData
20-01-22 11:30:10 --> InfoData
20-01-22 11:30:10 <-- InfoData
20-01-22 11:30:11 --> InfoData
20-01-22 11:30:11 <-- InfoData
20-01-22 11:30:12 --> InfoData
20-01-22 11:30:12 <-- InfoData
20-01-22 11:30:13 --> InfoData
20-01-22 11:30:13 <-- InfoData
20-01-22 11:30:14 --> InfoData
20-01-22 11:30:14 <-- InfoData
20-01-22 11:30:15 --> InfoData
20-01-22 11:30:15 <-- InfoData
20-01-22 11:30:16 --> InfoData
20-01-22 11:30:16 <-- InfoData
20-01-22 11:30:17 --> InfoData
20-01-22 11:30:17 <-- InfoData
20-01-22 11:30:18 --> InfoData
20-01-22 11:30:18 <-- InfoData
20-01-22 11:30:19 --> InfoData
20-01-22 11:30:19 <-- InfoData
20-01-22 11:30:20 --> InfoData
20-01-22 11:30:20 <-- InfoData
20-01-22 11:30:21 --> InfoData
20-01-22 11:30:21 <-- InfoData
20-01-22 11:30:22 --> InfoData
20-01-22 11:30:22 <-- InfoData
20-01-22 11:30:23 --> InfoData
20-01-22 11:30:23 <-- InfoData
20-01-22 11:30:24 --> InfoData
20-01-22 11:30:24 <-- InfoData
20-01-22 11:30:25 --> InfoData
20-01-22 11:30:25 <-- InfoData
20-01-22 11:30:26 --> InfoData
20-01-22 11:30:26 <-- InfoData
20-01-22 11:30:27 --> InfoData
20-01-22 11:30:27 <-- InfoData
20-01-22 11:30:28 --> InfoData
20-01-22 11:30:28 <-- InfoData
20-01-22 11:30:29 --> InfoData
20-01-22 11:30:29 <-- InfoData
20-01-22 11:30:30 --> InfoData
20-01-22 11:30:30 <-- InfoData
20-01-22 11:30:31 --> InfoData
20-01-22 11:30:31 <-- InfoData
20-01-22 11:30:32 --> InfoData
20-01-22 11:30:32 <-- InfoData
20-01-22 11:30:33 --> InfoData
20-01-22 11:30:33 <-- InfoData
20-01-22 11:30:34 --> InfoData
20-01-22 11:30:34 <-- InfoData
20-01-22 11:30:35 --> InfoData
20-01-22 11:30:35 <-- InfoData
20-01-22 11:30:36 --> InfoData
20-01-22 11:30:36 <-- InfoData
20-01-22 11:30:37 --> InfoData
20-01-22 11:30:37 <-- InfoData
20-01-22 11:30:38 --> InfoData
20-01-22 11:30:38 <-- InfoData
20-01-22 11:30:39 --> InfoData
20-01-22 11:30:39 <-- InfoData
20-01-22 11:30:40 --> InfoData
20-01-22 11:30:40 <-- InfoData
20-01-22 11:30:41 --> InfoData
20-01-22 11:30:41 <-- InfoData
20-01-22 11:30:42 --> InfoData
20-01-22 11:30:42 <-- InfoData
20-01-22 11:30:43 --> InfoData
20-01-22 11:30:43 <-- InfoData
20-01-22 11:30:44 --> InfoData
20-01-22 11:30:44 <-- InfoData
20-01-22 11:30:45 --> InfoData
20-01-22 11:30:45 <-- InfoData
20-01-22 11:30:46 --> InfoData
20-01-22 11:30:46 <-- InfoData
20-01-22 11:30:47 --> InfoData
20-01-22 11:30:47 <-- InfoData
20-01-22 11:30:48 --> InfoData
20-01-22 11:30:48 <-- InfoData
20-01-22 11:30:50 --> InfoData
20-01-22 11:30:50 <-- InfoData
20-01-22 11:30:50 --> InfoData
20-01-22 11:30:50 <-- InfoData
20-01-22 11:30:51 --> InfoData
20-01-22 11:30:51 <-- InfoData
20-01-22 11:30:52 --> InfoData
20-01-22 11:30:52 <-- InfoData
20-01-22 11:30:53 --> InfoData
20-01-22 11:30:53 <-- InfoData
20-01-22 11:30:55 --> InfoData
20-01-22 11:30:55 <-- InfoData
20-01-22 11:30:55 --> InfoData
20-01-22 11:30:56 <-- InfoData
20-01-22 11:30:57 --> InfoData
20-01-22 11:30:57 <-- InfoData
20-01-22 11:30:57 --> InfoData
20-01-22 11:30:57 <-- InfoData
20-01-22 11:30:58 --> InfoData
20-01-22 11:30:58 <-- InfoData
20-01-22 11:31:00 --> InfoData
20-01-22 11:31:00 <-- InfoData
20-01-22 11:31:00 --> InfoData
20-01-22 11:31:01 <-- InfoData
20-01-22 11:31:02 --> InfoData
20-01-22 11:31:02 <-- InfoData
20-01-22 11:31:02 --> InfoData
20-01-22 11:31:03 <-- InfoData
20-01-22 11:31:04 --> InfoData
20-01-22 11:31:04 <-- InfoData
20-01-22 11:31:05 --> InfoData
20-01-22 11:31:05 <-- InfoData
20-01-22 11:31:06 --> InfoData
20-01-22 11:31:06 <-- InfoData
20-01-22 11:31:07 --> InfoData
20-01-22 11:31:07 <-- InfoData
20-01-22 11:31:08 --> InfoData
20-01-22 11:31:08 <-- InfoData
20-01-22 11:31:09 --> InfoData
20-01-22 11:31:09 <-- InfoData
20-01-22 11:31:10 --> InfoData
20-01-22 11:31:10 <-- InfoData
20-01-22 11:31:11 --> InfoData
20-01-22 11:31:11 <-- InfoData
20-01-22 11:31:12 --> InfoData
20-01-22 11:31:12 <-- InfoData
20-01-22 11:31:13 --> InfoData
20-01-22 11:31:13 <-- InfoData
20-01-22 11:31:14 --> InfoData
20-01-22 11:31:14 <-- InfoData
20-01-22 11:31:15 --> InfoData
20-01-22 11:31:15 <-- InfoData
20-01-22 11:31:16 --> InfoData
20-01-22 11:31:16 <-- InfoData
20-01-22 11:31:17 --> InfoData
20-01-22 11:31:17 <-- InfoData
20-01-22 11:31:18 --> InfoData
20-01-22 11:31:18 <-- InfoData
20-01-22 11:31:19 --> InfoData
20-01-22 11:31:19 <-- InfoData
20-01-22 11:31:20 --> InfoData
20-01-22 11:31:20 <-- InfoData
20-01-22 11:31:21 --> InfoData
20-01-22 11:31:21 <-- InfoData
20-01-22 11:31:22 --> InfoData
20-01-22 11:31:22 <-- InfoData
20-01-22 11:31:23 --> InfoData
20-01-22 11:31:23 <-- InfoData
20-01-22 11:31:24 --> InfoData
20-01-22 11:31:24 <-- InfoData
20-01-22 11:31:25 --> InfoData
20-01-22 11:31:25 <-- InfoData
20-01-22 11:31:26 --> InfoData
20-01-22 11:31:26 <-- InfoData
20-01-22 11:31:27 --> InfoData
20-01-22 11:31:27 <-- InfoData
20-01-22 11:31:28 --> InfoData
20-01-22 11:31:28 <-- InfoData
20-01-22 11:31:29 --> InfoData
20-01-22 11:31:29 <-- InfoData
20-01-22 11:31:30 --> InfoData
20-01-22 11:31:30 <-- InfoData
20-01-22 11:31:31 --> InfoData
20-01-22 11:31:31 <-- InfoData
20-01-22 11:31:32 --> InfoData
20-01-22 11:31:32 <-- InfoData
20-01-22 11:31:33 --> InfoData
20-01-22 11:31:33 <-- InfoData
20-01-22 11:31:34 --> InfoData
20-01-22 11:31:34 <-- InfoData
20-01-22 11:31:35 --> InfoData
20-01-22 11:31:35 <-- InfoData
20-01-22 11:31:36 --> InfoData
20-01-22 11:31:36 <-- InfoData
20-01-22 11:31:37 --> InfoData
20-01-22 11:31:37 <-- InfoData
20-01-22 11:31:38 --> InfoData
20-01-22 11:31:38 <-- InfoData
20-01-22 11:31:39 --> InfoData
20-01-22 11:31:39 <-- InfoData
20-01-22 11:31:40 --> InfoData
20-01-22 11:31:40 <-- InfoData
20-01-22 11:31:41 --> InfoData
20-01-22 11:31:41 <-- InfoData
20-01-22 11:31:42 --> InfoData
20-01-22 11:31:42 <-- InfoData
20-01-22 11:31:43 --> InfoData
20-01-22 11:31:43 <-- InfoData
20-01-22 11:31:44 --> InfoData
20-01-22 11:31:44 <-- InfoData
20-01-22 11:31:45 --> InfoData
20-01-22 11:31:45 <-- InfoData
20-01-22 11:31:46 --> InfoData
20-01-22 11:31:46 <-- InfoData
20-01-22 11:31:47 --> InfoData
20-01-22 11:31:47 <-- InfoData
20-01-22 11:31:48 --> InfoData
20-01-22 11:31:48 <-- InfoData
20-01-22 11:31:49 --> InfoData
20-01-22 11:31:49 <-- InfoData
20-01-22 11:31:50 --> InfoData
20-01-22 11:31:50 <-- InfoData
20-01-22 11:31:51 --> InfoData
20-01-22 11:31:51 <-- InfoData
20-01-22 11:31:52 --> InfoData
20-01-22 11:31:52 <-- InfoData
20-01-22 11:31:53 --> InfoData
20-01-22 11:31:53 <-- InfoData
20-01-22 11:31:54 --> InfoData
20-01-22 11:31:54 <-- InfoData
20-01-22 11:31:55 --> InfoData
20-01-22 11:31:55 <-- InfoData
20-01-22 11:31:56 --> InfoData
20-01-22 11:31:56 <-- InfoData
20-01-22 11:31:57 --> InfoData
20-01-22 11:31:57 <-- InfoData
20-01-22 11:31:58 --> InfoData
20-01-22 11:31:58 <-- InfoData
20-01-22 11:31:59 --> InfoData
20-01-22 11:31:59 <-- InfoData
20-01-22 11:32:00 --> InfoData
20-01-22 11:32:00 <-- InfoData
20-01-22 11:32:01 --> InfoData
20-01-22 11:32:01 <-- InfoData
20-01-22 11:32:02 --> InfoData
20-01-22 11:32:02 <-- InfoData
20-01-22 11:32:03 --> InfoData
20-01-22 11:32:03 <-- InfoData
20-01-22 11:32:04 --> InfoData
20-01-22 11:32:04 <-- InfoData
20-01-22 11:32:05 --> InfoData
20-01-22 11:32:05 <-- InfoData
20-01-22 11:32:06 --> InfoData
20-01-22 11:32:06 <-- InfoData
20-01-22 11:32:07 --> InfoData
20-01-22 11:32:07 <-- InfoData
20-01-22 11:32:08 --> InfoData
20-01-22 11:32:08 <-- InfoData
20-01-22 11:32:09 --> InfoData
20-01-22 11:32:09 <-- InfoData
20-01-22 11:32:10 --> InfoData
20-01-22 11:32:10 <-- InfoData
20-01-22 11:32:11 --> InfoData
20-01-22 11:32:11 <-- InfoData
20-01-22 11:32:12 --> InfoData
20-01-22 11:32:12 <-- InfoData
20-01-22 11:32:13 --> InfoData
20-01-22 11:32:13 <-- InfoData
20-01-22 11:32:14 --> InfoData
20-01-22 11:32:14 <-- InfoData
20-01-22 11:32:15 --> InfoData
20-01-22 11:32:15 <-- InfoData
20-01-22 11:32:16 --> InfoData
20-01-22 11:32:16 <-- InfoData
20-01-22 11:32:17 --> InfoData
20-01-22 11:32:17 <-- InfoData
20-01-22 11:32:18 --> InfoData
20-01-22 11:32:18 <-- InfoData
20-01-22 11:32:19 --> InfoData
20-01-22 11:32:19 <-- InfoData
20-01-22 11:32:20 --> InfoData
20-01-22 11:32:20 <-- InfoData
20-01-22 11:32:21 --> InfoData
20-01-22 11:32:21 <-- InfoData
20-01-22 11:32:22 --> InfoData
20-01-22 11:32:22 <-- InfoData
20-01-22 11:32:23 --> InfoData
20-01-22 11:32:23 <-- InfoData
20-01-22 11:32:24 --> InfoData
20-01-22 11:32:24 <-- InfoData
20-01-22 11:32:25 --> InfoData
20-01-22 11:32:25 <-- InfoData
20-01-22 11:32:26 --> InfoData
20-01-22 11:32:26 <-- InfoData
20-01-22 11:32:27 --> InfoData
20-01-22 11:32:27 <-- InfoData
20-01-22 11:32:28 --> InfoData
20-01-22 11:32:28 <-- InfoData
20-01-22 11:32:29 --> InfoData
20-01-22 11:32:29 <-- InfoData
20-01-22 11:32:30 --> InfoData
20-01-22 11:32:30 <-- InfoData
20-01-22 11:32:31 --> InfoData
20-01-22 11:32:31 <-- InfoData
20-01-22 11:32:32 --> InfoData
20-01-22 11:32:32 <-- InfoData
20-01-22 11:32:33 --> InfoData
20-01-22 11:32:33 <-- InfoData
20-01-22 11:32:34 --> InfoData
20-01-22 11:32:34 <-- InfoData
20-01-22 11:32:35 --> InfoData
20-01-22 11:32:35 <-- InfoData
20-01-22 11:32:36 --> InfoData
20-01-22 11:32:36 <-- InfoData
20-01-22 11:32:37 --> InfoData
20-01-22 11:32:37 <-- InfoData
20-01-22 11:32:38 --> InfoData
20-01-22 11:32:38 <-- InfoData
20-01-22 11:32:39 --> InfoData
20-01-22 11:32:39 <-- InfoData
20-01-22 11:32:40 --> InfoData
20-01-22 11:32:40 <-- InfoData
20-01-22 11:32:41 --> InfoData
20-01-22 11:32:41 <-- InfoData
20-01-22 11:32:42 --> InfoData
20-01-22 11:32:42 <-- InfoData
20-01-22 11:32:43 --> InfoData
20-01-22 11:32:43 <-- InfoData
20-01-22 11:32:44 --> InfoData
20-01-22 11:32:44 <-- InfoData
20-01-22 11:32:45 --> InfoData
20-01-22 11:32:45 <-- InfoData
20-01-22 11:32:46 --> InfoData
20-01-22 11:32:46 <-- InfoData
20-01-22 11:32:47 --> InfoData
20-01-22 11:32:47 <-- InfoData
20-01-22 11:32:48 --> InfoData
20-01-22 11:32:48 <-- InfoData
20-01-22 11:32:49 --> InfoData
20-01-22 11:32:49 <-- InfoData
20-01-22 11:32:50 --> InfoData
20-01-22 11:32:50 <-- InfoData
20-01-22 11:32:51 --> InfoData
20-01-22 11:32:51 <-- InfoData
20-01-22 11:32:52 --> InfoData
20-01-22 11:32:52 <-- InfoData
20-01-22 11:32:53 --> InfoData
20-01-22 11:32:53 <-- InfoData
20-01-22 11:32:54 --> InfoData
20-01-22 11:32:54 <-- InfoData
20-01-22 11:32:55 --> InfoData
20-01-22 11:32:55 <-- InfoData
20-01-22 11:32:56 --> InfoData
20-01-22 11:32:56 <-- InfoData
20-01-22 11:32:57 --> InfoData
20-01-22 11:32:57 <-- InfoData
20-01-22 11:32:58 --> InfoData
20-01-22 11:32:58 <-- InfoData
20-01-22 11:32:59 --> InfoData
20-01-22 11:32:59 <-- InfoData
20-01-22 11:33:00 --> InfoData
20-01-22 11:33:00 <-- InfoData
20-01-22 11:33:01 --> InfoData
20-01-22 11:33:01 <-- InfoData
20-01-22 11:33:02 --> InfoData
20-01-22 11:33:02 <-- InfoData
20-01-22 11:33:03 --> InfoData
20-01-22 11:33:03 <-- InfoData
20-01-22 11:33:04 --> InfoData
20-01-22 11:33:04 <-- InfoData
20-01-22 11:33:05 --> InfoData
20-01-22 11:33:05 <-- InfoData
20-01-22 11:33:06 --> InfoData
20-01-22 11:33:06 <-- InfoData
20-01-22 11:33:07 --> InfoData
20-01-22 11:33:07 <-- InfoData
20-01-22 11:33:08 --> InfoData
20-01-22 11:33:08 <-- InfoData
20-01-22 11:33:09 --> InfoData
20-01-22 11:33:09 <-- InfoData
20-01-22 11:33:10 --> InfoData
20-01-22 11:33:10 <-- InfoData
20-01-22 11:33:11 --> InfoData
20-01-22 11:33:11 <-- InfoData
20-01-22 11:33:12 --> InfoData
20-01-22 11:33:12 <-- InfoData
20-01-22 11:33:13 --> InfoData
20-01-22 11:33:13 <-- InfoData
20-01-22 11:33:14 --> InfoData
20-01-22 11:33:14 <-- InfoData
20-01-22 11:33:15 --> InfoData
20-01-22 11:33:15 <-- InfoData
20-01-22 11:33:16 --> InfoData
20-01-22 11:33:16 <-- InfoData
20-01-22 11:33:17 --> InfoData
20-01-22 11:33:17 <-- InfoData
20-01-22 11:33:18 --> InfoData
20-01-22 11:33:18 <-- InfoData
20-01-22 11:33:19 --> InfoData
20-01-22 11:33:19 <-- InfoData
20-01-22 11:33:20 --> InfoData
20-01-22 11:33:20 <-- InfoData
20-01-22 11:33:21 --> InfoData
20-01-22 11:33:21 <-- InfoData
20-01-22 11:33:22 --> InfoData
20-01-22 11:33:22 <-- InfoData
20-01-22 11:33:23 --> InfoData
20-01-22 11:33:23 <-- InfoData
20-01-22 11:33:24 --> InfoData
20-01-22 11:33:24 <-- InfoData
20-01-22 11:33:25 --> InfoData
20-01-22 11:33:25 <-- InfoData
20-01-22 11:33:26 --> InfoData
20-01-22 11:33:26 <-- InfoData
20-01-22 11:33:27 --> InfoData
20-01-22 11:33:27 <-- InfoData
20-01-22 11:33:28 --> InfoData
20-01-22 11:33:28 <-- InfoData
20-01-22 11:33:29 --> InfoData
20-01-22 11:33:29 <-- InfoData
20-01-22 11:33:30 --> InfoData
20-01-22 11:33:30 <-- InfoData
20-01-22 11:33:31 --> InfoData
20-01-22 11:33:31 <-- InfoData
20-01-22 11:33:32 --> InfoData
20-01-22 11:33:32 <-- InfoData
20-01-22 11:33:33 --> InfoData
20-01-22 11:33:33 <-- InfoData
20-01-22 11:33:34 --> InfoData
20-01-22 11:33:34 <-- InfoData
20-01-22 11:33:35 --> InfoData
20-01-22 11:33:35 <-- InfoData
20-01-22 11:33:36 --> InfoData
20-01-22 11:33:36 <-- InfoData
20-01-22 11:33:37 --> InfoData
20-01-22 11:33:37 <-- InfoData
20-01-22 11:33:38 --> InfoData
20-01-22 11:33:38 <-- InfoData
20-01-22 11:33:39 --> InfoData
20-01-22 11:33:39 <-- InfoData
20-01-22 11:33:40 --> InfoData
20-01-22 11:33:40 <-- InfoData
20-01-22 11:33:41 --> InfoData
20-01-22 11:33:41 <-- InfoData
20-01-22 11:33:42 --> InfoData
20-01-22 11:33:42 <-- InfoData
20-01-22 11:33:43 --> InfoData
20-01-22 11:33:43 <-- InfoData
20-01-22 11:33:44 --> InfoData
20-01-22 11:33:44 <-- InfoData
20-01-22 11:33:45 --> InfoData
20-01-22 11:33:45 <-- InfoData
20-01-22 11:33:46 --> InfoData
20-01-22 11:33:46 <-- InfoData
20-01-22 11:33:47 --> InfoData
20-01-22 11:33:47 <-- InfoData
20-01-22 11:33:48 --> InfoData
20-01-22 11:33:48 <-- InfoData
20-01-22 11:33:49 --> InfoData
20-01-22 11:33:49 <-- InfoData
20-01-22 11:33:50 --> InfoData
20-01-22 11:33:50 <-- InfoData
20-01-22 11:33:51 --> InfoData
20-01-22 11:33:51 <-- InfoData
20-01-22 11:33:52 --> InfoData
20-01-22 11:33:52 <-- InfoData
20-01-22 11:33:53 --> InfoData
20-01-22 11:33:53 <-- InfoData
20-01-22 11:33:54 --> InfoData
20-01-22 11:33:54 <-- InfoData
20-01-22 11:33:55 --> InfoData
20-01-22 11:33:55 <-- InfoData
20-01-22 11:33:56 --> InfoData
20-01-22 11:33:56 <-- InfoData
20-01-22 11:33:57 --> InfoData
20-01-22 11:33:57 <-- InfoData
20-01-22 11:33:58 --> InfoData
20-01-22 11:33:58 <-- InfoData
20-01-22 11:33:59 --> InfoData
20-01-22 11:33:59 <-- InfoData
20-01-22 11:34:00 --> InfoData
20-01-22 11:34:00 <-- InfoData
20-01-22 11:34:01 --> InfoData
20-01-22 11:34:01 <-- InfoData
20-01-22 11:34:02 --> InfoData
20-01-22 11:34:02 <-- InfoData
20-01-22 11:34:03 --> InfoData
20-01-22 11:34:03 <-- InfoData
20-01-22 11:34:04 --> InfoData
20-01-22 11:34:04 <-- InfoData
20-01-22 11:34:05 --> InfoData
20-01-22 11:34:05 <-- InfoData
20-01-22 11:34:06 --> InfoData
20-01-22 11:34:06 <-- InfoData
20-01-22 11:34:07 --> InfoData
20-01-22 11:34:07 <-- InfoData
20-01-22 11:34:08 --> InfoData
20-01-22 11:34:08 <-- InfoData
20-01-22 11:34:09 --> InfoData
20-01-22 11:34:09 <-- InfoData
20-01-22 11:34:10 --> InfoData
20-01-22 11:34:10 <-- InfoData
20-01-22 11:34:11 --> InfoData
20-01-22 11:34:11 <-- InfoData
20-01-22 11:34:13 --> InfoData
20-01-22 11:34:13 <-- InfoData
20-01-22 11:34:13 --> InfoData
20-01-22 11:34:13 <-- InfoData
20-01-22 11:34:14 --> InfoData
20-01-22 11:34:14 <-- InfoData
20-01-22 11:34:15 --> InfoData
20-01-22 11:34:15 <-- InfoData
20-01-22 11:34:16 --> InfoData
20-01-22 11:34:16 <-- InfoData
20-01-22 11:34:17 --> InfoData
20-01-22 11:34:17 <-- InfoData
20-01-22 11:34:18 --> InfoData
20-01-22 11:34:18 <-- InfoData
20-01-22 11:34:19 --> InfoData
20-01-22 11:34:19 <-- InfoData
20-01-22 11:34:20 --> InfoData
20-01-22 11:34:20 <-- InfoData
20-01-22 11:34:21 --> InfoData
20-01-22 11:34:21 <-- InfoData
20-01-22 11:34:22 --> InfoData
20-01-22 11:34:22 <-- InfoData
20-01-22 11:34:23 --> InfoData
20-01-22 11:34:23 <-- InfoData
20-01-22 11:34:24 --> InfoData
20-01-22 11:34:24 <-- InfoData
20-01-22 11:34:25 --> InfoData
20-01-22 11:34:25 <-- InfoData
20-01-22 11:34:26 --> InfoData
20-01-22 11:34:26 <-- InfoData
20-01-22 11:34:27 --> InfoData
20-01-22 11:34:27 <-- InfoData
20-01-22 11:34:28 --> InfoData
20-01-22 11:34:28 <-- InfoData
20-01-22 11:34:30 --> InfoData
20-01-22 11:34:30 <-- InfoData
20-01-22 11:34:30 --> InfoData
20-01-22 11:34:31 <-- InfoData
20-01-22 11:34:31 --> InfoData
20-01-22 11:34:31 <-- InfoData
20-01-22 11:34:33 --> InfoData
20-01-22 11:34:33 <-- InfoData
20-01-22 11:34:34 --> InfoData
20-01-22 11:34:34 <-- InfoData
20-01-22 11:34:34 --> InfoData
20-01-22 11:34:34 <-- InfoData
20-01-22 11:34:36 --> InfoData
20-01-22 11:34:36 <-- InfoData
20-01-22 11:34:36 --> InfoData
20-01-22 11:34:36 <-- InfoData
20-01-22 11:34:37 --> InfoData
20-01-22 11:34:38 <-- InfoData
20-01-22 11:34:39 --> InfoData
20-01-22 11:34:39 <-- InfoData
20-01-22 11:34:39 --> InfoData
20-01-22 11:34:39 <-- InfoData
20-01-22 11:34:41 --> InfoData
20-01-22 11:34:41 <-- InfoData
20-01-22 11:34:42 --> InfoData
20-01-22 11:34:42 <-- InfoData
20-01-22 11:34:42 --> InfoData
20-01-22 11:34:42 <-- InfoData
20-01-22 11:34:44 --> InfoData
20-01-22 11:34:44 <-- InfoData
20-01-22 11:34:45 --> InfoData
20-01-22 11:34:45 <-- InfoData
20-01-22 11:34:46 --> InfoData
20-01-22 11:34:46 <-- InfoData
20-01-22 11:34:46 --> InfoData
20-01-22 11:34:46 <-- InfoData
20-01-22 11:34:48 --> InfoData
20-01-22 11:34:48 <-- InfoData
20-01-22 11:34:49 --> InfoData
20-01-22 11:34:49 <-- InfoData
20-01-22 11:34:50 --> InfoData
20-01-22 11:34:50 <-- InfoData
20-01-22 11:34:51 --> InfoData
20-01-22 11:34:51 <-- InfoData
20-01-22 11:34:52 --> InfoData
20-01-22 11:34:52 <-- InfoData
20-01-22 11:34:53 --> InfoData
20-01-22 11:34:53 <-- InfoData
20-01-22 11:34:54 --> InfoData
20-01-22 11:34:54 <-- InfoData
20-01-22 11:34:55 --> InfoData
20-01-22 11:34:55 <-- InfoData
20-01-22 11:34:56 --> InfoData
20-01-22 11:34:56 <-- InfoData
20-01-22 11:34:57 --> InfoData
20-01-22 11:34:57 <-- InfoData
20-01-22 11:34:58 --> InfoData
20-01-22 11:34:58 <-- InfoData
20-01-22 11:34:59 --> InfoData
20-01-22 11:34:59 <-- InfoData
20-01-22 11:35:00 --> InfoData
20-01-22 11:35:00 <-- InfoData
20-01-22 11:35:01 --> InfoData
20-01-22 11:35:01 <-- InfoData
20-01-22 11:35:02 --> InfoData
20-01-22 11:35:02 <-- InfoData
20-01-22 11:35:03 --> InfoData
20-01-22 11:35:03 <-- InfoData
20-01-22 11:35:04 --> InfoData
20-01-22 11:35:04 <-- InfoData
20-01-22 11:35:05 --> InfoData
20-01-22 11:35:05 <-- InfoData
20-01-22 11:35:06 --> InfoData
20-01-22 11:35:06 <-- InfoData
20-01-22 11:35:07 --> InfoData
20-01-22 11:35:07 <-- InfoData
20-01-22 11:35:08 --> InfoData
20-01-22 11:35:08 <-- InfoData
20-01-22 11:35:09 --> InfoData
20-01-22 11:35:09 <-- InfoData
20-01-22 11:35:10 --> InfoData
20-01-22 11:35:10 <-- InfoData
20-01-22 11:35:11 --> InfoData
20-01-22 11:35:11 <-- InfoData
20-01-22 11:35:12 --> InfoData
20-01-22 11:35:12 <-- InfoData
20-01-22 11:35:13 --> InfoData
20-01-22 11:35:13 <-- InfoData
20-01-22 11:35:14 --> InfoData
20-01-22 11:35:14 <-- InfoData
20-01-22 11:35:15 --> InfoData
20-01-22 11:35:15 <-- InfoData
20-01-22 11:35:16 --> InfoData
20-01-22 11:35:16 <-- InfoData
20-01-22 11:35:17 --> InfoData
20-01-22 11:35:17 <-- InfoData
20-01-22 11:35:18 --> InfoData
20-01-22 11:35:18 <-- InfoData
20-01-22 11:35:19 --> InfoData
20-01-22 11:35:19 <-- InfoData
20-01-22 11:35:20 --> InfoData
20-01-22 11:35:20 <-- InfoData
20-01-22 11:35:21 --> InfoData
20-01-22 11:35:21 <-- InfoData
20-01-22 11:35:22 --> InfoData
20-01-22 11:35:22 <-- InfoData
20-01-22 11:35:23 --> InfoData
20-01-22 11:35:23 <-- InfoData
20-01-22 11:35:24 --> InfoData
20-01-22 11:35:24 <-- InfoData
20-01-22 11:35:25 --> InfoData
20-01-22 11:35:25 <-- InfoData
20-01-22 11:35:26 --> InfoData
20-01-22 11:35:26 <-- InfoData
20-01-22 11:35:27 --> InfoData
20-01-22 11:35:27 <-- InfoData
20-01-22 11:35:28 --> InfoData
20-01-22 11:35:28 <-- InfoData
20-01-22 11:35:29 --> InfoData
20-01-22 11:35:29 <-- InfoData
20-01-22 11:35:30 --> InfoData
20-01-22 11:35:30 <-- InfoData
20-01-22 11:35:31 --> InfoData
20-01-22 11:35:31 <-- InfoData
20-01-22 11:35:32 --> InfoData
20-01-22 11:35:32 <-- InfoData
20-01-22 11:35:33 --> InfoData
20-01-22 11:35:33 <-- InfoData
20-01-22 11:35:34 --> InfoData
20-01-22 11:35:34 <-- InfoData
20-01-22 11:35:35 --> InfoData
20-01-22 11:35:35 <-- InfoData
20-01-22 11:35:36 --> InfoData
20-01-22 11:35:36 <-- InfoData
20-01-22 11:35:37 --> InfoData
20-01-22 11:35:37 <-- InfoData
20-01-22 11:35:38 --> InfoData
20-01-22 11:35:38 <-- InfoData
20-01-22 11:35:39 --> InfoData
20-01-22 11:35:39 <-- InfoData
20-01-22 11:35:40 --> InfoData
20-01-22 11:35:40 <-- InfoData
20-01-22 11:35:41 --> InfoData
20-01-22 11:35:41 <-- InfoData
20-01-22 11:35:42 --> InfoData
20-01-22 11:35:42 <-- InfoData
20-01-22 11:35:43 --> InfoData
20-01-22 11:35:43 <-- InfoData
20-01-22 11:35:44 --> InfoData
20-01-22 11:35:44 <-- InfoData
20-01-22 11:35:45 --> InfoData
20-01-22 11:35:45 <-- InfoData
20-01-22 11:35:46 --> InfoData
20-01-22 11:35:46 <-- InfoData
20-01-22 11:35:47 --> InfoData
20-01-22 11:35:47 <-- InfoData
20-01-22 11:35:48 --> InfoData
20-01-22 11:35:48 <-- InfoData
20-01-22 11:35:49 --> InfoData
20-01-22 11:35:49 <-- InfoData
20-01-22 11:35:50 --> InfoData
20-01-22 11:35:50 <-- InfoData
20-01-22 11:35:51 --> InfoData
20-01-22 11:35:51 <-- InfoData
20-01-22 11:35:52 --> InfoData
20-01-22 11:35:52 <-- InfoData
20-01-22 11:35:53 --> InfoData
20-01-22 11:35:53 <-- InfoData
20-01-22 11:35:54 --> InfoData
20-01-22 11:35:54 <-- InfoData
20-01-22 11:35:55 --> InfoData
20-01-22 11:35:55 <-- InfoData
20-01-22 11:35:56 --> InfoData
20-01-22 11:35:56 <-- InfoData
20-01-22 11:35:57 --> InfoData
20-01-22 11:35:57 <-- InfoData
20-01-22 11:35:58 --> InfoData
20-01-22 11:35:58 <-- InfoData
20-01-22 11:35:59 --> InfoData
20-01-22 11:35:59 <-- InfoData
20-01-22 11:36:00 --> InfoData
20-01-22 11:36:00 <-- InfoData
20-01-22 11:36:01 --> InfoData
20-01-22 11:36:01 <-- InfoData
20-01-22 11:36:02 --> InfoData
20-01-22 11:36:02 <-- InfoData
20-01-22 11:36:03 --> InfoData
20-01-22 11:36:03 <-- InfoData
20-01-22 11:36:04 --> InfoData
20-01-22 11:36:04 <-- InfoData
20-01-22 11:36:05 --> InfoData
20-01-22 11:36:05 <-- InfoData
20-01-22 11:36:06 --> InfoData
20-01-22 11:36:06 <-- InfoData
20-01-22 11:36:07 --> InfoData
20-01-22 11:36:07 <-- InfoData
20-01-22 11:36:08 --> InfoData
20-01-22 11:36:08 <-- InfoData
20-01-22 11:36:09 --> InfoData
20-01-22 11:36:09 <-- InfoData
20-01-22 11:36:10 --> InfoData
20-01-22 11:36:10 <-- InfoData
20-01-22 11:36:11 --> InfoData
20-01-22 11:36:11 <-- InfoData
20-01-22 11:36:12 --> InfoData
20-01-22 11:36:12 <-- InfoData
20-01-22 11:36:13 --> InfoData
20-01-22 11:36:13 <-- InfoData
20-01-22 11:36:14 --> InfoData
20-01-22 11:36:14 <-- InfoData
20-01-22 11:36:15 --> InfoData
20-01-22 11:36:15 <-- InfoData
20-01-22 11:36:16 --> InfoData
20-01-22 11:36:16 <-- InfoData
20-01-22 11:36:17 --> InfoData
20-01-22 11:36:17 <-- InfoData
20-01-22 11:36:18 --> InfoData
20-01-22 11:36:18 <-- InfoData
20-01-22 11:36:19 --> InfoData
20-01-22 11:36:19 <-- InfoData
20-01-22 11:36:20 --> InfoData
20-01-22 11:36:20 <-- InfoData
20-01-22 11:36:21 --> InfoData
20-01-22 11:36:21 <-- InfoData
20-01-22 11:36:22 --> InfoData
20-01-22 11:36:22 <-- InfoData
20-01-22 11:36:23 --> InfoData
20-01-22 11:36:23 <-- InfoData
20-01-22 11:36:24 --> InfoData
20-01-22 11:36:24 <-- InfoData
20-01-22 11:36:25 --> InfoData
20-01-22 11:36:25 <-- InfoData
20-01-22 11:36:26 --> InfoData
20-01-22 11:36:26 <-- InfoData
20-01-22 11:36:27 --> InfoData
20-01-22 11:36:27 <-- InfoData
20-01-22 11:36:28 --> InfoData
20-01-22 11:36:28 <-- InfoData
20-01-22 11:36:29 --> InfoData
20-01-22 11:36:29 <-- InfoData
20-01-22 11:36:30 --> InfoData
20-01-22 11:36:30 <-- InfoData
20-01-22 11:36:31 --> InfoData
20-01-22 11:36:31 <-- InfoData
20-01-22 11:36:32 --> InfoData
20-01-22 11:36:32 <-- InfoData
20-01-22 11:36:33 --> InfoData
20-01-22 11:36:33 <-- InfoData
20-01-22 11:36:34 --> InfoData
20-01-22 11:36:34 <-- InfoData
20-01-22 11:36:35 --> InfoData
20-01-22 11:36:35 <-- InfoData
20-01-22 11:36:36 --> InfoData
20-01-22 11:36:36 <-- InfoData
20-01-22 11:36:37 --> InfoData
20-01-22 11:36:37 <-- InfoData
20-01-22 11:36:38 --> InfoData
20-01-22 11:36:38 <-- InfoData
20-01-22 11:36:39 --> InfoData
20-01-22 11:36:39 <-- InfoData
20-01-22 11:36:40 --> InfoData
20-01-22 11:36:40 <-- InfoData
20-01-22 11:36:41 --> InfoData
20-01-22 11:36:41 <-- InfoData
20-01-22 11:36:42 --> InfoData
20-01-22 11:36:42 <-- InfoData
20-01-22 11:36:43 --> InfoData
20-01-22 11:36:43 <-- InfoData
20-01-22 11:36:44 --> InfoData
20-01-22 11:36:44 <-- InfoData
20-01-22 11:36:45 --> InfoData
20-01-22 11:36:45 <-- InfoData
20-01-22 11:36:46 --> InfoData
20-01-22 11:36:46 <-- InfoData
20-01-22 11:36:47 --> InfoData
20-01-22 11:36:47 <-- InfoData
20-01-22 11:36:48 --> InfoData
20-01-22 11:36:48 <-- InfoData
20-01-22 11:36:49 --> InfoData
20-01-22 11:36:49 <-- InfoData
20-01-22 11:36:50 --> InfoData
20-01-22 11:36:50 <-- InfoData
20-01-22 11:36:51 --> InfoData
20-01-22 11:36:51 <-- InfoData
20-01-22 11:36:52 --> InfoData
20-01-22 11:36:52 <-- InfoData
20-01-22 11:36:53 --> InfoData
20-01-22 11:36:53 <-- InfoData
20-01-22 11:36:54 --> InfoData
20-01-22 11:36:54 <-- InfoData
20-01-22 11:36:55 --> InfoData
20-01-22 11:36:55 <-- InfoData
20-01-22 11:36:56 --> InfoData
20-01-22 11:36:56 <-- InfoData
20-01-22 11:36:57 --> InfoData
20-01-22 11:36:57 <-- InfoData
20-01-22 11:36:58 --> InfoData
20-01-22 11:36:58 <-- InfoData
20-01-22 11:36:59 --> InfoData
20-01-22 11:36:59 <-- InfoData
20-01-22 11:37:00 --> InfoData
20-01-22 11:37:00 <-- InfoData
20-01-22 11:37:01 --> InfoData
20-01-22 11:37:01 <-- InfoData
20-01-22 11:37:02 --> InfoData
20-01-22 11:37:02 <-- InfoData
20-01-22 11:37:03 --> InfoData
20-01-22 11:37:03 <-- InfoData
20-01-22 11:37:04 --> InfoData
20-01-22 11:37:04 <-- InfoData
20-01-22 11:37:05 --> InfoData
20-01-22 11:37:05 <-- InfoData
20-01-22 11:37:06 --> InfoData
20-01-22 11:37:06 <-- InfoData
20-01-22 11:37:07 --> InfoData
20-01-22 11:37:07 <-- InfoData
20-01-22 11:37:08 --> InfoData
20-01-22 11:37:08 <-- InfoData
20-01-22 11:37:09 --> InfoData
20-01-22 11:37:09 <-- InfoData
20-01-22 11:37:10 --> InfoData
20-01-22 11:37:10 <-- InfoData
20-01-22 11:37:11 --> InfoData
20-01-22 11:37:11 <-- InfoData
20-01-22 11:37:12 --> InfoData
20-01-22 11:37:12 <-- InfoData
20-01-22 11:37:13 --> InfoData
20-01-22 11:37:13 <-- InfoData
20-01-22 11:37:14 --> InfoData
20-01-22 11:37:14 <-- InfoData
20-01-22 11:37:15 --> InfoData
20-01-22 11:37:15 <-- InfoData
20-01-22 11:37:16 --> InfoData
20-01-22 11:37:16 <-- InfoData
20-01-22 11:37:17 --> InfoData
20-01-22 11:37:17 <-- InfoData
20-01-22 11:37:18 --> InfoData
20-01-22 11:37:18 <-- InfoData
20-01-22 11:37:19 --> InfoData
20-01-22 11:37:19 <-- InfoData
20-01-22 11:37:20 --> InfoData
20-01-22 11:37:20 <-- InfoData
20-01-22 11:37:21 --> InfoData
20-01-22 11:37:21 <-- InfoData
20-01-22 11:37:22 --> InfoData
20-01-22 11:37:22 <-- InfoData
20-01-22 11:37:23 --> InfoData
20-01-22 11:37:23 <-- InfoData
20-01-22 11:37:24 --> InfoData
20-01-22 11:37:24 <-- InfoData
20-01-22 11:37:25 --> InfoData
20-01-22 11:37:25 <-- InfoData
20-01-22 11:37:26 --> InfoData
20-01-22 11:37:26 <-- InfoData
20-01-22 11:37:27 --> InfoData
20-01-22 11:37:27 <-- InfoData
20-01-22 11:37:28 --> InfoData
20-01-22 11:37:28 <-- InfoData
20-01-22 11:37:29 --> InfoData
20-01-22 11:37:29 <-- InfoData
20-01-22 11:37:30 --> InfoData
20-01-22 11:37:30 <-- InfoData
20-01-22 11:37:31 --> InfoData
20-01-22 11:37:31 <-- InfoData
20-01-22 11:37:32 --> InfoData
20-01-22 11:37:32 <-- InfoData
20-01-22 11:37:33 --> InfoData
20-01-22 11:37:33 <-- InfoData
20-01-22 11:37:34 --> InfoData
20-01-22 11:37:34 <-- InfoData
20-01-22 11:37:35 --> InfoData
20-01-22 11:37:35 <-- InfoData
20-01-22 11:37:36 --> InfoData
20-01-22 11:37:36 <-- InfoData
20-01-22 11:37:37 --> InfoData
20-01-22 11:37:37 <-- InfoData
20-01-22 11:37:38 --> InfoData
20-01-22 11:37:38 <-- InfoData
20-01-22 11:37:39 --> InfoData
20-01-22 11:37:39 <-- InfoData
20-01-22 11:37:40 --> InfoData
20-01-22 11:37:40 <-- InfoData
20-01-22 11:37:41 --> InfoData
20-01-22 11:37:41 <-- InfoData
20-01-22 11:37:42 --> InfoData
20-01-22 11:37:42 <-- InfoData
20-01-22 11:37:43 --> InfoData
20-01-22 11:37:43 <-- InfoData
20-01-22 11:37:44 --> InfoData
20-01-22 11:37:44 <-- InfoData
20-01-22 11:37:45 --> InfoData
20-01-22 11:37:45 <-- InfoData
20-01-22 11:37:46 --> InfoData
20-01-22 11:37:46 <-- InfoData
20-01-22 11:37:47 --> InfoData
20-01-22 11:37:47 <-- InfoData
20-01-22 11:37:48 --> InfoData
20-01-22 11:37:48 <-- InfoData
20-01-22 11:37:49 --> InfoData
20-01-22 11:37:49 <-- InfoData
20-01-22 11:37:50 --> InfoData
20-01-22 11:37:50 <-- InfoData
20-01-22 11:37:51 --> InfoData
20-01-22 11:37:51 <-- InfoData
20-01-22 11:37:52 --> InfoData
20-01-22 11:37:52 <-- InfoData
20-01-22 11:37:53 --> InfoData
20-01-22 11:37:53 <-- InfoData
20-01-22 11:37:54 --> InfoData
20-01-22 11:37:54 <-- InfoData
20-01-22 11:37:55 --> InfoData
20-01-22 11:37:55 <-- InfoData
20-01-22 11:37:56 --> InfoData
20-01-22 11:37:56 <-- InfoData
20-01-22 11:37:57 --> InfoData
20-01-22 11:37:57 <-- InfoData
20-01-22 11:37:58 --> InfoData
20-01-22 11:37:58 <-- InfoData
20-01-22 11:37:59 --> InfoData
20-01-22 11:37:59 <-- InfoData
20-01-22 11:38:00 --> InfoData
20-01-22 11:38:00 <-- InfoData
20-01-22 11:38:01 --> InfoData
20-01-22 11:38:01 <-- InfoData
20-01-22 11:38:02 --> InfoData
20-01-22 11:38:02 <-- InfoData
20-01-22 11:38:03 --> InfoData
20-01-22 11:38:03 <-- InfoData
20-01-22 11:38:04 --> InfoData
20-01-22 11:38:04 <-- InfoData
20-01-22 11:38:05 --> InfoData
20-01-22 11:38:05 <-- InfoData
20-01-22 11:38:06 --> InfoData
20-01-22 11:38:06 <-- InfoData
20-01-22 11:38:07 --> InfoData
20-01-22 11:38:07 <-- InfoData
20-01-22 11:38:08 --> InfoData
20-01-22 11:38:08 <-- InfoData
20-01-22 11:38:09 --> InfoData
20-01-22 11:38:09 <-- InfoData
20-01-22 11:38:10 --> InfoData
20-01-22 11:38:10 <-- InfoData
20-01-22 11:38:11 --> InfoData
20-01-22 11:38:11 <-- InfoData
20-01-22 11:38:12 --> InfoData
20-01-22 11:38:12 <-- InfoData
20-01-22 11:38:13 --> InfoData
20-01-22 11:38:13 <-- InfoData
20-01-22 11:38:14 --> InfoData
20-01-22 11:38:14 <-- InfoData
20-01-22 11:38:15 --> InfoData
20-01-22 11:38:15 <-- InfoData
20-01-22 11:38:17 --> InfoData
20-01-22 11:38:17 <-- InfoData
20-01-22 11:38:17 --> InfoData
20-01-22 11:38:18 <-- InfoData
20-01-22 11:38:18 --> InfoData
20-01-22 11:38:18 <-- InfoData
20-01-22 11:38:19 --> InfoData
20-01-22 11:38:19 <-- InfoData
20-01-22 11:38:20 --> InfoData
20-01-22 11:38:20 <-- InfoData
20-01-22 11:38:22 --> InfoData
20-01-22 11:38:22 <-- InfoData
20-01-22 11:38:22 --> InfoData
20-01-22 11:38:22 <-- InfoData
20-01-22 11:38:23 --> InfoData
20-01-22 11:38:23 <-- InfoData
20-01-22 11:38:25 --> InfoData
20-01-22 11:38:25 <-- InfoData
20-01-22 11:38:26 --> InfoData
20-01-22 11:38:26 <-- InfoData
20-01-22 11:38:27 --> InfoData
20-01-22 11:38:27 <-- InfoData
20-01-22 11:38:27 --> InfoData
20-01-22 11:38:27 <-- InfoData
20-01-22 11:38:29 --> InfoData
20-01-22 11:38:29 <-- InfoData
20-01-22 11:38:30 --> InfoData
20-01-22 11:38:30 <-- InfoData
20-01-22 11:38:31 --> InfoData
20-01-22 11:38:31 <-- InfoData
20-01-22 11:38:32 --> InfoData
20-01-22 11:38:32 <-- InfoData
20-01-22 11:38:33 --> InfoData
20-01-22 11:38:33 <-- InfoData
20-01-22 11:38:34 --> InfoData
20-01-22 11:38:34 <-- InfoData
20-01-22 11:38:35 --> InfoData
20-01-22 11:38:35 <-- InfoData
20-01-22 11:38:36 --> InfoData
20-01-22 11:38:36 <-- InfoData
20-01-22 11:38:37 --> InfoData
20-01-22 11:38:37 <-- InfoData
20-01-22 11:38:38 --> InfoData
20-01-22 11:38:38 <-- InfoData
20-01-22 11:38:39 --> InfoData
20-01-22 11:38:39 <-- InfoData
20-01-22 11:38:40 --> InfoData
20-01-22 11:38:40 <-- InfoData
20-01-22 11:38:41 --> InfoData
20-01-22 11:38:41 <-- InfoData
20-01-22 11:38:42 --> InfoData
20-01-22 11:38:42 <-- InfoData
20-01-22 11:38:43 --> InfoData
20-01-22 11:38:43 <-- InfoData
20-01-22 11:38:44 --> InfoData
20-01-22 11:38:44 <-- InfoData
20-01-22 11:38:45 --> InfoData
20-01-22 11:38:45 <-- InfoData
20-01-22 11:38:46 --> InfoData
20-01-22 11:38:46 <-- InfoData
20-01-22 11:38:47 --> InfoData
20-01-22 11:38:47 <-- InfoData
20-01-22 11:38:48 --> InfoData
20-01-22 11:38:48 <-- InfoData
20-01-22 11:38:49 --> InfoData
20-01-22 11:38:49 <-- InfoData
20-01-22 11:38:50 --> InfoData
20-01-22 11:38:50 <-- InfoData
20-01-22 11:38:51 --> InfoData
20-01-22 11:38:51 <-- InfoData
20-01-22 11:38:52 --> InfoData
20-01-22 11:38:52 <-- InfoData
20-01-22 11:38:53 --> InfoData
20-01-22 11:38:53 <-- InfoData
20-01-22 11:38:54 --> InfoData
20-01-22 11:38:54 <-- InfoData
20-01-22 11:38:55 --> InfoData
20-01-22 11:38:55 <-- InfoData
20-01-22 11:38:56 --> InfoData
20-01-22 11:38:56 <-- InfoData
20-01-22 11:38:57 --> InfoData
20-01-22 11:38:57 <-- InfoData
20-01-22 11:38:58 --> InfoData
20-01-22 11:38:58 <-- InfoData
20-01-22 11:38:59 --> InfoData
20-01-22 11:38:59 <-- InfoData
20-01-22 11:39:00 --> InfoData
20-01-22 11:39:00 <-- InfoData
20-01-22 11:39:01 --> InfoData
20-01-22 11:39:01 <-- InfoData
20-01-22 11:39:02 --> InfoData
20-01-22 11:39:02 <-- InfoData
20-01-22 11:39:03 --> InfoData
20-01-22 11:39:03 <-- InfoData
20-01-22 11:39:04 --> InfoData
20-01-22 11:39:04 <-- InfoData
20-01-22 11:39:05 The remote host is closed.
20-01-22 11:39:34 Get request on connection from remote host wit IP: ::ffff:127.0.0.1
20-01-22 11:39:34 <-- ISCONNECTED
20-01-22 11:39:34 The remote host is closed.
20-01-22 11:39:36 Get request on connection from remote host wit IP: ::ffff:127.0.0.1
20-01-22 11:39:36 <-- ISCONNECTED
20-01-22 11:39:37 --> InfoDevice
20-01-22 11:39:37 <-- InfoDevice
20-01-22 11:39:37 --> sector_read
20-01-22 11:39:37 --> CRYPTO_REQUEST
20-01-22 11:39:37 <-- sector_read
20-01-22 11:39:37 <-- CRYPTO_REQUEST
20-01-22 11:39:38 --> InfoData
20-01-22 11:39:38 <-- InfoData
20-01-22 11:39:39 --> InfoData
20-01-22 11:39:39 <-- InfoData
20-01-22 11:39:40 --> InfoData
20-01-22 11:39:40 <-- InfoData
20-01-22 11:39:41 --> InfoData
20-01-22 11:39:41 <-- InfoData
20-01-22 11:39:42 --> InfoData
20-01-22 11:39:42 <-- InfoData
20-01-22 11:39:43 --> InfoData
20-01-22 11:39:43 <-- InfoData
20-01-22 11:39:44 --> InfoData
20-01-22 11:39:44 <-- InfoData
20-01-22 11:39:45 --> InfoData
20-01-22 11:39:45 <-- InfoData
20-01-22 11:39:46 --> InfoData
20-01-22 11:39:46 <-- InfoData
20-01-22 11:39:47 --> InfoData
20-01-22 11:39:47 <-- InfoData
20-01-22 11:39:48 --> InfoData
20-01-22 11:39:48 <-- InfoData
20-01-22 11:39:49 --> InfoData
20-01-22 11:39:49 <-- InfoData
20-01-22 11:39:50 --> InfoData
20-01-22 11:39:50 <-- InfoData
20-01-22 11:39:51 --> InfoData
20-01-22 11:39:51 <-- InfoData
20-01-22 11:39:52 --> InfoData
20-01-22 11:39:52 <-- InfoData
20-01-22 11:39:53 --> InfoData
20-01-22 11:39:53 <-- InfoData
20-01-22 11:39:54 --> InfoData
20-01-22 11:39:54 <-- InfoData
20-01-22 11:39:55 --> InfoData
20-01-22 11:39:55 <-- InfoData
20-01-22 11:39:56 --> InfoData
20-01-22 11:39:56 <-- InfoData
20-01-22 11:39:57 --> InfoData
20-01-22 11:39:57 <-- InfoData
20-01-22 11:39:58 --> InfoData
20-01-22 11:39:58 <-- InfoData
20-01-22 11:39:59 --> InfoData
20-01-22 11:39:59 <-- InfoData
20-01-22 11:40:00 --> InfoData
20-01-22 11:40:00 <-- InfoData
20-01-22 11:40:01 --> InfoData
20-01-22 11:40:01 <-- InfoData
20-01-22 11:40:02 --> InfoData
20-01-22 11:40:02 <-- InfoData
20-01-22 11:40:03 --> InfoData
20-01-22 11:40:03 <-- InfoData
20-01-22 11:40:04 --> InfoData
20-01-22 11:40:04 <-- InfoData
20-01-22 11:40:05 --> InfoData
20-01-22 11:40:05 <-- InfoData
20-01-22 11:40:06 --> InfoData
20-01-22 11:40:06 <-- InfoData
20-01-22 11:40:07 --> InfoData
20-01-22 11:40:07 <-- InfoData
20-01-22 11:40:08 --> InfoData
20-01-22 11:40:08 <-- InfoData
20-01-22 11:40:09 --> InfoData
20-01-22 11:40:09 <-- InfoData
20-01-22 11:40:10 --> InfoData
20-01-22 11:40:10 <-- InfoData
20-01-22 11:40:11 --> InfoData
20-01-22 11:40:11 <-- InfoData
20-01-22 11:40:12 --> InfoData
20-01-22 11:40:12 <-- InfoData
20-01-22 11:40:13 --> InfoData
20-01-22 11:40:13 <-- InfoData
20-01-22 11:40:14 --> InfoData
20-01-22 11:40:14 <-- InfoData
20-01-22 11:40:15 --> InfoData
20-01-22 11:40:15 <-- InfoData
20-01-22 11:40:16 --> InfoData
20-01-22 11:40:16 <-- InfoData
20-01-22 11:40:17 --> InfoData
20-01-22 11:40:17 <-- InfoData
20-01-22 11:40:18 --> InfoData
20-01-22 11:40:18 <-- InfoData
20-01-22 11:40:19 --> InfoData
20-01-22 11:40:19 <-- InfoData
20-01-22 11:40:20 --> InfoData
20-01-22 11:40:20 <-- InfoData
20-01-22 11:40:21 --> InfoData
20-01-22 11:40:21 <-- InfoData
20-01-22 11:40:22 --> InfoData
20-01-22 11:40:22 <-- InfoData
20-01-22 11:40:23 --> InfoData
20-01-22 11:40:23 <-- InfoData
20-01-22 11:40:24 --> InfoData
20-01-22 11:40:24 <-- InfoData
20-01-22 11:40:25 --> InfoData
20-01-22 11:40:25 <-- InfoData
20-01-22 11:40:26 --> InfoData
20-01-22 11:40:26 <-- InfoData
20-01-22 11:40:28 --> InfoData
20-01-22 11:40:28 <-- InfoData
20-01-22 11:40:28 --> InfoData
20-01-22 11:40:28 <-- InfoData
20-01-22 11:40:29 --> InfoData
20-01-22 11:40:29 <-- InfoData
20-01-22 11:40:30 --> InfoData
20-01-22 11:40:30 <-- InfoData
20-01-22 11:40:31 --> InfoData
20-01-22 11:40:31 <-- InfoData
20-01-22 11:40:32 --> InfoData
20-01-22 11:40:32 <-- InfoData
20-01-22 11:40:33 --> InfoData
20-01-22 11:40:33 <-- InfoData
20-01-22 11:40:34 --> InfoData
20-01-22 11:40:34 <-- InfoData
20-01-22 11:40:35 --> InfoData
20-01-22 11:40:35 <-- InfoData
20-01-22 11:40:36 --> InfoData
20-01-22 11:40:36 <-- InfoData
20-01-22 11:40:37 --> InfoData
20-01-22 11:40:37 <-- InfoData
20-01-22 11:40:38 --> InfoData
20-01-22 11:40:38 <-- InfoData
20-01-22 11:40:39 --> InfoData
20-01-22 11:40:39 <-- InfoData
20-01-22 11:40:40 --> InfoData
20-01-22 11:40:40 <-- InfoData
20-01-22 11:40:41 --> InfoData
20-01-22 11:40:41 <-- InfoData
20-01-22 11:40:43 --> InfoData
20-01-22 11:40:43 <-- InfoData
20-01-22 11:40:43 --> InfoData
20-01-22 11:40:43 <-- InfoData
20-01-22 11:40:44 The remote host is closed.
20-01-22 11:42:17 Get request on connection from remote host wit IP: ::ffff:127.0.0.1
20-01-22 11:42:17 <-- ISCONNECTED
20-01-22 11:42:17 The remote host is closed.
20-01-22 11:42:19 Get request on connection from remote host wit IP: ::ffff:127.0.0.1
20-01-22 11:42:19 <-- ISCONNECTED
20-01-22 11:42:20 --> InfoDevice
20-01-22 11:42:20 <-- InfoDevice
20-01-22 11:42:20 --> sector_read
20-01-22 11:42:20 --> CRYPTO_REQUEST
20-01-22 11:42:20 <-- sector_read
20-01-22 11:42:20 <-- CRYPTO_REQUEST
20-01-22 11:42:21 --> InfoData
20-01-22 11:42:21 <-- InfoData
20-01-22 11:42:22 --> InfoData
20-01-22 11:42:22 <-- InfoData
20-01-22 11:42:23 --> InfoData
20-01-22 11:42:23 <-- InfoData
20-01-22 11:42:24 --> InfoData
20-01-22 11:42:24 <-- InfoData
20-01-22 11:42:25 --> InfoData
20-01-22 11:42:25 <-- InfoData
20-01-22 11:42:26 --> InfoData
20-01-22 11:42:26 <-- InfoData
20-01-22 11:42:27 --> InfoData
20-01-22 11:42:27 <-- InfoData
20-01-22 11:42:28 --> InfoData
20-01-22 11:42:28 <-- InfoData
20-01-22 11:42:29 --> InfoData
20-01-22 11:42:29 <-- InfoData
20-01-22 11:42:30 --> InfoData
20-01-22 11:42:30 <-- InfoData
20-01-22 11:42:31 --> InfoData
20-01-22 11:42:31 <-- InfoData
20-01-22 11:42:32 --> InfoData
20-01-22 11:42:32 <-- InfoData
20-01-22 11:42:33 --> InfoData
20-01-22 11:42:33 <-- InfoData
20-01-22 11:42:34 --> InfoData
20-01-22 11:42:34 <-- InfoData
20-01-22 11:42:35 --> InfoData
20-01-22 11:42:35 <-- InfoData
20-01-22 11:42:36 --> InfoData
20-01-22 11:42:36 <-- InfoData
20-01-22 11:42:37 --> InfoData
20-01-22 11:42:37 <-- InfoData
20-01-22 11:42:38 --> InfoData
20-01-22 11:42:38 <-- InfoData
20-01-22 11:42:39 --> InfoData
20-01-22 11:42:39 <-- InfoData
20-01-22 11:42:40 --> InfoData
20-01-22 11:42:40 <-- InfoData
20-01-22 11:42:41 --> InfoData
20-01-22 11:42:41 <-- InfoData
20-01-22 11:42:42 --> InfoData
20-01-22 11:42:42 <-- InfoData
20-01-22 11:42:43 --> InfoData
20-01-22 11:42:43 <-- InfoData
20-01-22 11:42:44 --> InfoData
20-01-22 11:42:44 <-- InfoData
20-01-22 11:42:45 --> InfoData
20-01-22 11:42:45 <-- InfoData
20-01-22 11:42:54 --> InfoData
20-01-22 11:42:54 <-- InfoData
20-01-22 11:42:55 --> InfoData
20-01-22 11:42:55 <-- InfoData
20-01-22 11:42:56 --> InfoData
20-01-22 11:42:56 <-- InfoData
20-01-22 11:42:57 --> InfoData
20-01-22 11:42:57 <-- InfoData
20-01-22 11:42:58 --> InfoData
20-01-22 11:42:58 <-- InfoData
20-01-22 11:42:59 --> InfoData
20-01-22 11:42:59 <-- InfoData
20-01-22 11:43:00 --> InfoData
20-01-22 11:43:00 <-- InfoData
20-01-22 11:43:01 --> InfoData
20-01-22 11:43:01 <-- InfoData
20-01-22 11:43:02 --> InfoData
20-01-22 11:43:02 <-- InfoData
20-01-22 11:43:03 --> InfoData
20-01-22 11:43:03 <-- InfoData
20-01-22 11:43:04 --> InfoData
20-01-22 11:43:04 <-- InfoData
20-01-22 11:43:05 --> InfoData
20-01-22 11:43:05 <-- InfoData
20-01-22 11:43:06 --> InfoData
20-01-22 11:43:06 <-- InfoData
20-01-22 11:43:07 --> InfoData
20-01-22 11:43:07 <-- InfoData
20-01-22 11:43:08 --> InfoData
20-01-22 11:43:08 <-- InfoData
20-01-22 11:43:09 --> InfoData
20-01-22 11:43:09 <-- InfoData
20-01-22 11:43:10 --> InfoData
20-01-22 11:43:10 <-- InfoData
20-01-22 11:43:11 --> InfoData
20-01-22 11:43:11 <-- InfoData
20-01-22 11:43:12 --> InfoData
20-01-22 11:43:12 <-- InfoData
20-01-22 11:43:13 --> InfoData
20-01-22 11:43:13 <-- InfoData
20-01-22 11:43:14 --> InfoData
20-01-22 11:43:14 <-- InfoData
20-01-22 11:43:15 --> InfoData
20-01-22 11:43:15 <-- InfoData
20-01-22 11:43:16 --> InfoData
20-01-22 11:43:16 <-- InfoData
20-01-22 11:43:17 --> InfoData
20-01-22 11:43:17 <-- InfoData
20-01-22 11:43:18 --> InfoData
20-01-22 11:43:18 <-- InfoData
20-01-22 11:43:19 --> InfoData
20-01-22 11:43:19 <-- InfoData
20-01-22 11:43:20 --> InfoData
20-01-22 11:43:20 <-- InfoData
20-01-22 11:43:21 --> InfoData
20-01-22 11:43:21 <-- InfoData
20-01-22 11:43:22 --> InfoData
20-01-22 11:43:22 <-- InfoData
20-01-22 11:43:23 --> InfoData
20-01-22 11:43:23 <-- InfoData
20-01-22 11:43:24 --> InfoData
20-01-22 11:43:24 <-- InfoData
20-01-22 11:43:25 --> InfoData
20-01-22 11:43:25 <-- InfoData
20-01-22 11:43:26 --> InfoData
20-01-22 11:43:26 <-- InfoData
20-01-22 11:43:27 --> InfoData
20-01-22 11:43:27 <-- InfoData
20-01-22 11:43:28 --> InfoData
20-01-22 11:43:28 <-- InfoData
20-01-22 11:43:29 --> InfoData
20-01-22 11:43:29 <-- InfoData
20-01-22 11:43:30 --> InfoData
20-01-22 11:43:30 <-- InfoData
20-01-22 11:43:31 --> InfoData
20-01-22 11:43:31 <-- InfoData
20-01-22 11:43:32 --> InfoData
20-01-22 11:43:32 <-- InfoData
20-01-22 11:43:33 --> InfoData
20-01-22 11:43:33 <-- InfoData
20-01-22 11:43:34 --> InfoData
20-01-22 11:43:34 <-- InfoData
20-01-22 11:43:35 --> InfoData
20-01-22 11:43:35 <-- InfoData
20-01-22 11:43:36 --> InfoData
20-01-22 11:43:36 <-- InfoData
20-01-22 11:43:37 --> InfoData
20-01-22 11:43:37 <-- InfoData
20-01-22 11:43:38 --> InfoData
20-01-22 11:43:38 <-- InfoData
20-01-22 11:43:39 --> InfoData
20-01-22 11:43:39 <-- InfoData
20-01-22 11:43:40 --> InfoData
20-01-22 11:43:40 <-- InfoData
20-01-22 11:43:41 --> InfoData
20-01-22 11:43:41 <-- InfoData
20-01-22 11:43:42 --> InfoData
20-01-22 11:43:42 <-- InfoData
20-01-22 11:43:43 --> InfoData
20-01-22 11:43:43 <-- InfoData
20-01-22 11:43:44 --> InfoData
20-01-22 11:43:44 <-- InfoData
20-01-22 11:43:45 --> InfoData
20-01-22 11:43:45 <-- InfoData
20-01-22 11:43:46 --> InfoData
20-01-22 11:43:46 <-- InfoData
20-01-22 11:43:47 --> InfoData
20-01-22 11:43:47 <-- InfoData
20-01-22 11:43:48 --> InfoData
20-01-22 11:43:48 <-- InfoData
20-01-22 11:43:49 --> InfoData
20-01-22 11:43:49 <-- InfoData
20-01-22 11:43:50 --> InfoData
20-01-22 11:43:50 <-- InfoData
20-01-22 11:43:51 --> InfoData
20-01-22 11:43:51 <-- InfoData
20-01-22 11:43:52 --> InfoData
20-01-22 11:43:52 <-- InfoData
20-01-22 11:43:53 --> InfoData
20-01-22 11:43:53 <-- InfoData
20-01-22 11:43:54 --> InfoData
20-01-22 11:43:54 <-- InfoData
20-01-22 11:43:55 --> InfoData
20-01-22 11:43:55 <-- InfoData
20-01-22 11:43:56 --> InfoData
20-01-22 11:43:56 <-- InfoData
20-01-22 11:43:57 --> InfoData
20-01-22 11:43:57 <-- InfoData
20-01-22 11:43:58 --> InfoData
20-01-22 11:43:58 <-- InfoData
20-01-22 11:43:59 --> InfoData
20-01-22 11:43:59 <-- InfoData
20-01-22 11:44:00 --> InfoData
20-01-22 11:44:00 <-- InfoData
20-01-22 11:44:01 --> InfoData
20-01-22 11:44:01 <-- InfoData
20-01-22 11:44:02 --> InfoData
20-01-22 11:44:02 <-- InfoData
20-01-22 11:44:03 --> InfoData
20-01-22 11:44:03 <-- InfoData
20-01-22 11:44:03 The remote host is closed.
20-01-22 11:53:27 Get request on connection from remote host wit IP: ::ffff:127.0.0.1
20-01-22 11:53:27 <-- ISCONNECTED
20-01-22 11:53:27 The remote host is closed.
20-01-22 11:53:30 Get request on connection from remote host wit IP: ::ffff:127.0.0.1
20-01-22 11:53:30 <-- ISCONNECTED
20-01-22 11:53:31 --> InfoDevice
20-01-22 11:53:31 <-- InfoDevice
20-01-22 11:53:31 --> sector_read
20-01-22 11:53:31 --> CRYPTO_REQUEST
20-01-22 11:53:31 <-- sector_read
20-01-22 11:53:31 <-- CRYPTO_REQUEST
20-01-22 11:53:32 --> InfoData
20-01-22 11:53:32 <-- InfoData
20-01-22 11:53:33 --> InfoData
20-01-22 11:53:33 <-- InfoData
20-01-22 11:53:34 --> InfoData
20-01-22 11:53:34 <-- InfoData
20-01-22 11:53:35 --> InfoData
20-01-22 11:53:35 <-- InfoData
20-01-22 11:53:36 --> InfoData
20-01-22 11:53:36 <-- InfoData
20-01-22 11:53:37 --> InfoData
20-01-22 11:53:37 <-- InfoData
20-01-22 11:53:38 --> InfoData
20-01-22 11:53:38 <-- InfoData
20-01-22 11:53:39 --> InfoData
20-01-22 11:53:39 <-- InfoData
20-01-22 11:53:40 --> InfoData
20-01-22 11:53:40 <-- InfoData
20-01-22 11:53:41 --> InfoData
20-01-22 11:53:41 <-- InfoData
20-01-22 11:53:42 --> InfoData
20-01-22 11:53:42 <-- InfoData
20-01-22 11:53:43 --> InfoData
20-01-22 11:53:43 <-- InfoData
20-01-22 11:53:44 --> InfoData
20-01-22 11:53:44 <-- InfoData
20-01-22 11:53:45 --> InfoData
20-01-22 11:53:45 <-- InfoData
20-01-22 11:53:46 --> InfoData
20-01-22 11:53:46 <-- InfoData
20-01-22 11:53:47 --> InfoData
20-01-22 11:53:47 <-- InfoData
20-01-22 11:53:48 --> InfoData
20-01-22 11:53:48 <-- InfoData
20-01-22 11:53:49 --> InfoData
20-01-22 11:53:49 <-- InfoData
20-01-22 11:53:50 --> InfoData
20-01-22 11:53:50 <-- InfoData
20-01-22 11:53:51 --> InfoData
20-01-22 11:53:51 <-- InfoData
20-01-22 11:53:52 --> InfoData
20-01-22 11:53:52 <-- InfoData
20-01-22 11:53:53 --> InfoData
20-01-22 11:53:53 <-- InfoData
20-01-22 11:53:54 --> InfoData
20-01-22 11:53:54 <-- InfoData
20-01-22 11:53:55 --> InfoData
20-01-22 11:53:55 <-- InfoData
20-01-22 11:53:56 --> InfoData
20-01-22 11:53:56 <-- InfoData
20-01-22 11:53:57 --> InfoData
20-01-22 11:53:57 <-- InfoData
20-01-22 11:53:58 --> InfoData
20-01-22 11:53:58 <-- InfoData
20-01-22 11:53:59 --> InfoData
20-01-22 11:53:59 <-- InfoData
20-01-22 11:54:00 --> SAVEPAR
20-01-22 11:54:01 <-- SAVEPAR
20-01-22 11:54:01 --> sector_write
20-01-22 11:54:01 <-- sector_write
20-01-22 11:54:02 --> InfoDevice
20-01-22 11:54:02 <-- InfoDevice
20-01-22 11:54:02 --> sector_read
20-01-22 11:54:02 --> CRYPTO_REQUEST
20-01-22 11:54:02 <-- sector_read
20-01-22 11:54:02 <-- CRYPTO_REQUEST
20-01-22 11:54:02 --> InfoData
20-01-22 11:54:02 <-- InfoData
20-01-22 11:54:03 --> InfoData
20-01-22 11:54:03 <-- InfoData
20-01-22 11:54:04 --> InfoData
20-01-22 11:54:04 <-- InfoData
20-01-22 11:54:05 --> InfoData
20-01-22 11:54:05 <-- InfoData
20-01-22 11:54:06 --> InfoData
20-01-22 11:54:06 <-- InfoData
20-01-22 11:54:07 --> InfoData
20-01-22 11:54:07 <-- InfoData
20-01-22 11:54:08 --> InfoData
20-01-22 11:54:08 <-- InfoData
20-01-22 11:54:09 --> InfoData
20-01-22 11:54:09 <-- InfoData
20-01-22 11:54:10 Get request on connection from remote host wit IP: ::ffff:127.0.0.1
20-01-22 11:54:10 The remote host can't connected. Server is busy of application with IP: ::ffff:127.0.0.1
20-01-22 11:54:10 <-- ISCONNECTED
20-01-22 11:54:10 The remote host is closed.
20-01-22 11:54:10 --> InfoData
20-01-22 11:54:10 <-- InfoData
20-01-22 11:54:11 --> InfoData
20-01-22 11:54:11 <-- InfoData
20-01-22 11:54:11 The remote host is closed.
20-01-22 11:54:14 Get request on connection from remote host wit IP: ::ffff:127.0.0.1
20-01-22 11:54:14 <-- ISCONNECTED
20-01-22 11:54:14 The remote host is closed.
20-01-22 11:54:17 Get request on connection from remote host wit IP: ::ffff:127.0.0.1
20-01-22 11:54:17 <-- ISCONNECTED
20-01-22 11:54:18 --> InfoDevice
20-01-22 11:54:18 <-- InfoDevice
20-01-22 11:54:18 --> sector_read
20-01-22 11:54:18 --> CRYPTO_REQUEST
20-01-22 11:54:18 <-- sector_read
20-01-22 11:54:18 <-- CRYPTO_REQUEST
20-01-22 11:54:19 --> InfoData
20-01-22 11:54:19 <-- InfoData
20-01-22 11:54:20 --> InfoData
20-01-22 11:54:20 <-- InfoData
20-01-22 11:54:21 --> InfoData
20-01-22 11:54:21 <-- InfoData
20-01-22 11:54:22 --> InfoData
20-01-22 11:54:22 <-- InfoData
20-01-22 11:54:23 --> InfoData
20-01-22 11:54:23 <-- InfoData
20-01-22 11:54:24 --> InfoData
20-01-22 11:54:24 <-- InfoData
20-01-22 11:54:25 --> InfoData
20-01-22 11:54:25 <-- InfoData
20-01-22 11:54:26 --> InfoData
20-01-22 11:54:26 <-- InfoData
20-01-22 11:54:27 --> InfoData
20-01-22 11:54:27 <-- InfoData
20-01-22 11:54:27 The remote host is closed.
20-01-22 11:54:56 Get request on connection from remote host wit IP: ::ffff:127.0.0.1
20-01-22 11:54:56 <-- ISCONNECTED
20-01-22 11:54:56 The remote host is closed.
20-01-22 11:54:58 Get request on connection from remote host wit IP: ::ffff:127.0.0.1
20-01-22 11:54:58 <-- ISCONNECTED
20-01-22 11:54:59 --> InfoDevice
20-01-22 11:54:59 <-- InfoDevice
20-01-22 11:54:59 --> sector_read
20-01-22 11:54:59 --> CRYPTO_REQUEST
20-01-22 11:54:59 <-- sector_read
20-01-22 11:54:59 <-- CRYPTO_REQUEST
20-01-22 11:55:00 --> InfoData
20-01-22 11:55:00 <-- InfoData
20-01-22 11:55:01 --> InfoData
20-01-22 11:55:01 <-- InfoData
20-01-22 11:55:02 --> InfoData
20-01-22 11:55:02 <-- InfoData
20-01-22 11:55:03 --> InfoData
20-01-22 11:55:03 <-- InfoData
20-01-22 11:55:04 --> InfoData
20-01-22 11:55:04 <-- InfoData
20-01-22 11:55:05 --> InfoData
20-01-22 11:55:05 <-- InfoData
20-01-22 11:55:06 --> InfoData
20-01-22 11:55:06 <-- InfoData
20-01-22 11:55:07 --> InfoData
20-01-22 11:55:07 <-- InfoData
20-01-22 11:55:08 --> InfoData
20-01-22 11:55:08 <-- InfoData
20-01-22 11:55:09 --> InfoData
20-01-22 11:55:09 <-- InfoData
20-01-22 11:55:10 --> InfoData
20-01-22 11:55:10 <-- InfoData
20-01-22 11:55:11 --> InfoData
20-01-22 11:55:11 <-- InfoData
20-01-22 11:55:12 --> InfoData
20-01-22 11:55:12 <-- InfoData
20-01-22 11:55:13 --> InfoData
20-01-22 11:55:13 <-- InfoData
20-01-22 11:55:14 --> InfoData
20-01-22 11:55:14 <-- InfoData
20-01-22 11:55:15 --> InfoData
20-01-22 11:55:15 <-- InfoData
20-01-22 11:55:16 --> InfoData
20-01-22 11:55:16 <-- InfoData
20-01-22 11:55:17 --> InfoData
20-01-22 11:55:17 <-- InfoData
20-01-22 11:55:18 --> InfoData
20-01-22 11:55:18 <-- InfoData
20-01-22 11:55:19 --> InfoData
20-01-22 11:55:19 <-- InfoData
20-01-22 11:55:20 --> InfoData
20-01-22 11:55:20 <-- InfoData
20-01-22 11:55:21 --> InfoData
20-01-22 11:55:21 <-- InfoData
20-01-22 11:55:22 --> InfoData
20-01-22 11:55:22 <-- InfoData
20-01-22 11:55:23 --> InfoData
20-01-22 11:55:23 <-- InfoData
20-01-22 11:55:24 --> InfoData
20-01-22 11:55:24 <-- InfoData
20-01-22 11:55:25 --> InfoData
20-01-22 11:55:25 <-- InfoData
20-01-22 11:55:26 --> InfoData
20-01-22 11:55:26 <-- InfoData
20-01-22 11:55:27 --> InfoData
20-01-22 11:55:27 <-- InfoData
20-01-22 11:55:28 --> InfoData
20-01-22 11:55:28 <-- InfoData
20-01-22 11:55:29 --> InfoData
20-01-22 11:55:29 <-- InfoData
20-01-22 11:55:30 --> InfoData
20-01-22 11:55:30 <-- InfoData
20-01-22 11:55:31 --> InfoData
20-01-22 11:55:31 <-- InfoData
20-01-22 11:55:32 --> InfoData
20-01-22 11:55:32 <-- InfoData
20-01-22 11:55:33 --> InfoData
20-01-22 11:55:33 <-- InfoData
20-01-22 11:55:34 --> InfoData
20-01-22 11:55:34 <-- InfoData
20-01-22 11:55:35 --> InfoData
20-01-22 11:55:35 <-- InfoData
20-01-22 11:55:36 --> InfoData
20-01-22 11:55:36 <-- InfoData
20-01-22 11:55:37 --> InfoData
20-01-22 11:55:37 <-- InfoData
20-01-22 11:55:38 --> InfoData
20-01-22 11:55:38 <-- InfoData
20-01-22 11:55:39 --> InfoData
20-01-22 11:55:39 <-- InfoData
20-01-22 11:55:40 --> InfoData
20-01-22 11:55:40 <-- InfoData
20-01-22 11:55:41 --> InfoData
20-01-22 11:55:41 <-- InfoData
20-01-22 11:55:42 --> InfoData
20-01-22 11:55:42 <-- InfoData
20-01-22 11:55:43 --> InfoData
20-01-22 11:55:43 <-- InfoData
20-01-22 11:55:44 --> InfoData
20-01-22 11:55:44 <-- InfoData
20-01-22 11:55:45 --> InfoData
20-01-22 11:55:45 <-- InfoData
20-01-22 11:55:46 --> InfoData
20-01-22 11:55:46 <-- InfoData
20-01-22 11:55:47 --> InfoData
20-01-22 11:55:47 <-- InfoData
20-01-22 11:55:48 --> InfoData
20-01-22 11:55:48 <-- InfoData
20-01-22 11:55:49 --> InfoData
20-01-22 11:55:49 <-- InfoData
20-01-22 11:55:50 --> InfoData
20-01-22 11:55:50 <-- InfoData
20-01-22 11:55:51 --> InfoData
20-01-22 11:55:51 <-- InfoData
20-01-22 11:55:52 --> InfoData
20-01-22 11:55:52 <-- InfoData
20-01-22 11:55:53 --> InfoData
20-01-22 11:55:53 <-- InfoData
20-01-22 11:55:54 --> InfoData
20-01-22 11:55:54 <-- InfoData
20-01-22 11:55:55 --> InfoData
20-01-22 11:55:55 <-- InfoData
20-01-22 11:55:56 --> InfoData
20-01-22 11:55:56 <-- InfoData
20-01-22 11:55:57 --> InfoData
20-01-22 11:55:57 <-- InfoData
20-01-22 11:55:58 --> InfoData
20-01-22 11:55:58 <-- InfoData
20-01-22 11:56:00 --> InfoData
20-01-22 11:56:00 <-- InfoData
20-01-22 11:56:00 --> InfoData
20-01-22 11:56:00 <-- InfoData
20-01-22 11:56:02 --> InfoData
20-01-22 11:56:02 <-- InfoData
20-01-22 11:56:03 --> InfoData
20-01-22 11:56:03 <-- InfoData
20-01-22 11:56:04 --> InfoData
20-01-22 11:56:04 <-- InfoData
20-01-22 11:56:05 --> InfoData
20-01-22 11:56:05 <-- InfoData
20-01-22 11:56:06 --> InfoData
20-01-22 11:56:06 <-- InfoData
20-01-22 11:56:07 --> InfoData
20-01-22 11:56:07 <-- InfoData
20-01-22 11:56:08 --> InfoData
20-01-22 11:56:08 <-- InfoData
20-01-22 11:56:09 --> InfoData
20-01-22 11:56:09 <-- InfoData
20-01-22 11:56:10 --> InfoData
20-01-22 11:56:10 <-- InfoData
20-01-22 11:56:11 --> InfoData
20-01-22 11:56:11 <-- InfoData
20-01-22 11:56:12 --> InfoData
20-01-22 11:56:12 <-- InfoData
20-01-22 11:56:13 --> InfoData
20-01-22 11:56:13 <-- InfoData
20-01-22 11:56:14 --> InfoData
20-01-22 11:56:14 <-- InfoData
20-01-22 11:56:15 --> InfoData
20-01-22 11:56:15 <-- InfoData
20-01-22 11:56:16 --> InfoData
20-01-22 11:56:16 <-- InfoData
20-01-22 11:56:17 --> InfoData
20-01-22 11:56:17 <-- InfoData
20-01-22 11:56:18 --> InfoData
20-01-22 11:56:18 <-- InfoData
20-01-22 11:56:19 --> InfoData
20-01-22 11:56:19 <-- InfoData
20-01-22 11:56:20 --> InfoData
20-01-22 11:56:20 <-- InfoData
20-01-22 11:56:21 --> InfoData
20-01-22 11:56:21 <-- InfoData
20-01-22 11:56:22 --> InfoData
20-01-22 11:56:22 <-- InfoData
20-01-22 11:56:23 --> InfoData
20-01-22 11:56:23 <-- InfoData
20-01-22 11:56:24 --> InfoData
20-01-22 11:56:24 <-- InfoData
20-01-22 11:56:25 --> InfoData
20-01-22 11:56:25 <-- InfoData
20-01-22 11:56:26 --> InfoData
20-01-22 11:56:26 <-- InfoData
20-01-22 11:56:27 --> InfoData
20-01-22 11:56:27 <-- InfoData
20-01-22 11:56:28 --> InfoData
20-01-22 11:56:28 <-- InfoData
20-01-22 11:56:29 --> InfoData
20-01-22 11:56:29 <-- InfoData
20-01-22 11:56:30 --> InfoData
20-01-22 11:56:30 <-- InfoData
20-01-22 11:56:31 --> InfoData
20-01-22 11:56:31 <-- InfoData
20-01-22 11:56:32 --> InfoData
20-01-22 11:56:32 <-- InfoData
20-01-22 11:56:33 --> InfoData
20-01-22 11:56:33 <-- InfoData
20-01-22 11:56:34 --> InfoData
20-01-22 11:56:34 <-- InfoData
20-01-22 11:56:35 --> InfoData
20-01-22 11:56:35 <-- InfoData
20-01-22 11:56:36 --> InfoData
20-01-22 11:56:36 <-- InfoData
20-01-22 11:56:37 --> InfoData
20-01-22 11:56:37 <-- InfoData
20-01-22 11:56:38 --> InfoData
20-01-22 11:56:38 <-- InfoData
20-01-22 11:56:39 --> InfoData
20-01-22 11:56:39 <-- InfoData
20-01-22 11:56:40 --> InfoData
20-01-22 11:56:40 <-- InfoData
20-01-22 11:56:41 --> InfoData
20-01-22 11:56:41 <-- InfoData
20-01-22 11:56:42 --> InfoData
20-01-22 11:56:42 <-- InfoData
20-01-22 11:56:43 --> InfoData
20-01-22 11:56:43 <-- InfoData
20-01-22 11:56:44 --> InfoData
20-01-22 11:56:44 <-- InfoData
20-01-22 11:56:45 --> InfoData
20-01-22 11:56:45 <-- InfoData
20-01-22 11:56:46 --> InfoData
20-01-22 11:56:46 <-- InfoData
20-01-22 11:56:47 --> InfoData
20-01-22 11:56:47 <-- InfoData
20-01-22 11:56:48 --> InfoData
20-01-22 11:56:48 <-- InfoData
20-01-22 11:56:49 --> InfoData
20-01-22 11:56:49 <-- InfoData
20-01-22 11:56:50 --> InfoData
20-01-22 11:56:50 <-- InfoData
20-01-22 11:56:51 --> InfoData
20-01-22 11:56:51 <-- InfoData
20-01-22 11:56:52 --> InfoData
20-01-22 11:56:52 <-- InfoData
20-01-22 11:56:53 --> InfoData
20-01-22 11:56:53 <-- InfoData
20-01-22 11:56:54 --> InfoData
20-01-22 11:56:54 <-- InfoData
20-01-22 11:56:55 --> InfoData
20-01-22 11:56:55 <-- InfoData
20-01-22 11:56:56 --> InfoData
20-01-22 11:56:56 <-- InfoData
20-01-22 11:56:57 --> InfoData
20-01-22 11:56:57 <-- InfoData
20-01-22 11:56:58 --> InfoData
20-01-22 11:56:58 <-- InfoData
20-01-22 11:56:59 --> InfoData
20-01-22 11:56:59 <-- InfoData
20-01-22 11:57:00 --> InfoData
20-01-22 11:57:00 <-- InfoData
20-01-22 11:57:01 --> InfoData
20-01-22 11:57:01 <-- InfoData
20-01-22 11:57:02 --> InfoData
20-01-22 11:57:02 <-- InfoData
20-01-22 11:57:03 --> InfoData
20-01-22 11:57:03 <-- InfoData
20-01-22 11:57:04 --> InfoData
20-01-22 11:57:04 <-- InfoData
20-01-22 11:57:05 --> InfoData
20-01-22 11:57:05 <-- InfoData
20-01-22 11:57:06 --> InfoData
20-01-22 11:57:06 <-- InfoData
20-01-22 11:57:07 --> InfoData
20-01-22 11:57:07 <-- InfoData
20-01-22 11:57:08 --> InfoData
20-01-22 11:57:08 <-- InfoData
20-01-22 11:57:09 --> InfoData
20-01-22 11:57:09 <-- InfoData
20-01-22 11:57:10 --> InfoData
20-01-22 11:57:10 <-- InfoData
20-01-22 11:57:11 --> InfoData
20-01-22 11:57:11 <-- InfoData
20-01-22 11:57:12 --> InfoData
20-01-22 11:57:12 <-- InfoData
20-01-22 11:57:13 --> InfoData
20-01-22 11:57:13 <-- InfoData
20-01-22 11:57:14 --> InfoData
20-01-22 11:57:14 <-- InfoData
20-01-22 11:57:15 --> InfoData
20-01-22 11:57:15 <-- InfoData
20-01-22 11:57:16 --> InfoData
20-01-22 11:57:16 <-- InfoData
20-01-22 11:57:17 --> InfoData
20-01-22 11:57:17 <-- InfoData
20-01-22 11:57:18 --> InfoData
20-01-22 11:57:18 <-- InfoData
20-01-22 11:57:19 --> InfoData
20-01-22 11:57:19 <-- InfoData
20-01-22 11:57:20 --> InfoData
20-01-22 11:57:20 <-- InfoData
20-01-22 11:57:21 --> InfoData
20-01-22 11:57:21 <-- InfoData
20-01-22 11:57:22 --> InfoData
20-01-22 11:57:22 <-- InfoData
20-01-22 11:57:23 --> InfoData
20-01-22 11:57:23 <-- InfoData
20-01-22 11:57:24 --> InfoData
20-01-22 11:57:24 <-- InfoData
20-01-22 11:57:25 --> InfoData
20-01-22 11:57:25 <-- InfoData
20-01-22 11:57:26 --> InfoData
20-01-22 11:57:26 <-- InfoData
20-01-22 11:57:27 --> InfoData
20-01-22 11:57:27 <-- InfoData
20-01-22 11:57:28 --> InfoData
20-01-22 11:57:28 <-- InfoData
20-01-22 11:57:29 --> InfoData
20-01-22 11:57:29 <-- InfoData
20-01-22 11:57:31 --> InfoData
20-01-22 11:57:31 <-- InfoData
20-01-22 11:57:31 --> InfoData
20-01-22 11:57:31 <-- InfoData
20-01-22 11:57:48 --> InfoData
20-01-22 11:57:48 <-- InfoData
20-01-22 11:57:48 --> InfoData
20-01-22 11:57:48 <-- InfoData
20-01-22 11:57:49 --> InfoData
20-01-22 11:57:49 <-- InfoData
20-01-22 11:57:50 --> InfoData
20-01-22 11:57:50 <-- InfoData
20-01-22 11:57:51 --> InfoData
20-01-22 11:57:51 <-- InfoData
20-01-22 11:57:52 --> InfoData
20-01-22 11:57:52 <-- InfoData
20-01-22 11:57:53 --> InfoData
20-01-22 11:57:53 <-- InfoData
20-01-22 11:57:54 --> InfoData
20-01-22 11:57:54 <-- InfoData
20-01-22 11:57:55 --> InfoData
20-01-22 11:57:55 <-- InfoData
20-01-22 11:57:56 --> InfoData
20-01-22 11:57:56 <-- InfoData
20-01-22 11:57:57 --> InfoData
20-01-22 11:57:57 <-- InfoData
20-01-22 11:57:58 --> InfoData
20-01-22 11:57:58 <-- InfoData
20-01-22 11:57:59 --> InfoData
20-01-22 11:57:59 <-- InfoData
20-01-22 11:58:01 --> InfoData
20-01-22 11:58:01 <-- InfoData
20-01-22 11:58:02 --> InfoData
20-01-22 11:58:02 <-- InfoData
20-01-22 11:58:03 --> InfoData
20-01-22 11:58:03 <-- InfoData
20-01-22 11:58:04 --> InfoData
20-01-22 11:58:04 <-- InfoData
20-01-22 11:58:05 --> InfoData
20-01-22 11:58:05 <-- InfoData
20-01-22 11:58:06 --> InfoData
20-01-22 11:58:06 <-- InfoData
20-01-22 11:58:07 --> InfoData
20-01-22 11:58:07 <-- InfoData
20-01-22 11:58:08 --> InfoData
20-01-22 11:58:08 <-- InfoData
20-01-22 11:58:09 --> InfoData
20-01-22 11:58:09 <-- InfoData
20-01-22 11:58:10 --> InfoData
20-01-22 11:58:10 <-- InfoData
20-01-22 11:58:11 --> InfoData
20-01-22 11:58:11 <-- InfoData
20-01-22 11:58:12 --> InfoData
20-01-22 11:58:12 <-- InfoData
20-01-22 11:58:13 --> InfoData
20-01-22 11:58:13 <-- InfoData
20-01-22 11:58:14 --> InfoData
20-01-22 11:58:14 <-- InfoData
20-01-22 11:58:15 --> InfoData
20-01-22 11:58:15 <-- InfoData
20-01-22 11:58:16 --> InfoData
20-01-22 11:58:16 <-- InfoData
20-01-22 11:58:17 --> InfoData
20-01-22 11:58:17 <-- InfoData
20-01-22 11:58:18 --> InfoData
20-01-22 11:58:18 <-- InfoData
20-01-22 11:58:19 --> InfoData
20-01-22 11:58:19 <-- InfoData
20-01-22 11:58:20 --> InfoData
20-01-22 11:58:20 <-- InfoData
20-01-22 11:58:21 --> InfoData
20-01-22 11:58:21 <-- InfoData
20-01-22 11:58:22 --> InfoData
20-01-22 11:58:22 <-- InfoData
20-01-22 11:58:23 --> InfoData
20-01-22 11:58:23 <-- InfoData
20-01-22 11:58:24 --> InfoData
20-01-22 11:58:24 <-- InfoData
20-01-22 11:58:25 --> InfoData
20-01-22 11:58:25 <-- InfoData
20-01-22 11:58:26 --> InfoData
20-01-22 11:58:26 <-- InfoData
20-01-22 11:58:27 --> InfoData
20-01-22 11:58:27 <-- InfoData
20-01-22 11:58:28 --> InfoData
20-01-22 11:58:28 <-- InfoData
20-01-22 11:58:29 --> InfoData
20-01-22 11:58:29 <-- InfoData
20-01-22 11:58:30 --> InfoData
20-01-22 11:58:30 <-- InfoData
20-01-22 11:58:31 --> InfoData
20-01-22 11:58:31 <-- InfoData
20-01-22 11:58:32 --> InfoData
20-01-22 11:58:32 <-- InfoData
20-01-22 11:58:33 --> InfoData
20-01-22 11:58:33 <-- InfoData
20-01-22 11:58:34 --> InfoData
20-01-22 11:58:34 <-- InfoData
20-01-22 11:58:35 --> InfoData
20-01-22 11:58:35 <-- InfoData
20-01-22 11:58:36 --> InfoData
20-01-22 11:58:36 <-- InfoData
20-01-22 11:58:37 --> InfoData
20-01-22 11:58:37 <-- InfoData
20-01-22 11:58:38 --> InfoData
20-01-22 11:58:38 <-- InfoData
20-01-22 11:58:39 --> InfoData
20-01-22 11:58:39 <-- InfoData
20-01-22 11:58:40 --> InfoData
20-01-22 11:58:40 <-- InfoData
20-01-22 11:58:41 --> InfoData
20-01-22 11:58:41 <-- InfoData
20-01-22 11:58:42 --> InfoData
20-01-22 11:58:42 <-- InfoData
20-01-22 11:58:43 --> InfoData
20-01-22 11:58:43 <-- InfoData
20-01-22 11:58:44 --> InfoData
20-01-22 11:58:44 <-- InfoData
20-01-22 11:58:45 --> InfoData
20-01-22 11:58:45 <-- InfoData
20-01-22 11:58:46 --> InfoData
20-01-22 11:58:46 <-- InfoData
20-01-22 11:58:47 --> InfoData
20-01-22 11:58:47 <-- InfoData
20-01-22 11:58:48 --> InfoData
20-01-22 11:58:48 <-- InfoData
20-01-22 11:58:49 --> InfoData
20-01-22 11:58:49 <-- InfoData
20-01-22 11:58:50 --> InfoData
20-01-22 11:58:50 <-- InfoData
20-01-22 11:58:51 --> InfoData
20-01-22 11:58:51 <-- InfoData
20-01-22 11:58:52 --> InfoData
20-01-22 11:58:52 <-- InfoData
20-01-22 11:58:53 --> InfoData
20-01-22 11:58:53 <-- InfoData
20-01-22 11:58:54 --> InfoData
20-01-22 11:58:54 <-- InfoData
20-01-22 11:58:55 --> InfoData
20-01-22 11:58:55 <-- InfoData
20-01-22 11:58:56 --> InfoData
20-01-22 11:58:56 <-- InfoData
20-01-22 11:58:57 --> InfoData
20-01-22 11:58:57 <-- InfoData
20-01-22 11:58:58 --> InfoData
20-01-22 11:58:58 <-- InfoData
20-01-22 11:58:59 --> InfoData
20-01-22 11:58:59 <-- InfoData
20-01-22 11:59:00 --> InfoData
20-01-22 11:59:00 <-- InfoData
20-01-22 11:59:01 --> InfoData
20-01-22 11:59:01 <-- InfoData
20-01-22 11:59:02 --> InfoData
20-01-22 11:59:02 <-- InfoData
20-01-22 11:59:03 --> InfoData
20-01-22 11:59:03 <-- InfoData
20-01-22 11:59:04 --> InfoData
20-01-22 11:59:04 <-- InfoData
