20-12-21 11:01:21 Temp: XGT -> 2000 0 41
20-12-21 11:01:21 Opt: FN -> 5
20-12-21 11:01:21 Tft: DRAV -> DY>Ok
20-12-21 11:01:23 Temp: XGS -> 0 0 1 1
20-12-21 11:01:23 Temp: XGT -> 2000 0 41
20-12-21 11:01:23 Opt: FN -> 5
20-12-21 11:01:23 Tft: DRAV -> DY>Ok
20-12-21 11:01:25 Temp: XGS -> 0 0 1 1
20-12-21 11:01:25 Temp: XGT -> 2000 0 41
20-12-21 11:01:25 Opt: FN -> 5
20-12-21 11:01:25 Tft: DRAV -> DY>Ok
20-12-21 11:01:26 Temp: XGS -> 0 0 1 1
20-12-21 11:01:26 Temp: XGT -> 2000 0 41
20-12-21 11:01:26 Opt: FN -> 5
20-12-21 11:01:26 Tft: DRAV -> DY>Ok
20-12-21 11:01:28 Temp: XGS -> 0 0 1 1
20-12-21 11:01:28 Temp: XGT -> 2000 0 41
20-12-21 11:01:28 Opt: FN -> 5
20-12-21 11:01:28 Tft: DRAV -> DY>Ok
20-12-21 11:01:30 Temp: XGS -> 0 0 1 1
20-12-21 11:01:30 Temp: XGT -> 2000 0 41
20-12-21 11:01:30 Opt: FN -> 5
20-12-21 11:01:30 Tft: DRAV -> DY>Ok
20-12-21 11:01:32 Temp: XGS -> 0 0 1 1
20-12-21 11:01:32 Temp: XGT -> 2000 0 41
20-12-21 11:01:32 Opt: FN -> 5
20-12-21 11:01:32 Tft: DRAV -> DY>Ok
20-12-21 11:01:34 Temp: XGS -> 0 0 1 1
20-12-21 11:01:34 Temp: XGT -> 2000 0 41
20-12-21 11:01:34 Opt: FN -> 5
20-12-21 11:01:34 Tft: DRAV -> DY>Ok
20-12-21 11:01:35 Temp: XGS -> 0 0 1 1
20-12-21 11:01:35 Temp: XGT -> 2000 0 41
20-12-21 11:01:36 Opt: FN -> 5
20-12-21 11:01:36 Tft: DRAV -> DY>Ok
20-12-21 11:01:37 Temp: XGS -> 0 0 1 1
20-12-21 11:01:37 Temp: XGT -> 1999 0 42
20-12-21 11:01:37 Opt: FN -> 5
20-12-21 11:01:37 Tft: DRAV -> DY>Ok
20-12-21 11:01:39 Temp: XGS -> 0 0 1 1
20-12-21 11:01:39 Temp: XGT -> 1999 0 42
20-12-21 11:01:39 Opt: FN -> 5
20-12-21 11:01:39 Tft: DRAV -> DY>Ok
20-12-21 11:01:41 Temp: XGS -> 0 0 1 1
20-12-21 11:01:41 Temp: XGT -> 1999 0 42
20-12-21 11:01:41 Opt: FN -> 5
20-12-21 11:01:41 Tft: DRAV -> DY>Ok
20-12-21 11:01:43 Temp: XGS -> 0 0 1 1
20-12-21 11:01:43 Temp: XGT -> 1999 0 42
20-12-21 11:01:43 Opt: FN -> 5
20-12-21 11:01:43 Tft: DRAV -> DY>Ok
20-12-21 11:01:45 Temp: XGS -> 0 0 1 1
20-12-21 11:01:45 Temp: XGT -> 1998 0 43
20-12-21 11:01:45 Opt: FN -> 5
20-12-21 11:01:45 Tft: DRAV -> DY>Ok
20-12-21 11:01:46 Temp: XGS -> 0 0 1 1
20-12-21 11:01:46 Temp: XGT -> 1998 0 43
20-12-21 11:01:46 Opt: FN -> 5
20-12-21 11:01:46 Tft: DRAV -> DY>Ok
20-12-21 11:01:48 Temp: XGS -> 0 0 1 1
20-12-21 11:01:48 Temp: XGT -> 1998 0 43
20-12-21 11:01:48 Opt: FN -> 5
20-12-21 11:01:48 Tft: DRAV -> DY>Ok
20-12-21 11:01:50 Temp: XGS -> 0 0 1 1
20-12-21 11:01:50 Temp: XGT -> 1998 0 43
20-12-21 11:01:50 Opt: FN -> 5
20-12-21 11:01:50 Tft: DRAV -> DY>Ok
20-12-21 11:01:52 Temp: XGS -> 0 0 1 1
20-12-21 11:01:52 Temp: XGT -> 1998 0 43
20-12-21 11:01:52 Opt: FN -> 5
20-12-21 11:01:52 Tft: DRAV -> DY>Ok
20-12-21 11:01:54 Temp: XGS -> 0 0 1 1
20-12-21 11:01:54 Temp: XGT -> 1998 0 43
20-12-21 11:01:54 Opt: FN -> 5
20-12-21 11:01:54 Tft: DRAV -> DY>Ok
20-12-21 11:01:55 Temp: XGS -> 0 0 1 1
20-12-21 11:01:55 Temp: XGT -> 1998 0 43
20-12-21 11:01:55 Opt: FN -> 5
20-12-21 11:01:55 Tft: DRAV -> DY>Ok
20-12-21 11:01:57 Temp: XGS -> 0 0 1 1
20-12-21 11:01:57 Temp: XGT -> 1998 0 43
20-12-21 11:01:57 Opt: FN -> 5
20-12-21 11:01:57 Tft: DRAV -> DY>Ok
20-12-21 11:01:59 Temp: XGS -> 0 0 1 1
20-12-21 11:01:59 Temp: XGT -> 1999 0 42
20-12-21 11:01:59 Opt: FN -> 5
20-12-21 11:01:59 Tft: DRAV -> DY>Ok
20-12-21 11:02:01 Temp: XGS -> 0 0 1 1
20-12-21 11:02:01 Temp: XGT -> 1999 0 42
20-12-21 11:02:01 Opt: FN -> 5
20-12-21 11:02:01 Tft: DRAV -> DY>Ok
20-12-21 11:02:03 Temp: XGS -> 0 0 1 1
20-12-21 11:02:03 Temp: XGT -> 1999 0 42
20-12-21 11:02:03 Opt: FN -> 5
20-12-21 11:02:03 Tft: DRAV -> DY>Ok
20-12-21 11:02:04 Temp: XGS -> 0 0 1 1
20-12-21 11:02:05 Temp: XGT -> 1999 0 42
20-12-21 11:02:05 Opt: FN -> 5
20-12-21 11:02:05 Tft: DRAV -> DY>Ok
20-12-21 11:02:06 Temp: XGS -> 0 0 1 1
20-12-21 11:02:06 Temp: XGT -> 2000 0 41
20-12-21 11:02:06 Opt: FN -> 5
20-12-21 11:02:06 Tft: DRAV -> DY>Ok
20-12-21 11:02:08 Temp: XGS -> 0 0 1 1
20-12-21 11:02:08 Temp: XGT -> 2000 0 41
20-12-21 11:02:08 Opt: FN -> 5
20-12-21 11:02:08 Tft: DRAV -> DY>Ok
20-12-21 11:02:10 Temp: XGS -> 0 0 1 1
20-12-21 11:02:10 Temp: XGT -> 2000 0 41
20-12-21 11:02:10 Opt: FN -> 5
20-12-21 11:02:10 Tft: DRAV -> DY>Ok
20-12-21 11:02:12 Temp: XGS -> 0 0 1 1
20-12-21 11:02:12 Temp: XGT -> 2000 0 41
20-12-21 11:02:12 Opt: FN -> 5
20-12-21 11:02:12 Tft: DRAV -> DY>Ok
20-12-21 11:02:14 Temp: XGS -> 0 0 1 1
20-12-21 11:02:14 Temp: XGT -> 2000 0 41
20-12-21 11:02:14 Opt: FN -> 5
20-12-21 11:02:14 Tft: DRAV -> DY>Ok
20-12-21 11:02:15 Temp: XGS -> 0 0 1 1
20-12-21 11:02:15 Temp: XGT -> 2000 0 41
20-12-21 11:02:15 Opt: FN -> 5
20-12-21 11:02:15 Tft: DRAV -> DY>Ok
20-12-21 11:02:17 Temp: XGS -> 0 0 1 1
20-12-21 11:02:17 Temp: XGT -> 2000 0 41
20-12-21 11:02:17 Opt: FN -> 5
20-12-21 11:02:17 Tft: DRAV -> DY>Ok
20-12-21 11:02:19 Temp: XGS -> 0 0 1 1
20-12-21 11:02:19 Temp: XGT -> 2000 0 41
20-12-21 11:02:19 Opt: FN -> 5
20-12-21 11:02:19 Tft: DRAV -> DY>Ok
20-12-21 11:02:21 Temp: XGS -> 0 0 1 1
20-12-21 11:02:21 Temp: XGT -> 2000 0 41
20-12-21 11:02:21 Opt: FN -> 5
20-12-21 11:02:21 Tft: DRAV -> DY>Ok
20-12-21 11:02:23 Temp: XGS -> 0 0 1 1
20-12-21 11:02:23 Temp: XGT -> 2000 0 41
20-12-21 11:02:23 Opt: FN -> 5
20-12-21 11:02:23 Tft: DRAV -> DY>Ok
20-12-21 11:02:24 Temp: XGS -> 0 0 1 1
20-12-21 11:02:24 Temp: XGT -> 2000 0 41
20-12-21 11:02:24 Opt: FN -> 5
20-12-21 11:02:24 Tft: DRAV -> DY>Ok
20-12-21 11:02:26 Temp: XGS -> 0 0 1 1
20-12-21 11:02:26 Temp: XGT -> 2000 0 41
20-12-21 11:02:26 Opt: FN -> 5
20-12-21 11:02:26 Tft: DRAV -> DY>Ok
20-12-21 11:02:28 Temp: XGS -> 0 0 1 1
20-12-21 11:02:28 Temp: XGT -> 2000 0 41
20-12-21 11:02:28 Opt: FN -> 5
20-12-21 11:02:28 Tft: DRAV -> DY>Ok
20-12-21 11:02:30 Temp: XGS -> 0 0 1 1
20-12-21 11:02:30 Temp: XGT -> 2000 0 41
20-12-21 11:02:30 Opt: FN -> 5
20-12-21 11:02:30 Tft: DRAV -> DY>Ok
20-12-21 11:02:32 Temp: XGS -> 0 0 1 1
20-12-21 11:02:32 Temp: XGT -> 2000 0 41
20-12-21 11:02:32 Opt: FN -> 5
20-12-21 11:02:32 Tft: DRAV -> DY>Ok
20-12-21 11:02:33 Temp: XGS -> 0 0 1 1
20-12-21 11:02:34 Temp: XGT -> 2000 0 41
20-12-21 11:02:34 Opt: FN -> 5
20-12-21 11:02:34 Tft: DRAV -> DY>Ok
20-12-21 11:02:35 Temp: XGS -> 0 0 1 1
20-12-21 11:02:35 Temp: XGT -> 2000 0 41
20-12-21 11:02:35 Opt: FN -> 5
20-12-21 11:02:35 Tft: DRAV -> DY>Ok
20-12-21 11:02:37 Temp: XGS -> 0 0 1 1
20-12-21 11:02:37 Temp: XGT -> 1999 0 42
20-12-21 11:02:37 Opt: FN -> 5
20-12-21 11:02:37 Tft: DRAV -> DY>Ok
20-12-21 11:02:39 Temp: XGS -> 0 0 1 1
20-12-21 11:02:39 Temp: XGT -> 1999 0 42
20-12-21 11:02:39 Opt: FN -> 5
20-12-21 11:02:39 Tft: DRAV -> DY>Ok
20-12-21 11:02:41 Temp: XGS -> 0 0 1 1
20-12-21 11:02:41 Temp: XGT -> 1999 0 42
20-12-21 11:02:41 Opt: FN -> 5
20-12-21 11:02:41 Tft: DRAV -> DY>Ok
20-12-21 11:02:43 Temp: XGS -> 0 0 1 1
20-12-21 11:02:43 Temp: XGT -> 1998 0 43
20-12-21 11:02:43 Opt: FN -> 5
20-12-21 11:02:43 Tft: DRAV -> DY>Ok
20-12-21 11:02:44 Temp: XGS -> 0 0 1 1
20-12-21 11:02:44 Temp: XGT -> 1998 0 43
20-12-21 11:02:44 Opt: FN -> 5
20-12-21 11:02:44 Tft: DRAV -> DY>Ok
20-12-21 11:02:46 Temp: XGS -> 0 0 1 1
20-12-21 11:02:46 Temp: XGT -> 1998 0 43
20-12-21 11:02:46 Opt: FN -> 5
20-12-21 11:02:46 Tft: DRAV -> DY>Ok
20-12-21 11:02:48 Temp: XGS -> 0 0 1 1
20-12-21 11:02:48 Temp: XGT -> 1998 0 43
20-12-21 11:02:48 Opt: FN -> 5
20-12-21 11:02:48 Tft: DRAV -> DY>Ok
20-12-21 11:02:50 Temp: XGS -> 0 0 1 1
20-12-21 11:02:50 Temp: XGT -> 1998 0 43
20-12-21 11:02:50 Opt: FN -> 5
20-12-21 11:02:50 Tft: DRAV -> DY>Ok
20-12-21 11:02:52 Temp: XGS -> 0 0 1 1
20-12-21 11:02:52 Temp: XGT -> 1998 0 43
20-12-21 11:02:52 Opt: FN -> 5
20-12-21 11:02:52 Tft: DRAV -> DY>Ok
20-12-21 11:02:53 Temp: XGS -> 0 0 1 1
20-12-21 11:02:53 Temp: XGT -> 1998 0 43
20-12-21 11:02:53 Opt: FN -> 5
20-12-21 11:02:54 Tft: DRAV -> DY>Ok
20-12-21 11:02:55 Temp: XGS -> 0 0 1 1
20-12-21 11:02:55 Temp: XGT -> 1998 0 43
20-12-21 11:02:55 Opt: FN -> 5
20-12-21 11:02:55 Tft: DRAV -> DY>Ok
20-12-21 11:02:57 Temp: XGS -> 0 0 1 1
20-12-21 11:02:57 Temp: XGT -> 1999 0 42
20-12-21 11:02:57 Opt: FN -> 5
20-12-21 11:02:57 Tft: DRAV -> DY>Ok
20-12-21 11:02:59 Temp: XGS -> 0 0 1 1
20-12-21 11:02:59 Temp: XGT -> 1999 0 42
20-12-21 11:02:59 Opt: FN -> 5
20-12-21 11:02:59 Tft: DRAV -> DY>Ok
20-12-21 11:03:01 Temp: XGS -> 0 0 1 1
20-12-21 11:03:01 Temp: XGT -> 1999 0 42
20-12-21 11:03:01 Opt: FN -> 5
20-12-21 11:03:01 Tft: DRAV -> DY>Ok
20-12-21 11:03:03 Temp: XGS -> 0 0 1 1
20-12-21 11:03:03 Temp: XGT -> 1999 0 42
20-12-21 11:03:03 Opt: FN -> 5
20-12-21 11:03:03 Tft: DRAV -> DY>Ok
20-12-21 11:03:04 Temp: XGS -> 0 0 1 1
20-12-21 11:03:04 Temp: XGT -> 1999 0 42
20-12-21 11:03:04 Opt: FN -> 5
20-12-21 11:03:04 Tft: DRAV -> DY>Ok
20-12-21 11:03:06 Temp: XGS -> 0 0 1 1
20-12-21 11:03:06 Temp: XGT -> 2000 0 41
20-12-21 11:03:06 Opt: FN -> 5
20-12-21 11:03:06 Tft: DRAV -> DY>Ok
20-12-21 11:03:08 Temp: XGS -> 0 0 1 1
20-12-21 11:03:08 Temp: XGT -> 2000 0 41
20-12-21 11:03:08 Opt: FN -> 5
20-12-21 11:03:08 Tft: DRAV -> DY>Ok
20-12-21 11:03:10 Temp: XGS -> 0 0 1 1
20-12-21 11:03:10 Temp: XGT -> 2000 0 41
20-12-21 11:03:10 Opt: FN -> 5
20-12-21 11:03:10 Tft: DRAV -> DY>Ok
20-12-21 11:03:12 Temp: XGS -> 0 0 1 1
20-12-21 11:03:12 Temp: XGT -> 2000 0 41
20-12-21 11:03:12 Opt: FN -> 5
20-12-21 11:03:12 Tft: DRAV -> DY>Ok
20-12-21 11:03:13 Temp: XGS -> 0 0 1 1
20-12-21 11:03:13 Temp: XGT -> 2000 0 41
20-12-21 11:03:13 Opt: FN -> 5
20-12-21 11:03:13 Tft: DRAV -> DY>Ok
20-12-21 11:03:15 Temp: XGS -> 0 0 1 1
20-12-21 11:03:15 Temp: XGT -> 2000 0 41
20-12-21 11:03:15 Opt: FN -> 5
20-12-21 11:03:15 Tft: DRAV -> DY>Ok
20-12-21 11:03:17 Temp: XGS -> 0 0 1 1
20-12-21 11:03:17 Temp: XGT -> 2000 0 41
20-12-21 11:03:17 Opt: FN -> 5
20-12-21 11:03:17 Tft: DRAV -> DY>Ok
20-12-21 11:03:19 Temp: XGS -> 0 0 1 1
20-12-21 11:03:19 Temp: XGT -> 2000 0 41
20-12-21 11:03:19 Opt: FN -> 5
20-12-21 11:03:19 Tft: DRAV -> DY>Ok
20-12-21 11:03:21 Temp: XGS -> 0 0 1 1
20-12-21 11:03:21 Temp: XGT -> 2000 0 41
20-12-21 11:03:21 Opt: FN -> 5
20-12-21 11:03:21 Tft: DRAV -> DY>Ok
20-12-21 11:03:22 Temp: XGS -> 0 0 1 1
20-12-21 11:03:22 Temp: XGT -> 2000 0 41
20-12-21 11:03:23 Opt: FN -> 5
20-12-21 11:03:23 Tft: DRAV -> DY>Ok
20-12-21 11:03:24 Temp: XGS -> 0 0 1 1
20-12-21 11:03:24 Temp: XGT -> 2000 0 41
20-12-21 11:03:24 Opt: FN -> 5
20-12-21 11:03:24 Tft: DRAV -> DY>Ok
20-12-21 11:03:26 Temp: XGS -> 0 0 1 1
20-12-21 11:03:26 Temp: XGT -> 2000 0 41
20-12-21 11:03:26 Opt: FN -> 5
20-12-21 11:03:26 Tft: DRAV -> DY>Ok
20-12-21 11:03:28 Temp: XGS -> 0 0 1 1
20-12-21 11:03:28 Temp: XGT -> 2000 0 41
20-12-21 11:03:28 Opt: FN -> 5
20-12-21 11:03:28 Tft: DRAV -> DY>Ok
20-12-21 11:03:30 Temp: XGS -> 0 0 1 1
20-12-21 11:03:30 Temp: XGT -> 2000 0 41
20-12-21 11:03:30 Opt: FN -> 5
20-12-21 11:03:30 Tft: DRAV -> DY>Ok
20-12-21 11:03:32 Temp: XGS -> 0 0 1 1
20-12-21 11:03:32 Temp: XGT -> 2000 0 41
20-12-21 11:03:32 Opt: FN -> 5
20-12-21 11:03:32 Tft: DRAV -> DY>Ok
20-12-21 11:03:33 Temp: XGS -> 0 0 1 1
20-12-21 11:03:33 Temp: XGT -> 2000 0 41
20-12-21 11:03:33 Opt: FN -> 5
20-12-21 11:03:33 Tft: DRAV -> DY>Ok
20-12-21 11:03:35 Temp: XGS -> 0 0 1 1
20-12-21 11:03:35 Temp: XGT -> 1999 0 42
20-12-21 11:03:35 Opt: FN -> 5
20-12-21 11:03:35 Tft: DRAV -> DY>Ok
20-12-21 11:03:37 Temp: XGS -> 0 0 1 1
20-12-21 11:03:37 Temp: XGT -> 1999 0 42
20-12-21 11:03:37 Opt: FN -> 5
20-12-21 11:03:37 Tft: DRAV -> DY>Ok
20-12-21 11:03:39 Temp: XGS -> 0 0 1 1
20-12-21 11:03:39 Temp: XGT -> 1999 0 42
20-12-21 11:03:39 Opt: FN -> 5
20-12-21 11:03:39 Tft: DRAV -> DY>Ok
20-12-21 11:03:41 Temp: XGS -> 0 0 1 1
20-12-21 11:03:41 Temp: XGT -> 1998 0 43
20-12-21 11:03:41 Opt: FN -> 5
20-12-21 11:03:41 Tft: DRAV -> DY>Ok
20-12-21 11:03:42 Temp: XGS -> 0 0 1 1
20-12-21 11:03:42 Temp: XGT -> 1998 0 43
20-12-21 11:03:42 Opt: FN -> 5
20-12-21 11:03:42 Tft: DRAV -> DY>Ok
20-12-21 11:03:44 Temp: XGS -> 0 0 1 1
20-12-21 11:03:44 Temp: XGT -> 1998 0 43
20-12-21 11:03:44 Opt: FN -> 5
20-12-21 11:03:44 Tft: DRAV -> DY>Ok
20-12-21 11:03:46 Temp: XGS -> 0 0 1 1
20-12-21 11:03:46 Temp: XGT -> 1998 0 43
20-12-21 11:03:46 Opt: FN -> 5
20-12-21 11:03:46 Tft: DRAV -> DY>Ok
20-12-21 11:03:48 Temp: XGS -> 0 0 1 1
20-12-21 11:03:48 Temp: XGT -> 1998 0 43
20-12-21 11:03:48 Opt: FN -> 5
20-12-21 11:03:48 Tft: DRAV -> DY>Ok
20-12-21 11:03:50 Temp: XGS -> 0 0 1 1
20-12-21 11:03:50 Temp: XGT -> 1998 0 43
20-12-21 11:03:50 Opt: FN -> 5
20-12-21 11:03:50 Tft: DRAV -> DY>Ok
20-12-21 11:03:51 Temp: XGS -> 0 0 1 1
20-12-21 11:03:51 Temp: XGT -> 1998 0 43
20-12-21 11:03:52 Opt: FN -> 5
20-12-21 11:03:52 Tft: DRAV -> DY>Ok
20-12-21 11:03:53 Temp: XGS -> 0 0 1 1
20-12-21 11:03:53 Temp: XGT -> 1998 0 43
20-12-21 11:03:53 Opt: FN -> 5
20-12-21 11:03:53 Tft: DRAV -> DY>Ok
20-12-21 11:03:55 Temp: XGS -> 0 0 1 1
20-12-21 11:03:55 Temp: XGT -> 1999 0 42
20-12-21 11:03:55 Opt: FN -> 5
20-12-21 11:03:55 Tft: DRAV -> DY>Ok
20-12-21 11:03:57 Temp: XGS -> 0 0 1 1
20-12-21 11:03:57 Temp: XGT -> 1999 0 42
20-12-21 11:03:57 Opt: FN -> 5
20-12-21 11:03:57 Tft: DRAV -> DY>Ok
20-12-21 11:03:59 Temp: XGS -> 0 0 1 1
20-12-21 11:03:59 Temp: XGT -> 1999 0 42
20-12-21 11:03:59 Opt: FN -> 5
20-12-21 11:03:59 Tft: DRAV -> DY>Ok
20-12-21 11:04:01 Temp: XGS -> 0 0 1 1
20-12-21 11:04:01 Temp: XGT -> 1999 0 42
20-12-21 11:04:01 Opt: FN -> 5
20-12-21 11:04:01 Tft: DRAV -> DY>Ok
20-12-21 11:04:02 Temp: XGS -> 0 0 1 1
20-12-21 11:04:02 Temp: XGT -> 1999 0 42
20-12-21 11:04:02 Opt: FN -> 5
20-12-21 11:04:02 Tft: DRAV -> DY>Ok
20-12-21 11:04:04 Temp: XGS -> 0 0 1 1
20-12-21 11:04:04 Temp: XGT -> 2000 0 41
20-12-21 11:04:04 Opt: FN -> 5
20-12-21 11:04:04 Tft: DRAV -> DY>Ok
20-12-21 11:04:06 Temp: XGS -> 0 0 1 1
20-12-21 11:04:06 Temp: XGT -> 2000 0 41
20-12-21 11:04:06 Opt: FN -> 5
20-12-21 11:04:06 Tft: DRAV -> DY>Ok
20-12-21 11:04:08 Temp: XGS -> 0 0 1 1
20-12-21 11:04:08 Temp: XGT -> 2000 0 41
20-12-21 11:04:08 Opt: FN -> 5
20-12-21 11:04:08 Tft: DRAV -> DY>Ok
20-12-21 11:04:10 Temp: XGS -> 0 0 1 1
20-12-21 11:04:10 Temp: XGT -> 2000 0 41
20-12-21 11:04:10 Opt: FN -> 5
20-12-21 11:04:10 Tft: DRAV -> DY>Ok
20-12-21 11:04:11 Temp: XGS -> 0 0 1 1
20-12-21 11:04:11 Temp: XGT -> 2000 0 41
20-12-21 11:04:11 Opt: FN -> 5
20-12-21 11:04:11 Tft: DRAV -> DY>Ok
20-12-21 11:04:13 Temp: XGS -> 0 0 1 1
20-12-21 11:04:13 Temp: XGT -> 2000 0 41
20-12-21 11:04:13 Opt: FN -> 5
20-12-21 11:04:13 Tft: DRAV -> DY>Ok
20-12-21 11:04:15 Temp: XGS -> 0 0 1 1
20-12-21 11:04:15 Temp: XGT -> 2000 0 41
20-12-21 11:04:15 Opt: FN -> 5
20-12-21 11:04:15 Tft: DRAV -> DY>Ok
20-12-21 11:04:17 Temp: XGS -> 0 0 1 1
20-12-21 11:04:17 Temp: XGT -> 2000 0 41
20-12-21 11:04:17 Opt: FN -> 5
20-12-21 11:04:17 Tft: DRAV -> DY>Ok
20-12-21 11:04:19 Temp: XGS -> 0 0 1 1
20-12-21 11:04:19 Temp: XGT -> 2000 0 41
20-12-21 11:04:19 Opt: FN -> 5
20-12-21 11:04:19 Tft: DRAV -> DY>Ok
20-12-21 11:04:20 Temp: XGS -> 0 0 1 1
20-12-21 11:04:21 Temp: XGT -> 2000 0 41
20-12-21 11:04:21 Opt: FN -> 5
20-12-21 11:04:21 Tft: DRAV -> DY>Ok
20-12-21 11:04:22 Temp: XGS -> 0 0 1 1
20-12-21 11:04:22 Temp: XGT -> 2000 0 41
20-12-21 11:04:22 Opt: FN -> 5
20-12-21 11:04:22 Tft: DRAV -> DY>Ok
20-12-21 11:04:24 Temp: XGS -> 0 0 1 1
20-12-21 11:04:24 Temp: XGT -> 2000 0 41
20-12-21 11:04:24 Opt: FN -> 5
20-12-21 11:04:24 Tft: DRAV -> DY>Ok
20-12-21 11:04:26 Temp: XGS -> 0 0 1 1
20-12-21 11:04:26 Temp: XGT -> 2000 0 41
20-12-21 11:04:26 Opt: FN -> 5
20-12-21 11:04:26 Tft: DRAV -> DY>Ok
20-12-21 11:04:28 Temp: XGS -> 0 0 1 1
20-12-21 11:04:28 Temp: XGT -> 2000 0 41
20-12-21 11:04:28 Opt: FN -> 5
20-12-21 11:04:28 Tft: DRAV -> DY>Ok
20-12-21 11:04:30 Temp: XGS -> 0 0 1 1
20-12-21 11:04:30 Temp: XGT -> 2000 0 41
20-12-21 11:04:30 Opt: FN -> 5
20-12-21 11:04:30 Tft: DRAV -> DY>Ok
20-12-21 11:04:31 Temp: XGS -> 0 0 1 1
20-12-21 11:04:31 Temp: XGT -> 2000 0 41
20-12-21 11:04:31 Opt: FN -> 5
20-12-21 11:04:31 Tft: DRAV -> DY>Ok
20-12-21 11:04:33 Temp: XGS -> 0 0 1 1
20-12-21 11:04:33 Temp: XGT -> 2000 0 41
20-12-21 11:04:33 Opt: FN -> 5
20-12-21 11:04:33 Tft: DRAV -> DY>Ok
20-12-21 11:04:35 Temp: XGS -> 0 0 1 1
20-12-21 11:04:35 Temp: XGT -> 1999 0 42
20-12-21 11:04:35 Opt: FN -> 5
20-12-21 11:04:35 Tft: DRAV -> DY>Ok
20-12-21 11:04:37 Temp: XGS -> 0 0 1 1
20-12-21 11:04:37 Temp: XGT -> 1999 0 42
20-12-21 11:04:37 Opt: FN -> 5
20-12-21 11:04:37 Tft: DRAV -> DY>Ok
20-12-21 11:04:39 Temp: XGS -> 0 0 1 1
20-12-21 11:04:39 Temp: XGT -> 1999 0 42
20-12-21 11:04:39 Opt: FN -> 5
20-12-21 11:04:39 Tft: DRAV -> DY>Ok
20-12-21 11:04:40 Temp: XGS -> 0 0 1 1
20-12-21 11:04:40 Temp: XGT -> 1998 0 43
20-12-21 11:04:40 Opt: FN -> 5
20-12-21 11:04:40 Tft: DRAV -> DY>Ok
20-12-21 11:04:42 Temp: XGS -> 0 0 1 1
20-12-21 11:04:42 Temp: XGT -> 1998 0 43
20-12-21 11:04:42 Opt: FN -> 5
20-12-21 11:04:42 Tft: DRAV -> DY>Ok
20-12-21 11:04:44 Temp: XGS -> 0 0 1 1
20-12-21 11:04:44 Temp: XGT -> 1998 0 43
20-12-21 11:04:44 Opt: FN -> 5
20-12-21 11:04:44 Tft: DRAV -> DY>Ok
20-12-21 11:04:46 Temp: XGS -> 0 0 1 1
20-12-21 11:04:46 Temp: XGT -> 1998 0 43
20-12-21 11:04:46 Opt: FN -> 5
20-12-21 11:04:46 Tft: DRAV -> DY>Ok
20-12-21 11:04:48 Temp: XGS -> 0 0 1 1
20-12-21 11:04:48 Temp: XGT -> 1998 0 43
20-12-21 11:04:48 Opt: FN -> 5
20-12-21 11:04:48 Tft: DRAV -> DY>Ok
20-12-21 11:04:49 Temp: XGS -> 0 0 1 1
20-12-21 11:04:50 Temp: XGT -> 1998 0 43
20-12-21 11:04:50 Opt: FN -> 5
20-12-21 11:04:50 Tft: DRAV -> DY>Ok
20-12-21 11:04:51 Temp: XGS -> 0 0 1 1
20-12-21 11:04:51 Temp: XGT -> 1998 0 43
20-12-21 11:04:51 Opt: FN -> 5
20-12-21 11:04:51 Tft: DRAV -> DY>Ok
20-12-21 11:04:53 Temp: XGS -> 0 0 1 1
20-12-21 11:04:53 Temp: XGT -> 1999 0 42
20-12-21 11:04:53 Opt: FN -> 5
20-12-21 11:04:53 Tft: DRAV -> DY>Ok
20-12-21 11:04:55 Temp: XGS -> 0 0 1 1
20-12-21 11:04:55 Temp: XGT -> 1999 0 42
20-12-21 11:04:55 Opt: FN -> 5
20-12-21 11:04:55 Tft: DRAV -> DY>Ok
20-12-21 11:04:57 Temp: XGS -> 0 0 1 1
20-12-21 11:04:57 Temp: XGT -> 1999 0 42
20-12-21 11:04:57 Opt: FN -> 5
20-12-21 11:04:57 Tft: DRAV -> DY>Ok
20-12-21 11:04:59 Temp: XGS -> 0 0 1 1
20-12-21 11:04:59 Temp: XGT -> 1999 0 42
20-12-21 11:04:59 Opt: FN -> 5
20-12-21 11:04:59 Tft: DRAV -> DY>Ok
20-12-21 11:05:00 Temp: XGS -> 0 0 1 1
20-12-21 11:05:00 Temp: XGT -> 1999 0 42
20-12-21 11:05:00 Opt: FN -> 5
20-12-21 11:05:00 Tft: DRAV -> DY>Ok
20-12-21 11:05:02 Temp: XGS -> 0 0 1 1
20-12-21 11:05:02 Temp: XGT -> 2000 0 41
20-12-21 11:05:02 Opt: FN -> 5
20-12-21 11:05:02 Tft: DRAV -> DY>Ok
20-12-21 11:05:04 Temp: XGS -> 0 0 1 1
20-12-21 11:05:04 Temp: XGT -> 2000 0 41
20-12-21 11:05:04 Opt: FN -> 5
20-12-21 11:05:04 Tft: DRAV -> DY>Ok
20-12-21 11:05:06 Temp: XGS -> 0 0 1 1
20-12-21 11:05:06 Temp: XGT -> 2000 0 41
20-12-21 11:05:06 Opt: FN -> 5
20-12-21 11:05:06 Tft: DRAV -> DY>Ok
20-12-21 11:05:08 Temp: XGS -> 0 0 1 1
20-12-21 11:05:08 Temp: XGT -> 2000 0 41
20-12-21 11:05:08 Opt: FN -> 5
20-12-21 11:05:08 Tft: DRAV -> DY>Ok
20-12-21 11:05:09 Temp: XGS -> 0 0 1 1
20-12-21 11:05:09 Temp: XGT -> 2000 0 41
20-12-21 11:05:09 Opt: FN -> 5
20-12-21 11:05:09 Tft: DRAV -> DY>Ok
20-12-21 11:05:11 Temp: XGS -> 0 0 1 1
20-12-21 11:05:11 Temp: XGT -> 2000 0 41
20-12-21 11:05:11 Opt: FN -> 5
20-12-21 11:05:11 Tft: DRAV -> DY>Ok
20-12-21 11:05:13 Temp: XGS -> 0 0 1 1
20-12-21 11:05:13 Temp: XGT -> 2000 0 41
20-12-21 11:05:13 Opt: FN -> 5
20-12-21 11:05:13 Tft: DRAV -> DY>Ok
20-12-21 11:05:15 Temp: XGS -> 0 0 1 1
20-12-21 11:05:15 Temp: XGT -> 2000 0 41
20-12-21 11:05:15 Opt: FN -> 5
20-12-21 11:05:15 Tft: DRAV -> DY>Ok
20-12-21 11:05:17 Temp: XGS -> 0 0 1 1
20-12-21 11:05:17 Temp: XGT -> 2000 0 41
20-12-21 11:05:17 Opt: FN -> 5
20-12-21 11:05:17 Tft: DRAV -> DY>Ok
20-12-21 11:05:18 Temp: XGS -> 0 0 1 1
20-12-21 11:05:19 Temp: XGT -> 2000 0 41
20-12-21 11:05:19 Opt: FN -> 5
20-12-21 11:05:19 Tft: DRAV -> DY>Ok
20-12-21 11:05:20 Temp: XGS -> 0 0 1 1
20-12-21 11:05:20 Temp: XGT -> 2000 0 41
20-12-21 11:05:20 Opt: FN -> 5
20-12-21 11:05:20 Tft: DRAV -> DY>Ok
20-12-21 11:05:22 Temp: XGS -> 0 0 1 1
20-12-21 11:05:22 Temp: XGT -> 2000 0 41
20-12-21 11:05:22 Opt: FN -> 5
20-12-21 11:05:22 Tft: DRAV -> DY>Ok
20-12-21 11:05:24 Temp: XGS -> 0 0 1 1
20-12-21 11:05:24 Temp: XGT -> 2000 0 41
20-12-21 11:05:24 Opt: FN -> 5
20-12-21 11:05:24 Tft: DRAV -> DY>Ok
20-12-21 11:05:26 Temp: XGS -> 0 0 1 1
20-12-21 11:05:26 Temp: XGT -> 2000 0 41
20-12-21 11:05:26 Opt: FN -> 5
20-12-21 11:05:26 Tft: DRAV -> DY>Ok
20-12-21 11:05:28 Temp: XGS -> 0 0 1 1
20-12-21 11:05:28 Temp: XGT -> 2000 0 41
20-12-21 11:05:28 Opt: FN -> 5
20-12-21 11:05:28 Tft: DRAV -> DY>Ok
20-12-21 11:05:29 Temp: XGS -> 0 0 1 1
20-12-21 11:05:29 Temp: XGT -> 2000 0 41
20-12-21 11:05:29 Opt: FN -> 5
20-12-21 11:05:29 Tft: DRAV -> DY>Ok
20-12-21 11:05:31 Temp: XGS -> 0 0 1 1
20-12-21 11:05:31 Temp: XGT -> 1999 0 42
20-12-21 11:05:31 Opt: FN -> 5
20-12-21 11:05:31 Tft: DRAV -> DY>Ok
20-12-21 11:05:33 Temp: XGS -> 0 0 1 1
20-12-21 11:05:33 Temp: XGT -> 1999 0 42
20-12-21 11:05:33 Opt: FN -> 5
20-12-21 11:05:33 Tft: DRAV -> DY>Ok
20-12-21 11:05:35 Temp: XGS -> 0 0 1 1
20-12-21 11:05:35 Temp: XGT -> 1999 0 42
20-12-21 11:05:35 Opt: FN -> 5
20-12-21 11:05:35 Tft: DRAV -> DY>Ok
20-12-21 11:05:37 Temp: XGS -> 0 0 1 1
20-12-21 11:05:37 Temp: XGT -> 1999 0 42
20-12-21 11:05:37 Opt: FN -> 5
20-12-21 11:05:37 Tft: DRAV -> DY>Ok
20-12-21 11:05:38 Temp: XGS -> 0 0 1 1
20-12-21 11:05:38 Temp: XGT -> 1998 0 43
20-12-21 11:05:38 Opt: FN -> 5
20-12-21 11:05:38 Tft: DRAV -> DY>Ok
20-12-21 11:05:40 Temp: XGS -> 0 0 1 1
20-12-21 11:05:40 Temp: XGT -> 1998 0 43
20-12-21 11:05:40 Opt: FN -> 5
20-12-21 11:05:40 Tft: DRAV -> DY>Ok
20-12-21 11:05:42 Temp: XGS -> 0 0 1 1
20-12-21 11:05:42 Temp: XGT -> 1998 0 43
20-12-21 11:05:42 Opt: FN -> 5
20-12-21 11:05:42 Tft: DRAV -> DY>Ok
20-12-21 11:05:44 Temp: XGS -> 0 0 1 1
20-12-21 11:05:44 Temp: XGT -> 1998 0 43
20-12-21 11:05:44 Opt: FN -> 5
20-12-21 11:05:44 Tft: DRAV -> DY>Ok
20-12-21 11:05:46 Temp: XGS -> 0 0 1 1
20-12-21 11:05:46 Temp: XGT -> 1998 0 43
20-12-21 11:05:46 Opt: FN -> 5
20-12-21 11:05:46 Tft: DRAV -> DY>Ok
20-12-21 11:05:48 Temp: XGS -> 0 0 1 1
20-12-21 11:05:48 Temp: XGT -> 2002 0 39
20-12-21 11:05:48 Opt: FN -> 5
20-12-21 11:05:48 Tft: DRAV -> DY>Ok
20-12-21 11:05:49 Temp: XGS -> 0 0 1 1
20-12-21 11:05:49 Temp: XGT -> 2006 0 35
20-12-21 11:05:49 Opt: FN -> 5
20-12-21 11:05:49 Tft: DRAV -> DY>Ok
20-12-21 11:05:51 Temp: XGS -> 0 0 1 1
20-12-21 11:05:51 Temp: XGT -> 2004 0 37
20-12-21 11:05:51 Opt: FN -> 5
20-12-21 11:05:51 Tft: DRAV -> DY>Ok
20-12-21 11:05:53 Temp: XGS -> 0 0 1 1
20-12-21 11:05:53 Temp: XGT -> 2002 0 39
20-12-21 11:05:53 Opt: FN -> 5
20-12-21 11:05:53 Tft: DRAV -> DY>Ok
20-12-21 11:05:55 Temp: XGS -> 0 0 1 1
20-12-21 11:05:55 Temp: XGT -> 2001 0 40
20-12-21 11:05:55 Opt: FN -> 5
20-12-21 11:05:55 Tft: DRAV -> DY>Ok
20-12-21 11:05:57 Temp: XGS -> 0 0 1 1
20-12-21 11:05:57 Temp: XGT -> 2000 0 41
20-12-21 11:05:57 Opt: FN -> 5
20-12-21 11:05:57 Tft: DRAV -> DY>Ok
30-12-21 09:14:14 Opt: FHW -> v3.0
30-12-21 09:14:14 Opt: FVER -> OPTICS 3.13.96 20/06/16
30-12-21 09:14:14 Temp: FVER -> AMPX 6.13 31/08/2020
30-12-21 09:14:14 Mot: FVER -> SMOT 6.11p 12/03/2013
30-12-21 09:14:14 Tft: FVER -> TFT 2.00.00 Dec 21 2021
30-12-21 09:14:14 Opt: FLCFG 0 -> 470 525
30-12-21 09:14:14 Opt: FLCFG 1 -> 532 570
30-12-21 09:14:14 Opt: FLCFG 2 -> 585 633
30-12-21 09:14:14 Opt: FLCFG 3 -> 633 675
30-12-21 09:14:14 Opt: FLCFG 4 -> 690 730
30-12-21 09:14:14 Opt: FLCFG 5 -> -1
30-12-21 09:14:14 Opt: FLCFG 6 -> -1
30-12-21 09:14:14 Opt: FLCFG 7 -> -1
30-12-21 09:14:14 Temp: DLRS 9 -> R:TY 242 B96A
30-12-21 09:14:15 Opt: FPGET 0 -> Ok
30-12-21 09:14:15 Opt: FPGET 0 -> Ok
30-12-21 09:14:15 Opt: CRDS 0 -> 0
30-12-21 09:14:15 Opt: CRDS 10 -> 0
30-12-21 09:14:15 Opt: CRDS 20 -> 0
30-12-21 09:14:15 Opt: CRDS 30 -> 0
30-12-21 09:14:15 Opt: CRDS 40 -> 0
30-12-21 09:14:15 Opt: CRDS 50 -> 0
30-12-21 09:14:15 Opt: CRDS 60 -> 0
30-12-21 09:14:15 Opt: CRDS 70 -> 0
30-12-21 09:14:15 Tft: DSAV 1 -> DY>Ok
30-12-21 09:14:15 Temp: XGP -> 0 35 3 3 0
30-12-21 09:14:15 Temp: XGB 0 -> 1 1 1
30-12-21 09:14:15 Temp: XGL 0 -> 3000 15 0 0 0 0
30-12-21 09:14:15 Temp: XGB 1 -> 10 1 1
30-12-21 09:14:15 Temp: XGL 1 -> 3000 10 100 0 0 2
30-12-21 09:14:15 Temp: XGB 2 -> 0 3 1
30-12-21 09:14:15 Temp: XGL 2 -> 2000 15 0 0 0 0
30-12-21 09:14:15 Temp: XGN -> Example
30-12-21 09:15:07 Opt: PRDS 1048 -> 0
30-12-21 09:15:07 Error! Opt: CRYC -> ???
30-12-21 09:15:07 Error! Opt: CRYC -> ???
30-12-21 09:15:08 Temp: XGS -> 0 0 1 1
30-12-21 09:15:08 Temp: XGT -> 2000 0 41
30-12-21 09:15:08 Opt: FN -> 1
30-12-21 09:15:08 Tft: DRAV -> DY>Ok
30-12-21 09:15:10 Temp: XGS -> 0 0 1 1
30-12-21 09:15:10 Temp: XGT -> 2000 0 41
30-12-21 09:15:10 Opt: FN -> 1
30-12-21 09:15:10 Tft: DRAV -> DY>Ok
30-12-21 09:15:12 Temp: XGS -> 0 0 1 1
30-12-21 09:15:12 Temp: XGT -> 2000 0 41
30-12-21 09:15:12 Opt: FN -> 1
30-12-21 09:15:12 Tft: DRAV -> DY>Ok
30-12-21 09:15:13 Temp: XGS -> 0 0 1 1
30-12-21 09:15:13 Temp: XGT -> 2000 0 41
30-12-21 09:15:13 Opt: FN -> 1
30-12-21 09:15:13 Tft: DRAV -> DY>Ok
30-12-21 09:15:15 Temp: XGS -> 0 0 1 1
30-12-21 09:15:15 Temp: XGT -> 2000 0 41
30-12-21 09:15:15 Opt: FN -> 1
30-12-21 09:15:15 Tft: DRAV -> DY>Ok
30-12-21 09:15:17 Temp: XGS -> 0 0 1 1
30-12-21 09:15:17 Temp: XGT -> 2000 0 41
30-12-21 09:15:17 Opt: FN -> 1
30-12-21 09:15:17 Tft: DRAV -> DY>Ok
30-12-21 09:15:19 Temp: XGS -> 0 0 1 1
30-12-21 09:15:19 Temp: XGT -> 2000 0 41
30-12-21 09:15:19 Opt: FN -> 1
30-12-21 09:15:19 Tft: DRAV -> DY>Ok
30-12-21 09:15:21 Temp: XGS -> 0 0 1 1
30-12-21 09:15:21 Temp: XGT -> 2000 0 41
30-12-21 09:15:21 Opt: FN -> 1
30-12-21 09:15:21 Tft: DRAV -> DY>Ok
30-12-21 09:15:22 Temp: XGS -> 0 0 1 1
30-12-21 09:15:22 Temp: XGT -> 1999 0 42
30-12-21 09:15:22 Opt: FN -> 1
30-12-21 09:15:22 Tft: DRAV -> DY>Ok
30-12-21 09:15:24 Temp: XGS -> 0 0 1 1
30-12-21 09:15:24 Temp: XGT -> 1999 0 42
30-12-21 09:15:24 Opt: FN -> 1
30-12-21 09:15:24 Tft: DRAV -> DY>Ok
30-12-21 09:15:26 Temp: XGS -> 0 0 1 1
30-12-21 09:15:26 Temp: XGT -> 1999 0 42
30-12-21 09:15:26 Opt: FN -> 1
30-12-21 09:15:26 Tft: DRAV -> DY>Ok
30-12-21 09:15:28 Temp: XGS -> 0 0 1 1
30-12-21 09:15:28 Temp: XGT -> 1999 0 42
30-12-21 09:15:28 Opt: FN -> 1
30-12-21 09:15:28 Tft: DRAV -> DY>Ok
30-12-21 09:15:30 Temp: XGS -> 0 0 1 1
30-12-21 09:15:30 Temp: XGT -> 1998 0 43
30-12-21 09:15:30 Opt: FN -> 1
30-12-21 09:15:30 Tft: DRAV -> DY>Ok
30-12-21 09:15:31 Temp: XGS -> 0 0 1 1
30-12-21 09:15:32 Temp: XGT -> 1998 0 43
30-12-21 09:15:32 Opt: FN -> 1
30-12-21 09:15:32 Tft: DRAV -> DY>Ok
30-12-21 09:15:33 Temp: XGS -> 0 0 1 1
30-12-21 09:15:33 Temp: XGT -> 1998 0 43
30-12-21 09:15:33 Opt: FN -> 1
30-12-21 09:15:33 Tft: DRAV -> DY>Ok
30-12-21 09:15:35 Temp: XGS -> 0 0 1 1
30-12-21 09:15:35 Temp: XGT -> 1998 0 43
30-12-21 09:15:35 Opt: FN -> 1
30-12-21 09:15:35 Tft: DRAV -> DY>Ok
30-12-21 09:15:37 Temp: XGS -> 0 0 1 1
30-12-21 09:15:37 Temp: XGT -> 1998 0 43
30-12-21 09:15:37 Opt: FN -> 1
30-12-21 09:15:37 Tft: DRAV -> DY>Ok
30-12-21 09:15:39 Temp: XGS -> 0 0 1 1
30-12-21 09:15:39 Temp: XGT -> 1998 0 43
30-12-21 09:15:39 Opt: FN -> 1
30-12-21 09:15:39 Tft: DRAV -> DY>Ok
30-12-21 09:15:41 Temp: XGS -> 0 0 1 1
30-12-21 09:15:41 Temp: XGT -> 1998 0 43
30-12-21 09:15:41 Opt: FN -> 1
30-12-21 09:15:41 Tft: DRAV -> DY>Ok
30-12-21 09:15:42 Temp: XGS -> 0 0 1 1
30-12-21 09:15:42 Temp: XGT -> 1999 0 42
30-12-21 09:15:42 Opt: FN -> 1
30-12-21 09:15:42 Tft: DRAV -> DY>Ok
30-12-21 09:15:44 Temp: XGS -> 0 0 1 1
30-12-21 09:15:44 Temp: XGT -> 1999 0 42
30-12-21 09:15:44 Opt: FN -> 1
30-12-21 09:15:44 Tft: DRAV -> DY>Ok
30-12-21 09:15:46 Temp: XGS -> 0 0 1 1
30-12-21 09:15:46 Temp: XGT -> 1999 0 42
30-12-21 09:15:46 Opt: FN -> 1
30-12-21 09:15:46 Tft: DRAV -> DY>Ok
30-12-21 09:15:48 Temp: XGS -> 0 0 1 1
30-12-21 09:15:48 Temp: XGT -> 1999 0 42
30-12-21 09:15:48 Opt: FN -> 1
30-12-21 09:15:48 Tft: DRAV -> DY>Ok
30-12-21 09:15:49 Opt: FSDW 1024 -> 0
30-12-21 09:15:50 Opt: FVER -> OPTICS 3.13.96 20/06/16
30-12-21 09:15:50 Temp: FVER -> AMPX 6.13 31/08/2020
30-12-21 09:15:50 Mot: FVER -> SMOT 6.11p 12/03/2013
30-12-21 09:15:50 Tft: FVER -> TFT 2.00.00 Dec 21 2021
30-12-21 09:15:50 Opt: FLCFG 0 -> 470 525
30-12-21 09:15:50 Opt: FLCFG 1 -> 532 570
30-12-21 09:15:50 Opt: FLCFG 2 -> 585 633
30-12-21 09:15:50 Opt: FLCFG 3 -> 633 675
30-12-21 09:15:50 Opt: FLCFG 4 -> 690 730
30-12-21 09:15:50 Opt: FLCFG 5 -> -1
30-12-21 09:15:50 Opt: FLCFG 6 -> -1
30-12-21 09:15:50 Opt: FLCFG 7 -> -1
30-12-21 09:15:50 Temp: DLRS 9 -> R:TY 242 B96A
30-12-21 09:15:50 Opt: FPGET 0 -> Ok
30-12-21 09:15:50 Opt: FPGET 0 -> Ok
30-12-21 09:15:50 Opt: CRDS 0 -> 0
30-12-21 09:15:50 Opt: CRDS 10 -> 0
30-12-21 09:15:50 Opt: CRDS 20 -> 0
30-12-21 09:15:51 Opt: CRDS 30 -> 0
30-12-21 09:15:51 Opt: CRDS 40 -> 0
30-12-21 09:15:51 Opt: CRDS 50 -> 0
30-12-21 09:15:51 Opt: CRDS 60 -> 0
30-12-21 09:15:51 Opt: CRDS 70 -> 0
30-12-21 09:15:51 Tft: DSAV 1 -> DY>Ok
30-12-21 09:15:51 Temp: XGP -> 0 35 3 3 0
30-12-21 09:15:51 Temp: XGB 0 -> 1 1 1
30-12-21 09:15:51 Temp: XGL 0 -> 3000 15 0 0 0 0
30-12-21 09:15:51 Temp: XGB 1 -> 10 1 1
30-12-21 09:15:51 Temp: XGL 1 -> 3000 10 100 0 0 2
30-12-21 09:15:51 Temp: XGB 2 -> 0 3 1
30-12-21 09:15:51 Temp: XGL 2 -> 2000 15 0 0 0 0
30-12-21 09:15:51 Temp: XGN -> Example
30-12-21 09:15:51 Opt: FPSAVE -> Ok
30-12-21 09:15:51 Temp: XGS -> 0 0 1 1
30-12-21 09:15:51 Temp: XGT -> 1999 0 42
30-12-21 09:15:51 Opt: FN -> 1
30-12-21 09:15:51 Tft: DRAV -> DY>Ok
30-12-21 09:15:51 Opt: PRDS 1048 -> 0
30-12-21 09:15:51 Error! Opt: CRYC -> ???
30-12-21 09:15:51 Error! Opt: CRYC -> ???
30-12-21 09:15:51 Temp: XGS -> 0 0 1 1
30-12-21 09:15:51 Temp: XGT -> 2000 0 41
30-12-21 09:15:51 Opt: FN -> 1
30-12-21 09:15:51 Tft: DRAV -> DY>Ok
30-12-21 09:15:52 Temp: RSTS -> 0000
30-12-21 09:15:52 Mot: HCLOSE -> 0
30-12-21 09:15:52 Mot: HSTS -> 1
30-12-21 09:15:53 Temp: XGS -> 0 0 1 1
30-12-21 09:15:53 Temp: XGT -> 2000 0 41
30-12-21 09:15:53 Opt: FN -> 1
30-12-21 09:15:53 Tft: DRAV -> DY>Ok
30-12-21 09:15:53 Mot: HSTS -> 1
30-12-21 09:15:55 Temp: XGS -> 0 0 1 1
30-12-21 09:15:55 Temp: XGT -> 2000 0 41
30-12-21 09:15:55 Opt: FN -> 1
30-12-21 09:15:55 Tft: DRAV -> DY>Ok
30-12-21 09:15:55 Mot: HSTS -> 1
30-12-21 09:15:57 Temp: XGS -> 0 0 1 1
30-12-21 09:15:57 Temp: XGT -> 2000 0 41
30-12-21 09:15:57 Opt: FN -> 1
30-12-21 09:15:57 Tft: DRAV -> DY>Ok
30-12-21 09:15:57 Mot: HSTS -> 1
30-12-21 09:15:59 Temp: XGS -> 0 0 1 1
30-12-21 09:15:59 Temp: XGT -> 2000 0 41
30-12-21 09:15:59 Opt: FN -> 1
30-12-21 09:15:59 Tft: DRAV -> DY>Ok
30-12-21 09:15:59 Mot: HSTS -> 1
30-12-21 09:16:00 Temp: XGS -> 0 0 1 1
30-12-21 09:16:01 Temp: XGT -> 2000 0 41
30-12-21 09:16:01 Opt: FN -> 1
30-12-21 09:16:01 Tft: DRAV -> DY>Ok
30-12-21 09:16:01 Mot: HSTS -> 1
30-12-21 09:16:02 Temp: XGS -> 0 0 1 1
30-12-21 09:16:02 Temp: XGT -> 2000 0 41
30-12-21 09:16:02 Opt: FN -> 1
30-12-21 09:16:02 Tft: DRAV -> DY>Ok
30-12-21 09:16:02 Mot: HSTS -> 0
30-12-21 09:16:02 Mot: HPOS -> 2
30-12-21 09:16:02 Temp: ST -> 0
30-12-21 09:16:02 Temp: XSP 0 -> 1
30-12-21 09:16:03 Opt: FCEXP 0 2 3247 649 -> Ok
30-12-21 09:16:03 Opt: FCEXP 1 2 3247 649 -> Ok
30-12-21 09:16:03 Opt: FCEXP 2 2 3247 649 -> Ok
30-12-21 09:16:03 Opt: FCEXP 3 2 3247 649 -> Ok
30-12-21 09:16:03 Opt: FCEXP 4 0 2273 455 -> Ok
30-12-21 09:16:03 Opt: FCEXP 5 0 0 0 -> Ok
30-12-21 09:16:03 Opt: DPIC 0 -> Ok
30-12-21 09:16:03 Opt: FPSAVE -> Ok
30-12-21 09:16:03 Temp: XPRG 0 35 0 -> 0
30-12-21 09:16:03 Temp: XLEV 8000 30 0 0 0 0 -> 0
30-12-21 09:16:03 Temp: XLEV 9400 90 0 0 0 0 -> 0
30-12-21 09:16:03 Temp: XCYC 1 -> 0
30-12-21 09:16:03 Temp: XLEV 9400 30 0 0 0 0 -> 0
30-12-21 09:16:03 Temp: XLEV 6400 15 0 0 0 1 -> 0
30-12-21 09:16:03 Temp: XCYC 5 -> 0
30-12-21 09:16:03 Temp: XLEV 9400 10 0 0 0 0 -> 0
30-12-21 09:16:03 Temp: XLEV 6400 15 0 0 0 1 -> 0
30-12-21 09:16:03 Temp: XCYC 45 -> 0
30-12-21 09:16:03 Temp: XLEV 9400 5 0 0 0 0 -> 0
30-12-21 09:16:03 Temp: XCYC 1 -> 0
30-12-21 09:16:03 Temp: XLEV 1000 10 0 0 0 0 -> 0
30-12-21 09:16:03 Temp: XHLD -> 0
30-12-21 09:16:04 Temp: XSAV DnaTech-64 -> 0
30-12-21 09:16:04 Temp: FTIM 220 -> 0
30-12-21 09:16:04 Opt: PWRS 0 -> 0
30-12-21 09:16:06 Temp: RN -> 0
30-12-21 09:16:07 Temp: XGS -> 0 0 1 1
30-12-21 09:16:07 Temp: XGT -> 2001 2000 81
30-12-21 09:16:07 Opt: FN -> 0
30-12-21 09:16:07 Tft: DRAV -> DY>Ok
30-12-21 09:16:07 Temp: XGS -> 1 1 0 1
30-12-21 09:16:07 Temp: XGT -> 2001 2000 81
30-12-21 09:16:07 Opt: FN -> 0
30-12-21 09:16:07 Temp: RDEV -> 5
30-12-21 09:16:07 Temp: TI -> 4426 0 4426
30-12-21 09:16:07 Temp: XID -> 1 0 0
30-12-21 09:16:08 Temp: XGS -> 1 1 0 1
30-12-21 09:16:08 Temp: XGT -> 2005 2005 72
30-12-21 09:16:08 Opt: FN -> 0
30-12-21 09:16:08 Temp: RDEV -> 5
30-12-21 09:16:08 Temp: TI -> 4425 1 4426
30-12-21 09:16:08 Temp: XID -> 1 0 0
30-12-21 09:16:10 Temp: XGS -> 1 1 0 1
30-12-21 09:16:10 Temp: XGT -> 2103 2104 65409
30-12-21 09:16:10 Opt: FN -> 0
30-12-21 09:16:10 Temp: RDEV -> 5
30-12-21 09:16:10 Temp: TI -> 4424 2 4426
30-12-21 09:16:10 Temp: XID -> 1 0 0
30-12-21 09:16:11 Temp: XGS -> 1 1 0 1
30-12-21 09:16:11 Temp: XGT -> 2315 2317 65494
30-12-21 09:16:11 Opt: FN -> 0
30-12-21 09:16:11 Temp: RDEV -> 5
30-12-21 09:16:11 Temp: TI -> 4422 4 4426
30-12-21 09:16:11 Temp: XID -> 1 0 0
30-12-21 09:16:13 Temp: XGS -> 1 1 0 1
30-12-21 09:16:13 Temp: XGT -> 2617 2620 119
30-12-21 09:16:13 Opt: FN -> 0
30-12-21 09:16:13 Temp: RDEV -> 5
30-12-21 09:16:13 Temp: TI -> 4420 6 4426
30-12-21 09:16:13 Temp: XID -> 1 0 0
30-12-21 09:16:15 Temp: XGS -> 1 1 0 1
30-12-21 09:16:15 Temp: XGT -> 2992 2995 65415
30-12-21 09:16:15 Opt: FN -> 0
30-12-21 09:16:15 Temp: RDEV -> 5
30-12-21 09:16:15 Temp: TI -> 4418 8 4426
30-12-21 09:16:15 Temp: XID -> 1 0 0
30-12-21 09:16:17 Temp: XGS -> 1 1 0 1
30-12-21 09:16:17 Temp: XGT -> 3422 3425 39
30-12-21 09:16:17 Opt: FN -> 0
30-12-21 09:16:17 Temp: RDEV -> 5
30-12-21 09:16:17 Temp: TI -> 4416 10 4426
30-12-21 09:16:17 Temp: XID -> 1 0 0
30-12-21 09:16:19 Temp: XGS -> 1 1 0 1
30-12-21 09:16:19 Temp: XGT -> 3896 3900 110
30-12-21 09:16:19 Opt: FN -> 0
30-12-21 09:16:19 Temp: RDEV -> 5
30-12-21 09:16:19 Temp: TI -> 4415 11 4426
30-12-21 09:16:19 Temp: XID -> 1 0 0
30-12-21 09:16:20 Temp: XGS -> 1 1 0 1
30-12-21 09:16:20 Temp: XGT -> 4406 4409 111
30-12-21 09:16:20 Opt: FN -> 0
30-12-21 09:16:20 Temp: RDEV -> 5
30-12-21 09:16:21 Temp: TI -> 4413 13 4426
30-12-21 09:16:21 Temp: XID -> 1 0 0
30-12-21 09:16:22 Temp: XGS -> 1 1 0 1
30-12-21 09:16:22 Temp: XGT -> 4942 4945 59
30-12-21 09:16:22 Opt: FN -> 0
30-12-21 09:16:22 Temp: RDEV -> 5
30-12-21 09:16:22 Temp: TI -> 4411 15 4426
30-12-21 09:16:22 Temp: XID -> 1 0 0
30-12-21 09:16:24 Temp: XGS -> 1 1 0 2
30-12-21 09:16:24 Temp: XGT -> 5500 5503 65499
30-12-21 09:16:24 Opt: FN -> 0
30-12-21 09:16:24 Temp: RDEV -> 5
30-12-21 09:16:24 Temp: TI -> 4409 17 4426
30-12-21 09:16:24 Temp: XID -> 1 0 0
30-12-21 09:16:26 Temp: XGS -> 1 1 0 3
30-12-21 09:16:26 Temp: XGT -> 6069 6071 102
30-12-21 09:16:26 Opt: FN -> 0
30-12-21 09:16:26 Temp: RDEV -> 5
30-12-21 09:16:26 Temp: TI -> 4407 19 4426
30-12-21 09:16:26 Temp: XID -> 1 0 0
30-12-21 09:16:28 Temp: XGS -> 1 1 0 3
30-12-21 09:16:28 Temp: XGT -> 6573 6574 115
30-12-21 09:16:28 Opt: FN -> 0
30-12-21 09:16:28 Temp: RDEV -> 5
30-12-21 09:16:28 Temp: TI -> 4405 21 4426
30-12-21 09:16:28 Temp: XID -> 1 0 0
30-12-21 09:16:29 Temp: XGS -> 1 1 0 3
30-12-21 09:16:30 Temp: XGT -> 6971 6971 84
30-12-21 09:16:30 Opt: FN -> 0
30-12-21 09:16:30 Temp: RDEV -> 5
30-12-21 09:16:30 Temp: TI -> 4404 22 4426
30-12-21 09:16:30 Temp: XID -> 1 0 0
30-12-21 09:16:31 Temp: XGS -> 1 1 0 4
30-12-21 09:16:31 Temp: XGT -> 7283 7282 65507
30-12-21 09:16:31 Opt: FN -> 0
30-12-21 09:16:31 Temp: RDEV -> 5
30-12-21 09:16:31 Temp: TI -> 4402 24 4426
30-12-21 09:16:31 Temp: XID -> 1 0 0
30-12-21 09:16:33 Temp: XGS -> 1 1 0 4
30-12-21 09:16:33 Temp: XGT -> 7523 7521 2
30-12-21 09:16:33 Opt: FN -> 0
30-12-21 09:16:33 Temp: RDEV -> 5
30-12-21 09:16:33 Temp: TI -> 4400 26 4426
30-12-21 09:16:33 Temp: XID -> 1 0 0
30-12-21 09:16:35 Temp: XGS -> 1 1 0 4
30-12-21 09:16:35 Temp: XGT -> 7699 7698 65439
30-12-21 09:16:35 Opt: FN -> 0
30-12-21 09:16:35 Temp: RDEV -> 5
30-12-21 09:16:35 Temp: TI -> 4398 28 4426
30-12-21 09:16:35 Temp: XID -> 1 0 0
30-12-21 09:16:37 Temp: XGS -> 1 1 0 4
30-12-21 09:16:37 Temp: XGT -> 7825 7824 65443
30-12-21 09:16:37 Opt: FN -> 0
30-12-21 09:16:37 Temp: RDEV -> 5
30-12-21 09:16:37 Temp: TI -> 4396 30 4426
30-12-21 09:16:37 Temp: XID -> 1 0 0
30-12-21 09:16:39 Temp: XGS -> 1 1 0 4
30-12-21 09:16:39 Temp: XGT -> 7912 7911 65525
30-12-21 09:16:39 Opt: FN -> 0
30-12-21 09:16:39 Temp: RDEV -> 5
30-12-21 09:16:39 Temp: TI -> 4395 31 4426
30-12-21 09:16:39 Temp: XID -> 1 0 0
30-12-21 09:16:40 Temp: XGS -> 1 1 0 4
30-12-21 09:16:40 Temp: XGT -> 7969 7967 65410
30-12-21 09:16:40 Opt: FN -> 0
30-12-21 09:16:40 Temp: RDEV -> 5
30-12-21 09:16:40 Temp: TI -> 4393 33 4426
30-12-21 09:16:40 Temp: XID -> 1 0 0
30-12-21 09:16:42 Temp: XGS -> 1 1 0 4
30-12-21 09:16:42 Temp: XGT -> 8001 8000 65
30-12-21 09:16:42 Opt: FN -> 0
30-12-21 09:16:42 Temp: RDEV -> 5
30-12-21 09:16:42 Temp: TI -> 4391 35 4426
30-12-21 09:16:42 Temp: XID -> 1 0 0
30-12-21 09:16:44 Temp: XGS -> 1 1 0 4
30-12-21 09:16:44 Temp: XGT -> 8014 8013 39
30-12-21 09:16:44 Opt: FN -> 0
30-12-21 09:16:44 Temp: RDEV -> 5
30-12-21 09:16:44 Temp: TI -> 4389 37 4426
30-12-21 09:16:44 Temp: XID -> 1 0 1
30-12-21 09:16:46 Temp: XGS -> 1 1 0 5
30-12-21 09:16:46 Temp: XGT -> 8015 8013 38
30-12-21 09:16:46 Opt: FN -> 0
30-12-21 09:16:46 Temp: RDEV -> 5
30-12-21 09:16:46 Temp: TI -> 4387 39 4426
30-12-21 09:16:46 Temp: XID -> 1 0 1
30-12-21 09:16:48 Temp: XGS -> 1 1 0 5
30-12-21 09:16:48 Temp: XGT -> 8014 8012 40
30-12-21 09:16:48 Opt: FN -> 0
30-12-21 09:16:48 Temp: RDEV -> 5
30-12-21 09:16:48 Temp: TI -> 4386 40 4426
30-12-21 09:16:48 Temp: XID -> 1 0 1
30-12-21 09:16:49 Temp: XGS -> 1 1 0 5
30-12-21 09:16:49 Temp: XGT -> 8013 8012 41
30-12-21 09:16:49 Opt: FN -> 0
30-12-21 09:16:49 Temp: RDEV -> 5
30-12-21 09:16:50 Temp: TI -> 4384 42 4426
30-12-21 09:16:50 Temp: XID -> 1 0 1
30-12-21 09:16:52 Temp: XGS -> 1 1 0 5
30-12-21 09:16:52 Temp: XGT -> 8011 8010 45
30-12-21 09:16:52 Opt: FN -> 0
30-12-21 09:16:52 Temp: RDEV -> 5
30-12-21 09:16:52 Temp: TI -> 4381 45 4426
30-12-21 09:16:52 Temp: XID -> 1 0 1
30-12-21 09:16:53 Temp: XGS -> 1 1 0 5
30-12-21 09:16:53 Temp: XGT -> 8011 8010 45
30-12-21 09:16:53 Opt: FN -> 0
30-12-21 09:16:53 Temp: RDEV -> 5
30-12-21 09:16:53 Temp: TI -> 4380 46 4426
30-12-21 09:16:53 Temp: XID -> 1 0 1
30-12-21 09:16:55 Temp: XGS -> 1 1 0 5
30-12-21 09:16:55 Temp: XGT -> 8010 8009 47
30-12-21 09:16:55 Opt: FN -> 0
30-12-21 09:16:55 Temp: RDEV -> 5
30-12-21 09:16:55 Temp: TI -> 4378 48 4426
30-12-21 09:16:55 Temp: XID -> 1 0 1
30-12-21 09:16:57 Temp: XGS -> 1 1 0 5
30-12-21 09:16:57 Temp: XGT -> 8009 8008 49
30-12-21 09:16:57 Opt: FN -> 0
30-12-21 09:16:57 Temp: RDEV -> 5
30-12-21 09:16:57 Temp: TI -> 4376 50 4426
30-12-21 09:16:57 Temp: XID -> 1 0 1
30-12-21 09:17:42 Opt: PRDS 1048 -> 0
30-12-21 09:17:42 Error! Opt: CRYC -> ???
30-12-21 09:17:42 Error! Opt: CRYC -> ???
30-12-21 09:17:43 Temp: XGS -> 1 1 0 4
30-12-21 09:17:43 Temp: XGT -> 9407 9407 58
30-12-21 09:17:43 Opt: FN -> 0
30-12-21 09:17:43 Temp: RDEV -> 5
30-12-21 09:17:43 Temp: TI -> 4330 96 4426
30-12-21 09:17:43 Temp: XID -> 1 1 1
30-12-21 09:17:45 Temp: XGS -> 1 1 0 4
30-12-21 09:17:45 Temp: XGT -> 9407 9406 59
30-12-21 09:17:45 Opt: FN -> 0
30-12-21 09:17:45 Temp: RDEV -> 5
30-12-21 09:17:45 Temp: TI -> 4329 97 4426
30-12-21 09:17:45 Temp: XID -> 1 1 1
30-12-21 09:17:46 Temp: XGS -> 1 1 0 4
30-12-21 09:17:46 Temp: XGT -> 9407 9406 59
30-12-21 09:17:46 Opt: FN -> 0
30-12-21 09:17:46 Temp: RDEV -> 5
30-12-21 09:17:46 Temp: TI -> 4327 99 4426
30-12-21 09:17:46 Temp: XID -> 1 1 1
30-12-21 09:17:48 Temp: XGS -> 1 1 0 4
30-12-21 09:17:48 Temp: XGT -> 9406 9405 61
30-12-21 09:17:48 Opt: FN -> 0
30-12-21 09:17:48 Temp: RDEV -> 5
30-12-21 09:17:48 Temp: TI -> 4325 101 4426
30-12-21 09:17:48 Temp: XID -> 1 1 1
30-12-21 09:17:50 Temp: XGS -> 1 1 0 4
30-12-21 09:17:50 Temp: XGT -> 9405 9405 62
30-12-21 09:17:50 Opt: FN -> 0
30-12-21 09:17:50 Temp: RDEV -> 5
30-12-21 09:17:50 Temp: TI -> 4323 103 4426
30-12-21 09:17:50 Temp: XID -> 1 1 1
30-12-21 09:17:52 Temp: XGS -> 1 1 0 4
30-12-21 09:17:52 Temp: XGT -> 9405 9405 62
30-12-21 09:17:52 Opt: FN -> 0
30-12-21 09:17:52 Temp: RDEV -> 5
30-12-21 09:17:52 Temp: TI -> 4321 105 4426
30-12-21 09:17:52 Temp: XID -> 1 1 1
30-12-21 09:17:54 Temp: XGS -> 1 1 0 4
30-12-21 09:17:54 Temp: XGT -> 9405 9405 62
30-12-21 09:17:54 Opt: FN -> 0
30-12-21 09:17:54 Temp: RDEV -> 5
30-12-21 09:17:54 Temp: TI -> 4320 106 4426
30-12-21 09:17:54 Temp: XID -> 1 1 1
30-12-21 09:17:55 Temp: XGS -> 1 1 0 4
30-12-21 09:17:55 Temp: XGT -> 9404 9404 64
30-12-21 09:17:55 Opt: FN -> 0
30-12-21 09:17:55 Temp: RDEV -> 5
30-12-21 09:17:55 Temp: TI -> 4318 108 4426
30-12-21 09:17:56 Temp: XID -> 1 1 1
30-12-21 09:17:57 Temp: XGS -> 1 1 0 4
30-12-21 09:17:57 Temp: XGT -> 9404 9404 64
30-12-21 09:17:57 Opt: FN -> 0
30-12-21 09:17:57 Temp: RDEV -> 5
30-12-21 09:17:57 Temp: TI -> 4316 110 4426
30-12-21 09:17:57 Temp: XID -> 1 1 1
30-12-21 09:17:59 Temp: XGS -> 1 1 0 4
30-12-21 09:17:59 Temp: XGT -> 9403 9404 65
30-12-21 09:17:59 Opt: FN -> 0
30-12-21 09:17:59 Temp: RDEV -> 5
30-12-21 09:17:59 Temp: TI -> 4314 112 4426
30-12-21 09:17:59 Temp: XID -> 1 1 1
30-12-21 09:18:01 Temp: XGS -> 1 1 0 4
30-12-21 09:18:01 Temp: XGT -> 9403 9403 66
30-12-21 09:18:01 Opt: FN -> 0
30-12-21 09:18:01 Temp: RDEV -> 5
30-12-21 09:18:01 Temp: TI -> 4312 114 4426
30-12-21 09:18:01 Temp: XID -> 1 1 1
30-12-21 09:18:03 Temp: XGS -> 1 1 0 4
30-12-21 09:18:03 Temp: XGT -> 9403 9403 66
30-12-21 09:18:03 Opt: FN -> 0
30-12-21 09:18:03 Temp: RDEV -> 5
30-12-21 09:18:03 Temp: TI -> 4311 115 4426
30-12-21 09:18:03 Temp: XID -> 1 1 1
30-12-21 09:18:04 Temp: XGS -> 1 1 0 4
30-12-21 09:18:05 Temp: XGT -> 9403 9403 66
30-12-21 09:18:05 Opt: FN -> 0
30-12-21 09:18:05 Temp: RDEV -> 5
30-12-21 09:18:05 Temp: TI -> 4309 117 4426
30-12-21 09:18:05 Temp: XID -> 1 1 1
30-12-21 09:18:06 Temp: XGS -> 1 1 0 4
30-12-21 09:18:06 Temp: XGT -> 9403 9403 66
30-12-21 09:18:06 Opt: FN -> 0
30-12-21 09:18:06 Temp: RDEV -> 5
30-12-21 09:18:06 Temp: TI -> 4307 119 4426
30-12-21 09:18:06 Temp: XID -> 1 1 1
30-12-21 09:18:08 Temp: XGS -> 1 1 0 4
30-12-21 09:18:08 Temp: XGT -> 9403 9402 67
30-12-21 09:18:08 Opt: FN -> 0
30-12-21 09:18:08 Temp: RDEV -> 5
30-12-21 09:18:08 Temp: TI -> 4305 121 4426
30-12-21 09:18:08 Temp: XID -> 1 1 1
30-12-21 09:18:08 Temp: ST -> 0
30-12-21 09:18:08 Opt: FSDW 1024 -> 0
30-12-21 09:18:09 Opt: FVER -> OPTICS 3.13.96 20/06/16
30-12-21 09:18:09 Temp: FVER -> AMPX 6.13 31/08/2020
30-12-21 09:18:09 Mot: FVER -> SMOT 6.11p 12/03/2013
30-12-21 09:18:09 Tft: FVER -> TFT 2.00.00 Dec 21 2021
30-12-21 09:18:09 Opt: FLCFG 0 -> 470 525
30-12-21 09:18:09 Opt: FLCFG 1 -> 532 570
30-12-21 09:18:09 Opt: FLCFG 2 -> 585 633
30-12-21 09:18:09 Opt: FLCFG 3 -> 633 675
30-12-21 09:18:09 Opt: FLCFG 4 -> 690 730
30-12-21 09:18:09 Opt: FLCFG 5 -> -1
30-12-21 09:18:09 Opt: FLCFG 6 -> -1
30-12-21 09:18:09 Opt: FLCFG 7 -> -1
30-12-21 09:18:09 Temp: DLRS 9 -> R:TY 242 B96A
30-12-21 09:18:09 Opt: FPGET 0 -> Ok
30-12-21 09:18:09 Opt: FPGET 0 -> Ok
30-12-21 09:18:09 Opt: CRDS 0 -> 0
30-12-21 09:18:09 Opt: CRDS 10 -> 0
30-12-21 09:18:10 Opt: CRDS 20 -> 0
30-12-21 09:18:10 Opt: CRDS 30 -> 0
30-12-21 09:18:10 Opt: CRDS 40 -> 0
30-12-21 09:18:10 Opt: CRDS 50 -> 0
30-12-21 09:18:10 Opt: CRDS 60 -> 0
30-12-21 09:18:10 Opt: CRDS 70 -> 0
30-12-21 09:18:10 Tft: DSAV 1 -> DY>Ok
30-12-21 09:18:10 Temp: XGP -> 0 35 5 8 0
30-12-21 09:18:10 Temp: XGB 0 -> 1 1 2
30-12-21 09:18:10 Temp: XGL 0 -> 8000 30 0 0 0 0
30-12-21 09:18:10 Temp: XGL 1 -> 9400 90 0 0 0 0
30-12-21 09:18:10 Temp: XGB 1 -> 5 1 2
30-12-21 09:18:10 Temp: XGL 2 -> 9400 30 0 0 0 0
30-12-21 09:18:10 Temp: XGL 3 -> 6400 15 0 0 0 1
30-12-21 09:18:10 Temp: XGB 2 -> 45 1 2
30-12-21 09:18:10 Temp: XGL 4 -> 9400 10 0 0 0 0
30-12-21 09:18:10 Temp: XGL 5 -> 6400 15 0 0 0 1
30-12-21 09:18:10 Temp: XGB 3 -> 1 1 1
30-12-21 09:18:10 Temp: XGL 6 -> 9400 5 0 0 0 0
30-12-21 09:18:10 Temp: XGB 4 -> 0 3 1
30-12-21 09:18:10 Temp: XGL 7 -> 1000 10 0 0 0 0
30-12-21 09:18:10 Temp: XGN -> DnaTech-64
30-12-21 09:18:10 Opt: FPSAVE -> Ok
30-12-21 09:18:10 Temp: XGS -> 0 0 1 1
30-12-21 09:18:10 Temp: XGT -> 9400 9400 72
30-12-21 09:18:10 Opt: FN -> 0
30-12-21 09:18:10 Tft: DRAV -> DY>Ok
30-12-21 09:18:10 Opt: PRDS 1048 -> 0
30-12-21 09:18:10 Error! Opt: CRYC -> ???
30-12-21 09:18:10 Error! Opt: CRYC -> ???
30-12-21 09:18:12 Temp: XGS -> 0 0 1 1
30-12-21 09:18:12 Temp: XGT -> 9392 9392 88
30-12-21 09:18:12 Opt: FN -> 0
30-12-21 09:18:12 Tft: DRAV -> DY>Ok
30-12-21 09:18:14 Temp: XGS -> 0 0 1 1
30-12-21 09:18:14 Temp: XGT -> 9375 9375 122
30-12-21 09:18:14 Opt: FN -> 0
30-12-21 09:18:14 Tft: DRAV -> DY>Ok
30-12-21 09:18:15 Temp: XGS -> 0 0 1 1
30-12-21 09:18:15 Temp: XGT -> 9351 9351 65450
30-12-21 09:18:15 Opt: FN -> 0
30-12-21 09:18:15 Tft: DRAV -> DY>Ok
30-12-21 09:18:17 Temp: XGS -> 0 0 1 1
30-12-21 09:18:17 Temp: XGT -> 9323 9323 65506
30-12-21 09:18:17 Opt: FN -> 0
30-12-21 09:18:17 Tft: DRAV -> DY>Ok
30-12-21 09:18:19 Temp: XGS -> 0 0 1 1
30-12-21 09:18:19 Temp: XGT -> 9291 9291 34
30-12-21 09:18:19 Opt: FN -> 0
30-12-21 09:18:19 Tft: DRAV -> DY>Ok
30-12-21 09:18:21 Temp: XGS -> 0 0 1 1
30-12-21 09:18:21 Temp: XGT -> 9257 9257 102
30-12-21 09:18:21 Opt: FN -> 0
30-12-21 09:18:21 Tft: DRAV -> DY>Ok
30-12-21 09:18:23 Temp: XGS -> 0 0 1 1
30-12-21 09:18:23 Temp: XGT -> 9218 9218 65460
30-12-21 09:18:23 Opt: FN -> 0
30-12-21 09:18:23 Tft: DRAV -> DY>Ok
30-12-21 09:18:24 Temp: XGS -> 0 0 1 1
30-12-21 09:18:24 Temp: XGT -> 9181 9180 1
30-12-21 09:18:24 Opt: FN -> 0
30-12-21 09:18:24 Tft: DRAV -> DY>Ok
30-12-21 09:18:26 Temp: XGS -> 0 0 1 1
30-12-21 09:18:26 Temp: XGT -> 9140 9140 82
30-12-21 09:18:26 Opt: FN -> 0
30-12-21 09:18:26 Tft: DRAV -> DY>Ok
30-12-21 09:18:28 Temp: XGS -> 0 0 1 1
30-12-21 09:18:28 Temp: XGT -> 9099 9099 65444
30-12-21 09:18:28 Opt: FN -> 0
30-12-21 09:18:28 Tft: DRAV -> DY>Ok
30-12-21 09:18:30 Temp: XGS -> 0 0 1 1
30-12-21 09:18:30 Temp: XGT -> 9056 9056 65530
30-12-21 09:18:30 Opt: FN -> 0
30-12-21 09:18:30 Tft: DRAV -> DY>Ok
30-12-21 09:18:32 Temp: XGS -> 0 0 1 1
30-12-21 09:18:32 Temp: XGT -> 9013 9013 80
30-12-21 09:18:32 Opt: FN -> 0
30-12-21 09:18:32 Tft: DRAV -> DY>Ok
30-12-21 09:18:33 Temp: XGS -> 0 0 1 1
30-12-21 09:18:33 Temp: XGT -> 8970 8969 65447
30-12-21 09:18:34 Opt: FN -> 0
30-12-21 09:18:34 Tft: DRAV -> DY>Ok
30-12-21 09:18:35 Temp: XGS -> 0 0 1 1
30-12-21 09:18:35 Temp: XGT -> 8926 8926 0
30-12-21 09:18:35 Opt: FN -> 0
30-12-21 09:18:35 Tft: DRAV -> DY>Ok
30-12-21 09:18:37 Temp: XGS -> 0 0 1 1
30-12-21 09:18:37 Temp: XGT -> 8882 8882 88
30-12-21 09:18:37 Opt: FN -> 0
30-12-21 09:18:37 Tft: DRAV -> DY>Ok
30-12-21 09:18:39 Temp: XGS -> 0 0 1 1
30-12-21 09:18:39 Temp: XGT -> 8837 8837 65458
30-12-21 09:18:39 Opt: FN -> 0
30-12-21 09:18:39 Tft: DRAV -> DY>Ok
30-12-21 09:18:41 Temp: XGS -> 0 0 1 1
30-12-21 09:18:41 Temp: XGT -> 8792 8792 12
30-12-21 09:18:41 Opt: FN -> 0
30-12-21 09:18:41 Tft: DRAV -> DY>Ok
30-12-21 09:18:43 Temp: XGS -> 0 0 1 1
30-12-21 09:18:43 Temp: XGT -> 8748 8748 100
30-12-21 09:18:43 Opt: FN -> 0
30-12-21 09:18:43 Tft: DRAV -> DY>Ok
30-12-21 09:18:44 Temp: XGS -> 0 0 1 1
30-12-21 09:18:44 Temp: XGT -> 8702 8702 65474
30-12-21 09:18:44 Opt: FN -> 0
30-12-21 09:18:44 Tft: DRAV -> DY>Ok
30-12-21 09:18:46 Temp: XGS -> 0 0 1 1
30-12-21 09:18:46 Temp: XGT -> 8657 8657 28
30-12-21 09:18:46 Opt: FN -> 0
30-12-21 09:18:46 Tft: DRAV -> DY>Ok
30-12-21 09:18:48 Temp: XGS -> 0 0 1 1
30-12-21 09:18:48 Temp: XGT -> 8612 8612 118
30-12-21 09:18:48 Opt: FN -> 0
30-12-21 09:18:48 Tft: DRAV -> DY>Ok
30-12-21 09:18:50 Temp: XGS -> 0 0 1 1
30-12-21 09:18:50 Temp: XGT -> 8566 8567 65489
30-12-21 09:18:50 Opt: FN -> 0
30-12-21 09:18:50 Tft: DRAV -> DY>Ok
30-12-21 09:18:52 Temp: XGS -> 0 0 1 1
30-12-21 09:18:52 Temp: XGT -> 8521 8521 44
30-12-21 09:18:52 Opt: FN -> 0
30-12-21 09:18:52 Tft: DRAV -> DY>Ok
30-12-21 09:18:53 Temp: XGS -> 0 0 1 1
30-12-21 09:18:53 Temp: XGT -> 8476 8476 65414
30-12-21 09:18:53 Opt: FN -> 0
30-12-21 09:18:53 Tft: DRAV -> DY>Ok
30-12-21 09:18:55 Temp: XGS -> 0 0 1 1
30-12-21 09:18:55 Temp: XGT -> 8430 8430 65508
30-12-21 09:18:55 Opt: FN -> 0
30-12-21 09:18:55 Tft: DRAV -> DY>Ok
30-12-21 09:18:57 Temp: XGS -> 0 0 1 1
30-12-21 09:18:57 Temp: XGT -> 8385 8385 62
30-12-21 09:18:57 Opt: FN -> 0
30-12-21 09:18:57 Tft: DRAV -> DY>Ok
30-12-21 09:18:59 Temp: XGS -> 0 0 1 1
30-12-21 09:18:59 Temp: XGT -> 8339 8339 65434
30-12-21 09:18:59 Opt: FN -> 0
30-12-21 09:18:59 Tft: DRAV -> DY>Ok
30-12-21 09:19:01 Temp: XGS -> 0 0 1 1
30-12-21 09:19:01 Temp: XGT -> 8294 8294 65524
30-12-21 09:19:01 Opt: FN -> 0
30-12-21 09:19:01 Tft: DRAV -> DY>Ok
30-12-21 09:19:02 Temp: XGS -> 0 0 1 1
30-12-21 09:19:02 Temp: XGT -> 8248 8248 80
30-12-21 09:19:03 Opt: FN -> 0
30-12-21 09:19:03 Tft: DRAV -> DY>Ok
30-12-21 09:19:04 Temp: XGS -> 0 0 1 1
30-12-21 09:19:04 Temp: XGT -> 8203 8203 65450
30-12-21 09:19:04 Opt: FN -> 0
30-12-21 09:19:04 Tft: DRAV -> DY>Ok
30-12-21 09:19:06 Temp: XGS -> 0 0 1 1
30-12-21 09:19:06 Temp: XGT -> 8158 8158 6
30-12-21 09:19:06 Opt: FN -> 0
30-12-21 09:19:06 Tft: DRAV -> DY>Ok
30-12-21 09:19:08 Temp: XGS -> 0 0 1 1
30-12-21 09:19:08 Temp: XGT -> 8112 8112 98
30-12-21 09:19:08 Opt: FN -> 0
30-12-21 09:19:08 Tft: DRAV -> DY>Ok
30-12-21 09:19:10 Temp: XGS -> 0 0 1 1
30-12-21 09:19:10 Temp: XGT -> 8067 8067 65468
30-12-21 09:19:10 Opt: FN -> 0
30-12-21 09:19:10 Tft: DRAV -> DY>Ok
30-12-21 09:19:12 Temp: XGS -> 0 0 1 1
30-12-21 09:19:12 Temp: XGT -> 8021 8021 24
30-12-21 09:19:12 Opt: FN -> 0
30-12-21 09:19:12 Tft: DRAV -> DY>Ok
30-12-21 09:19:13 Temp: XGS -> 0 0 1 1
30-12-21 09:19:13 Temp: XGT -> 7976 7976 114
30-12-21 09:19:13 Opt: FN -> 0
30-12-21 09:19:13 Tft: DRAV -> DY>Ok
30-12-21 09:19:15 Temp: XGS -> 0 0 1 1
30-12-21 09:19:15 Temp: XGT -> 7930 7930 65488
30-12-21 09:19:15 Opt: FN -> 0
30-12-21 09:19:15 Tft: DRAV -> DY>Ok
30-12-21 09:19:17 Temp: XGS -> 0 0 1 1
30-12-21 09:19:17 Temp: XGT -> 7885 7885 42
30-12-21 09:19:17 Opt: FN -> 0
30-12-21 09:19:17 Tft: DRAV -> DY>Ok
30-12-21 09:19:19 Temp: XGS -> 0 0 1 1
30-12-21 09:19:19 Temp: XGT -> 7839 7839 65414
30-12-21 09:19:19 Opt: FN -> 0
30-12-21 09:19:19 Tft: DRAV -> DY>Ok
30-12-21 09:19:21 Temp: XGS -> 0 0 1 1
30-12-21 09:19:21 Temp: XGT -> 7793 7793 65506
30-12-21 09:19:21 Opt: FN -> 0
30-12-21 09:19:21 Tft: DRAV -> DY>Ok
30-12-21 09:19:22 Temp: XGS -> 0 0 1 1
30-12-21 09:19:22 Temp: XGT -> 7748 7748 60
30-12-21 09:19:22 Opt: FN -> 0
30-12-21 09:19:22 Tft: DRAV -> DY>Ok
30-12-21 09:19:24 Temp: XGS -> 0 0 1 1
30-12-21 09:19:24 Temp: XGT -> 7702 7702 65432
30-12-21 09:19:24 Opt: FN -> 0
30-12-21 09:19:24 Tft: DRAV -> DY>Ok
30-12-21 09:19:26 Temp: XGS -> 0 0 1 1
30-12-21 09:19:26 Temp: XGT -> 7657 7657 65524
30-12-21 09:19:26 Opt: FN -> 0
30-12-21 09:19:26 Tft: DRAV -> DY>Ok
30-12-21 09:19:28 Temp: XGS -> 0 0 1 1
30-12-21 09:19:28 Temp: XGT -> 7611 7611 80
30-12-21 09:19:28 Opt: FN -> 0
30-12-21 09:19:28 Tft: DRAV -> DY>Ok
30-12-21 09:19:30 Temp: XGS -> 0 0 1 1
30-12-21 09:19:30 Temp: XGT -> 7566 7565 65451
30-12-21 09:19:30 Opt: FN -> 0
30-12-21 09:19:30 Tft: DRAV -> DY>Ok
30-12-21 09:19:31 Temp: XGS -> 0 0 1 1
30-12-21 09:19:32 Temp: XGT -> 7520 7520 6
30-12-21 09:19:32 Opt: FN -> 0
30-12-21 09:19:32 Tft: DRAV -> DY>Ok
30-12-21 09:19:33 Temp: XGS -> 0 0 1 1
30-12-21 09:19:33 Temp: XGT -> 7475 7475 96
30-12-21 09:19:33 Opt: FN -> 0
30-12-21 09:19:33 Tft: DRAV -> DY>Ok
30-12-21 09:19:35 Temp: XGS -> 0 0 1 1
30-12-21 09:19:35 Temp: XGT -> 7429 7429 65468
30-12-21 09:19:35 Opt: FN -> 0
30-12-21 09:19:35 Tft: DRAV -> DY>Ok
30-12-21 09:19:37 Temp: XGS -> 0 0 1 1
30-12-21 09:19:37 Temp: XGT -> 7384 7384 24
30-12-21 09:19:37 Opt: FN -> 0
30-12-21 09:19:37 Tft: DRAV -> DY>Ok
30-12-21 09:19:39 Temp: XGS -> 0 0 1 1
30-12-21 09:19:39 Temp: XGT -> 7339 7339 114
30-12-21 09:19:39 Opt: FN -> 0
30-12-21 09:19:39 Tft: DRAV -> DY>Ok
30-12-21 09:19:41 Temp: XGS -> 0 0 1 1
30-12-21 09:19:41 Temp: XGT -> 7294 7294 65484
30-12-21 09:19:41 Opt: FN -> 0
30-12-21 09:19:41 Tft: DRAV -> DY>Ok
30-12-21 09:19:42 Temp: XGS -> 0 0 1 1
30-12-21 09:19:42 Temp: XGT -> 7248 7248 40
30-12-21 09:19:42 Opt: FN -> 0
30-12-21 09:19:42 Tft: DRAV -> DY>Ok
30-12-21 09:19:44 Temp: XGS -> 0 0 1 1
30-12-21 09:19:44 Temp: XGT -> 7203 7203 65410
30-12-21 09:19:44 Opt: FN -> 0
30-12-21 09:19:44 Tft: DRAV -> DY>Ok
30-12-21 09:19:46 Temp: XGS -> 0 0 1 1
30-12-21 09:19:46 Temp: XGT -> 7158 7158 65502
30-12-21 09:19:46 Opt: FN -> 0
30-12-21 09:19:46 Tft: DRAV -> DY>Ok
30-12-21 09:19:48 Temp: XGS -> 0 0 1 1
30-12-21 09:19:48 Temp: XGT -> 7113 7113 56
30-12-21 09:19:48 Opt: FN -> 0
30-12-21 09:19:48 Tft: DRAV -> DY>Ok
30-12-21 09:19:50 Temp: XGS -> 0 0 1 1
30-12-21 09:19:50 Temp: XGT -> 7067 7067 65428
30-12-21 09:19:50 Opt: FN -> 0
30-12-21 09:19:50 Tft: DRAV -> DY>Ok
30-12-21 09:19:51 Temp: XGS -> 0 0 1 1
30-12-21 09:19:51 Temp: XGT -> 7022 7023 65517
30-12-21 09:19:51 Opt: FN -> 0
30-12-21 09:19:51 Tft: DRAV -> DY>Ok
30-12-21 09:19:53 Temp: XGS -> 0 0 1 1
30-12-21 09:19:53 Temp: XGT -> 6977 6977 72
30-12-21 09:19:53 Opt: FN -> 0
30-12-21 09:19:53 Tft: DRAV -> DY>Ok
30-12-21 09:19:55 Temp: XGS -> 0 0 1 1
30-12-21 09:19:55 Temp: XGT -> 6932 6932 65442
30-12-21 09:19:55 Opt: FN -> 0
30-12-21 09:19:55 Tft: DRAV -> DY>Ok
30-12-21 09:19:57 Temp: XGS -> 0 0 1 1
30-12-21 09:19:57 Temp: XGT -> 6887 6887 65534
30-12-21 09:19:57 Opt: FN -> 0
30-12-21 09:19:57 Tft: DRAV -> DY>Ok
30-12-21 09:19:59 Temp: XGS -> 0 0 1 1
30-12-21 09:19:59 Temp: XGT -> 6842 6841 89
30-12-21 09:19:59 Opt: FN -> 0
30-12-21 09:19:59 Tft: DRAV -> DY>Ok
30-12-21 09:20:00 Temp: XGS -> 0 0 1 1
30-12-21 09:20:00 Temp: XGT -> 6796 6796 65460
30-12-21 09:20:01 Opt: FN -> 0
30-12-21 09:20:01 Tft: DRAV -> DY>Ok
30-12-21 09:20:02 Temp: XGS -> 0 0 1 1
30-12-21 09:20:02 Temp: XGT -> 6751 6751 14
30-12-21 09:20:02 Opt: FN -> 0
30-12-21 09:20:02 Tft: DRAV -> DY>Ok
30-12-21 09:20:04 Temp: XGS -> 0 0 1 1
30-12-21 09:20:04 Temp: XGT -> 6706 6706 104
30-12-21 09:20:04 Opt: FN -> 0
30-12-21 09:20:04 Tft: DRAV -> DY>Ok
30-12-21 09:20:06 Temp: XGS -> 0 0 1 1
30-12-21 09:20:06 Temp: XGT -> 6661 6661 65474
30-12-21 09:20:06 Opt: FN -> 0
30-12-21 09:20:06 Tft: DRAV -> DY>Ok
30-12-21 09:20:08 Temp: XGS -> 0 0 1 1
30-12-21 09:20:08 Temp: XGT -> 6616 6616 30
30-12-21 09:20:08 Opt: FN -> 0
30-12-21 09:20:08 Tft: DRAV -> DY>Ok
30-12-21 09:20:10 Temp: XGS -> 0 0 1 1
30-12-21 09:20:10 Temp: XGT -> 6571 6571 120
30-12-21 09:20:10 Opt: FN -> 0
30-12-21 09:20:10 Tft: DRAV -> DY>Ok
30-12-21 09:20:11 Temp: XGS -> 0 0 1 1
30-12-21 09:20:11 Temp: XGT -> 6525 6525 65492
30-12-21 09:20:11 Opt: FN -> 0
30-12-21 09:20:11 Tft: DRAV -> DY>Ok
30-12-21 09:20:13 Temp: XGS -> 0 0 1 1
30-12-21 09:20:13 Temp: XGT -> 6480 6480 46
30-12-21 09:20:13 Opt: FN -> 0
30-12-21 09:20:13 Tft: DRAV -> DY>Ok
30-12-21 09:20:15 Temp: XGS -> 0 0 1 1
30-12-21 09:20:15 Temp: XGT -> 6435 6435 65416
30-12-21 09:20:15 Opt: FN -> 0
30-12-21 09:20:15 Tft: DRAV -> DY>Ok
30-12-21 09:20:17 Temp: XGS -> 0 0 1 1
30-12-21 09:20:17 Temp: XGT -> 6390 6389 65509
30-12-21 09:20:17 Opt: FN -> 0
30-12-21 09:20:17 Tft: DRAV -> DY>Ok
30-12-21 09:40:49 Opt: FHW -> v3.0
30-12-21 09:40:49 Opt: FVER -> OPTICS 3.13.96 20/06/16
30-12-21 09:40:49 Temp: FVER -> AMPX 6.13 31/08/2020
30-12-21 09:40:49 Mot: FVER -> SMOT 6.11p 12/03/2013
30-12-21 09:40:49 Tft: FVER -> TFT 2.00.00 Dec 21 2021
30-12-21 09:40:49 Opt: FLCFG 0 -> 470 525
30-12-21 09:40:49 Opt: FLCFG 1 -> 532 570
30-12-21 09:40:49 Opt: FLCFG 2 -> 585 633
30-12-21 09:40:49 Opt: FLCFG 3 -> 633 675
30-12-21 09:40:49 Opt: FLCFG 4 -> 690 730
30-12-21 09:40:49 Opt: FLCFG 5 -> -1
30-12-21 09:40:49 Opt: FLCFG 6 -> -1
30-12-21 09:40:49 Opt: FLCFG 7 -> -1
30-12-21 09:40:49 Temp: DLRS 9 -> R:TY 242 B96A
30-12-21 09:40:49 Opt: FPGET 0 -> Ok
30-12-21 09:40:50 Opt: FPGET 0 -> Ok
30-12-21 09:40:50 Opt: CRDS 0 -> 0
30-12-21 09:40:50 Opt: CRDS 10 -> 0
30-12-21 09:40:50 Opt: CRDS 20 -> 0
30-12-21 09:40:50 Opt: CRDS 30 -> 0
30-12-21 09:40:50 Opt: CRDS 40 -> 0
30-12-21 09:40:50 Opt: CRDS 50 -> 0
30-12-21 09:40:50 Opt: CRDS 60 -> 0
30-12-21 09:40:50 Opt: CRDS 70 -> 0
30-12-21 09:40:50 Tft: DSAV 1 -> DY>Ok
30-12-21 09:40:50 Temp: XGP -> 0 35 5 8 0
30-12-21 09:40:50 Temp: XGB 0 -> 1 1 2
30-12-21 09:40:50 Temp: XGL 0 -> 8000 30 0 0 0 0
30-12-21 09:40:50 Temp: XGL 1 -> 9400 90 0 0 0 0
30-12-21 09:40:50 Temp: XGB 1 -> 5 1 2
30-12-21 09:40:50 Temp: XGL 2 -> 9400 30 0 0 0 0
30-12-21 09:40:50 Temp: XGL 3 -> 6400 15 0 0 0 1
30-12-21 09:40:50 Temp: XGB 2 -> 45 1 2
30-12-21 09:40:50 Temp: XGL 4 -> 9400 10 0 0 0 0
30-12-21 09:40:50 Temp: XGL 5 -> 6400 15 0 0 0 1
30-12-21 09:40:50 Temp: XGB 3 -> 1 1 1
30-12-21 09:40:50 Temp: XGL 6 -> 9400 5 0 0 0 0
30-12-21 09:40:50 Temp: XGB 4 -> 0 3 1
30-12-21 09:40:50 Temp: XGL 7 -> 1000 10 0 0 0 0
30-12-21 09:40:50 Temp: XGN -> DnaTech-64
30-12-21 09:44:50 Opt: PRDS 1048 -> 0
30-12-21 09:44:50 Error! Opt: CRYC -> ???
30-12-21 09:44:50 Error! Opt: CRYC -> ???
30-12-21 09:44:51 Temp: XGS -> 0 0 1 1
30-12-21 09:44:51 Temp: XGT -> 2000 2000 82
30-12-21 09:44:51 Opt: FN -> 0
30-12-21 09:44:51 Tft: DRAV -> DY>Ok
30-12-21 09:44:53 Temp: XGS -> 0 0 1 1
30-12-21 09:44:53 Temp: XGT -> 2000 2000 82
30-12-21 09:44:53 Opt: FN -> 0
30-12-21 09:44:53 Tft: DRAV -> DY>Ok
30-12-21 09:44:55 Temp: XGS -> 0 0 1 1
30-12-21 09:44:55 Temp: XGT -> 2000 2000 82
30-12-21 09:44:55 Opt: FN -> 0
30-12-21 09:44:55 Tft: DRAV -> DY>Ok
30-12-21 09:44:56 Temp: XGS -> 0 0 1 1
30-12-21 09:44:56 Temp: XGT -> 2000 2000 82
30-12-21 09:44:57 Opt: FN -> 0
30-12-21 09:44:57 Tft: DRAV -> DY>Ok
30-12-21 09:44:58 Temp: XGS -> 0 0 1 1
30-12-21 09:44:58 Temp: XGT -> 2000 2000 82
30-12-21 09:44:58 Opt: FN -> 0
30-12-21 09:44:58 Tft: DRAV -> DY>Ok
30-12-21 09:45:00 Temp: XGS -> 0 0 1 1
30-12-21 09:45:00 Temp: XGT -> 2000 2000 82
30-12-21 09:45:00 Opt: FN -> 0
30-12-21 09:45:00 Tft: DRAV -> DY>Ok
30-12-21 09:45:02 Temp: XGS -> 0 0 1 1
30-12-21 09:45:02 Temp: XGT -> 2000 2000 82
30-12-21 09:45:02 Opt: FN -> 0
30-12-21 09:45:02 Tft: DRAV -> DY>Ok
30-12-21 09:45:04 Temp: XGS -> 0 0 1 1
30-12-21 09:45:04 Temp: XGT -> 2000 2000 82
30-12-21 09:45:04 Opt: FN -> 0
30-12-21 09:45:04 Tft: DRAV -> DY>Ok
30-12-21 09:45:06 Temp: XGS -> 0 0 1 1
30-12-21 09:45:06 Temp: XGT -> 2000 2000 82
30-12-21 09:45:06 Opt: FN -> 0
30-12-21 09:45:06 Tft: DRAV -> DY>Ok
30-12-21 09:45:07 Temp: XGS -> 0 0 1 1
30-12-21 09:45:07 Temp: XGT -> 2000 2000 82
30-12-21 09:45:07 Opt: FN -> 0
30-12-21 09:45:07 Tft: DRAV -> DY>Ok
30-12-21 09:45:09 Temp: XGS -> 0 0 1 1
30-12-21 09:45:09 Temp: XGT -> 2000 2000 82
30-12-21 09:45:09 Opt: FN -> 0
30-12-21 09:45:09 Tft: DRAV -> DY>Ok
30-12-21 09:45:11 Temp: XGS -> 0 0 1 1
30-12-21 09:45:11 Temp: XGT -> 2000 2000 82
30-12-21 09:45:11 Opt: FN -> 0
30-12-21 09:45:11 Tft: DRAV -> DY>Ok
30-12-21 09:45:13 Temp: XGS -> 0 0 1 1
30-12-21 09:45:13 Temp: XGT -> 1999 1999 84
30-12-21 09:45:13 Opt: FN -> 0
30-12-21 09:45:13 Tft: DRAV -> DY>Ok
30-12-21 09:45:15 Temp: XGS -> 0 0 1 1
30-12-21 09:45:15 Temp: XGT -> 1999 1999 84
30-12-21 09:45:15 Opt: FN -> 0
30-12-21 09:45:15 Tft: DRAV -> DY>Ok
30-12-21 09:45:16 Temp: XGS -> 0 0 1 1
30-12-21 09:45:16 Temp: XGT -> 1999 1999 84
30-12-21 09:45:16 Opt: FN -> 0
30-12-21 09:45:16 Tft: DRAV -> DY>Ok
30-12-21 09:45:18 Temp: XGS -> 0 0 1 1
30-12-21 09:45:18 Temp: XGT -> 1998 1999 85
30-12-21 09:45:18 Opt: FN -> 0
30-12-21 09:45:18 Tft: DRAV -> DY>Ok
30-12-21 09:45:20 Temp: XGS -> 0 0 1 1
30-12-21 09:45:20 Temp: XGT -> 1998 1998 86
30-12-21 09:45:20 Opt: FN -> 0
30-12-21 09:45:20 Tft: DRAV -> DY>Ok
30-12-21 09:45:22 Temp: XGS -> 0 0 1 1
30-12-21 09:45:22 Temp: XGT -> 1998 1998 86
30-12-21 09:45:22 Opt: FN -> 0
30-12-21 09:45:22 Tft: DRAV -> DY>Ok
30-12-21 09:45:24 Temp: XGS -> 0 0 1 1
30-12-21 09:45:24 Temp: XGT -> 1998 1998 86
30-12-21 09:45:24 Opt: FN -> 0
30-12-21 09:45:24 Tft: DRAV -> DY>Ok
30-12-21 09:45:25 Temp: XGS -> 0 0 1 1
30-12-21 09:45:25 Temp: XGT -> 1998 1998 86
30-12-21 09:45:26 Opt: FN -> 0
30-12-21 09:45:26 Tft: DRAV -> DY>Ok
30-12-21 09:45:27 Temp: XGS -> 0 0 1 1
30-12-21 09:45:27 Temp: XGT -> 1998 1999 85
30-12-21 09:45:27 Opt: FN -> 0
30-12-21 09:45:27 Tft: DRAV -> DY>Ok
30-12-21 09:45:29 Temp: XGS -> 0 0 1 1
30-12-21 09:45:29 Temp: XGT -> 1998 1999 85
30-12-21 09:45:29 Opt: FN -> 0
30-12-21 09:45:29 Tft: DRAV -> DY>Ok
30-12-21 09:45:31 Temp: XGS -> 0 0 1 1
30-12-21 09:45:31 Temp: XGT -> 1999 1999 84
30-12-21 09:45:31 Opt: FN -> 0
30-12-21 09:45:31 Tft: DRAV -> DY>Ok
30-12-21 09:45:33 Temp: XGS -> 0 0 1 1
30-12-21 09:45:33 Temp: XGT -> 1999 1999 84
30-12-21 09:45:33 Opt: FN -> 0
30-12-21 09:45:33 Tft: DRAV -> DY>Ok
30-12-21 09:45:35 Temp: XGS -> 0 0 1 1
30-12-21 09:45:35 Temp: XGT -> 1999 1999 84
30-12-21 09:45:35 Opt: FN -> 0
30-12-21 09:45:35 Tft: DRAV -> DY>Ok
30-12-21 09:45:36 Temp: XGS -> 0 0 1 1
30-12-21 09:45:36 Temp: XGT -> 1999 1999 84
30-12-21 09:45:36 Opt: FN -> 0
30-12-21 09:45:36 Tft: DRAV -> DY>Ok
30-12-21 09:45:38 Temp: XGS -> 0 0 1 1
30-12-21 09:45:38 Temp: XGT -> 1999 1999 84
30-12-21 09:45:38 Opt: FN -> 0
30-12-21 09:45:38 Tft: DRAV -> DY>Ok
30-12-21 09:46:27 Opt: FHW -> v3.0
30-12-21 09:46:27 Opt: FVER -> OPTICS 3.13.96 20/06/16
30-12-21 09:46:27 Temp: FVER -> AMPX 6.13 31/08/2020
30-12-21 09:46:27 Mot: FVER -> SMOT 6.11p 12/03/2013
30-12-21 09:46:27 Tft: FVER -> TFT 2.00.00 Dec 21 2021
30-12-21 09:46:27 Opt: FLCFG 0 -> 470 525
30-12-21 09:46:27 Opt: FLCFG 1 -> 532 570
30-12-21 09:46:27 Opt: FLCFG 2 -> 585 633
30-12-21 09:46:27 Opt: FLCFG 3 -> 633 675
30-12-21 09:46:27 Opt: FLCFG 4 -> 690 730
30-12-21 09:46:27 Opt: FLCFG 5 -> -1
30-12-21 09:46:27 Opt: FLCFG 6 -> -1
30-12-21 09:46:28 Opt: FLCFG 7 -> -1
30-12-21 09:46:28 Temp: DLRS 9 -> R:TY 242 B96A
30-12-21 09:46:28 Opt: FPGET 0 -> Ok
30-12-21 09:46:28 Opt: FPGET 0 -> Ok
30-12-21 09:46:28 Opt: CRDS 0 -> 0
30-12-21 09:46:28 Opt: CRDS 10 -> 0
30-12-21 09:46:28 Opt: CRDS 20 -> 0
30-12-21 09:46:28 Opt: CRDS 30 -> 0
30-12-21 09:46:28 Opt: CRDS 40 -> 0
30-12-21 09:46:28 Opt: CRDS 50 -> 0
30-12-21 09:46:28 Opt: CRDS 60 -> 0
30-12-21 09:46:28 Opt: CRDS 70 -> 0
30-12-21 09:46:28 Tft: DSAV 1 -> DY>Ok
30-12-21 09:46:28 Temp: XGP -> 0 35 5 8 0
30-12-21 09:46:28 Temp: XGB 0 -> 1 1 2
30-12-21 09:46:28 Temp: XGL 0 -> 8000 30 0 0 0 0
30-12-21 09:46:28 Temp: XGL 1 -> 9400 90 0 0 0 0
30-12-21 09:46:28 Temp: XGB 1 -> 5 1 2
30-12-21 09:46:28 Temp: XGL 2 -> 9400 30 0 0 0 0
30-12-21 09:46:28 Temp: XGL 3 -> 6400 15 0 0 0 1
30-12-21 09:46:28 Temp: XGB 2 -> 45 1 2
30-12-21 09:46:28 Temp: XGL 4 -> 9400 10 0 0 0 0
30-12-21 09:46:28 Temp: XGL 5 -> 6400 15 0 0 0 1
30-12-21 09:46:28 Temp: XGB 3 -> 1 1 1
30-12-21 09:46:29 Temp: XGL 6 -> 9400 5 0 0 0 0
30-12-21 09:46:29 Temp: XGB 4 -> 0 3 1
30-12-21 09:46:29 Temp: XGL 7 -> 1000 10 0 0 0 0
30-12-21 09:46:29 Temp: XGN -> DnaTech-64
30-12-21 09:47:15 Opt: PRDS 1048 -> 0
30-12-21 09:47:15 Error! Opt: CRYC -> ???
30-12-21 09:47:15 Error! Opt: CRYC -> ???
30-12-21 09:47:16 Temp: XGS -> 0 0 1 1
30-12-21 09:47:16 Temp: XGT -> 1998 1998 86
30-12-21 09:47:16 Opt: FN -> 0
30-12-21 09:47:16 Tft: DRAV -> DY>Ok
30-12-21 09:47:18 Temp: XGS -> 0 0 1 1
30-12-21 09:47:18 Temp: XGT -> 1998 1998 86
30-12-21 09:47:18 Opt: FN -> 0
30-12-21 09:47:18 Tft: DRAV -> DY>Ok
30-12-21 09:47:20 Temp: XGS -> 0 0 1 1
30-12-21 09:47:20 Temp: XGT -> 1998 1998 86
30-12-21 09:47:20 Opt: FN -> 0
30-12-21 09:47:20 Tft: DRAV -> DY>Ok
30-12-21 09:47:21 Temp: XGS -> 0 0 1 1
30-12-21 09:47:21 Temp: XGT -> 1998 1998 86
30-12-21 09:47:21 Opt: FN -> 0
30-12-21 09:47:21 Tft: DRAV -> DY>Ok
30-12-21 09:47:23 Temp: XGS -> 0 0 1 1
30-12-21 09:47:23 Temp: XGT -> 1998 1999 85
30-12-21 09:47:23 Opt: FN -> 0
30-12-21 09:47:23 Tft: DRAV -> DY>Ok
30-12-21 09:47:25 Temp: XGS -> 0 0 1 1
30-12-21 09:47:25 Temp: XGT -> 1998 1999 85
30-12-21 09:47:25 Opt: FN -> 0
30-12-21 09:47:25 Tft: DRAV -> DY>Ok
30-12-21 09:47:27 Temp: XGS -> 0 0 1 1
30-12-21 09:47:27 Temp: XGT -> 1999 1999 84
30-12-21 09:47:27 Opt: FN -> 0
30-12-21 09:47:27 Tft: DRAV -> DY>Ok
30-12-21 09:47:29 Temp: XGS -> 0 0 1 1
30-12-21 09:47:29 Temp: XGT -> 1999 1999 84
30-12-21 09:47:29 Opt: FN -> 0
30-12-21 09:47:29 Tft: DRAV -> DY>Ok
30-12-21 09:47:30 Temp: XGS -> 0 0 1 1
30-12-21 09:47:31 Temp: XGT -> 1999 1999 84
30-12-21 09:47:31 Opt: FN -> 0
30-12-21 09:47:31 Tft: DRAV -> DY>Ok
30-12-21 09:47:32 Temp: XGS -> 0 0 1 1
30-12-21 09:47:32 Temp: XGT -> 1999 1999 84
30-12-21 09:47:32 Opt: FN -> 0
30-12-21 09:47:32 Tft: DRAV -> DY>Ok
30-12-21 09:47:34 Temp: XGS -> 0 0 1 1
30-12-21 09:47:34 Temp: XGT -> 2000 1999 83
30-12-21 09:47:34 Opt: FN -> 0
30-12-21 09:47:34 Tft: DRAV -> DY>Ok
30-12-21 09:47:36 Temp: XGS -> 0 0 1 1
30-12-21 09:47:36 Temp: XGT -> 2000 2000 82
30-12-21 09:47:36 Opt: FN -> 0
30-12-21 09:47:36 Tft: DRAV -> DY>Ok
30-12-21 09:47:38 Temp: XGS -> 0 0 1 1
30-12-21 09:47:38 Temp: XGT -> 2000 2000 82
30-12-21 09:47:38 Opt: FN -> 0
30-12-21 09:47:38 Tft: DRAV -> DY>Ok
30-12-21 09:47:40 Temp: XGS -> 0 0 1 1
30-12-21 09:47:40 Temp: XGT -> 2000 2000 82
30-12-21 09:47:40 Opt: FN -> 0
30-12-21 09:47:40 Tft: DRAV -> DY>Ok
30-12-21 09:47:41 Temp: XGS -> 0 0 1 1
30-12-21 09:47:41 Temp: XGT -> 2000 2000 82
30-12-21 09:47:41 Opt: FN -> 0
30-12-21 09:47:41 Tft: DRAV -> DY>Ok
30-12-21 09:47:43 Temp: XGS -> 0 0 1 1
30-12-21 09:47:43 Temp: XGT -> 2000 2000 82
30-12-21 09:47:43 Opt: FN -> 0
30-12-21 09:47:43 Tft: DRAV -> DY>Ok
30-12-21 09:47:43 Temp: RSTS -> 0000
30-12-21 09:47:43 Mot: HCLOSE -> 0
30-12-21 09:47:43 Mot: HSTS -> 0
30-12-21 09:47:43 Mot: HPOS -> 2
30-12-21 09:47:43 Temp: ST -> 0
30-12-21 09:47:43 Temp: XSP 0 -> 1
30-12-21 09:47:43 Opt: FCEXP 0 2 1623 325 -> Ok
30-12-21 09:47:44 Opt: FCEXP 1 2 1948 390 -> Ok
30-12-21 09:47:44 Opt: FCEXP 2 0 3247 649 -> Ok
30-12-21 09:47:44 Opt: FCEXP 3 2 3247 649 -> Ok
30-12-21 09:47:44 Opt: FCEXP 4 2 2273 455 -> Ok
30-12-21 09:47:44 Opt: FCEXP 5 0 0 0 -> Ok
30-12-21 09:47:44 Opt: DPIC 0 -> Ok
30-12-21 09:47:44 Opt: FPSAVE -> Ok
30-12-21 09:47:44 Temp: XPRG 0 35 0 -> 0
30-12-21 09:47:44 Temp: XLEV 3000 15 0 0 0 0 -> 0
30-12-21 09:47:44 Temp: XCYC 1 -> 0
30-12-21 09:47:44 Temp: XLEV 3000 10 100 0 0 2 -> 0
30-12-21 09:47:44 Temp: XCYC 10 -> 0
30-12-21 09:47:44 Temp: XLEV 2000 15 0 0 0 0 -> 0
30-12-21 09:47:44 Temp: XHLD -> 0
30-12-21 09:47:45 Temp: XSAV Example -> 0
30-12-21 09:47:45 Temp: FTIM 160 -> 0
30-12-21 09:47:45 Opt: PWRS 0 -> 0
30-12-21 09:47:46 Temp: RN -> 0
30-12-21 09:47:46 Temp: XGS -> 0 0 1 1
30-12-21 09:47:46 Temp: XGT -> 2001 2001 80
30-12-21 09:47:46 Opt: FN -> 0
30-12-21 09:47:46 Tft: DRAV -> DY>Ok
30-12-21 09:47:47 Temp: XGS -> 1 1 0 1
30-12-21 09:47:47 Temp: XGT -> 2002 2002 78
30-12-21 09:47:47 Opt: FN -> 0
30-12-21 09:47:47 Temp: RDEV -> 5
30-12-21 09:47:47 Temp: TI -> 119 0 119
30-12-21 09:47:47 Temp: XID -> 1 0 0
30-12-21 09:47:49 Temp: XGS -> 1 1 0 1
30-12-21 09:47:49 Temp: XGT -> 2078 2080 65458
30-12-21 09:47:49 Opt: FN -> 0
30-12-21 09:47:49 Temp: RDEV -> 5
30-12-21 09:47:49 Temp: TI -> 117 2 119
30-12-21 09:47:49 Temp: XID -> 1 0 0
30-12-21 09:47:50 Temp: XGS -> 1 1 0 2
30-12-21 09:47:50 Temp: XGT -> 2282 2285 25
30-12-21 09:47:50 Opt: FN -> 0
30-12-21 09:47:50 Temp: RDEV -> 5
30-12-21 09:47:51 Temp: TI -> 115 4 119
30-12-21 09:47:51 Temp: XID -> 1 0 0
30-12-21 09:47:52 Temp: XGS -> 1 1 0 2
30-12-21 09:47:52 Temp: XGT -> 2507 2507 88
30-12-21 09:47:52 Opt: FN -> 0
30-12-21 09:47:52 Temp: RDEV -> 5
30-12-21 09:47:52 Temp: TI -> 113 6 119
30-12-21 09:47:52 Temp: XID -> 1 0 0
30-12-21 09:47:54 Temp: XGS -> 1 1 0 2
30-12-21 09:47:54 Temp: XGT -> 2687 2687 65518
30-12-21 09:47:54 Opt: FN -> 0
30-12-21 09:47:54 Temp: RDEV -> 5
30-12-21 09:47:54 Temp: TI -> 111 8 119
30-12-21 09:47:54 Temp: XID -> 1 0 0
30-12-21 09:47:55 Temp: ST -> 0
30-12-21 09:47:56 Temp: XGS -> 0 0 1 1
30-12-21 09:47:56 Temp: XGT -> 2812 2812 65524
30-12-21 09:47:56 Opt: FN -> 0
30-12-21 09:47:56 Tft: DRAV -> DY>Ok
30-12-21 09:47:58 Temp: XGS -> 0 0 1 1
30-12-21 09:47:58 Temp: XGT -> 2898 2898 70
30-12-21 09:47:58 Opt: FN -> 0
30-12-21 09:47:58 Tft: DRAV -> DY>Ok
30-12-21 09:47:59 Temp: XGS -> 0 0 1 1
30-12-21 09:48:00 Temp: XGT -> 2960 2960 65482
30-12-21 09:48:00 Opt: FN -> 0
30-12-21 09:48:00 Tft: DRAV -> DY>Ok
30-12-21 09:48:01 Temp: XGS -> 0 0 1 1
30-12-21 09:48:01 Temp: XGT -> 2997 2997 65408
30-12-21 09:48:02 Opt: FN -> 0
30-12-21 09:48:02 Tft: DRAV -> DY>Ok
30-12-21 09:48:03 Temp: XGS -> 0 0 1 1
30-12-21 09:48:03 Temp: XGT -> 3016 3016 90
30-12-21 09:48:03 Opt: FN -> 0
30-12-21 09:48:03 Tft: DRAV -> DY>Ok
30-12-21 09:48:05 Temp: XGS -> 0 0 1 1
30-12-21 09:48:05 Temp: XGT -> 3022 3021 79
30-12-21 09:48:05 Opt: FN -> 1
30-12-21 09:48:05 Tft: DRAV -> DY>Ok
30-12-21 09:48:07 Temp: XGS -> 0 0 1 1
30-12-21 09:48:07 Temp: XGT -> 3016 3016 90
30-12-21 09:48:07 Opt: FN -> 1
30-12-21 09:48:07 Tft: DRAV -> DY>Ok
30-12-21 09:48:09 Temp: XGS -> 0 0 1 1
30-12-21 09:48:09 Temp: XGT -> 3002 3001 119
30-12-21 09:48:09 Opt: FN -> 1
30-12-21 09:48:09 Tft: DRAV -> DY>Ok
30-12-21 09:48:10 Temp: XGS -> 0 0 1 1
30-12-21 09:48:10 Temp: XGT -> 2980 2980 65442
30-12-21 09:48:10 Opt: FN -> 1
30-12-21 09:48:10 Tft: DRAV -> DY>Ok
30-12-21 09:48:12 Temp: XGS -> 0 0 1 1
30-12-21 09:48:12 Temp: XGT -> 2954 2953 65495
30-12-21 09:48:12 Opt: FN -> 1
30-12-21 09:48:12 Tft: DRAV -> DY>Ok
30-12-21 09:48:14 Temp: XGS -> 0 0 1 1
30-12-21 09:48:14 Temp: XGT -> 2923 2923 20
30-12-21 09:48:14 Opt: FN -> 1
30-12-21 09:48:14 Tft: DRAV -> DY>Ok
30-12-21 09:48:16 Temp: XGS -> 0 0 1 1
30-12-21 09:48:16 Temp: XGT -> 2891 2891 84
30-12-21 09:48:16 Opt: FN -> 1
30-12-21 09:48:16 Tft: DRAV -> DY>Ok
30-12-21 09:48:18 Temp: XGS -> 0 0 1 1
30-12-21 09:48:18 Temp: XGT -> 2854 2854 65438
30-12-21 09:48:18 Opt: FN -> 1
30-12-21 09:48:18 Tft: DRAV -> DY>Ok
30-12-21 10:32:59 Opt: PRDS 1048 -> 0
30-12-21 10:32:59 Error! Opt: CRYC -> ???
30-12-21 10:32:59 Error! Opt: CRYC -> ???
30-12-21 10:32:59 Temp: XGS -> 0 0 1 1
30-12-21 10:32:59 Temp: XGT -> 1998 1999 85
30-12-21 10:32:59 Opt: FN -> 1
30-12-21 10:32:59 Tft: DRAV -> DY>Ok
30-12-21 10:33:01 Temp: XGS -> 0 0 1 1
30-12-21 10:33:01 Temp: XGT -> 1998 1998 86
30-12-21 10:33:01 Opt: FN -> 1
30-12-21 10:33:01 Tft: DRAV -> DY>Ok
30-12-21 10:33:03 Temp: XGS -> 0 0 1 1
30-12-21 10:33:03 Temp: XGT -> 1998 1998 86
30-12-21 10:33:03 Opt: FN -> 1
30-12-21 10:33:03 Tft: DRAV -> DY>Ok
30-12-21 10:33:05 Temp: XGS -> 0 0 1 1
30-12-21 10:33:05 Temp: XGT -> 1998 1998 86
30-12-21 10:33:05 Opt: FN -> 1
30-12-21 10:33:05 Tft: DRAV -> DY>Ok
30-12-21 10:33:07 Temp: XGS -> 0 0 1 1
30-12-21 10:33:07 Temp: XGT -> 1998 1998 86
30-12-21 10:33:07 Opt: FN -> 1
30-12-21 10:33:07 Tft: DRAV -> DY>Ok
30-12-21 10:33:08 Temp: XGS -> 0 0 1 1
30-12-21 10:33:08 Temp: XGT -> 1998 1999 85
30-12-21 10:33:08 Opt: FN -> 1
30-12-21 10:33:08 Tft: DRAV -> DY>Ok
30-12-21 10:33:10 Temp: XGS -> 0 0 1 1
30-12-21 10:33:10 Temp: XGT -> 1998 1999 85
30-12-21 10:33:10 Opt: FN -> 1
30-12-21 10:33:10 Tft: DRAV -> DY>Ok
30-12-21 10:33:12 Temp: XGS -> 0 0 1 1
30-12-21 10:33:12 Temp: XGT -> 1999 1999 84
30-12-21 10:33:12 Opt: FN -> 1
30-12-21 10:33:12 Tft: DRAV -> DY>Ok
30-12-21 10:33:14 Temp: XGS -> 0 0 1 1
30-12-21 10:33:14 Temp: XGT -> 1999 1999 84
30-12-21 10:33:14 Opt: FN -> 1
30-12-21 10:33:14 Tft: DRAV -> DY>Ok
30-12-21 10:33:16 Temp: XGS -> 0 0 1 1
30-12-21 10:33:16 Temp: XGT -> 1999 1999 84
30-12-21 10:33:16 Opt: FN -> 1
30-12-21 10:33:16 Tft: DRAV -> DY>Ok
30-12-21 10:33:17 Temp: XGS -> 0 0 1 1
30-12-21 10:33:17 Temp: XGT -> 1999 1999 84
30-12-21 10:33:17 Opt: FN -> 1
30-12-21 10:33:17 Tft: DRAV -> DY>Ok
30-12-21 10:33:19 Temp: XGS -> 0 0 1 1
30-12-21 10:33:19 Temp: XGT -> 1999 1999 84
30-12-21 10:33:19 Opt: FN -> 1
30-12-21 10:33:19 Tft: DRAV -> DY>Ok
30-12-21 10:33:21 Temp: XGS -> 0 0 1 1
30-12-21 10:33:21 Temp: XGT -> 2000 1999 83
30-12-21 10:33:21 Opt: FN -> 1
30-12-21 10:33:21 Tft: DRAV -> DY>Ok
30-12-21 10:33:21 Opt: FSDW 1024 -> 0
30-12-21 10:33:21 Opt: FVER -> OPTICS 3.13.96 20/06/16
30-12-21 10:33:21 Temp: FVER -> AMPX 6.13 31/08/2020
30-12-21 10:33:21 Mot: FVER -> SMOT 6.11p 12/03/2013
30-12-21 10:33:22 Tft: FVER -> TFT 2.00.00 Dec 21 2021
30-12-21 10:33:22 Opt: FLCFG 0 -> 470 525
30-12-21 10:33:22 Opt: FLCFG 1 -> 532 570
30-12-21 10:33:22 Opt: FLCFG 2 -> 585 633
30-12-21 10:33:22 Opt: FLCFG 3 -> 633 675
30-12-21 10:33:22 Opt: FLCFG 4 -> 690 730
30-12-21 10:33:22 Opt: FLCFG 5 -> -1
30-12-21 10:33:22 Opt: FLCFG 6 -> -1
30-12-21 10:33:22 Opt: FLCFG 7 -> -1
30-12-21 10:33:22 Temp: DLRS 9 -> R:TY 242 B96A
30-12-21 10:33:22 Opt: FPGET 0 -> Ok
30-12-21 10:33:22 Opt: FPGET 0 -> Ok
30-12-21 10:33:22 Opt: CRDS 0 -> 0
30-12-21 10:33:22 Opt: CRDS 10 -> 0
30-12-21 10:33:22 Opt: CRDS 20 -> 0
30-12-21 10:33:22 Opt: CRDS 30 -> 0
30-12-21 10:33:22 Opt: CRDS 40 -> 0
30-12-21 10:33:22 Opt: CRDS 50 -> 0
30-12-21 10:33:22 Opt: CRDS 60 -> 0
30-12-21 10:33:22 Opt: CRDS 70 -> 0
30-12-21 10:33:22 Tft: DSAV 1 -> DY>Ok
30-12-21 10:33:22 Temp: XGP -> 0 35 3 3 0
30-12-21 10:33:23 Temp: XGB 0 -> 1 1 1
30-12-21 10:33:23 Temp: XGL 0 -> 3000 15 0 0 0 0
30-12-21 10:33:23 Temp: XGB 1 -> 10 1 1
30-12-21 10:33:23 Temp: XGL 1 -> 3000 10 100 0 0 2
30-12-21 10:33:23 Temp: XGB 2 -> 0 3 1
30-12-21 10:33:23 Temp: XGL 2 -> 2000 15 0 0 0 0
30-12-21 10:33:23 Temp: XGN -> Example
30-12-21 10:33:23 Opt: FPSAVE -> Ok
30-12-21 10:33:23 Opt: PRDS 1048 -> 0
30-12-21 10:33:23 Temp: XGS -> 0 0 1 1
30-12-21 10:33:23 Temp: XGT -> 2000 2000 82
30-12-21 10:33:23 Opt: FN -> 1
30-12-21 10:33:23 Tft: DRAV -> DY>Ok
30-12-21 10:33:23 Error! Opt: CRYC -> ???
30-12-21 10:33:23 Error! Opt: CRYC -> ???
30-12-21 10:33:23 Temp: RSTS -> 0000
30-12-21 10:33:23 Mot: HCLOSE -> 0
30-12-21 10:33:23 Mot: HSTS -> 0
30-12-21 10:33:23 Mot: HPOS -> 2
30-12-21 10:33:23 Temp: ST -> 0
30-12-21 10:33:23 Temp: XSP 0 -> 1
30-12-21 10:33:23 Opt: FCEXP 0 2 3247 649 -> Ok
30-12-21 10:33:24 Opt: FCEXP 1 2 3247 649 -> Ok
30-12-21 10:33:24 Opt: FCEXP 2 2 3247 649 -> Ok
30-12-21 10:33:24 Opt: FCEXP 3 2 3247 649 -> Ok
30-12-21 10:33:24 Opt: FCEXP 4 0 2273 455 -> Ok
30-12-21 10:33:24 Opt: FCEXP 5 0 0 0 -> Ok
30-12-21 10:33:24 Opt: DPIC 0 -> Ok
30-12-21 10:33:24 Opt: FPSAVE -> Ok
30-12-21 10:33:24 Temp: XPRG 0 35 0 -> 0
30-12-21 10:33:24 Temp: XLEV 8000 30 0 0 0 0 -> 0
30-12-21 10:33:24 Temp: XLEV 9400 90 0 0 0 0 -> 0
30-12-21 10:33:24 Temp: XCYC 1 -> 0
30-12-21 10:33:24 Temp: XLEV 9400 30 0 0 0 0 -> 0
30-12-21 10:33:24 Temp: XLEV 6400 15 0 0 0 1 -> 0
30-12-21 10:33:24 Temp: XCYC 5 -> 0
30-12-21 10:33:24 Temp: XLEV 9400 10 0 0 0 0 -> 0
30-12-21 10:33:24 Temp: XLEV 6400 15 0 0 0 1 -> 0
30-12-21 10:33:24 Temp: XCYC 45 -> 0
30-12-21 10:33:24 Temp: XLEV 9400 5 0 0 0 0 -> 0
30-12-21 10:33:24 Temp: XCYC 1 -> 0
30-12-21 10:33:24 Temp: XLEV 1000 10 0 0 0 0 -> 0
30-12-21 10:33:24 Temp: XHLD -> 0
30-12-21 10:33:25 Temp: XSAV DnaTech-64 -> 0
30-12-21 10:33:25 Temp: FTIM 220 -> 0
30-12-21 10:33:25 Opt: PWRS 0 -> 0
30-12-21 10:33:27 Temp: RN -> 0
30-12-21 10:33:28 Temp: XGS -> 0 0 1 1
30-12-21 10:33:28 Temp: XGT -> 2000 2000 82
30-12-21 10:33:28 Opt: FN -> 0
30-12-21 10:33:28 Tft: DRAV -> DY>Ok
30-12-21 10:33:28 Temp: XGS -> 1 1 0 1
30-12-21 10:33:28 Temp: XGT -> 2000 2001 81
30-12-21 10:33:28 Opt: FN -> 0
30-12-21 10:33:28 Temp: RDEV -> 5
30-12-21 10:33:28 Temp: TI -> 4426 0 4426
30-12-21 10:33:28 Temp: XID -> 1 0 0
30-12-21 10:33:30 Temp: XGS -> 1 1 0 1
30-12-21 10:33:30 Temp: XGT -> 2067 2069 65480
30-12-21 10:33:30 Opt: FN -> 0
30-12-21 10:33:30 Temp: RDEV -> 5
30-12-21 10:33:30 Temp: TI -> 4424 2 4426
30-12-21 10:33:30 Temp: XID -> 1 0 0
30-12-21 10:33:32 Temp: XGS -> 1 1 0 1
30-12-21 10:33:32 Temp: XGT -> 2253 2256 83
30-12-21 10:33:32 Opt: FN -> 0
30-12-21 10:33:32 Temp: RDEV -> 5
30-12-21 10:33:32 Temp: TI -> 4422 4 4426
30-12-21 10:33:32 Temp: XID -> 1 0 0
30-12-21 10:33:34 Temp: XGS -> 1 1 0 1
30-12-21 10:33:34 Temp: XGT -> 2536 2539 27
30-12-21 10:33:34 Opt: FN -> 0
30-12-21 10:33:34 Temp: RDEV -> 5
30-12-21 10:33:34 Temp: TI -> 4420 6 4426
30-12-21 10:33:34 Temp: XID -> 1 0 0
30-12-21 10:33:36 Temp: XGS -> 1 1 0 1
30-12-21 10:33:36 Temp: XGT -> 2896 2898 72
30-12-21 10:33:36 Opt: FN -> 0
30-12-21 10:33:36 Temp: RDEV -> 5
30-12-21 10:33:36 Temp: TI -> 4419 7 4426
30-12-21 10:33:36 Temp: XID -> 1 0 0
30-12-21 10:33:37 Temp: XGS -> 1 1 0 1
30-12-21 10:33:37 Temp: XGT -> 3314 3317 1
30-12-21 10:33:37 Opt: FN -> 0
30-12-21 10:33:37 Temp: RDEV -> 5
30-12-21 10:33:37 Temp: TI -> 4417 9 4426
30-12-21 10:33:37 Temp: XID -> 1 0 0
30-12-21 10:33:38 Temp: ST -> 0
30-12-21 10:33:38 Opt: FSDW 1024 -> 0
30-12-21 10:33:38 Opt: FVER -> OPTICS 3.13.96 20/06/16
30-12-21 10:33:38 Temp: FVER -> AMPX 6.13 31/08/2020
30-12-21 10:33:38 Mot: FVER -> SMOT 6.11p 12/03/2013
30-12-21 10:33:38 Tft: FVER -> TFT 2.00.00 Dec 21 2021
30-12-21 10:33:38 Opt: FLCFG 0 -> 470 525
30-12-21 10:33:38 Opt: FLCFG 1 -> 532 570
30-12-21 10:33:38 Opt: FLCFG 2 -> 585 633
30-12-21 10:33:38 Opt: FLCFG 3 -> 633 675
30-12-21 10:33:38 Opt: FLCFG 4 -> 690 730
30-12-21 10:33:38 Opt: FLCFG 5 -> -1
30-12-21 10:33:38 Opt: FLCFG 6 -> -1
30-12-21 10:33:38 Opt: FLCFG 7 -> -1
30-12-21 10:33:38 Temp: DLRS 9 -> R:TY 242 B96A
30-12-21 10:33:38 Opt: FPGET 0 -> Ok
30-12-21 10:33:39 Opt: FPGET 0 -> Ok
30-12-21 10:33:39 Opt: CRDS 0 -> 0
30-12-21 10:33:39 Opt: CRDS 10 -> 0
30-12-21 10:33:39 Opt: CRDS 20 -> 0
30-12-21 10:33:39 Opt: CRDS 30 -> 0
30-12-21 10:33:39 Opt: CRDS 40 -> 0
30-12-21 10:33:39 Opt: CRDS 50 -> 0
30-12-21 10:33:39 Opt: CRDS 60 -> 0
30-12-21 10:33:39 Opt: CRDS 70 -> 0
30-12-21 10:33:39 Tft: DSAV 1 -> DY>Ok
30-12-21 10:33:39 Temp: XGP -> 0 35 5 8 0
30-12-21 10:33:39 Temp: XGB 0 -> 1 1 2
30-12-21 10:33:39 Temp: XGL 0 -> 8000 30 0 0 0 0
30-12-21 10:33:39 Temp: XGL 1 -> 9400 90 0 0 0 0
30-12-21 10:33:39 Temp: XGB 1 -> 5 1 2
30-12-21 10:33:39 Temp: XGL 2 -> 9400 30 0 0 0 0
30-12-21 10:33:39 Temp: XGL 3 -> 6400 15 0 0 0 1
30-12-21 10:33:39 Temp: XGB 2 -> 45 1 2
30-12-21 10:33:39 Temp: XGL 4 -> 9400 10 0 0 0 0
30-12-21 10:33:39 Temp: XGL 5 -> 6400 15 0 0 0 1
30-12-21 10:33:39 Temp: XGB 3 -> 1 1 1
30-12-21 10:33:39 Temp: XGL 6 -> 9400 5 0 0 0 0
30-12-21 10:33:39 Temp: XGB 4 -> 0 3 1
30-12-21 10:33:39 Temp: XGL 7 -> 1000 10 0 0 0 0
30-12-21 10:33:39 Temp: XGN -> DnaTech-64
30-12-21 10:33:39 Opt: FPSAVE -> Ok
30-12-21 10:33:39 Temp: XGS -> 0 0 1 1
30-12-21 10:33:39 Temp: XGT -> 3780 3781 91
30-12-21 10:33:39 Opt: FN -> 0
30-12-21 10:33:39 Tft: DRAV -> DY>Ok
30-12-21 10:33:39 Opt: PRDS 1048 -> 0
30-12-21 10:33:39 Error! Opt: CRYC -> ???
30-12-21 10:33:40 Error! Opt: CRYC -> ???
30-12-21 10:33:41 Temp: XGS -> 0 0 1 1
30-12-21 10:33:41 Temp: XGT -> 4100 4101 65495
30-12-21 10:33:41 Opt: FN -> 0
30-12-21 10:33:41 Tft: DRAV -> DY>Ok
30-12-21 10:33:43 Temp: XGS -> 0 0 1 1
30-12-21 10:33:43 Temp: XGT -> 4365 4365 65476
30-12-21 10:33:43 Opt: FN -> 0
30-12-21 10:33:43 Tft: DRAV -> DY>Ok
30-12-21 10:33:45 Temp: XGS -> 0 0 1 1
30-12-21 10:33:45 Temp: XGT -> 4564 4564 54
30-12-21 10:33:45 Opt: FN -> 0
30-12-21 10:33:45 Tft: DRAV -> DY>Ok
30-12-21 10:33:46 Temp: XGS -> 0 0 1 1
30-12-21 10:33:46 Temp: XGT -> 4711 4710 15
30-12-21 10:33:46 Opt: FN -> 0
30-12-21 10:33:46 Tft: DRAV -> DY>Ok
30-12-21 10:33:48 Temp: XGS -> 0 0 1 1
30-12-21 10:33:48 Temp: XGT -> 4817 4816 59
30-12-21 10:33:48 Opt: FN -> 0
30-12-21 10:33:48 Tft: DRAV -> DY>Ok
30-12-21 10:33:50 Temp: XGS -> 0 0 1 1
30-12-21 10:33:50 Temp: XGT -> 4890 4889 65447
30-12-21 10:33:50 Opt: FN -> 0
30-12-21 10:33:50 Tft: DRAV -> DY>Ok
30-12-21 10:33:52 Temp: XGS -> 0 0 1 1
30-12-21 10:33:52 Temp: XGT -> 4937 4936 73
30-12-21 10:33:52 Opt: FN -> 0
30-12-21 10:33:52 Tft: DRAV -> DY>Ok
30-12-21 10:38:46 Opt: PRDS 1048 -> 0
30-12-21 10:38:46 Error! Opt: CRYC -> ???
30-12-21 10:38:46 Error! Opt: CRYC -> ???
30-12-21 10:38:46 Temp: XGS -> 0 0 1 1
30-12-21 10:38:46 Temp: XGT -> 2000 2000 82
30-12-21 10:38:46 Opt: FN -> 0
30-12-21 10:38:46 Tft: DRAV -> DY>Ok
30-12-21 10:38:48 Temp: XGS -> 0 0 1 1
30-12-21 10:38:48 Temp: XGT -> 2000 2000 82
30-12-21 10:38:48 Opt: FN -> 0
30-12-21 10:38:48 Tft: DRAV -> DY>Ok
30-12-21 10:38:50 Temp: XGS -> 0 0 1 1
30-12-21 10:38:50 Temp: XGT -> 2000 2000 82
30-12-21 10:38:50 Opt: FN -> 0
30-12-21 10:38:50 Tft: DRAV -> DY>Ok
30-12-21 10:38:52 Temp: XGS -> 0 0 1 1
30-12-21 10:38:52 Temp: XGT -> 2000 2000 82
30-12-21 10:38:52 Opt: FN -> 0
30-12-21 10:38:52 Tft: DRAV -> DY>Ok
30-12-21 10:38:53 Temp: XGS -> 0 0 1 1
30-12-21 10:38:53 Temp: XGT -> 2000 2000 82
30-12-21 10:38:54 Opt: FN -> 0
30-12-21 10:38:54 Tft: DRAV -> DY>Ok
30-12-21 10:38:55 Temp: XGS -> 0 0 1 1
30-12-21 10:38:55 Temp: XGT -> 2000 2000 82
30-12-21 10:38:55 Opt: FN -> 0
30-12-21 10:38:55 Tft: DRAV -> DY>Ok
30-12-21 10:38:57 Temp: XGS -> 0 0 1 1
30-12-21 10:38:57 Temp: XGT -> 2000 1999 83
30-12-21 10:38:57 Opt: FN -> 0
30-12-21 10:38:57 Tft: DRAV -> DY>Ok
30-12-21 10:38:59 Temp: XGS -> 0 0 1 1
30-12-21 10:38:59 Temp: XGT -> 1999 1999 84
30-12-21 10:38:59 Opt: FN -> 0
30-12-21 10:38:59 Tft: DRAV -> DY>Ok
30-12-21 10:39:01 Temp: XGS -> 0 0 1 1
30-12-21 10:39:01 Temp: XGT -> 1999 1999 84
30-12-21 10:39:01 Opt: FN -> 0
30-12-21 10:39:01 Tft: DRAV -> DY>Ok
30-12-21 10:39:03 Temp: XGS -> 0 0 1 1
30-12-21 10:39:03 Temp: XGT -> 1999 1999 84
30-12-21 10:39:03 Opt: FN -> 0
30-12-21 10:39:03 Tft: DRAV -> DY>Ok
30-12-21 10:39:04 Temp: XGS -> 0 0 1 1
30-12-21 10:39:04 Temp: XGT -> 1998 1998 86
30-12-21 10:39:04 Opt: FN -> 0
30-12-21 10:39:04 Tft: DRAV -> DY>Ok
30-12-21 10:39:06 Temp: XGS -> 0 0 1 1
30-12-21 10:39:06 Temp: XGT -> 1998 1998 86
30-12-21 10:39:06 Opt: FN -> 0
30-12-21 10:39:06 Tft: DRAV -> DY>Ok
30-12-21 10:39:08 Temp: XGS -> 0 0 1 1
30-12-21 10:39:08 Temp: XGT -> 1998 1998 86
30-12-21 10:39:08 Opt: FN -> 0
30-12-21 10:39:08 Tft: DRAV -> DY>Ok
30-12-21 10:39:10 Temp: XGS -> 0 0 1 1
30-12-21 10:39:10 Temp: XGT -> 1998 1998 86
30-12-21 10:39:10 Opt: FN -> 0
30-12-21 10:39:10 Tft: DRAV -> DY>Ok
20-01-22 15:04:14 Opt: FHW -> v3.0
20-01-22 15:04:14 Opt: FVER -> OPTICS 3.13.96 20/06/16
20-01-22 15:04:14 Temp: FVER -> AMPX 6.13 31/08/2020
20-01-22 15:04:14 Mot: FVER -> SMOT 6.11p 12/03/2013
20-01-22 15:04:14 Tft: FVER -> TFT 2.00.00 Dec 21 2021
20-01-22 15:04:14 Opt: FLCFG 0 -> 470 525
20-01-22 15:04:14 Opt: FLCFG 1 -> 532 570
20-01-22 15:04:14 Opt: FLCFG 2 -> 585 633
20-01-22 15:04:14 Opt: FLCFG 3 -> 633 675
20-01-22 15:04:14 Opt: FLCFG 4 -> 690 730
20-01-22 15:04:14 Opt: FLCFG 5 -> -1
20-01-22 15:04:14 Opt: FLCFG 6 -> -1
20-01-22 15:04:14 Opt: FLCFG 7 -> -1
20-01-22 15:04:14 Temp: DLRS 9 -> R:TY 242 B96A
20-01-22 15:04:14 Opt: FPGET 0 -> Ok
20-01-22 15:04:15 Opt: FPGET 0 -> Ok
20-01-22 15:04:15 Opt: CRDS 0 -> 0
20-01-22 15:04:15 Opt: CRDS 10 -> 0
20-01-22 15:04:15 Opt: CRDS 20 -> 0
20-01-22 15:04:15 Opt: CRDS 30 -> 0
20-01-22 15:04:15 Opt: CRDS 40 -> 0
20-01-22 15:04:15 Opt: CRDS 50 -> 0
20-01-22 15:04:15 Opt: CRDS 60 -> 0
20-01-22 15:04:15 Opt: CRDS 70 -> 0
20-01-22 15:04:15 Tft: DSAV 1 -> DY>Ok
20-01-22 15:04:15 Temp: XGP -> 0 35 3 3 0
20-01-22 15:04:15 Temp: XGB 0 -> 1 1 1
20-01-22 15:04:15 Temp: XGL 0 -> 2000 15 0 0 0 1
20-01-22 15:04:15 Temp: XGB 1 -> 1 1 1
20-01-22 15:04:15 Temp: XGL 1 -> 2000 15 0 0 0 1
20-01-22 15:04:15 Temp: XGB 2 -> 0 3 1
20-01-22 15:04:15 Temp: XGL 2 -> 2000 15 0 0 0 0
20-01-22 15:04:15 Temp: XGN -> Example
20-01-22 15:12:53 Opt: PRDS 1048 -> 0
20-01-22 15:12:53 Error! Opt: CRYC -> ???
20-01-22 15:12:53 Error! Opt: CRYC -> ???
20-01-22 15:12:54 Temp: XGS -> 0 0 1 1
20-01-22 15:12:54 Temp: XGT -> 2000 0 41
20-01-22 15:12:54 Opt: FN -> 2
20-01-22 15:12:54 Tft: DRAV -> DY>Ok
20-01-22 15:12:55 Temp: XGS -> 0 0 1 1
20-01-22 15:12:55 Temp: XGT -> 2000 0 41
20-01-22 15:12:55 Opt: FN -> 2
20-01-22 15:12:55 Tft: DRAV -> DY>Ok
20-01-22 15:12:57 Temp: XGS -> 0 0 1 1
20-01-22 15:12:57 Temp: XGT -> 2000 0 41
20-01-22 15:12:57 Opt: FN -> 2
20-01-22 15:12:57 Tft: DRAV -> DY>Ok
20-01-22 15:12:58 Temp: RSTS -> 0000
20-01-22 15:12:58 Mot: HCLOSE -> 0
20-01-22 15:12:58 Mot: HSTS -> 1
20-01-22 15:12:59 Temp: XGS -> 0 0 1 1
20-01-22 15:12:59 Temp: XGT -> 2000 0 41
20-01-22 15:12:59 Opt: FN -> 2
20-01-22 15:12:59 Tft: DRAV -> DY>Ok
20-01-22 15:12:59 Mot: HSTS -> 1
20-01-22 15:13:01 Temp: XGS -> 0 0 1 1
20-01-22 15:13:01 Temp: XGT -> 2000 0 41
20-01-22 15:13:01 Opt: FN -> 2
20-01-22 15:13:01 Tft: DRAV -> DY>Ok
20-01-22 15:13:01 Mot: HSTS -> 1
20-01-22 15:13:03 Temp: XGS -> 0 0 1 1
20-01-22 15:13:03 Temp: XGT -> 2000 0 41
20-01-22 15:13:03 Opt: FN -> 2
20-01-22 15:13:03 Tft: DRAV -> DY>Ok
20-01-22 15:13:03 Mot: HSTS -> 1
20-01-22 15:13:04 Temp: XGS -> 0 0 1 1
20-01-22 15:13:04 Temp: XGT -> 2000 0 41
20-01-22 15:13:04 Opt: FN -> 2
20-01-22 15:13:04 Tft: DRAV -> DY>Ok
20-01-22 15:13:04 Mot: HSTS -> 1
20-01-22 15:13:06 Temp: XGS -> 0 0 1 1
20-01-22 15:13:06 Temp: XGT -> 1999 0 42
20-01-22 15:13:06 Opt: FN -> 2
20-01-22 15:13:06 Tft: DRAV -> DY>Ok
20-01-22 15:13:06 Mot: HSTS -> 1
20-01-22 15:13:08 Temp: XGS -> 0 0 1 1
20-01-22 15:13:08 Temp: XGT -> 1999 0 42
20-01-22 15:13:08 Opt: FN -> 2
20-01-22 15:13:08 Tft: DRAV -> DY>Ok
20-01-22 15:13:08 Mot: HSTS -> 0
20-01-22 15:13:08 Mot: HPOS -> 2
20-01-22 15:13:08 Mot: HPRESS -> 0
20-01-22 15:13:08 Temp: ST -> 0
20-01-22 15:13:08 Temp: XSP 0 -> 1
20-01-22 15:13:08 Opt: FCEXP 0 2 3247 649 -> Ok
20-01-22 15:13:08 Opt: FCEXP 1 2 3247 649 -> Ok
20-01-22 15:13:08 Opt: FCEXP 2 2 3247 649 -> Ok
20-01-22 15:13:08 Opt: FCEXP 3 2 3247 649 -> Ok
20-01-22 15:13:08 Opt: FCEXP 4 0 3250 649 -> Ok
20-01-22 15:13:08 Opt: FCEXP 5 0 0 0 -> Ok
20-01-22 15:13:08 Opt: DPIC 0 -> Ok
20-01-22 15:13:08 Opt: FPSAVE -> Ok
20-01-22 15:13:08 Temp: XPRG 0 35 0 -> 0
20-01-22 15:13:08 Temp: XLEV 3500 1200 0 0 0 0 -> 0
20-01-22 15:13:08 Temp: XCYC 1 -> 0
20-01-22 15:13:09 Temp: XLEV 9500 300 0 0 0 0 -> 0
20-01-22 15:13:09 Temp: XCYC 1 -> 0
20-01-22 15:13:09 Temp: XLEV 9400 10 0 0 0 0 -> 0
20-01-22 15:13:09 Temp: XLEV 6400 15 0 0 0 1 -> 0
20-01-22 15:13:09 Temp: XCYC 50 -> 0
20-01-22 15:13:09 Temp: XLEV 8000 1 0 0 0 0 -> 0
20-01-22 15:13:09 Temp: XCYC 1 -> 0
20-01-22 15:13:09 Temp: XLEV 1000 10 0 0 0 0 -> 0
20-01-22 15:13:09 Temp: XHLD -> 0
20-01-22 15:13:10 Temp: XSAV DT-OS-35-64 -> 0
20-01-22 15:13:10 Temp: FTIM 220 -> 0
20-01-22 15:13:10 Opt: PWRS 0 -> 0
20-01-22 15:13:11 Temp: RN -> 0
20-01-22 15:13:12 Temp: XGS -> 0 0 1 1
20-01-22 15:13:12 Temp: XGT -> 1998 1998 86
20-01-22 15:13:12 Opt: FN -> 0
20-01-22 15:13:12 Tft: DRAV -> DY>Ok
20-01-22 15:13:12 Temp: XGS -> 1 1 0 1
20-01-22 15:13:12 Temp: XGT -> 1998 1998 86
20-01-22 15:13:12 Opt: FN -> 0
20-01-22 15:13:12 Temp: RDEV -> 5
20-01-22 15:13:12 Temp: TI -> 5700 0 5700
20-01-22 15:13:12 Temp: XID -> 1 0 0
20-01-22 15:13:13 Temp: XGS -> 1 1 0 1
20-01-22 15:13:13 Temp: XGT -> 2027 2028 27
20-01-22 15:13:14 Opt: FN -> 0
20-01-22 15:13:14 Temp: RDEV -> 5
20-01-22 15:13:14 Temp: TI -> 5699 1 5700
20-01-22 15:13:14 Temp: XID -> 1 0 0
20-01-22 15:13:15 Temp: XGS -> 1 1 0 1
20-01-22 15:13:15 Temp: XGT -> 2176 2178 65518
20-01-22 15:13:15 Opt: FN -> 0
20-01-22 15:13:15 Temp: RDEV -> 5
20-01-22 15:13:15 Temp: TI -> 5697 3 5700
20-01-22 15:13:15 Temp: XID -> 1 0 0
20-01-22 15:13:17 Temp: XGS -> 1 1 0 1
20-01-22 15:13:17 Temp: XGT -> 2431 2433 65518
20-01-22 15:13:17 Opt: FN -> 0
20-01-22 15:13:17 Temp: RDEV -> 5
20-01-22 15:13:17 Temp: TI -> 5695 5 5700
20-01-22 15:13:17 Temp: XID -> 1 0 0
20-01-22 15:13:19 Temp: XGS -> 1 1 0 3
20-01-22 15:13:19 Temp: XGT -> 2736 2737 65419
20-01-22 15:13:19 Opt: FN -> 0
20-01-22 15:13:19 Temp: RDEV -> 5
20-01-22 15:13:19 Temp: TI -> 5693 7 5700
20-01-22 15:13:19 Temp: XID -> 1 0 0
20-01-22 15:13:21 Temp: XGS -> 1 1 0 3
20-01-22 15:13:21 Temp: XGT -> 2982 2982 65438
20-01-22 15:13:21 Opt: FN -> 0
20-01-22 15:13:21 Temp: RDEV -> 5
20-01-22 15:13:21 Temp: TI -> 5691 9 5700
20-01-22 15:13:21 Temp: XID -> 1 0 0
20-01-22 15:13:23 Temp: XGS -> 1 1 0 3
20-01-22 15:13:23 Temp: XGT -> 3164 3164 48
20-01-22 15:13:23 Opt: FN -> 0
20-01-22 15:13:23 Temp: RDEV -> 5
20-01-22 15:13:23 Temp: TI -> 5690 10 5700
20-01-22 15:13:23 Temp: XID -> 1 0 0
20-01-22 15:13:24 Temp: XGS -> 1 1 0 3
20-01-22 15:13:24 Temp: XGT -> 3297 3296 39
20-01-22 15:13:24 Opt: FN -> 0
20-01-22 15:13:24 Temp: RDEV -> 5
20-01-22 15:13:24 Temp: TI -> 5688 12 5700
20-01-22 15:13:24 Temp: XID -> 1 0 0
20-01-22 15:13:26 Temp: XGS -> 1 1 0 3
20-01-22 15:13:26 Temp: XGT -> 3389 3389 108
20-01-22 15:13:26 Opt: FN -> 0
20-01-22 15:13:26 Temp: RDEV -> 5
20-01-22 15:13:26 Temp: TI -> 5686 14 5700
20-01-22 15:13:26 Temp: XID -> 1 0 0
20-01-22 15:13:28 Temp: XGS -> 1 1 0 3
20-01-22 15:13:28 Temp: XGT -> 3449 3449 65524
20-01-22 15:13:28 Opt: FN -> 0
20-01-22 15:13:28 Temp: RDEV -> 5
20-01-22 15:13:28 Temp: TI -> 5684 16 5700
20-01-22 15:13:28 Temp: XID -> 1 0 0
20-01-22 15:13:30 Temp: XGS -> 1 1 0 3
20-01-22 15:13:30 Temp: XGT -> 3485 3485 65452
20-01-22 15:13:30 Opt: FN -> 0
20-01-22 15:13:30 Temp: RDEV -> 5
20-01-22 15:13:30 Temp: TI -> 5682 18 5700
20-01-22 15:13:30 Temp: XID -> 1 0 0
20-01-22 15:13:31 Temp: ST -> 0
20-01-22 15:13:32 Temp: XGS -> 0 0 1 1
20-01-22 15:13:32 Temp: XGT -> 3501 3501 65420
20-01-22 15:13:32 Opt: FN -> 0
20-01-22 15:13:32 Tft: DRAV -> DY>Ok
20-01-22 15:13:33 Temp: XGS -> 0 0 1 1
20-01-22 15:13:33 Temp: XGT -> 3504 3504 65414
20-01-22 15:13:33 Opt: FN -> 0
20-01-22 15:13:33 Tft: DRAV -> DY>Ok
20-01-22 15:13:35 Temp: XGS -> 0 0 1 1
20-01-22 15:13:35 Temp: XGT -> 3496 3496 65430
20-01-22 15:13:35 Opt: FN -> 0
20-01-22 15:13:35 Tft: DRAV -> DY>Ok
20-01-22 15:13:37 Temp: XGS -> 0 0 1 1
20-01-22 15:13:37 Temp: XGT -> 3480 3480 65462
20-01-22 15:13:37 Opt: FN -> 0
20-01-22 15:13:37 Tft: DRAV -> DY>Ok
20-01-22 15:13:39 Temp: XGS -> 0 0 1 1
20-01-22 15:13:39 Temp: XGT -> 3458 3457 65507
20-01-22 15:13:39 Opt: FN -> 0
20-01-22 15:13:39 Tft: DRAV -> DY>Ok
20-01-22 15:13:41 Temp: XGS -> 0 0 1 1
20-01-22 15:13:41 Temp: XGT -> 3430 3430 26
20-01-22 15:13:41 Opt: FN -> 0
20-01-22 15:13:41 Tft: DRAV -> DY>Ok
20-01-22 15:13:42 Temp: XGS -> 0 0 1 1
20-01-22 15:13:42 Temp: XGT -> 3398 3398 90
20-01-22 15:13:42 Opt: FN -> 0
20-01-22 15:13:43 Tft: DRAV -> DY>Ok
20-01-22 15:13:44 Temp: XGS -> 0 0 1 1
20-01-22 15:13:44 Temp: XGT -> 3364 3363 65439
20-01-22 15:13:44 Opt: FN -> 0
20-01-22 15:13:44 Tft: DRAV -> DY>Ok
20-01-22 15:13:46 Temp: XGS -> 0 0 1 1
20-01-22 15:13:46 Temp: XGT -> 3326 3326 65516
20-01-22 15:13:46 Opt: FN -> 0
20-01-22 15:13:46 Tft: DRAV -> DY>Ok
20-01-22 15:13:48 Temp: XGS -> 0 0 1 1
20-01-22 15:13:48 Temp: XGT -> 3287 3287 58
20-01-22 15:13:48 Opt: FN -> 0
20-01-22 15:13:48 Tft: DRAV -> DY>Ok
20-01-22 15:13:50 Temp: XGS -> 0 0 1 1
20-01-22 15:13:50 Temp: XGT -> 3246 3246 65420
20-01-22 15:13:50 Opt: FN -> 0
20-01-22 15:13:50 Tft: DRAV -> DY>Ok
20-01-22 15:13:52 Temp: XGS -> 0 0 1 1
20-01-22 15:13:52 Temp: XGT -> 3205 3204 65503
20-01-22 15:13:52 Opt: FN -> 0
20-01-22 15:13:52 Tft: DRAV -> DY>Ok
20-01-22 15:13:53 Temp: XGS -> 0 0 1 1
20-01-22 15:13:53 Temp: XGT -> 3162 3162 52
20-01-22 15:13:53 Opt: FN -> 0
20-01-22 15:13:53 Tft: DRAV -> DY>Ok
20-01-22 15:13:55 Temp: XGS -> 0 0 1 1
20-01-22 15:13:55 Temp: XGT -> 3118 3118 65420
20-01-22 15:13:55 Opt: FN -> 0
20-01-22 15:13:55 Tft: DRAV -> DY>Ok
20-01-22 15:13:57 Temp: XGS -> 0 0 1 1
20-01-22 15:13:57 Temp: XGT -> 3075 3075 65506
20-01-22 15:13:57 Opt: FN -> 0
20-01-22 15:13:57 Tft: DRAV -> DY>Ok
20-01-22 15:13:59 Temp: XGS -> 0 0 1 1
20-01-22 15:13:59 Temp: XGT -> 3030 3030 62
20-01-22 15:13:59 Opt: FN -> 0
20-01-22 15:13:59 Tft: DRAV -> DY>Ok
20-01-22 15:14:01 Temp: XGS -> 0 0 1 1
20-01-22 15:14:01 Temp: XGT -> 2985 2985 65432
20-01-22 15:14:01 Opt: FN -> 0
20-01-22 15:14:01 Tft: DRAV -> DY>Ok
20-01-22 15:14:02 Temp: XGS -> 0 0 1 1
20-01-22 15:14:02 Temp: XGT -> 2940 2940 65522
20-01-22 15:14:02 Opt: FN -> 0
20-01-22 15:14:02 Tft: DRAV -> DY>Ok
20-01-22 15:14:04 Temp: XGS -> 0 0 1 1
20-01-22 15:14:04 Temp: XGT -> 2895 2895 76
20-01-22 15:14:04 Opt: FN -> 0
20-01-22 15:14:04 Tft: DRAV -> DY>Ok
20-01-22 15:14:06 Temp: XGS -> 0 0 1 1
20-01-22 15:14:06 Temp: XGT -> 2850 2850 65446
20-01-22 15:14:06 Opt: FN -> 0
20-01-22 15:14:06 Tft: DRAV -> DY>Ok
20-01-22 15:14:08 Temp: XGS -> 0 0 1 1
20-01-22 15:14:08 Temp: XGT -> 2804 2804 4
20-01-22 15:14:08 Opt: FN -> 0
20-01-22 15:14:08 Tft: DRAV -> DY>Ok
20-01-22 15:14:10 Temp: XGS -> 0 0 1 1
20-01-22 15:14:10 Temp: XGT -> 2758 2758 96
20-01-22 15:14:10 Opt: FN -> 0
20-01-22 15:14:10 Tft: DRAV -> DY>Ok
20-01-22 15:14:11 Temp: XGS -> 0 0 1 1
20-01-22 15:14:11 Temp: XGT -> 2712 2712 65468
20-01-22 15:14:11 Opt: FN -> 0
20-01-22 15:14:12 Tft: DRAV -> DY>Ok
20-01-22 15:14:13 Temp: XGS -> 0 0 1 1
20-01-22 15:14:13 Temp: XGT -> 2667 2667 22
20-01-22 15:14:13 Opt: FN -> 0
20-01-22 15:14:13 Tft: DRAV -> DY>Ok
20-01-22 15:14:15 Temp: XGS -> 0 0 1 1
20-01-22 15:14:15 Temp: XGT -> 2621 2621 114
20-01-22 15:14:15 Opt: FN -> 0
20-01-22 15:14:15 Tft: DRAV -> DY>Ok
20-01-22 15:14:17 Temp: XGS -> 0 0 1 1
20-01-22 15:14:17 Temp: XGT -> 2575 2575 65486
20-01-22 15:14:17 Opt: FN -> 0
20-01-22 15:14:17 Tft: DRAV -> DY>Ok
20-01-22 15:14:19 Temp: XGS -> 0 0 1 1
20-01-22 15:14:19 Temp: XGT -> 2529 2529 44
20-01-22 15:14:19 Opt: FN -> 0
20-01-22 15:14:19 Tft: DRAV -> DY>Ok
20-01-22 15:14:21 Temp: XGS -> 0 0 1 1
20-01-22 15:14:21 Temp: XGT -> 2483 2483 65416
20-01-22 15:14:21 Opt: FN -> 0
20-01-22 15:14:21 Tft: DRAV -> DY>Ok
20-01-22 15:14:22 Temp: XGS -> 0 0 1 1
20-01-22 15:14:22 Temp: XGT -> 2437 2437 65508
20-01-22 15:14:22 Opt: FN -> 0
20-01-22 15:14:22 Tft: DRAV -> DY>Ok
20-01-22 15:14:24 Temp: XGS -> 0 0 1 1
20-01-22 15:14:24 Temp: XGT -> 2391 2391 64
20-01-22 15:14:24 Opt: FN -> 0
20-01-22 15:14:24 Tft: DRAV -> DY>Ok
20-01-22 15:14:26 Temp: XGS -> 0 0 1 1
20-01-22 15:14:26 Temp: XGT -> 2345 2345 65436
20-01-22 15:14:26 Opt: FN -> 0
20-01-22 15:14:26 Tft: DRAV -> DY>Ok
20-01-22 15:14:28 Temp: XGS -> 0 0 1 1
20-01-22 15:14:28 Temp: XGT -> 2299 2299 65530
20-01-22 15:14:28 Opt: FN -> 0
20-01-22 15:14:28 Tft: DRAV -> DY>Ok
20-01-22 15:14:30 Temp: XGS -> 0 0 1 1
20-01-22 15:14:30 Temp: XGT -> 2253 2253 86
20-01-22 15:14:30 Opt: FN -> 0
20-01-22 15:14:30 Tft: DRAV -> DY>Ok
20-01-22 15:14:31 Temp: XGS -> 0 0 1 1
20-01-22 15:14:31 Temp: XGT -> 2207 2207 65458
20-01-22 15:14:31 Opt: FN -> 0
20-01-22 15:14:31 Tft: DRAV -> DY>Ok
20-01-22 15:14:33 Temp: XGS -> 0 0 1 1
20-01-22 15:14:33 Temp: XGT -> 2163 2163 10
20-01-22 15:14:33 Opt: FN -> 0
20-01-22 15:14:33 Tft: DRAV -> DY>Ok
20-01-22 15:14:35 Temp: XGS -> 0 0 1 1
20-01-22 15:14:35 Temp: XGT -> 2127 2127 82
20-01-22 15:14:35 Opt: FN -> 0
20-01-22 15:14:35 Tft: DRAV -> DY>Ok
20-01-22 15:14:37 Temp: XGS -> 0 0 1 1
20-01-22 15:14:37 Temp: XGT -> 2099 2099 65418
20-01-22 15:14:37 Opt: FN -> 0
20-01-22 15:14:37 Tft: DRAV -> DY>Ok
20-01-22 15:14:39 Temp: XGS -> 0 0 1 1
20-01-22 15:14:39 Temp: XGT -> 2076 2076 65464
20-01-22 15:14:39 Opt: FN -> 0
20-01-22 15:14:39 Tft: DRAV -> DY>Ok
20-01-22 15:14:40 Temp: XGS -> 0 0 1 1
20-01-22 15:14:40 Temp: XGT -> 2059 2059 65498
20-01-22 15:14:41 Opt: FN -> 0
20-01-22 15:14:41 Tft: DRAV -> DY>Ok
20-01-22 15:14:42 Temp: XGS -> 0 0 1 1
20-01-22 15:14:42 Temp: XGT -> 2045 2045 65528
20-01-22 15:14:42 Opt: FN -> 0
20-01-22 15:14:42 Tft: DRAV -> DY>Ok
20-01-22 15:14:44 Temp: XGS -> 0 0 1 1
20-01-22 15:14:44 Temp: XGT -> 2034 2034 14
20-01-22 15:14:44 Opt: FN -> 0
20-01-22 15:14:44 Tft: DRAV -> DY>Ok
20-01-22 15:14:46 Temp: XGS -> 0 0 1 1
20-01-22 15:14:46 Temp: XGT -> 2026 2026 30
20-01-22 15:14:46 Opt: FN -> 0
20-01-22 15:14:46 Tft: DRAV -> DY>Ok
20-01-22 15:14:48 Temp: XGS -> 0 0 1 1
20-01-22 15:14:48 Temp: XGT -> 2019 2019 44
20-01-22 15:14:48 Opt: FN -> 0
20-01-22 15:14:48 Tft: DRAV -> DY>Ok
20-01-22 15:14:50 Temp: XGS -> 0 0 1 1
20-01-22 15:14:50 Temp: XGT -> 2014 2014 54
20-01-22 15:14:50 Opt: FN -> 0
20-01-22 15:14:50 Tft: DRAV -> DY>Ok
20-01-22 15:14:51 Temp: XGS -> 0 0 1 1
20-01-22 15:14:51 Temp: XGT -> 2010 2010 62
20-01-22 15:14:51 Opt: FN -> 0
20-01-22 15:14:51 Tft: DRAV -> DY>Ok
20-01-22 15:14:53 Temp: XGS -> 0 0 1 1
20-01-22 15:14:53 Temp: XGT -> 2007 2007 68
20-01-22 15:14:53 Opt: FN -> 0
20-01-22 15:14:53 Tft: DRAV -> DY>Ok
20-01-22 15:14:55 Temp: XGS -> 0 0 1 1
20-01-22 15:14:55 Temp: XGT -> 2005 2005 72
20-01-22 15:14:55 Opt: FN -> 0
20-01-22 15:14:55 Tft: DRAV -> DY>Ok
20-01-22 15:14:57 Temp: XGS -> 0 0 1 1
20-01-22 15:14:57 Temp: XGT -> 2003 2003 76
20-01-22 15:14:57 Opt: FN -> 0
20-01-22 15:14:57 Tft: DRAV -> DY>Ok
20-01-22 15:14:59 Temp: XGS -> 0 0 1 1
20-01-22 15:14:59 Temp: XGT -> 2002 2002 78
20-01-22 15:14:59 Opt: FN -> 0
20-01-22 15:14:59 Tft: DRAV -> DY>Ok
20-01-22 15:15:00 Temp: XGS -> 0 0 1 1
20-01-22 15:15:00 Temp: XGT -> 2001 2001 80
20-01-22 15:15:00 Opt: FN -> 0
20-01-22 15:15:00 Tft: DRAV -> DY>Ok
20-01-22 15:15:02 Temp: XGS -> 0 0 1 1
20-01-22 15:15:02 Temp: XGT -> 2000 2000 82
20-01-22 15:15:02 Opt: FN -> 0
20-01-22 15:15:02 Tft: DRAV -> DY>Ok
20-01-22 15:15:04 Temp: XGS -> 0 0 1 1
20-01-22 15:15:04 Temp: XGT -> 2000 2000 82
20-01-22 15:15:04 Opt: FN -> 0
20-01-22 15:15:04 Tft: DRAV -> DY>Ok
20-01-22 15:15:06 Temp: XGS -> 0 0 1 1
20-01-22 15:15:06 Temp: XGT -> 2000 2000 82
20-01-22 15:15:06 Opt: FN -> 0
20-01-22 15:15:06 Tft: DRAV -> DY>Ok
20-01-22 15:15:08 Temp: XGS -> 0 0 1 1
20-01-22 15:15:08 Temp: XGT -> 2000 2000 82
20-01-22 15:15:08 Opt: FN -> 0
20-01-22 15:15:08 Tft: DRAV -> DY>Ok
20-01-22 15:15:09 Temp: XGS -> 0 0 1 1
20-01-22 15:15:09 Temp: XGT -> 1999 2000 83
20-01-22 15:15:10 Opt: FN -> 0
20-01-22 15:15:10 Tft: DRAV -> DY>Ok
20-01-22 15:15:11 Temp: XGS -> 0 0 1 1
20-01-22 15:15:11 Temp: XGT -> 1999 1999 84
20-01-22 15:15:11 Opt: FN -> 0
20-01-22 15:15:11 Tft: DRAV -> DY>Ok
20-01-22 15:15:13 Temp: XGS -> 0 0 1 1
20-01-22 15:15:13 Temp: XGT -> 1999 1999 84
20-01-22 15:15:13 Opt: FN -> 0
20-01-22 15:15:13 Tft: DRAV -> DY>Ok
20-01-22 15:15:15 Temp: XGS -> 0 0 1 1
20-01-22 15:15:15 Temp: XGT -> 2000 1999 83
20-01-22 15:15:15 Opt: FN -> 0
20-01-22 15:15:15 Tft: DRAV -> DY>Ok
20-01-22 15:15:17 Temp: XGS -> 0 0 1 1
20-01-22 15:15:17 Temp: XGT -> 2000 2000 82
20-01-22 15:15:17 Opt: FN -> 0
20-01-22 15:15:17 Tft: DRAV -> DY>Ok
20-01-22 15:15:19 Temp: XGS -> 0 0 1 1
20-01-22 15:15:19 Temp: XGT -> 2000 2000 82
20-01-22 15:15:19 Opt: FN -> 0
20-01-22 15:15:19 Tft: DRAV -> DY>Ok
20-01-22 15:15:20 Temp: XGS -> 0 0 1 1
20-01-22 15:15:20 Temp: XGT -> 2000 2000 82
20-01-22 15:15:20 Opt: FN -> 0
20-01-22 15:15:20 Tft: DRAV -> DY>Ok
20-01-22 15:15:22 Temp: XGS -> 0 0 1 1
