02-12-21 09:45:41 Opt: FHW -> v3.0
02-12-21 09:45:41 Opt: FVER -> OPTICS 3.13.96 20/06/16
02-12-21 09:45:41 Temp: FVER -> AMPX 6.13 31/08/2020
02-12-21 09:45:41 Mot: FVER -> SMOT 6.11p 12/03/2013
02-12-21 09:45:41 Tft: FVER -> TFT 2.00.00 Nov 3 2021
02-12-21 09:45:41 Opt: FLCFG 0 -> 470 525
02-12-21 09:45:41 Opt: FLCFG 1 -> 532 570
02-12-21 09:45:41 Opt: FLCFG 2 -> 585 633
02-12-21 09:45:41 Opt: FLCFG 3 -> 633 675
02-12-21 09:45:41 Opt: FLCFG 4 -> 690 730
02-12-21 09:45:41 Opt: FLCFG 5 -> -1
02-12-21 09:45:41 Opt: FLCFG 6 -> -1
02-12-21 09:45:41 Opt: FLCFG 7 -> -1
02-12-21 09:45:41 Temp: DLRS 9 -> R:TY 242 B96A
02-12-21 09:45:42 Opt: FPGET 0 -> Ok
02-12-21 09:45:42 Opt: FPGET 0 -> Ok
02-12-21 09:45:42 Opt: CRDS 0 -> 0
02-12-21 09:45:42 Opt: CRDS 10 -> 0
02-12-21 09:45:42 Opt: CRDS 20 -> 0
02-12-21 09:45:42 Opt: CRDS 30 -> 0
02-12-21 09:45:42 Opt: CRDS 40 -> 0
02-12-21 09:45:42 Opt: CRDS 50 -> 0
02-12-21 09:45:42 Opt: CRDS 60 -> 0
02-12-21 09:45:42 Tft: DSAV 1 -> DY>Ok
02-12-21 09:45:42 Temp: XGP -> 0 35 3 5 0
02-12-21 09:45:42 Temp: XGB 0 -> 45 1 3
02-12-21 09:45:42 Temp: XGL 0 -> 9500 10 0 0 0 0
02-12-21 09:45:42 Temp: XGL 1 -> 6000 60 0 0 0 1
02-12-21 09:45:42 Temp: XGL 2 -> 7200 16 0 0 0 0
02-12-21 09:45:42 Temp: XGB 1 -> 1 1 1
02-12-21 09:45:42 Temp: XGL 3 -> 5500 30 0 0 0 0
02-12-21 09:45:42 Temp: XGB 2 -> 60 1 1
02-12-21 09:45:42 Temp: XGL 4 -> 5500 16 50 0 0 2
02-12-21 09:45:42 Temp: XGN -> Second
02-12-21 09:46:15 Opt: PRDS 1048 -> 0
02-12-21 09:46:15 Error! Opt: CRYC -> ???
02-12-21 09:46:15 Error! Opt: CRYC -> ???
02-12-21 09:46:16 Temp: XGS -> 0 0 1 1
02-12-21 09:46:16 Temp: XGT -> 1971 0 70
02-12-21 09:46:16 Opt: FN -> 0
02-12-21 09:46:16 Tft: DRAV -> DY>Ok
02-12-21 09:46:18 Temp: XGS -> 0 0 1 1
02-12-21 09:46:18 Temp: XGT -> 1972 0 69
02-12-21 09:46:18 Opt: FN -> 0
02-12-21 09:46:18 Tft: DRAV -> DY>Ok
02-12-21 09:46:20 Temp: XGS -> 0 0 1 1
02-12-21 09:46:20 Temp: XGT -> 1973 0 68
02-12-21 09:46:20 Opt: FN -> 0
02-12-21 09:46:20 Tft: DRAV -> DY>Ok
02-12-21 09:46:21 Temp: XGS -> 0 0 1 1
02-12-21 09:46:21 Temp: XGT -> 1974 0 67
02-12-21 09:46:21 Opt: FN -> 0
02-12-21 09:46:21 Tft: DRAV -> DY>Ok
02-12-21 09:46:23 Temp: XGS -> 0 0 1 1
02-12-21 09:46:23 Temp: XGT -> 1975 0 66
02-12-21 09:46:23 Opt: FN -> 0
02-12-21 09:46:23 Tft: DRAV -> DY>Ok
02-12-21 09:46:30 Opt: PRDS 1048 -> 0
02-12-21 09:46:30 Error! Opt: CRYC -> ???
02-12-21 09:46:30 Error! Opt: CRYC -> ???
02-12-21 09:46:30 Temp: XGS -> 0 0 1 1
02-12-21 09:46:31 Temp: XGT -> 1977 0 64
02-12-21 09:46:31 Opt: FN -> 0
02-12-21 09:46:31 Tft: DRAV -> DY>Ok
02-12-21 09:46:32 Temp: XGS -> 0 0 1 1
02-12-21 09:46:32 Temp: XGT -> 1978 0 63
02-12-21 09:46:32 Opt: FN -> 0
02-12-21 09:46:32 Tft: DRAV -> DY>Ok
02-12-21 09:46:34 Temp: XGS -> 0 0 1 1
02-12-21 09:46:34 Temp: XGT -> 1978 0 63
02-12-21 09:46:34 Opt: FN -> 0
02-12-21 09:46:34 Tft: DRAV -> DY>Ok
02-12-21 09:46:36 Temp: XGS -> 0 0 1 1
02-12-21 09:46:36 Temp: XGT -> 1979 0 62
02-12-21 09:46:36 Opt: FN -> 0
02-12-21 09:46:36 Tft: DRAV -> DY>Ok
02-12-21 09:46:38 Temp: XGS -> 0 0 1 1
02-12-21 09:46:38 Temp: XGT -> 1979 0 62
02-12-21 09:46:38 Opt: FN -> 0
02-12-21 09:46:38 Tft: DRAV -> DY>Ok
02-12-21 09:46:40 Temp: XGS -> 0 0 1 1
02-12-21 09:46:40 Temp: XGT -> 1979 0 62
02-12-21 09:46:40 Opt: FN -> 0
02-12-21 09:46:40 Tft: DRAV -> DY>Ok
02-12-21 09:46:41 Temp: XGS -> 0 0 1 1
02-12-21 09:46:41 Temp: XGT -> 1980 0 61
02-12-21 09:46:41 Opt: FN -> 0
02-12-21 09:46:41 Tft: DRAV -> DY>Ok
02-12-21 09:46:43 Temp: XGS -> 0 0 1 1
02-12-21 09:46:43 Temp: XGT -> 1980 0 61
02-12-21 09:46:43 Opt: FN -> 0
02-12-21 09:46:43 Tft: DRAV -> DY>Ok
02-12-21 09:47:16 Opt: PRDS 1048 -> 0
02-12-21 09:47:16 Error! Opt: CRYC -> ???
02-12-21 09:47:16 Error! Opt: CRYC -> ???
02-12-21 09:47:17 Temp: XGS -> 0 0 1 1
02-12-21 09:47:17 Temp: XGT -> 1982 0 59
02-12-21 09:47:17 Opt: FN -> 0
02-12-21 09:47:17 Tft: DRAV -> DY>Ok
02-12-21 09:47:19 Temp: XGS -> 0 0 1 1
02-12-21 09:47:19 Temp: XGT -> 1982 0 59
02-12-21 09:47:19 Opt: FN -> 0
02-12-21 09:47:19 Tft: DRAV -> DY>Ok
02-12-21 09:47:20 Temp: XGS -> 0 0 1 1
02-12-21 09:47:20 Temp: XGT -> 1982 0 59
02-12-21 09:47:20 Opt: FN -> 0
02-12-21 09:47:20 Tft: DRAV -> DY>Ok
02-12-21 09:47:22 Temp: XGS -> 0 0 1 1
02-12-21 09:47:22 Temp: XGT -> 1982 0 59
02-12-21 09:47:22 Opt: FN -> 0
02-12-21 09:47:22 Tft: DRAV -> DY>Ok
02-12-21 09:47:24 Temp: XGS -> 0 0 1 1
02-12-21 09:47:24 Temp: XGT -> 1982 0 59
02-12-21 09:47:24 Opt: FN -> 0
02-12-21 09:47:24 Tft: DRAV -> DY>Ok
02-12-21 09:47:26 Temp: XGS -> 0 0 1 1
02-12-21 09:47:26 Temp: XGT -> 1982 0 59
02-12-21 09:47:26 Opt: FN -> 0
02-12-21 09:47:26 Tft: DRAV -> DY>Ok
02-12-21 09:47:28 Temp: XGS -> 0 0 1 1
02-12-21 09:47:28 Temp: XGT -> 1982 0 59
02-12-21 09:47:28 Opt: FN -> 0
02-12-21 09:47:28 Tft: DRAV -> DY>Ok
02-12-21 09:48:06 Opt: PRDS 1048 -> 0
02-12-21 09:48:06 Error! Opt: CRYC -> ???
02-12-21 09:48:06 Error! Opt: CRYC -> ???
02-12-21 09:48:06 Temp: XGS -> 0 0 1 1
02-12-21 09:48:06 Temp: XGT -> 1982 0 59
02-12-21 09:48:06 Opt: FN -> 0
02-12-21 09:48:06 Tft: DRAV -> DY>Ok
02-12-21 09:48:08 Temp: XGS -> 0 0 1 1
02-12-21 09:48:08 Temp: XGT -> 1982 0 59
02-12-21 09:48:08 Opt: FN -> 0
02-12-21 09:48:08 Tft: DRAV -> DY>Ok
02-12-21 09:48:10 Temp: XGS -> 0 0 1 1
02-12-21 09:48:10 Temp: XGT -> 1982 0 59
02-12-21 09:48:10 Opt: FN -> 0
02-12-21 09:48:10 Tft: DRAV -> DY>Ok
02-12-21 09:48:56 Opt: FHW -> v3.0
02-12-21 09:48:56 Opt: FVER -> OPTICS 3.13.96 20/06/16
02-12-21 09:48:56 Temp: FVER -> AMPX 6.13 31/08/2020
02-12-21 09:48:56 Mot: FVER -> SMOT 6.11p 12/03/2013
02-12-21 09:48:56 Tft: FVER -> TFT 2.00.00 Nov 3 2021
02-12-21 09:48:56 Opt: FLCFG 0 -> 470 525
02-12-21 09:48:56 Opt: FLCFG 1 -> 532 570
02-12-21 09:48:56 Opt: FLCFG 2 -> 585 633
02-12-21 09:48:56 Opt: FLCFG 3 -> 633 675
02-12-21 09:48:56 Opt: FLCFG 4 -> 690 730
02-12-21 09:48:56 Opt: FLCFG 5 -> -1
02-12-21 09:48:56 Opt: FLCFG 6 -> -1
02-12-21 09:48:56 Opt: FLCFG 7 -> -1
02-12-21 09:48:56 Temp: DLRS 9 -> R:TY 242 B96A
02-12-21 09:48:57 Opt: FPGET 0 -> Ok
02-12-21 09:48:57 Opt: FPGET 0 -> Ok
02-12-21 09:48:57 Opt: CRDS 0 -> 0
02-12-21 09:48:57 Opt: CRDS 10 -> 0
02-12-21 09:48:57 Opt: CRDS 20 -> 0
02-12-21 09:48:57 Opt: CRDS 30 -> 0
02-12-21 09:48:57 Opt: CRDS 40 -> 0
02-12-21 09:48:57 Opt: CRDS 50 -> 0
02-12-21 09:48:57 Opt: CRDS 60 -> 0
02-12-21 09:48:57 Tft: DSAV 1 -> DY>Ok
02-12-21 09:48:57 Temp: XGP -> 0 35 3 5 0
02-12-21 09:48:57 Temp: XGB 0 -> 45 1 3
02-12-21 09:48:57 Temp: XGL 0 -> 9500 10 0 0 0 0
02-12-21 09:48:57 Temp: XGL 1 -> 6000 60 0 0 0 1
02-12-21 09:48:57 Temp: XGL 2 -> 7200 16 0 0 0 0
02-12-21 09:48:57 Temp: XGB 1 -> 1 1 1
02-12-21 09:48:57 Temp: XGL 3 -> 5500 30 0 0 0 0
02-12-21 09:48:57 Temp: XGB 2 -> 60 1 1
02-12-21 09:48:57 Temp: XGL 4 -> 5500 16 50 0 0 2
02-12-21 09:48:57 Temp: XGN -> Second
02-12-21 09:48:57 Temp: XGS -> 0 0 1 1
02-12-21 09:48:57 Temp: XGT -> 1983 0 58
02-12-21 09:48:57 Opt: FN -> 0
02-12-21 09:48:57 Tft: DRAV -> DY>Ok
02-12-21 09:48:57 Opt: PRDS 1048 -> 0
02-12-21 09:48:57 Error! Opt: CRYC -> ???
02-12-21 09:48:58 Error! Opt: CRYC -> ???
02-12-21 09:48:58 Temp: XGS -> 0 0 1 1
02-12-21 09:48:58 Temp: XGT -> 1983 0 58
02-12-21 09:48:58 Opt: FN -> 0
02-12-21 09:48:58 Tft: DRAV -> DY>Ok
02-12-21 09:48:59 Temp: XGS -> 0 0 1 1
02-12-21 09:48:59 Temp: XGT -> 1983 0 58
02-12-21 09:48:59 Opt: FN -> 0
02-12-21 09:48:59 Tft: DRAV -> DY>Ok
02-12-21 09:49:01 Temp: XGS -> 0 0 1 1
02-12-21 09:49:01 Temp: XGT -> 1983 0 58
02-12-21 09:49:01 Opt: FN -> 0
02-12-21 09:49:01 Tft: DRAV -> DY>Ok
02-12-21 09:49:03 Temp: XGS -> 0 0 1 1
02-12-21 09:49:03 Temp: XGT -> 1983 0 58
02-12-21 09:49:03 Opt: FN -> 0
02-12-21 09:49:03 Tft: DRAV -> DY>Ok
02-12-21 09:49:05 Temp: XGS -> 0 0 1 1
02-12-21 09:49:05 Temp: XGT -> 1983 0 58
02-12-21 09:49:05 Opt: FN -> 0
02-12-21 09:49:05 Tft: DRAV -> DY>Ok
02-12-21 09:51:51 Opt: PRDS 1048 -> 0
02-12-21 09:51:51 Error! Opt: CRYC -> ???
02-12-21 09:51:52 Error! Opt: CRYC -> ???
02-12-21 09:51:52 Temp: XGS -> 0 0 1 1
02-12-21 09:51:52 Temp: XGT -> 2000 0 41
02-12-21 09:51:52 Opt: FN -> 0
02-12-21 09:51:52 Tft: DRAV -> DY>Ok
02-12-21 09:51:54 Temp: XGS -> 0 0 1 1
02-12-21 09:51:54 Temp: XGT -> 2000 0 41
02-12-21 09:51:54 Opt: FN -> 0
02-12-21 09:51:54 Tft: DRAV -> DY>Ok
02-12-21 09:51:56 Temp: XGS -> 0 0 1 1
02-12-21 09:51:56 Temp: XGT -> 2000 0 41
02-12-21 09:51:56 Opt: FN -> 0
02-12-21 09:51:56 Tft: DRAV -> DY>Ok
02-12-21 09:51:58 Temp: XGS -> 0 0 1 1
02-12-21 09:51:58 Temp: XGT -> 2000 0 41
02-12-21 09:51:58 Opt: FN -> 0
02-12-21 09:51:58 Tft: DRAV -> DY>Ok
02-12-21 10:21:53 Opt: PRDS 1048 -> 0
02-12-21 10:21:53 Error! Opt: CRYC -> ???
02-12-21 10:21:53 Error! Opt: CRYC -> ???
02-12-21 10:21:54 Temp: XGS -> 0 0 1 1
02-12-21 10:21:54 Temp: XGT -> 2000 0 41
02-12-21 10:21:54 Opt: FN -> 0
02-12-21 10:21:54 Tft: DRAV -> DY>Ok
02-12-21 10:21:56 Temp: XGS -> 0 0 1 1
02-12-21 10:21:56 Temp: XGT -> 2000 0 41
02-12-21 10:21:56 Opt: FN -> 0
02-12-21 10:21:56 Tft: DRAV -> DY>Ok
02-12-21 10:21:57 Temp: XGS -> 0 0 1 1
02-12-21 10:21:57 Temp: XGT -> 2000 0 41
02-12-21 10:21:57 Opt: FN -> 0
02-12-21 10:21:58 Tft: DRAV -> DY>Ok
02-12-21 10:21:59 Temp: XGS -> 0 0 1 1
02-12-21 10:21:59 Temp: XGT -> 2000 0 41
02-12-21 10:21:59 Opt: FN -> 0
02-12-21 10:21:59 Tft: DRAV -> DY>Ok
02-12-21 10:22:01 Temp: XGS -> 0 0 1 1
02-12-21 10:22:01 Temp: XGT -> 2000 0 41
02-12-21 10:22:01 Opt: FN -> 0
02-12-21 10:22:01 Tft: DRAV -> DY>Ok
02-12-21 10:22:03 Temp: XGS -> 0 0 1 1
02-12-21 10:22:03 Temp: XGT -> 2000 0 41
02-12-21 10:22:03 Opt: FN -> 0
02-12-21 10:22:03 Tft: DRAV -> DY>Ok
02-12-21 10:22:05 Temp: XGS -> 0 0 1 1
02-12-21 10:22:05 Temp: XGT -> 2000 0 41
02-12-21 10:22:05 Opt: FN -> 0
02-12-21 10:22:05 Tft: DRAV -> DY>Ok
02-12-21 10:22:07 Temp: XGS -> 0 0 1 1
02-12-21 10:22:07 Temp: XGT -> 2000 0 41
02-12-21 10:22:07 Opt: FN -> 0
02-12-21 10:22:07 Tft: DRAV -> DY>Ok
02-12-21 10:22:08 Temp: XGS -> 0 0 1 1
02-12-21 10:22:08 Temp: XGT -> 2000 0 41
02-12-21 10:22:08 Opt: FN -> 0
02-12-21 10:22:08 Tft: DRAV -> DY>Ok
02-12-21 10:22:38 Opt: PRDS 1048 -> 0
02-12-21 10:22:38 Error! Opt: CRYC -> ???
02-12-21 10:22:38 Error! Opt: CRYC -> ???
02-12-21 10:22:39 Temp: XGS -> 0 0 1 1
02-12-21 10:22:39 Temp: XGT -> 1999 0 42
02-12-21 10:22:39 Opt: FN -> 0
02-12-21 10:22:39 Tft: DRAV -> DY>Ok
02-12-21 10:22:58 Opt: FHW -> v3.0
02-12-21 10:22:58 Opt: FVER -> OPTICS 3.13.96 20/06/16
02-12-21 10:22:58 Temp: FVER -> AMPX 6.13 31/08/2020
02-12-21 10:22:58 Mot: FVER -> SMOT 6.11p 12/03/2013
02-12-21 10:22:58 Tft: FVER -> TFT 2.00.00 Nov 3 2021
02-12-21 10:22:58 Opt: FLCFG 0 -> 470 525
02-12-21 10:22:58 Opt: FLCFG 1 -> 532 570
02-12-21 10:22:58 Opt: FLCFG 2 -> 585 633
02-12-21 10:22:58 Opt: FLCFG 3 -> 633 675
02-12-21 10:22:58 Opt: FLCFG 4 -> 690 730
02-12-21 10:22:58 Opt: FLCFG 5 -> -1
02-12-21 10:22:58 Opt: FLCFG 6 -> -1
02-12-21 10:22:58 Opt: FLCFG 7 -> -1
02-12-21 10:22:58 Temp: DLRS 9 -> R:TY 242 B96A
02-12-21 10:22:58 Opt: FPGET 0 -> Ok
02-12-21 10:22:58 Opt: FPGET 0 -> Ok
02-12-21 10:22:58 Opt: CRDS 0 -> 0
02-12-21 10:22:58 Opt: CRDS 10 -> 0
02-12-21 10:22:58 Opt: CRDS 20 -> 0
02-12-21 10:22:58 Opt: CRDS 30 -> 0
02-12-21 10:22:58 Opt: CRDS 40 -> 0
02-12-21 10:22:58 Opt: CRDS 50 -> 0
02-12-21 10:22:58 Opt: CRDS 60 -> 0
02-12-21 10:22:59 Tft: DSAV 1 -> DY>Ok
02-12-21 10:22:59 Temp: XGP -> 0 35 3 5 0
02-12-21 10:22:59 Temp: XGB 0 -> 45 1 3
02-12-21 10:22:59 Temp: XGL 0 -> 9500 10 0 0 0 0
02-12-21 10:22:59 Temp: XGL 1 -> 6000 60 0 0 0 1
02-12-21 10:22:59 Temp: XGL 2 -> 7200 16 0 0 0 0
02-12-21 10:22:59 Temp: XGB 1 -> 1 1 1
02-12-21 10:22:59 Temp: XGL 3 -> 5500 30 0 0 0 0
02-12-21 10:22:59 Temp: XGB 2 -> 60 1 1
02-12-21 10:22:59 Temp: XGL 4 -> 5500 16 50 0 0 2
02-12-21 10:22:59 Temp: XGN -> Second
02-12-21 10:22:59 Temp: XGS -> 0 0 1 1
02-12-21 10:22:59 Temp: XGT -> 2000 0 41
02-12-21 10:22:59 Opt: FN -> 0
02-12-21 10:22:59 Tft: DRAV -> DY>Ok
02-12-21 10:22:59 Opt: PRDS 1048 -> 0
02-12-21 10:22:59 Error! Opt: CRYC -> ???
02-12-21 10:22:59 Error! Opt: CRYC -> ???
02-12-21 10:23:01 Temp: XGS -> 0 0 1 1
02-12-21 10:23:01 Temp: XGT -> 2000 0 41
02-12-21 10:23:01 Opt: FN -> 0
02-12-21 10:23:01 Tft: DRAV -> DY>Ok
02-12-21 10:23:03 Temp: XGS -> 0 0 1 1
02-12-21 10:23:03 Temp: XGT -> 2000 0 41
02-12-21 10:23:03 Opt: FN -> 0
02-12-21 10:23:03 Tft: DRAV -> DY>Ok
02-12-21 10:23:05 Temp: XGS -> 0 0 1 1
02-12-21 10:23:05 Temp: XGT -> 2000 0 41
02-12-21 10:23:05 Opt: FN -> 0
02-12-21 10:23:05 Tft: DRAV -> DY>Ok
02-12-21 10:23:06 Temp: XGS -> 0 0 1 1
02-12-21 10:23:06 Temp: XGT -> 2000 0 41
02-12-21 10:23:06 Opt: FN -> 0
02-12-21 10:23:06 Tft: DRAV -> DY>Ok
02-12-21 10:23:08 Temp: XGS -> 0 0 1 1
02-12-21 10:23:08 Temp: XGT -> 1999 0 42
02-12-21 10:23:08 Opt: FN -> 0
02-12-21 10:23:08 Tft: DRAV -> DY>Ok
02-12-21 11:05:17 Opt: FHW -> v3.0
02-12-21 11:05:17 Opt: FVER -> OPTICS 3.13.96 20/06/16
02-12-21 11:05:17 Temp: FVER -> AMPX 6.13 31/08/2020
02-12-21 11:05:17 Mot: FVER -> SMOT 6.11p 12/03/2013
02-12-21 11:05:17 Tft: FVER -> TFT 2.00.00 Nov 3 2021
02-12-21 11:05:17 Opt: FLCFG 0 -> 470 525
02-12-21 11:05:17 Opt: FLCFG 1 -> 532 570
02-12-21 11:05:17 Opt: FLCFG 2 -> 585 633
02-12-21 11:05:17 Opt: FLCFG 3 -> 633 675
02-12-21 11:05:17 Opt: FLCFG 4 -> 690 730
02-12-21 11:05:17 Opt: FLCFG 5 -> -1
02-12-21 11:05:17 Opt: FLCFG 6 -> -1
02-12-21 11:05:17 Opt: FLCFG 7 -> -1
02-12-21 11:05:18 Temp: DLRS 9 -> R:TY 242 B96A
02-12-21 11:05:18 Opt: FPGET 0 -> Ok
02-12-21 11:05:18 Opt: FPGET 0 -> Ok
02-12-21 11:05:18 Opt: CRDS 0 -> 0
02-12-21 11:05:18 Opt: CRDS 10 -> 0
02-12-21 11:05:18 Opt: CRDS 20 -> 0
02-12-21 11:05:18 Opt: CRDS 30 -> 0
02-12-21 11:05:18 Opt: CRDS 40 -> 0
02-12-21 11:05:18 Opt: CRDS 50 -> 0
02-12-21 11:05:18 Opt: CRDS 60 -> 0
02-12-21 11:05:18 Tft: DSAV 1 -> DY>Ok
02-12-21 11:05:18 Temp: XGP -> 0 35 3 5 0
02-12-21 11:05:18 Temp: XGB 0 -> 45 1 3
02-12-21 11:05:18 Temp: XGL 0 -> 9500 10 0 0 0 0
02-12-21 11:05:18 Temp: XGL 1 -> 6000 60 0 0 0 1
02-12-21 11:05:18 Temp: XGL 2 -> 7200 16 0 0 0 0
02-12-21 11:05:18 Temp: XGB 1 -> 1 1 1
02-12-21 11:05:18 Temp: XGL 3 -> 5500 30 0 0 0 0
02-12-21 11:05:18 Temp: XGB 2 -> 60 1 1
02-12-21 11:05:18 Temp: XGL 4 -> 5500 16 50 0 0 2
02-12-21 11:05:18 Temp: XGN -> Second
16-12-21 16:44:48 Opt: FHW -> v3.0
16-12-21 16:44:48 Opt: FVER -> OPTICS 3.13.96 20/06/16
16-12-21 16:44:48 Temp: FVER -> AMPX 6.13 31/08/2020
16-12-21 16:44:48 Mot: FVER -> SMOT 6.11p 12/03/2013
16-12-21 16:44:57 Error! Tft: FVER -> uC isn't open
16-12-21 16:44:57 Opt: FLCFG 0 -> 470 525
16-12-21 16:44:57 Opt: FLCFG 1 -> 532 570
16-12-21 16:44:57 Opt: FLCFG 2 -> 585 633
16-12-21 16:44:57 Opt: FLCFG 3 -> 633 675
16-12-21 16:44:57 Opt: FLCFG 4 -> 690 730
16-12-21 16:44:57 Opt: FLCFG 5 -> -1
16-12-21 16:44:57 Opt: FLCFG 6 -> -1
16-12-21 16:44:57 Opt: FLCFG 7 -> -1
16-12-21 16:44:57 Temp: DLRS 9 -> R:TY 242 B96A
16-12-21 16:44:57 Opt: FPGET 0 -> Ok
16-12-21 16:44:57 Opt: FPGET 0 -> Ok
16-12-21 16:44:57 Opt: CRDS 0 -> 0
16-12-21 16:44:57 Opt: CRDS 10 -> 0
16-12-21 16:44:57 Opt: CRDS 20 -> 0
16-12-21 16:44:57 Opt: CRDS 30 -> 0
16-12-21 16:44:57 Opt: CRDS 40 -> 0
16-12-21 16:44:57 Opt: CRDS 50 -> 0
16-12-21 16:44:57 Opt: CRDS 60 -> 0
16-12-21 16:45:06 Error! Tft: DSAV 1 -> uC isn't open
16-12-21 16:45:06 Temp: XGP -> 0 35 4 4 0
16-12-21 16:45:06 Temp: XGB 0 -> 1 1 1
16-12-21 16:45:06 Temp: XGL 0 -> 3000 15 0 0 0 0
16-12-21 16:45:06 Temp: XGB 1 -> 68 1 1
16-12-21 16:45:06 Temp: XGL 1 -> 3000 16 100 0 0 2
16-12-21 16:45:06 Temp: XGB 2 -> 1 1 1
16-12-21 16:45:06 Temp: XGL 2 -> 9000 16 0 0 0 0
16-12-21 16:45:06 Temp: XGB 3 -> 0 3 1
16-12-21 16:45:06 Temp: XGL 3 -> 2000 15 0 0 0 0
16-12-21 16:45:06 Temp: XGN -> Example
16-12-21 16:45:20 Opt: PRDS 1048 -> 0
16-12-21 16:45:20 Error! Opt: CRYC -> ???
16-12-21 16:45:20 Error! Opt: CRYC -> ???
16-12-21 16:45:21 Temp: XGS -> 0 0 1 1
16-12-21 16:45:21 Temp: XGT -> 1977 0 64
16-12-21 16:45:21 Opt: FN -> 4
16-12-21 16:45:29 Error! Tft: DRAV -> uC isn't open
16-12-21 16:45:30 Temp: XGS -> 0 0 1 1
16-12-21 16:45:30 Temp: XGT -> 1980 0 61
16-12-21 16:45:30 Opt: FN -> 4
16-12-21 16:45:38 Error! Tft: DRAV -> uC isn't open
16-12-21 16:45:38 Temp: XGS -> 0 0 1 1
16-12-21 16:45:39 Temp: XGT -> 1981 0 60
16-12-21 16:45:39 Opt: FN -> 4
16-12-21 16:45:47 Error! Tft: DRAV -> uC isn't open
16-12-21 16:45:48 Temp: XGS -> 0 0 1 1
16-12-21 16:45:48 Temp: XGT -> 1981 0 60
16-12-21 16:45:48 Opt: FN -> 4
16-12-21 16:45:56 Error! Tft: DRAV -> uC isn't open
16-12-21 16:45:57 Temp: XGS -> 0 0 1 1
16-12-21 16:45:57 Temp: XGT -> 1982 0 59
16-12-21 16:45:57 Opt: FN -> 4
16-12-21 16:46:05 Error! Tft: DRAV -> uC isn't open
16-12-21 16:46:06 Temp: XGS -> 0 0 1 1
16-12-21 16:46:06 Temp: XGT -> 1982 0 59
16-12-21 16:46:06 Opt: FN -> 4
16-12-21 16:46:15 Error! Tft: DRAV -> uC isn't open
16-12-21 16:46:15 Temp: XGS -> 0 0 1 1
16-12-21 16:46:15 Temp: XGT -> 1982 0 59
16-12-21 16:46:15 Opt: FN -> 4
16-12-21 16:46:23 Error! Tft: DRAV -> uC isn't open
16-12-21 16:46:24 Temp: XGS -> 0 0 1 1
16-12-21 16:46:24 Temp: XGT -> 1982 0 59
16-12-21 16:46:24 Opt: FN -> 4
16-12-21 16:46:33 Error! Tft: DRAV -> uC isn't open
16-12-21 16:46:33 Temp: XGS -> 0 0 1 1
16-12-21 16:46:33 Temp: XGT -> 1982 0 59
16-12-21 16:46:33 Opt: FN -> 4
16-12-21 16:46:41 Error! Tft: DRAV -> uC isn't open
16-12-21 16:46:42 Temp: XGS -> 0 0 1 1
16-12-21 16:46:42 Temp: XGT -> 1982 0 59
16-12-21 16:46:42 Opt: FN -> 4
16-12-21 16:46:51 Error! Tft: DRAV -> uC isn't open
16-12-21 16:46:51 Temp: XGS -> 0 0 1 1
16-12-21 16:46:51 Temp: XGT -> 1982 0 59
16-12-21 16:46:51 Opt: FN -> 4
16-12-21 16:46:59 Error! Tft: DRAV -> uC isn't open
16-12-21 16:46:59 Temp: XGS -> 0 0 1 1
16-12-21 16:46:59 Temp: XGT -> 1982 0 59
16-12-21 16:46:59 Opt: FN -> 4
16-12-21 16:47:08 Error! Tft: DRAV -> uC isn't open
16-12-21 16:47:08 Temp: XGS -> 0 0 1 1
16-12-21 16:47:08 Temp: XGT -> 1982 0 59
16-12-21 16:47:08 Opt: FN -> 4
16-12-21 16:47:16 Error! Tft: DRAV -> uC isn't open
16-12-21 16:47:17 Temp: XGS -> 0 0 1 1
16-12-21 16:47:17 Temp: XGT -> 1982 0 59
16-12-21 16:47:17 Opt: FN -> 4
16-12-21 16:47:26 Error! Tft: DRAV -> uC isn't open
16-12-21 16:47:26 Temp: XGS -> 0 0 1 1
16-12-21 16:47:26 Temp: XGT -> 1982 0 59
16-12-21 16:47:26 Opt: FN -> 4
16-12-21 16:47:34 Error! Tft: DRAV -> uC isn't open
16-12-21 16:47:34 Temp: XGS -> 0 0 1 1
16-12-21 16:47:34 Temp: XGT -> 1982 0 59
16-12-21 16:47:34 Opt: FN -> 4
16-12-21 16:47:43 Error! Tft: DRAV -> uC isn't open
16-12-21 16:47:43 Temp: XGS -> 0 0 1 1
16-12-21 16:47:43 Temp: XGT -> 1982 0 59
16-12-21 16:47:43 Opt: FN -> 4
16-12-21 16:47:51 Error! Tft: DRAV -> uC isn't open
16-12-21 16:47:52 Temp: XGS -> 0 0 1 1
16-12-21 16:47:52 Temp: XGT -> 1982 0 59
16-12-21 16:47:52 Opt: FN -> 4
16-12-21 16:48:00 Error! Tft: DRAV -> uC isn't open
16-12-21 16:48:00 Temp: XGS -> 0 0 1 1
16-12-21 16:48:00 Temp: XGT -> 1982 0 59
16-12-21 16:48:00 Opt: FN -> 4
16-12-21 16:48:09 Error! Tft: DRAV -> uC isn't open
16-12-21 16:48:10 Temp: XGS -> 0 0 1 1
16-12-21 16:48:10 Temp: XGT -> 1982 0 59
16-12-21 16:48:10 Opt: FN -> 4
16-12-21 16:48:18 Error! Tft: DRAV -> uC isn't open
16-12-21 16:48:18 Temp: XGS -> 0 0 1 1
16-12-21 16:48:18 Temp: XGT -> 1982 0 59
16-12-21 16:48:18 Opt: FN -> 4
16-12-21 16:48:27 Error! Tft: DRAV -> uC isn't open
16-12-21 16:48:28 Temp: XGS -> 0 0 1 1
16-12-21 16:48:28 Temp: XGT -> 1982 0 59
16-12-21 16:48:28 Opt: FN -> 4
16-12-21 16:48:36 Error! Tft: DRAV -> uC isn't open
16-12-21 16:48:36 Temp: XGS -> 0 0 1 1
16-12-21 16:48:36 Temp: XGT -> 1983 0 58
16-12-21 16:48:36 Opt: FN -> 4
16-12-21 16:48:45 Error! Tft: DRAV -> uC isn't open
16-12-21 16:48:45 Temp: XGS -> 0 0 1 1
16-12-21 16:48:45 Temp: XGT -> 1983 0 58
16-12-21 16:48:45 Opt: FN -> 4
16-12-21 16:48:53 Error! Tft: DRAV -> uC isn't open
16-12-21 16:48:53 Temp: XGS -> 0 0 1 1
16-12-21 16:48:53 Temp: XGT -> 1983 0 58
16-12-21 16:48:53 Opt: FN -> 4
16-12-21 16:49:02 Error! Tft: DRAV -> uC isn't open
16-12-21 16:49:03 Temp: XGS -> 0 0 1 1
16-12-21 16:49:03 Temp: XGT -> 1983 0 58
16-12-21 16:49:03 Opt: FN -> 4
16-12-21 16:49:11 Error! Tft: DRAV -> uC isn't open
16-12-21 16:49:11 Temp: XGS -> 0 0 1 1
16-12-21 16:49:11 Temp: XGT -> 1983 0 58
16-12-21 16:49:11 Opt: FN -> 4
16-12-21 16:49:20 Error! Tft: DRAV -> uC isn't open
16-12-21 16:49:20 Temp: XGS -> 0 0 1 1
16-12-21 16:49:20 Temp: XGT -> 1983 0 58
16-12-21 16:49:20 Opt: FN -> 4
16-12-21 16:49:28 Error! Tft: DRAV -> uC isn't open
16-12-21 16:49:28 Temp: XGS -> 0 0 1 1
16-12-21 16:49:28 Temp: XGT -> 1983 0 58
16-12-21 16:49:28 Opt: FN -> 4
16-12-21 16:49:37 Error! Tft: DRAV -> uC isn't open
16-12-21 16:49:37 Temp: XGS -> 0 0 1 1
16-12-21 16:49:37 Temp: XGT -> 1983 0 58
16-12-21 16:49:37 Opt: FN -> 4
16-12-21 16:49:46 Error! Tft: DRAV -> uC isn't open
16-12-21 16:49:46 Temp: XGS -> 0 0 1 1
16-12-21 16:49:46 Temp: XGT -> 1984 0 57
16-12-21 16:49:46 Opt: FN -> 4
16-12-21 16:49:54 Error! Tft: DRAV -> uC isn't open
16-12-21 16:49:55 Temp: XGS -> 0 0 1 1
16-12-21 16:49:55 Temp: XGT -> 1984 0 57
16-12-21 16:49:55 Opt: FN -> 4
16-12-21 16:50:04 Error! Tft: DRAV -> uC isn't open
16-12-21 16:50:04 Temp: XGS -> 0 0 1 1
16-12-21 16:50:04 Temp: XGT -> 1985 0 56
16-12-21 16:50:04 Opt: FN -> 4
16-12-21 16:50:12 Error! Tft: DRAV -> uC isn't open
16-12-21 16:50:13 Temp: XGS -> 0 0 1 1
16-12-21 16:50:13 Temp: XGT -> 1985 0 56
16-12-21 16:50:13 Opt: FN -> 4
16-12-21 16:50:22 Error! Tft: DRAV -> uC isn't open
16-12-21 16:50:22 Temp: XGS -> 0 0 1 1
16-12-21 16:50:22 Temp: XGT -> 1988 0 53
16-12-21 16:50:22 Opt: FN -> 4
16-12-21 16:50:30 Error! Tft: DRAV -> uC isn't open
16-12-21 16:50:31 Temp: XGS -> 0 0 1 1
16-12-21 16:50:31 Temp: XGT -> 1992 0 49
16-12-21 16:50:31 Opt: FN -> 4
16-12-21 16:50:40 Error! Tft: DRAV -> uC isn't open
16-12-21 16:50:40 Temp: XGS -> 0 0 1 1
16-12-21 16:50:40 Temp: XGT -> 1995 0 46
16-12-21 16:50:40 Opt: FN -> 4
16-12-21 16:50:48 Error! Tft: DRAV -> uC isn't open
16-12-21 16:50:49 Temp: XGS -> 0 0 1 1
16-12-21 16:50:49 Temp: XGT -> 1997 0 44
16-12-21 16:50:49 Opt: FN -> 4
16-12-21 16:50:58 Error! Tft: DRAV -> uC isn't open
16-12-21 16:50:58 Temp: XGS -> 0 0 1 1
16-12-21 16:50:58 Temp: XGT -> 1997 0 44
16-12-21 16:50:58 Opt: FN -> 4
16-12-21 16:51:06 Error! Tft: DRAV -> uC isn't open
16-12-21 16:51:07 Temp: XGS -> 0 0 1 1
16-12-21 16:51:07 Temp: XGT -> 1997 0 44
16-12-21 16:51:07 Opt: FN -> 4
16-12-21 16:51:16 Error! Tft: DRAV -> uC isn't open
16-12-21 16:51:16 Temp: XGS -> 0 0 1 1
16-12-21 16:51:16 Temp: XGT -> 1998 0 43
16-12-21 16:51:16 Opt: FN -> 4
16-12-21 16:51:24 Error! Tft: DRAV -> uC isn't open
16-12-21 16:51:24 Temp: XGS -> 0 0 1 1
16-12-21 16:51:25 Temp: XGT -> 1999 0 42
16-12-21 16:51:25 Opt: FN -> 4
16-12-21 16:51:33 Error! Tft: DRAV -> uC isn't open
16-12-21 16:51:33 Temp: XGS -> 0 0 1 1
16-12-21 16:51:33 Temp: XGT -> 2000 0 41
16-12-21 16:51:33 Opt: FN -> 4
16-12-21 16:51:42 Error! Tft: DRAV -> uC isn't open
16-12-21 16:51:43 Temp: XGS -> 0 0 1 1
16-12-21 16:51:43 Temp: XGT -> 2000 0 41
16-12-21 16:51:43 Opt: FN -> 4
16-12-21 16:51:51 Error! Tft: DRAV -> uC isn't open
16-12-21 16:51:51 Temp: XGS -> 0 0 1 1
16-12-21 16:51:51 Temp: XGT -> 2000 0 41
16-12-21 16:51:51 Opt: FN -> 4
16-12-21 16:52:00 Error! Tft: DRAV -> uC isn't open
16-12-21 16:52:00 Temp: XGS -> 0 0 1 1
16-12-21 16:52:00 Temp: XGT -> 1999 0 42
16-12-21 16:52:00 Opt: FN -> 4
16-12-21 16:52:08 Error! Tft: DRAV -> uC isn't open
16-12-21 16:52:08 Temp: XGS -> 0 0 1 1
16-12-21 16:52:08 Temp: XGT -> 1998 0 43
16-12-21 16:52:08 Opt: FN -> 4
16-12-21 16:52:17 Error! Tft: DRAV -> uC isn't open
16-12-21 16:52:17 Temp: XGS -> 0 0 1 1
16-12-21 16:52:17 Temp: XGT -> 1999 0 42
16-12-21 16:52:17 Opt: FN -> 4
16-12-21 16:52:25 Error! Tft: DRAV -> uC isn't open
16-12-21 16:52:25 Temp: XGS -> 0 0 1 1
16-12-21 16:52:25 Temp: XGT -> 2000 0 41
16-12-21 16:52:25 Opt: FN -> 4
16-12-21 16:52:34 Error! Tft: DRAV -> uC isn't open
16-12-21 16:52:35 Temp: XGS -> 0 0 1 1
16-12-21 16:52:35 Temp: XGT -> 2000 0 41
16-12-21 16:52:35 Opt: FN -> 4
16-12-21 16:52:43 Error! Tft: DRAV -> uC isn't open
16-12-21 16:52:43 Temp: XGS -> 0 0 1 1
16-12-21 16:52:43 Temp: XGT -> 2000 0 41
16-12-21 16:52:43 Opt: FN -> 4
16-12-21 16:52:52 Error! Tft: DRAV -> uC isn't open
16-12-21 16:52:53 Temp: XGS -> 0 0 1 1
16-12-21 16:52:53 Temp: XGT -> 2000 0 41
16-12-21 16:52:53 Opt: FN -> 4
16-12-21 16:53:01 Error! Tft: DRAV -> uC isn't open
16-12-21 16:53:01 Temp: XGS -> 0 0 1 1
16-12-21 16:53:01 Temp: XGT -> 1998 0 43
16-12-21 16:53:01 Opt: FN -> 4
16-12-21 16:53:10 Error! Tft: DRAV -> uC isn't open
16-12-21 16:53:11 Temp: XGS -> 0 0 1 1
16-12-21 16:53:11 Temp: XGT -> 1998 0 43
16-12-21 16:53:11 Opt: FN -> 4
16-12-21 16:53:19 Error! Tft: DRAV -> uC isn't open
16-12-21 16:53:20 Temp: XGS -> 0 0 1 1
16-12-21 16:53:20 Temp: XGT -> 1999 0 42
16-12-21 16:53:20 Opt: FN -> 4
16-12-21 16:53:28 Error! Tft: DRAV -> uC isn't open
16-12-21 16:53:29 Temp: XGS -> 0 0 1 1
16-12-21 16:53:29 Temp: XGT -> 2000 0 41
16-12-21 16:53:29 Opt: FN -> 4
16-12-21 16:53:38 Error! Tft: DRAV -> uC isn't open
16-12-21 16:53:38 Temp: XGS -> 0 0 1 1
16-12-21 16:53:38 Temp: XGT -> 2000 0 41
16-12-21 16:53:38 Opt: FN -> 4
16-12-21 16:53:46 Error! Tft: DRAV -> uC isn't open
16-12-21 16:53:47 Temp: XGS -> 0 0 1 1
16-12-21 16:53:47 Temp: XGT -> 2000 0 41
16-12-21 16:53:47 Opt: FN -> 4
16-12-21 16:53:56 Error! Tft: DRAV -> uC isn't open
16-12-21 16:53:56 Temp: XGS -> 0 0 1 1
16-12-21 16:53:56 Temp: XGT -> 1999 0 42
16-12-21 16:53:56 Opt: FN -> 4
16-12-21 16:54:04 Error! Tft: DRAV -> uC isn't open
16-12-21 16:54:04 Temp: XGS -> 0 0 1 1
16-12-21 16:54:04 Temp: XGT -> 1998 0 43
16-12-21 16:54:04 Opt: FN -> 4
16-12-21 16:54:13 Error! Tft: DRAV -> uC isn't open
16-12-21 16:54:13 Temp: XGS -> 0 0 1 1
16-12-21 16:54:13 Temp: XGT -> 1999 0 42
16-12-21 16:54:13 Opt: FN -> 4
16-12-21 16:54:21 Error! Tft: DRAV -> uC isn't open
16-12-21 16:54:22 Temp: XGS -> 0 0 1 1
16-12-21 16:54:22 Temp: XGT -> 2000 0 41
16-12-21 16:54:22 Opt: FN -> 4
16-12-21 16:54:31 Error! Tft: DRAV -> uC isn't open
16-12-21 16:54:31 Temp: XGS -> 0 0 1 1
16-12-21 16:54:31 Temp: XGT -> 2000 0 41
16-12-21 16:54:31 Opt: FN -> 4
16-12-21 16:54:39 Error! Tft: DRAV -> uC isn't open
16-12-21 16:54:40 Temp: XGS -> 0 0 1 1
16-12-21 16:54:40 Temp: XGT -> 2000 0 41
16-12-21 16:54:40 Opt: FN -> 4
16-12-21 16:54:49 Error! Tft: DRAV -> uC isn't open
16-12-21 16:54:49 Temp: XGS -> 0 0 1 1
16-12-21 16:54:49 Temp: XGT -> 2000 0 41
16-12-21 16:54:49 Opt: FN -> 4
16-12-21 16:54:58 Error! Tft: DRAV -> uC isn't open
16-12-21 16:54:58 Temp: XGS -> 0 0 1 1
16-12-21 16:54:58 Temp: XGT -> 1998 0 43
16-12-21 16:54:58 Opt: FN -> 4
16-12-21 16:55:06 Error! Tft: DRAV -> uC isn't open
16-12-21 16:55:07 Temp: XGS -> 0 0 1 1
16-12-21 16:55:08 Temp: XGT -> 1998 0 43
16-12-21 16:55:08 Opt: FN -> 4
16-12-21 16:55:16 Error! Tft: DRAV -> uC isn't open
16-12-21 16:55:16 Temp: XGS -> 0 0 1 1
16-12-21 16:55:16 Temp: XGT -> 1999 0 42
16-12-21 16:55:16 Opt: FN -> 4
16-12-21 16:55:25 Error! Tft: DRAV -> uC isn't open
16-12-21 16:55:26 Temp: XGS -> 0 0 1 1
16-12-21 16:55:26 Temp: XGT -> 2000 0 41
16-12-21 16:55:26 Opt: FN -> 4
16-12-21 16:55:34 Error! Tft: DRAV -> uC isn't open
16-12-21 16:55:34 Temp: XGS -> 0 0 1 1
16-12-21 16:55:34 Temp: XGT -> 2000 0 41
16-12-21 16:55:34 Opt: FN -> 4
16-12-21 16:55:43 Error! Tft: DRAV -> uC isn't open
16-12-21 16:55:44 Temp: XGS -> 0 0 1 1
16-12-21 16:55:44 Temp: XGT -> 2000 0 41
16-12-21 16:55:44 Opt: FN -> 4
16-12-21 16:55:52 Error! Tft: DRAV -> uC isn't open
16-12-21 16:55:52 Temp: XGS -> 0 0 1 1
16-12-21 16:55:52 Temp: XGT -> 1999 0 42
16-12-21 16:55:52 Opt: FN -> 4
16-12-21 16:56:01 Error! Tft: DRAV -> uC isn't open
16-12-21 16:56:02 Temp: XGS -> 0 0 1 1
16-12-21 16:56:02 Temp: XGT -> 1998 0 43
16-12-21 16:56:02 Opt: FN -> 4
16-12-21 16:56:10 Error! Tft: DRAV -> uC isn't open
16-12-21 16:56:10 Temp: XGS -> 0 0 1 1
16-12-21 16:56:10 Temp: XGT -> 1999 0 42
16-12-21 16:56:10 Opt: FN -> 4
16-12-21 16:56:19 Error! Tft: DRAV -> uC isn't open
16-12-21 16:56:20 Temp: XGS -> 0 0 1 1
16-12-21 16:56:20 Temp: XGT -> 2000 0 41
16-12-21 16:56:20 Opt: FN -> 4
16-12-21 16:56:28 Error! Tft: DRAV -> uC isn't open
16-12-21 16:56:28 Temp: XGS -> 0 0 1 1
16-12-21 16:56:28 Temp: XGT -> 2000 0 41
16-12-21 16:56:28 Opt: FN -> 4
16-12-21 16:56:37 Error! Tft: DRAV -> uC isn't open
16-12-21 16:56:37 Temp: XGS -> 0 0 1 1
16-12-21 16:56:37 Temp: XGT -> 2000 0 41
16-12-21 16:56:37 Opt: FN -> 4
16-12-21 16:56:45 Error! Tft: DRAV -> uC isn't open
16-12-21 16:56:45 Temp: XGS -> 0 0 1 1
16-12-21 16:56:46 Temp: XGT -> 1999 0 42
16-12-21 16:56:46 Opt: FN -> 4
16-12-21 16:56:54 Error! Tft: DRAV -> uC isn't open
16-12-21 16:56:55 Temp: XGS -> 0 0 1 1
16-12-21 16:56:55 Temp: XGT -> 1998 0 43
16-12-21 16:56:55 Opt: FN -> 4
16-12-21 16:57:04 Error! Tft: DRAV -> uC isn't open
16-12-21 16:57:04 Temp: XGS -> 0 0 1 1
16-12-21 16:57:04 Temp: XGT -> 1999 0 42
16-12-21 16:57:04 Opt: FN -> 4
16-12-21 16:57:12 Error! Tft: DRAV -> uC isn't open
16-12-21 16:57:12 Temp: XGS -> 0 0 1 1
16-12-21 16:57:12 Temp: XGT -> 2000 0 41
16-12-21 16:57:12 Opt: FN -> 4
16-12-21 16:57:21 Error! Tft: DRAV -> uC isn't open
16-12-21 16:57:21 Temp: XGS -> 0 0 1 1
16-12-21 16:57:21 Temp: XGT -> 2000 0 41
16-12-21 16:57:21 Opt: FN -> 4
16-12-21 16:57:29 Error! Tft: DRAV -> uC isn't open
16-12-21 16:57:30 Temp: XGS -> 0 0 1 1
16-12-21 16:57:30 Temp: XGT -> 2000 0 41
16-12-21 16:57:30 Opt: FN -> 4
16-12-21 16:57:39 Error! Tft: DRAV -> uC isn't open
16-12-21 16:57:39 Temp: XGS -> 0 0 1 1
16-12-21 16:57:39 Temp: XGT -> 2000 0 41
16-12-21 16:57:39 Opt: FN -> 4
16-12-21 16:57:47 Error! Tft: DRAV -> uC isn't open
16-12-21 16:57:47 Temp: XGS -> 0 0 1 1
16-12-21 16:57:47 Temp: XGT -> 1998 0 43
16-12-21 16:57:47 Opt: FN -> 4
16-12-21 16:57:56 Error! Tft: DRAV -> uC isn't open
16-12-21 16:57:56 Temp: XGS -> 0 0 1 1
16-12-21 16:57:56 Temp: XGT -> 1998 0 43
16-12-21 16:57:56 Opt: FN -> 4
16-12-21 16:58:04 Error! Tft: DRAV -> uC isn't open
16-12-21 16:58:05 Temp: XGS -> 0 0 1 1
16-12-21 16:58:05 Temp: XGT -> 1999 0 42
16-12-21 16:58:05 Opt: FN -> 4
16-12-21 16:58:14 Error! Tft: DRAV -> uC isn't open
16-12-21 16:58:14 Temp: XGS -> 0 0 1 1
16-12-21 16:58:14 Temp: XGT -> 2000 0 41
16-12-21 16:58:14 Opt: FN -> 4
16-12-21 16:58:22 Error! Tft: DRAV -> uC isn't open
16-12-21 16:58:23 Temp: XGS -> 0 0 1 1
16-12-21 16:58:23 Temp: XGT -> 2000 0 41
16-12-21 16:58:23 Opt: FN -> 4
16-12-21 16:58:32 Error! Tft: DRAV -> uC isn't open
16-12-21 16:58:32 Temp: XGS -> 0 0 1 1
16-12-21 16:58:32 Temp: XGT -> 2000 0 41
16-12-21 16:58:32 Opt: FN -> 4
16-12-21 16:58:40 Error! Tft: DRAV -> uC isn't open
16-12-21 16:58:41 Temp: XGS -> 0 0 1 1
16-12-21 16:58:41 Temp: XGT -> 1999 0 42
16-12-21 16:58:41 Opt: FN -> 4
16-12-21 16:58:49 Error! Tft: DRAV -> uC isn't open
16-12-21 16:58:49 Temp: XGS -> 0 0 1 1
16-12-21 16:58:49 Temp: XGT -> 1998 0 43
16-12-21 16:58:49 Opt: FN -> 4
16-12-21 16:58:58 Error! Tft: DRAV -> uC isn't open
16-12-21 16:58:59 Temp: XGS -> 0 0 1 1
16-12-21 16:58:59 Temp: XGT -> 1999 0 42
16-12-21 16:58:59 Opt: FN -> 4
16-12-21 16:59:07 Error! Tft: DRAV -> uC isn't open
16-12-21 16:59:07 Temp: XGS -> 0 0 1 1
16-12-21 16:59:07 Temp: XGT -> 2000 0 41
16-12-21 16:59:07 Opt: FN -> 4
16-12-21 16:59:16 Error! Tft: DRAV -> uC isn't open
16-12-21 16:59:16 Temp: XGS -> 0 0 1 1
16-12-21 16:59:16 Temp: XGT -> 2000 0 41
16-12-21 16:59:16 Opt: FN -> 4
16-12-21 16:59:24 Error! Tft: DRAV -> uC isn't open
16-12-21 16:59:24 Temp: XGS -> 0 0 1 1
16-12-21 16:59:24 Temp: XGT -> 2000 0 41
16-12-21 16:59:24 Opt: FN -> 4
16-12-21 16:59:33 Error! Tft: DRAV -> uC isn't open
16-12-21 16:59:34 Temp: XGS -> 0 0 1 1
16-12-21 16:59:34 Temp: XGT -> 1999 0 42
16-12-21 16:59:34 Opt: FN -> 4
16-12-21 16:59:42 Error! Tft: DRAV -> uC isn't open
16-12-21 16:59:42 Temp: XGS -> 0 0 1 1
16-12-21 16:59:42 Temp: XGT -> 1998 0 43
16-12-21 16:59:42 Opt: FN -> 4
16-12-21 16:59:51 Error! Tft: DRAV -> uC isn't open
16-12-21 16:59:52 Temp: XGS -> 0 0 1 1
16-12-21 16:59:52 Temp: XGT -> 1999 0 42
16-12-21 16:59:52 Opt: FN -> 4
16-12-21 17:00:00 Error! Tft: DRAV -> uC isn't open
16-12-21 17:00:00 Temp: XGS -> 0 0 1 1
16-12-21 17:00:00 Temp: XGT -> 1999 0 42
16-12-21 17:00:00 Opt: FN -> 4
16-12-21 17:00:09 Error! Tft: DRAV -> uC isn't open
16-12-21 17:00:10 Temp: XGS -> 0 0 1 1
16-12-21 17:00:10 Temp: XGT -> 2000 0 41
16-12-21 17:00:10 Opt: FN -> 4
16-12-21 17:00:18 Error! Tft: DRAV -> uC isn't open
16-12-21 17:00:18 Temp: XGS -> 0 0 1 1
16-12-21 17:00:18 Temp: XGT -> 2000 0 41
16-12-21 17:00:19 Opt: FN -> 4
16-12-21 17:00:27 Error! Tft: DRAV -> uC isn't open
16-12-21 17:00:27 Temp: XGS -> 0 0 1 1
16-12-21 17:00:27 Temp: XGT -> 2000 0 41
16-12-21 17:00:27 Opt: FN -> 4
16-12-21 17:00:36 Error! Tft: DRAV -> uC isn't open
16-12-21 17:00:36 Temp: XGS -> 0 0 1 1
16-12-21 17:00:36 Temp: XGT -> 1999 0 42
16-12-21 17:00:36 Opt: FN -> 4
16-12-21 17:00:44 Error! Tft: DRAV -> uC isn't open
16-12-21 17:00:45 Temp: XGS -> 0 0 1 1
16-12-21 17:00:45 Temp: XGT -> 1998 0 43
16-12-21 17:00:45 Opt: FN -> 4
16-12-21 17:00:54 Error! Tft: DRAV -> uC isn't open
16-12-21 17:00:54 Temp: XGS -> 0 0 1 1
16-12-21 17:00:54 Temp: XGT -> 1999 0 42
16-12-21 17:00:54 Opt: FN -> 4
16-12-21 17:01:02 Error! Tft: DRAV -> uC isn't open
16-12-21 17:01:03 Temp: XGS -> 0 0 1 1
16-12-21 17:01:03 Temp: XGT -> 2000 0 41
16-12-21 17:01:03 Opt: FN -> 4
16-12-21 17:01:12 Error! Tft: DRAV -> uC isn't open
16-12-21 17:01:12 Temp: XGS -> 0 0 1 1
16-12-21 17:01:12 Temp: XGT -> 2000 0 41
16-12-21 17:01:12 Opt: FN -> 4
16-12-21 17:01:21 Error! Tft: DRAV -> uC isn't open
16-12-21 17:01:21 Temp: XGS -> 0 0 1 1
16-12-21 17:01:21 Temp: XGT -> 2000 0 41
16-12-21 17:01:21 Opt: FN -> 4
16-12-21 17:01:29 Error! Tft: DRAV -> uC isn't open
16-12-21 17:01:29 Temp: XGS -> 0 0 1 1
16-12-21 17:01:29 Temp: XGT -> 1999 0 42
16-12-21 17:01:29 Opt: FN -> 4
16-12-21 17:01:38 Error! Tft: DRAV -> uC isn't open
16-12-21 17:01:38 Temp: XGS -> 0 0 1 1
16-12-21 17:01:38 Temp: XGT -> 1998 0 43
16-12-21 17:01:38 Opt: FN -> 4
16-12-21 17:01:46 Error! Tft: DRAV -> uC isn't open
16-12-21 17:01:46 Temp: XGS -> 0 0 1 1
16-12-21 17:01:46 Temp: XGT -> 1999 0 42
16-12-21 17:01:46 Opt: FN -> 4
16-12-21 17:01:55 Error! Tft: DRAV -> uC isn't open
16-12-21 17:01:55 Temp: XGS -> 0 0 1 1
16-12-21 17:01:55 Temp: XGT -> 2000 0 41
16-12-21 17:01:55 Opt: FN -> 4
16-12-21 17:02:03 Error! Tft: DRAV -> uC isn't open
16-12-21 17:02:04 Temp: XGS -> 0 0 1 1
16-12-21 17:02:05 Temp: XGT -> 2000 0 41
16-12-21 17:02:05 Opt: FN -> 4
16-12-21 17:02:13 Error! Tft: DRAV -> uC isn't open
16-12-21 17:02:13 Temp: XGS -> 0 0 1 1
16-12-21 17:02:13 Temp: XGT -> 2000 0 41
16-12-21 17:02:13 Opt: FN -> 4
16-12-21 17:02:22 Error! Tft: DRAV -> uC isn't open
16-12-21 17:02:23 Temp: XGS -> 0 0 1 1
16-12-21 17:02:23 Temp: XGT -> 1999 0 42
16-12-21 17:02:23 Opt: FN -> 4
16-12-21 17:02:31 Error! Tft: DRAV -> uC isn't open
16-12-21 17:02:31 Temp: XGS -> 0 0 1 1
16-12-21 17:02:31 Temp: XGT -> 1998 0 43
16-12-21 17:02:31 Opt: FN -> 4
16-12-21 17:02:40 Error! Tft: DRAV -> uC isn't open
16-12-21 17:02:40 Temp: XGS -> 0 0 1 1
16-12-21 17:02:40 Temp: XGT -> 1999 0 42
16-12-21 17:02:40 Opt: FN -> 4
16-12-21 17:02:48 Error! Tft: DRAV -> uC isn't open
16-12-21 17:02:48 Temp: XGS -> 0 0 1 1
16-12-21 17:02:48 Temp: XGT -> 1999 0 42
16-12-21 17:02:48 Opt: FN -> 4
16-12-21 17:02:57 Error! Tft: DRAV -> uC isn't open
16-12-21 17:02:57 Temp: XGS -> 0 0 1 1
16-12-21 17:02:57 Temp: XGT -> 2000 0 41
16-12-21 17:02:57 Opt: FN -> 4
16-12-21 17:03:05 Error! Tft: DRAV -> uC isn't open
16-12-21 17:03:05 Temp: XGS -> 0 0 1 1
16-12-21 17:03:05 Temp: XGT -> 2000 0 41
16-12-21 17:03:05 Opt: FN -> 4
16-12-21 17:03:14 Error! Tft: DRAV -> uC isn't open
16-12-21 17:03:14 Temp: XGS -> 0 0 1 1
16-12-21 17:03:14 Temp: XGT -> 2000 0 41
16-12-21 17:03:14 Opt: FN -> 4
16-12-21 17:03:22 Error! Tft: DRAV -> uC isn't open
16-12-21 17:03:22 Temp: XGS -> 0 0 1 1
16-12-21 17:03:22 Temp: XGT -> 1999 0 42
16-12-21 17:03:22 Opt: FN -> 4
16-12-21 17:03:31 Error! Tft: DRAV -> uC isn't open
16-12-21 17:03:31 Temp: XGS -> 0 0 1 1
16-12-21 17:03:31 Temp: XGT -> 1998 0 43
16-12-21 17:03:31 Opt: FN -> 4
16-12-21 17:03:39 Error! Tft: DRAV -> uC isn't open
16-12-21 17:03:39 Temp: XGS -> 0 0 1 1
16-12-21 17:03:40 Temp: XGT -> 1999 0 42
16-12-21 17:03:40 Opt: FN -> 4
16-12-21 17:03:48 Error! Tft: DRAV -> uC isn't open
16-12-21 17:03:48 Temp: XGS -> 0 0 1 1
16-12-21 17:03:48 Temp: XGT -> 2000 0 41
16-12-21 17:03:48 Opt: FN -> 4
16-12-21 17:03:57 Error! Tft: DRAV -> uC isn't open
16-12-21 17:03:57 Temp: XGS -> 0 0 1 1
16-12-21 17:03:57 Temp: XGT -> 2000 0 41
16-12-21 17:03:57 Opt: FN -> 4
16-12-21 17:04:05 Error! Tft: DRAV -> uC isn't open
16-12-21 17:04:05 Temp: XGS -> 0 0 1 1
16-12-21 17:04:05 Temp: XGT -> 2000 0 41
16-12-21 17:04:05 Opt: FN -> 4
16-12-21 17:04:14 Error! Tft: DRAV -> uC isn't open
16-12-21 17:04:14 Temp: XGS -> 0 0 1 1
16-12-21 17:04:14 Temp: XGT -> 1999 0 42
16-12-21 17:04:14 Opt: FN -> 4
16-12-21 17:04:22 Error! Tft: DRAV -> uC isn't open
16-12-21 17:04:23 Temp: XGS -> 0 0 1 1
16-12-21 17:04:23 Temp: XGT -> 1998 0 43
16-12-21 17:04:23 Opt: FN -> 4
16-12-21 17:04:32 Error! Tft: DRAV -> uC isn't open
16-12-21 17:04:32 Temp: XGS -> 0 0 1 1
16-12-21 17:04:32 Temp: XGT -> 1999 0 42
16-12-21 17:04:32 Opt: FN -> 4
16-12-21 17:04:40 Error! Tft: DRAV -> uC isn't open
16-12-21 17:04:41 Temp: XGS -> 0 0 1 1
16-12-21 17:04:41 Temp: XGT -> 2000 0 41
16-12-21 17:04:41 Opt: FN -> 4
16-12-21 17:04:50 Error! Tft: DRAV -> uC isn't open
16-12-21 17:04:50 Temp: XGS -> 0 0 1 1
16-12-21 17:04:50 Temp: XGT -> 2000 0 41
16-12-21 17:04:50 Opt: FN -> 4
16-12-21 17:04:58 Error! Tft: DRAV -> uC isn't open
16-12-21 17:04:59 Temp: XGS -> 0 0 1 1
16-12-21 17:04:59 Temp: XGT -> 2000 0 41
16-12-21 17:04:59 Opt: FN -> 4
16-12-21 17:05:08 Error! Tft: DRAV -> uC isn't open
16-12-21 17:05:08 Temp: XGS -> 0 0 1 1
16-12-21 17:05:08 Temp: XGT -> 2000 0 41
16-12-21 17:05:08 Opt: FN -> 4
16-12-21 17:05:16 Error! Tft: DRAV -> uC isn't open
16-12-21 17:05:17 Temp: XGS -> 0 0 1 1
16-12-21 17:05:17 Temp: XGT -> 1998 0 43
16-12-21 17:05:17 Opt: FN -> 4
16-12-21 17:05:26 Error! Tft: DRAV -> uC isn't open
16-12-21 17:05:26 Temp: XGS -> 0 0 1 1
16-12-21 17:05:26 Temp: XGT -> 1998 0 43
16-12-21 17:05:26 Opt: FN -> 4
16-12-21 17:05:34 Error! Tft: DRAV -> uC isn't open
16-12-21 17:05:35 Temp: XGS -> 0 0 1 1
16-12-21 17:05:35 Temp: XGT -> 1999 0 42
16-12-21 17:05:35 Opt: FN -> 4
16-12-21 17:05:43 Error! Tft: DRAV -> uC isn't open
16-12-21 17:05:43 Temp: XGS -> 0 0 1 1
16-12-21 17:05:43 Temp: XGT -> 2000 0 41
16-12-21 17:05:43 Opt: FN -> 4
16-12-21 17:05:52 Error! Tft: DRAV -> uC isn't open
16-12-21 17:05:53 Temp: XGS -> 0 0 1 1
16-12-21 17:05:53 Temp: XGT -> 2000 0 41
16-12-21 17:05:53 Opt: FN -> 4
16-12-21 17:06:01 Error! Tft: DRAV -> uC isn't open
16-12-21 17:06:01 Temp: XGS -> 0 0 1 1
16-12-21 17:06:01 Temp: XGT -> 2000 0 41
16-12-21 17:06:01 Opt: FN -> 4
16-12-21 17:06:10 Error! Tft: DRAV -> uC isn't open
16-12-21 17:06:10 Temp: XGS -> 0 0 1 1
16-12-21 17:06:10 Temp: XGT -> 1999 0 42
16-12-21 17:06:10 Opt: FN -> 4
16-12-21 17:06:18 Error! Tft: DRAV -> uC isn't open
16-12-21 17:06:18 Temp: XGS -> 0 0 1 1
16-12-21 17:06:18 Temp: XGT -> 1998 0 43
16-12-21 17:06:18 Opt: FN -> 4
16-12-21 17:06:27 Error! Tft: DRAV -> uC isn't open
16-12-21 17:06:28 Temp: XGS -> 0 0 1 1
16-12-21 17:06:28 Temp: XGT -> 1999 0 42
16-12-21 17:06:28 Opt: FN -> 4
16-12-21 17:06:36 Error! Tft: DRAV -> uC isn't open
16-12-21 17:06:36 Temp: XGS -> 0 0 1 1
16-12-21 17:06:36 Temp: XGT -> 2000 0 41
16-12-21 17:06:36 Opt: FN -> 4
16-12-21 17:06:45 Error! Tft: DRAV -> uC isn't open
16-12-21 17:06:46 Temp: XGS -> 0 0 1 1
16-12-21 17:06:46 Temp: XGT -> 2000 0 41
16-12-21 17:06:46 Opt: FN -> 4
16-12-21 17:06:54 Error! Tft: DRAV -> uC isn't open
16-12-21 17:06:54 Temp: XGS -> 0 0 1 1
16-12-21 17:06:54 Temp: XGT -> 2000 0 41
16-12-21 17:06:54 Opt: FN -> 4
16-12-21 17:07:03 Error! Tft: DRAV -> uC isn't open
16-12-21 17:07:04 Temp: XGS -> 0 0 1 1
16-12-21 17:07:04 Temp: XGT -> 1999 0 42
16-12-21 17:07:04 Opt: FN -> 4
16-12-21 17:07:12 Error! Tft: DRAV -> uC isn't open
16-12-21 17:07:12 Temp: XGS -> 0 0 1 1
16-12-21 17:07:12 Temp: XGT -> 1998 0 43
16-12-21 17:07:13 Opt: FN -> 4
16-12-21 17:07:21 Error! Tft: DRAV -> uC isn't open
16-12-21 17:07:22 Temp: XGS -> 0 0 1 1
16-12-21 17:07:22 Temp: XGT -> 1999 0 42
16-12-21 17:07:22 Opt: FN -> 4
16-12-21 17:07:31 Error! Tft: DRAV -> uC isn't open
16-12-21 17:07:31 Temp: XGS -> 0 0 1 1
16-12-21 17:07:31 Temp: XGT -> 2000 0 41
16-12-21 17:07:31 Opt: FN -> 4
16-12-21 17:07:39 Error! Tft: DRAV -> uC isn't open
16-12-21 17:07:40 Temp: XGS -> 0 0 1 1
16-12-21 17:07:40 Temp: XGT -> 2000 0 41
16-12-21 17:07:40 Opt: FN -> 4
16-12-21 17:07:49 Error! Tft: DRAV -> uC isn't open
16-12-21 17:07:49 Temp: XGS -> 0 0 1 1
16-12-21 17:07:49 Temp: XGT -> 2000 0 41
16-12-21 17:07:49 Opt: FN -> 4
16-12-21 17:07:57 Error! Tft: DRAV -> uC isn't open
16-12-21 17:07:58 Temp: XGS -> 0 0 1 1
16-12-21 17:07:58 Temp: XGT -> 1999 0 42
16-12-21 17:07:58 Opt: FN -> 4
16-12-21 17:08:07 Error! Tft: DRAV -> uC isn't open
16-12-21 17:08:07 Temp: XGS -> 0 0 1 1
16-12-21 17:08:07 Temp: XGT -> 1998 0 43
16-12-21 17:08:07 Opt: FN -> 4
16-12-21 17:08:15 Error! Tft: DRAV -> uC isn't open
16-12-21 17:08:16 Temp: XGS -> 0 0 1 1
16-12-21 17:08:16 Temp: XGT -> 1999 0 42
16-12-21 17:08:16 Opt: FN -> 4
16-12-21 17:08:25 Error! Tft: DRAV -> uC isn't open
16-12-21 17:08:25 Temp: XGS -> 0 0 1 1
16-12-21 17:08:25 Temp: XGT -> 2000 0 41
16-12-21 17:08:25 Opt: FN -> 4
16-12-21 17:08:33 Error! Tft: DRAV -> uC isn't open
16-12-21 17:08:33 Temp: XGS -> 0 0 1 1
16-12-21 17:08:33 Temp: XGT -> 2000 0 41
16-12-21 17:08:33 Opt: FN -> 4
16-12-21 17:08:42 Error! Tft: DRAV -> uC isn't open
16-12-21 17:08:42 Temp: XGS -> 0 0 1 1
16-12-21 17:08:42 Temp: XGT -> 2000 0 41
16-12-21 17:08:42 Opt: FN -> 4
16-12-21 17:08:50 Error! Tft: DRAV -> uC isn't open
16-12-21 17:08:51 Temp: XGS -> 0 0 1 1
16-12-21 17:08:51 Temp: XGT -> 2000 0 41
16-12-21 17:08:51 Opt: FN -> 4
16-12-21 17:09:00 Error! Tft: DRAV -> uC isn't open
16-12-21 17:09:00 Temp: XGS -> 0 0 1 1
16-12-21 17:09:00 Temp: XGT -> 1998 0 43
16-12-21 17:09:00 Opt: FN -> 4
16-12-21 17:09:08 Error! Tft: DRAV -> uC isn't open
16-12-21 17:09:10 Temp: XGS -> 0 0 1 1
16-12-21 17:09:10 Temp: XGT -> 1999 0 42
16-12-21 17:09:10 Opt: FN -> 4
16-12-21 17:09:18 Error! Tft: DRAV -> uC isn't open
16-12-21 17:09:18 Temp: XGS -> 0 0 1 1
16-12-21 17:09:18 Temp: XGT -> 1999 0 42
16-12-21 17:09:18 Opt: FN -> 4
16-12-21 17:09:27 Error! Tft: DRAV -> uC isn't open
16-12-21 17:09:27 Temp: XGS -> 0 0 1 1
16-12-21 17:09:27 Temp: XGT -> 2000 0 41
16-12-21 17:09:27 Opt: FN -> 4
16-12-21 17:09:35 Error! Tft: DRAV -> uC isn't open
16-12-21 17:09:35 Temp: XGS -> 0 0 1 1
16-12-21 17:09:35 Temp: XGT -> 2000 0 41
16-12-21 17:09:35 Opt: FN -> 4
16-12-21 17:09:44 Error! Tft: DRAV -> uC isn't open
16-12-21 17:09:45 Temp: XGS -> 0 0 1 1
16-12-21 17:09:45 Temp: XGT -> 2000 0 41
16-12-21 17:09:45 Opt: FN -> 4
16-12-21 17:09:53 Error! Tft: DRAV -> uC isn't open
16-12-21 17:09:53 Temp: XGS -> 0 0 1 1
16-12-21 17:09:53 Temp: XGT -> 1999 0 42
16-12-21 17:09:53 Opt: FN -> 4
16-12-21 17:10:02 Error! Tft: DRAV -> uC isn't open
16-12-21 17:10:03 Temp: XGS -> 0 0 1 1
16-12-21 17:10:03 Temp: XGT -> 1998 0 43
16-12-21 17:10:03 Opt: FN -> 4
16-12-21 17:10:11 Error! Tft: DRAV -> uC isn't open
16-12-21 17:10:11 Temp: XGS -> 0 0 1 1
16-12-21 17:10:11 Temp: XGT -> 1999 0 42
16-12-21 17:10:11 Opt: FN -> 4
16-12-21 17:10:20 Error! Tft: DRAV -> uC isn't open
16-12-21 17:10:21 Temp: XGS -> 0 0 1 1
16-12-21 17:10:21 Temp: XGT -> 2000 0 41
16-12-21 17:10:21 Opt: FN -> 4
16-12-21 17:10:29 Error! Tft: DRAV -> uC isn't open
16-12-21 17:10:29 Temp: XGS -> 0 0 1 1
16-12-21 17:10:29 Temp: XGT -> 2000 0 41
16-12-21 17:10:29 Opt: FN -> 4
16-12-21 17:10:38 Error! Tft: DRAV -> uC isn't open
16-12-21 17:10:40 Temp: XGS -> 0 0 1 1
16-12-21 17:10:40 Temp: XGT -> 2000 0 41
16-12-21 17:10:40 Opt: FN -> 4
16-12-21 17:10:49 Error! Tft: DRAV -> uC isn't open
16-12-21 17:10:49 Temp: XGS -> 0 0 1 1
16-12-21 17:10:49 Temp: XGT -> 1999 0 42
16-12-21 17:10:49 Opt: FN -> 4
16-12-21 17:10:57 Error! Tft: DRAV -> uC isn't open
16-12-21 17:10:58 Temp: XGS -> 0 0 1 1
16-12-21 17:10:58 Temp: XGT -> 1998 0 43
16-12-21 17:10:58 Opt: FN -> 4
16-12-21 17:11:06 Error! Tft: DRAV -> uC isn't open
16-12-21 17:11:06 Temp: XGS -> 0 0 1 1
16-12-21 17:11:06 Temp: XGT -> 1999 0 42
16-12-21 17:11:06 Opt: FN -> 4
16-12-21 17:11:15 Error! Tft: DRAV -> uC isn't open
16-12-21 17:11:16 Temp: XGS -> 0 0 1 1
16-12-21 17:11:16 Temp: XGT -> 2000 0 41
16-12-21 17:11:16 Opt: FN -> 4
16-12-21 17:11:24 Error! Tft: DRAV -> uC isn't open
16-12-21 17:11:24 Temp: XGS -> 0 0 1 1
16-12-21 17:11:24 Temp: XGT -> 2000 0 41
16-12-21 17:11:24 Opt: FN -> 4
16-12-21 17:11:33 Error! Tft: DRAV -> uC isn't open
16-12-21 17:11:34 Temp: XGS -> 0 0 1 1
16-12-21 17:11:34 Temp: XGT -> 2000 0 41
16-12-21 17:11:34 Opt: FN -> 4
16-12-21 17:11:42 Error! Tft: DRAV -> uC isn't open
16-12-21 17:11:42 Temp: XGS -> 0 0 1 1
16-12-21 17:11:42 Temp: XGT -> 1999 0 42
16-12-21 17:11:42 Opt: FN -> 4
16-12-21 17:11:51 Error! Tft: DRAV -> uC isn't open
16-12-21 17:11:52 Temp: XGS -> 0 0 1 1
16-12-21 17:11:52 Temp: XGT -> 1998 0 43
16-12-21 17:11:52 Opt: FN -> 4
16-12-21 17:12:00 Error! Tft: DRAV -> uC isn't open
16-12-21 17:12:00 Temp: XGS -> 0 0 1 1
16-12-21 17:12:00 Temp: XGT -> 1999 0 42
16-12-21 17:12:00 Opt: FN -> 4
16-12-21 17:12:09 Error! Tft: DRAV -> uC isn't open
16-12-21 17:12:09 Opt: FSDW 1024 -> 0
16-12-21 17:12:09 Opt: FVER -> OPTICS 3.13.96 20/06/16
16-12-21 17:12:09 Temp: FVER -> AMPX 6.13 31/08/2020
16-12-21 17:12:09 Mot: FVER -> SMOT 6.11p 12/03/2013
16-12-21 17:12:18 Error! Tft: FVER -> uC isn't open
16-12-21 17:12:18 Opt: FLCFG 0 -> 470 525
16-12-21 17:12:18 Opt: FLCFG 1 -> 532 570
16-12-21 17:12:18 Opt: FLCFG 2 -> 585 633
16-12-21 17:12:18 Opt: FLCFG 3 -> 633 675
16-12-21 17:12:18 Opt: FLCFG 4 -> 690 730
16-12-21 17:12:18 Opt: FLCFG 5 -> -1
16-12-21 17:12:18 Opt: FLCFG 6 -> -1
16-12-21 17:12:18 Opt: FLCFG 7 -> -1
16-12-21 17:12:18 Temp: DLRS 9 -> R:TY 242 B96A
16-12-21 17:12:18 Opt: FPGET 0 -> Ok
16-12-21 17:12:18 Opt: FPGET 0 -> Ok
16-12-21 17:12:18 Opt: CRDS 0 -> 0
16-12-21 17:12:18 Opt: CRDS 10 -> 0
16-12-21 17:12:18 Opt: CRDS 20 -> 0
16-12-21 17:12:18 Opt: CRDS 30 -> 0
16-12-21 17:12:18 Opt: CRDS 40 -> 0
16-12-21 17:12:18 Opt: CRDS 50 -> 0
16-12-21 17:12:18 Opt: CRDS 60 -> 0
16-12-21 17:12:27 Error! Tft: DSAV 1 -> uC isn't open
16-12-21 17:12:27 Temp: XGP -> 0 35 4 4 0
16-12-21 17:12:27 Temp: XGB 0 -> 1 1 1
16-12-21 17:12:27 Temp: XGL 0 -> 3000 15 0 0 0 0
16-12-21 17:12:27 Temp: XGB 1 -> 68 1 1
16-12-21 17:12:27 Temp: XGL 1 -> 3000 16 100 0 0 2
16-12-21 17:12:27 Temp: XGB 2 -> 1 1 1
16-12-21 17:12:27 Temp: XGL 2 -> 9000 16 0 0 0 0
16-12-21 17:12:27 Temp: XGB 3 -> 0 3 1
16-12-21 17:12:27 Temp: XGL 3 -> 2000 15 0 0 0 0
16-12-21 17:12:27 Temp: XGN -> Example
16-12-21 17:12:27 Opt: FPSAVE -> Ok
16-12-21 17:12:27 Temp: XGS -> 0 0 1 1
16-12-21 17:12:27 Temp: XGT -> 2000 0 41
16-12-21 17:12:27 Opt: FN -> 4
16-12-21 17:12:36 Error! Tft: DRAV -> uC isn't open
17-12-21 16:33:06 Opt: FHW -> v3.0
17-12-21 16:33:06 Opt: FVER -> OPTICS 3.13.96 20/06/16
17-12-21 16:33:06 Temp: FVER -> AMPX 6.13 31/08/2020
17-12-21 16:33:06 Mot: FVER -> SMOT 6.11p 12/03/2013
17-12-21 16:33:06 Tft: FVER -> TFT 2.00.00 Nov 3 2021
17-12-21 16:33:06 Opt: FLCFG 0 -> 470 525
17-12-21 16:33:06 Opt: FLCFG 1 -> 532 570
17-12-21 16:33:06 Opt: FLCFG 2 -> 585 633
17-12-21 16:33:06 Opt: FLCFG 3 -> 633 675
17-12-21 16:33:06 Opt: FLCFG 4 -> 690 730
17-12-21 16:33:06 Opt: FLCFG 5 -> -1
17-12-21 16:33:06 Opt: FLCFG 6 -> -1
17-12-21 16:33:06 Opt: FLCFG 7 -> -1
17-12-21 16:33:06 Temp: DLRS 9 -> R:TY 242 B96A
17-12-21 16:33:07 Opt: FPGET 0 -> Ok
17-12-21 16:33:07 Opt: FPGET 0 -> Ok
17-12-21 16:33:07 Opt: CRDS 0 -> 0
17-12-21 16:33:07 Opt: CRDS 10 -> 0
17-12-21 16:33:07 Opt: CRDS 20 -> 0
17-12-21 16:33:07 Opt: CRDS 30 -> 0
17-12-21 16:33:07 Opt: CRDS 40 -> 0
17-12-21 16:33:07 Opt: CRDS 50 -> 0
17-12-21 16:33:07 Opt: CRDS 60 -> 0
17-12-21 16:33:07 Opt: CRDS 70 -> 0
17-12-21 16:33:07 Tft: DSAV 1 -> DY>Ok
17-12-21 16:33:07 Temp: XGP -> 0 35 3 3 0
17-12-21 16:33:07 Temp: XGB 0 -> 15 1 1
17-12-21 16:33:07 Temp: XGL 0 -> 2500 23 200 0 0 2
17-12-21 16:33:07 Temp: XGB 1 -> 1 1 1
17-12-21 16:33:07 Temp: XGL 1 -> 7000 30 0 0 0 0
17-12-21 16:33:07 Temp: XGB 2 -> 0 3 1
17-12-21 16:33:07 Temp: XGL 2 -> 1000 16 0 0 0 0
17-12-21 16:33:07 Temp: XGN -> Second
17-12-21 16:33:22 Opt: PRDS 1048 -> 0
17-12-21 16:33:22 Error! Opt: CRYC -> ???
17-12-21 16:33:22 Error! Opt: CRYC -> ???
17-12-21 16:33:23 Temp: XGS -> 0 0 1 1
17-12-21 16:33:23 Temp: XGT -> 2948 2904 14
17-12-21 16:33:23 Opt: FN -> 3
17-12-21 16:33:23 Tft: DRAV -> DY>Ok
17-12-21 16:33:25 Temp: XGS -> 0 0 1 1
17-12-21 16:33:25 Temp: XGT -> 2755 2710 65427
17-12-21 16:33:25 Opt: FN -> 3
17-12-21 16:33:25 Tft: DRAV -> DY>Ok
17-12-21 16:33:27 Temp: XGS -> 0 0 1 1
17-12-21 16:33:27 Temp: XGT -> 2572 2526 3
17-12-21 16:33:27 Opt: FN -> 3
17-12-21 16:33:27 Tft: DRAV -> DY>Ok
17-12-21 16:33:28 Temp: XGS -> 0 0 1 1
17-12-21 16:33:28 Temp: XGT -> 2407 2372 67
17-12-21 16:33:29 Opt: FN -> 3
17-12-21 16:33:29 Tft: DRAV -> DY>Ok
17-12-21 16:40:37 Opt: FHW -> v3.0
17-12-21 16:40:37 Opt: FVER -> OPTICS 3.13.96 20/06/16
17-12-21 16:40:37 Temp: FVER -> AMPX 6.13 31/08/2020
17-12-21 16:40:37 Mot: FVER -> SMOT 6.11p 12/03/2013
17-12-21 16:40:37 Tft: FVER -> TFT 2.00.00 Nov 3 2021
17-12-21 16:40:37 Opt: FLCFG 0 -> 470 525
17-12-21 16:40:37 Opt: FLCFG 1 -> 532 570
17-12-21 16:40:37 Opt: FLCFG 2 -> 585 633
17-12-21 16:40:37 Opt: FLCFG 3 -> 633 675
17-12-21 16:40:37 Opt: FLCFG 4 -> 690 730
17-12-21 16:40:37 Opt: FLCFG 5 -> -1
17-12-21 16:40:37 Opt: FLCFG 6 -> -1
17-12-21 16:40:37 Opt: FLCFG 7 -> -1
17-12-21 16:40:37 Temp: DLRS 9 -> R:TY 242 B96A
17-12-21 16:40:37 Opt: FPGET 0 -> Ok
17-12-21 16:40:38 Opt: FPGET 0 -> Ok
17-12-21 16:40:38 Opt: CRDS 0 -> 0
17-12-21 16:40:38 Opt: CRDS 10 -> 0
17-12-21 16:40:38 Opt: CRDS 20 -> 0
17-12-21 16:40:38 Opt: CRDS 30 -> 0
17-12-21 16:40:38 Opt: CRDS 40 -> 0
17-12-21 16:40:38 Opt: CRDS 50 -> 0
17-12-21 16:40:38 Opt: CRDS 60 -> 0
17-12-21 16:40:38 Opt: CRDS 70 -> 0
17-12-21 16:40:38 Tft: DSAV 1 -> DY>Ok
17-12-21 16:40:38 Temp: XGP -> 0 35 3 3 0
17-12-21 16:40:38 Temp: XGB 0 -> 15 1 1
17-12-21 16:40:38 Temp: XGL 0 -> 2500 23 200 0 0 2
17-12-21 16:40:38 Temp: XGB 1 -> 1 1 1
17-12-21 16:40:38 Temp: XGL 1 -> 7000 30 0 0 0 0
17-12-21 16:40:38 Temp: XGB 2 -> 0 3 1
17-12-21 16:40:38 Temp: XGL 2 -> 1000 16 0 0 0 0
17-12-21 16:40:38 Temp: XGN -> Second
17-12-21 16:41:05 Opt: PRDS 1048 -> 0
17-12-21 16:41:05 Error! Opt: CRYC -> ???
17-12-21 16:41:05 Error! Opt: CRYC -> ???
17-12-21 16:41:06 Temp: XGS -> 0 0 1 1
17-12-21 16:41:06 Temp: XGT -> 2077 2064 65475
17-12-21 16:41:06 Opt: FN -> 3
17-12-21 16:41:06 Tft: DRAV -> DY>Ok
17-12-21 16:41:08 Temp: XGS -> 0 0 1 1
17-12-21 16:41:08 Temp: XGT -> 2031 2021 30
17-12-21 16:41:08 Opt: FN -> 3
17-12-21 16:41:08 Tft: DRAV -> DY>Ok
17-12-21 16:41:10 Temp: XGS -> 0 0 1 1
17-12-21 16:41:10 Temp: XGT -> 1997 1990 95
17-12-21 16:41:10 Opt: FN -> 3
17-12-21 16:41:10 Tft: DRAV -> DY>Ok
17-12-21 16:41:11 Temp: XGS -> 0 0 1 1
17-12-21 16:41:11 Temp: XGT -> 1973 1969 65420
17-12-21 16:41:11 Opt: FN -> 3
17-12-21 16:41:11 Tft: DRAV -> DY>Ok
17-12-21 16:41:13 Temp: XGS -> 0 0 1 1
17-12-21 16:41:13 Temp: XGT -> 1957 1954 65451
17-12-21 16:41:13 Opt: FN -> 3
17-12-21 16:41:13 Tft: DRAV -> DY>Ok
17-12-21 16:41:15 Temp: XGS -> 0 0 1 1
17-12-21 16:41:15 Temp: XGT -> 1946 1944 65472
17-12-21 16:41:15 Opt: FN -> 3
17-12-21 16:41:15 Tft: DRAV -> DY>Ok
17-12-21 16:41:17 Temp: XGS -> 0 0 1 1
17-12-21 16:41:17 Temp: XGT -> 1940 1939 65483
17-12-21 16:41:17 Opt: FN -> 3
17-12-21 16:41:17 Tft: DRAV -> DY>Ok
17-12-21 16:41:19 Temp: XGS -> 0 0 1 1
17-12-21 16:41:19 Temp: XGT -> 1937 1936 65489
17-12-21 16:41:19 Opt: FN -> 3
17-12-21 16:41:19 Tft: DRAV -> DY>Ok
17-12-21 16:41:20 Temp: XGS -> 0 0 1 1
17-12-21 16:41:20 Temp: XGT -> 1935 1935 65492
17-12-21 16:41:20 Opt: FN -> 3
17-12-21 16:41:20 Tft: DRAV -> DY>Ok
17-12-21 16:41:22 Temp: XGS -> 0 0 1 1
17-12-21 16:41:22 Temp: XGT -> 1936 1937 65489
17-12-21 16:41:22 Opt: FN -> 3
17-12-21 16:41:22 Tft: DRAV -> DY>Ok
17-12-21 16:41:24 Temp: XGS -> 0 0 1 1
17-12-21 16:41:24 Temp: XGT -> 1938 1938 65486
17-12-21 16:41:24 Opt: FN -> 3
17-12-21 16:41:24 Tft: DRAV -> DY>Ok
17-12-21 16:41:26 Temp: XGS -> 0 0 1 1
17-12-21 16:41:26 Temp: XGT -> 1940 1941 65481
17-12-21 16:41:26 Opt: FN -> 3
17-12-21 16:41:26 Tft: DRAV -> DY>Ok
17-12-21 16:41:28 Temp: XGS -> 0 0 1 1
17-12-21 16:41:28 Temp: XGT -> 1943 1944 65475
17-12-21 16:41:28 Opt: FN -> 3
17-12-21 16:41:28 Tft: DRAV -> DY>Ok
17-12-21 16:41:29 Temp: XGS -> 0 0 1 1
17-12-21 16:41:29 Temp: XGT -> 1946 1947 65469
17-12-21 16:41:30 Opt: FN -> 3
17-12-21 16:41:30 Tft: DRAV -> DY>Ok
17-12-21 16:41:31 Temp: XGS -> 0 0 1 1
17-12-21 16:41:31 Temp: XGT -> 1949 1950 65463
17-12-21 16:41:31 Opt: FN -> 3
17-12-21 16:41:31 Tft: DRAV -> DY>Ok
17-12-21 16:41:33 Temp: XGS -> 0 0 1 1
17-12-21 16:41:33 Temp: XGT -> 1953 1953 65456
17-12-21 16:41:33 Opt: FN -> 3
17-12-21 16:41:33 Tft: DRAV -> DY>Ok
17-12-21 16:41:35 Temp: XGS -> 0 0 1 1
17-12-21 16:41:35 Temp: XGT -> 1956 1957 65449
17-12-21 16:41:35 Opt: FN -> 3
17-12-21 16:41:35 Tft: DRAV -> DY>Ok
17-12-21 16:41:37 Temp: XGS -> 0 0 1 1
17-12-21 16:41:37 Temp: XGT -> 1959 1960 65443
17-12-21 16:41:37 Opt: FN -> 3
17-12-21 16:41:37 Tft: DRAV -> DY>Ok
17-12-21 16:41:39 Temp: XGS -> 0 0 1 1
17-12-21 16:41:39 Temp: XGT -> 1962 1963 65437
17-12-21 16:41:39 Opt: FN -> 3
17-12-21 16:41:39 Tft: DRAV -> DY>Ok
17-12-21 16:41:40 Temp: XGS -> 0 0 1 1
17-12-21 16:41:40 Temp: XGT -> 1965 1966 65431
17-12-21 16:41:40 Opt: FN -> 3
17-12-21 16:41:40 Tft: DRAV -> DY>Ok
17-12-21 16:41:42 Temp: XGS -> 0 0 1 1
17-12-21 16:41:42 Temp: XGT -> 1968 1969 65425
17-12-21 16:41:42 Opt: FN -> 3
17-12-21 16:41:42 Tft: DRAV -> DY>Ok
17-12-21 16:41:44 Temp: XGS -> 0 0 1 1
17-12-21 16:41:44 Temp: XGT -> 1971 1971 65420
17-12-21 16:41:44 Opt: FN -> 3
17-12-21 16:41:44 Tft: DRAV -> DY>Ok
17-12-21 16:41:46 Temp: XGS -> 0 0 1 1
17-12-21 16:41:46 Temp: XGT -> 1973 1974 65415
17-12-21 16:41:46 Opt: FN -> 3
17-12-21 16:41:46 Tft: DRAV -> DY>Ok
17-12-21 16:41:48 Temp: XGS -> 0 0 1 1
17-12-21 16:41:48 Temp: XGT -> 1976 1976 65410
17-12-21 16:41:48 Opt: FN -> 3
17-12-21 16:41:48 Tft: DRAV -> DY>Ok
17-12-21 16:41:49 Temp: XGS -> 0 0 1 1
17-12-21 16:41:49 Temp: XGT -> 1978 1978 126
17-12-21 16:41:49 Opt: FN -> 3
17-12-21 16:41:49 Tft: DRAV -> DY>Ok
17-12-21 16:41:51 Temp: XGS -> 0 0 1 1
17-12-21 16:41:51 Temp: XGT -> 1980 1981 121
17-12-21 16:41:51 Opt: FN -> 3
17-12-21 16:41:51 Tft: DRAV -> DY>Ok
17-12-21 16:41:53 Temp: XGS -> 0 0 1 1
17-12-21 16:41:53 Temp: XGT -> 1982 1983 117
17-12-21 16:41:53 Opt: FN -> 3
17-12-21 16:41:53 Tft: DRAV -> DY>Ok
17-12-21 16:41:55 Temp: XGS -> 0 0 1 1
17-12-21 16:41:55 Temp: XGT -> 1984 1984 114
17-12-21 16:41:55 Opt: FN -> 3
17-12-21 16:41:55 Tft: DRAV -> DY>Ok
17-12-21 16:41:57 Temp: XGS -> 0 0 1 1
17-12-21 16:41:57 Temp: XGT -> 1985 1986 111
17-12-21 16:41:57 Opt: FN -> 3
17-12-21 16:41:57 Tft: DRAV -> DY>Ok
17-12-21 16:41:58 Temp: XGS -> 0 0 1 1
17-12-21 16:41:58 Temp: XGT -> 1987 1987 108
17-12-21 16:41:58 Opt: FN -> 3
17-12-21 16:41:59 Tft: DRAV -> DY>Ok
17-12-21 16:42:00 Temp: XGS -> 0 0 1 1
17-12-21 16:42:00 Temp: XGT -> 1989 1989 104
17-12-21 16:42:00 Opt: FN -> 3
17-12-21 16:42:00 Tft: DRAV -> DY>Ok
17-12-21 16:42:02 Temp: XGS -> 0 0 1 1
17-12-21 16:42:02 Temp: XGT -> 1990 1990 102
17-12-21 16:42:02 Opt: FN -> 3
17-12-21 16:42:02 Tft: DRAV -> DY>Ok
17-12-21 16:42:04 Temp: XGS -> 0 0 1 1
17-12-21 16:42:04 Temp: XGT -> 1991 1991 100
17-12-21 16:42:04 Opt: FN -> 3
17-12-21 16:42:04 Tft: DRAV -> DY>Ok
17-12-21 16:42:06 Temp: XGS -> 0 0 1 1
17-12-21 16:42:06 Temp: XGT -> 1992 1992 98
17-12-21 16:42:06 Opt: FN -> 3
17-12-21 16:42:06 Tft: DRAV -> DY>Ok
17-12-21 16:42:08 Temp: XGS -> 0 0 1 1
17-12-21 16:42:08 Temp: XGT -> 1993 1993 96
17-12-21 16:42:08 Opt: FN -> 3
17-12-21 16:42:08 Tft: DRAV -> DY>Ok
17-12-21 16:42:09 Temp: XGS -> 0 0 1 1
17-12-21 16:42:09 Temp: XGT -> 1994 1994 94
17-12-21 16:42:09 Opt: FN -> 3
17-12-21 16:42:09 Tft: DRAV -> DY>Ok
17-12-21 16:42:11 Temp: XGS -> 0 0 1 1
17-12-21 16:42:11 Temp: XGT -> 1994 1994 94
17-12-21 16:42:11 Opt: FN -> 3
17-12-21 16:42:11 Tft: DRAV -> DY>Ok
17-12-21 16:42:13 Temp: XGS -> 0 0 1 1
17-12-21 16:42:13 Temp: XGT -> 1995 1995 92
17-12-21 16:42:13 Opt: FN -> 3
17-12-21 16:42:13 Tft: DRAV -> DY>Ok
17-12-21 16:42:15 Temp: XGS -> 0 0 1 1
17-12-21 16:42:15 Temp: XGT -> 1996 1996 90
17-12-21 16:42:15 Opt: FN -> 3
17-12-21 16:42:15 Tft: DRAV -> DY>Ok
17-12-21 16:42:17 Temp: XGS -> 0 0 1 1
17-12-21 16:42:17 Temp: XGT -> 1996 1996 90
17-12-21 16:42:17 Opt: FN -> 3
17-12-21 16:42:17 Tft: DRAV -> DY>Ok
17-12-21 16:42:18 Temp: XGS -> 0 0 1 1
17-12-21 16:42:18 Temp: XGT -> 1997 1997 88
17-12-21 16:42:18 Opt: FN -> 3
17-12-21 16:42:18 Tft: DRAV -> DY>Ok
17-12-21 16:42:20 Temp: XGS -> 0 0 1 1
17-12-21 16:42:20 Temp: XGT -> 1997 1997 88
17-12-21 16:42:20 Opt: FN -> 3
17-12-21 16:42:20 Tft: DRAV -> DY>Ok
17-12-21 16:42:22 Temp: XGS -> 0 0 1 1
17-12-21 16:42:22 Temp: XGT -> 1998 1998 86
17-12-21 16:42:22 Opt: FN -> 3
17-12-21 16:42:22 Tft: DRAV -> DY>Ok
17-12-21 16:42:24 Temp: XGS -> 0 0 1 1
17-12-21 16:42:24 Temp: XGT -> 1998 1998 86
17-12-21 16:42:24 Opt: FN -> 3
17-12-21 16:42:24 Tft: DRAV -> DY>Ok
17-12-21 16:42:26 Temp: XGS -> 0 0 1 1
17-12-21 16:42:26 Temp: XGT -> 1998 1998 86
17-12-21 16:42:26 Opt: FN -> 3
17-12-21 16:42:26 Tft: DRAV -> DY>Ok
17-12-21 16:42:27 Temp: XGS -> 0 0 1 1
17-12-21 16:42:27 Temp: XGT -> 1998 1999 85
17-12-21 16:42:27 Opt: FN -> 3
17-12-21 16:42:28 Tft: DRAV -> DY>Ok
17-12-21 16:42:29 Temp: XGS -> 0 0 1 1
17-12-21 16:42:29 Temp: XGT -> 1999 1999 84
17-12-21 16:42:29 Opt: FN -> 3
17-12-21 16:42:29 Tft: DRAV -> DY>Ok
17-12-21 16:42:31 Temp: XGS -> 0 0 1 1
17-12-21 16:42:31 Temp: XGT -> 1999 1999 84
17-12-21 16:42:31 Opt: FN -> 3
17-12-21 16:42:31 Tft: DRAV -> DY>Ok
17-12-21 16:42:33 Temp: XGS -> 0 0 1 1
17-12-21 16:42:33 Temp: XGT -> 1999 1999 84
17-12-21 16:42:33 Opt: FN -> 3
17-12-21 16:42:33 Tft: DRAV -> DY>Ok
17-12-21 16:42:35 Temp: XGS -> 0 0 1 1
17-12-21 16:42:35 Temp: XGT -> 2000 1999 83
17-12-21 16:42:35 Opt: FN -> 3
17-12-21 16:42:35 Tft: DRAV -> DY>Ok
17-12-21 16:42:37 Temp: XGS -> 0 0 1 1
17-12-21 16:42:37 Temp: XGT -> 2000 1999 83
17-12-21 16:42:37 Opt: FN -> 3
17-12-21 16:42:37 Tft: DRAV -> DY>Ok
17-12-21 16:42:38 Temp: XGS -> 0 0 1 1
17-12-21 16:42:38 Temp: XGT -> 1999 1999 84
17-12-21 16:42:38 Opt: FN -> 3
17-12-21 16:42:38 Tft: DRAV -> DY>Ok
17-12-21 16:42:40 Temp: XGS -> 0 0 1 1
17-12-21 16:42:40 Temp: XGT -> 1999 1999 84
17-12-21 16:42:40 Opt: FN -> 3
17-12-21 16:42:40 Tft: DRAV -> DY>Ok
17-12-21 16:42:42 Temp: XGS -> 0 0 1 1
17-12-21 16:42:42 Temp: XGT -> 1999 1999 84
17-12-21 16:42:42 Opt: FN -> 3
17-12-21 16:42:42 Tft: DRAV -> DY>Ok
17-12-21 16:42:44 Temp: XGS -> 0 0 1 1
17-12-21 16:42:44 Temp: XGT -> 1999 1999 84
17-12-21 16:42:44 Opt: FN -> 3
17-12-21 16:42:44 Tft: DRAV -> DY>Ok
17-12-21 16:42:46 Temp: XGS -> 0 0 1 1
17-12-21 16:42:46 Temp: XGT -> 1999 1999 84
17-12-21 16:42:46 Opt: FN -> 3
17-12-21 16:42:46 Tft: DRAV -> DY>Ok
17-12-21 16:42:47 Temp: XGS -> 0 0 1 1
17-12-21 16:42:47 Temp: XGT -> 1998 1998 86
17-12-21 16:42:47 Opt: FN -> 3
17-12-21 16:42:47 Tft: DRAV -> DY>Ok
17-12-21 16:42:49 Temp: XGS -> 0 0 1 1
17-12-21 16:42:49 Temp: XGT -> 1998 1998 86
17-12-21 16:42:49 Opt: FN -> 3
17-12-21 16:42:49 Tft: DRAV -> DY>Ok
17-12-21 16:42:51 Temp: XGS -> 0 0 1 1
17-12-21 16:42:51 Temp: XGT -> 1998 1998 86
17-12-21 16:42:51 Opt: FN -> 3
17-12-21 16:42:51 Tft: DRAV -> DY>Ok
17-12-21 16:51:06 Opt: FHW -> v3.0
17-12-21 16:51:06 Opt: FVER -> OPTICS 3.13.96 20/06/16
17-12-21 16:51:06 Temp: FVER -> AMPX 6.13 31/08/2020
17-12-21 16:51:06 Mot: FVER -> SMOT 6.11p 12/03/2013
17-12-21 16:51:06 Tft: FVER -> TFT 2.00.00 Nov 3 2021
17-12-21 16:51:06 Opt: FLCFG 0 -> 470 525
17-12-21 16:51:06 Opt: FLCFG 1 -> 532 570
17-12-21 16:51:06 Opt: FLCFG 2 -> 585 633
17-12-21 16:51:06 Opt: FLCFG 3 -> 633 675
17-12-21 16:51:06 Opt: FLCFG 4 -> 690 730
17-12-21 16:51:06 Opt: FLCFG 5 -> -1
17-12-21 16:51:06 Opt: FLCFG 6 -> -1
17-12-21 16:51:06 Opt: FLCFG 7 -> -1
17-12-21 16:51:07 Temp: DLRS 9 -> R:TY 242 B96A
17-12-21 16:51:07 Opt: FPGET 0 -> Ok
17-12-21 16:51:07 Opt: FPGET 0 -> Ok
17-12-21 16:51:07 Opt: CRDS 0 -> 0
17-12-21 16:51:07 Opt: CRDS 10 -> 0
17-12-21 16:51:07 Opt: CRDS 20 -> 0
17-12-21 16:51:07 Opt: CRDS 30 -> 0
17-12-21 16:51:07 Opt: CRDS 40 -> 0
17-12-21 16:51:07 Opt: CRDS 50 -> 0
17-12-21 16:51:07 Opt: CRDS 60 -> 0
17-12-21 16:51:07 Opt: CRDS 70 -> 0
17-12-21 16:51:07 Tft: DSAV 1 -> DY>Ok
17-12-21 16:51:07 Temp: XGP -> 0 35 3 3 0
17-12-21 16:51:07 Temp: XGB 0 -> 15 1 1
17-12-21 16:51:07 Temp: XGL 0 -> 2500 23 200 0 0 2
17-12-21 16:51:07 Temp: XGB 1 -> 1 1 1
17-12-21 16:51:07 Temp: XGL 1 -> 7000 30 0 0 0 0
17-12-21 16:51:07 Temp: XGB 2 -> 0 3 1
17-12-21 16:51:07 Temp: XGL 2 -> 1000 16 0 0 0 0
17-12-21 16:51:07 Temp: XGN -> Second
17-12-21 17:12:30 Opt: FHW -> v3.0
17-12-21 17:12:30 Opt: FVER -> OPTICS 3.13.96 20/06/16
17-12-21 17:12:30 Temp: FVER -> AMPX 6.13 31/08/2020
17-12-21 17:12:31 Mot: FVER -> SMOT 6.11p 12/03/2013
17-12-21 17:12:31 Tft: FVER -> TFT 2.00.00 Nov 3 2021
17-12-21 17:12:31 Opt: FLCFG 0 -> 470 525
17-12-21 17:12:31 Opt: FLCFG 1 -> 532 570
17-12-21 17:12:31 Opt: FLCFG 2 -> 585 633
17-12-21 17:12:31 Opt: FLCFG 3 -> 633 675
17-12-21 17:12:31 Opt: FLCFG 4 -> 690 730
17-12-21 17:12:31 Opt: FLCFG 5 -> -1
17-12-21 17:12:31 Opt: FLCFG 6 -> -1
17-12-21 17:12:31 Opt: FLCFG 7 -> -1
17-12-21 17:12:31 Temp: DLRS 9 -> R:TY 242 B96A
17-12-21 17:12:31 Opt: FPGET 0 -> Ok
17-12-21 17:12:31 Opt: FPGET 0 -> Ok
17-12-21 17:12:31 Opt: CRDS 0 -> 0
17-12-21 17:12:31 Opt: CRDS 10 -> 0
17-12-21 17:12:31 Opt: CRDS 20 -> 0
17-12-21 17:12:31 Opt: CRDS 30 -> 0
17-12-21 17:12:31 Opt: CRDS 40 -> 0
17-12-21 17:12:31 Opt: CRDS 50 -> 0
17-12-21 17:12:31 Opt: CRDS 60 -> 0
17-12-21 17:12:31 Opt: CRDS 70 -> 0
17-12-21 17:12:31 Tft: DSAV 1 -> DY>Ok
17-12-21 17:12:31 Temp: XGP -> 0 35 3 3 0
17-12-21 17:12:31 Temp: XGB 0 -> 15 1 1
17-12-21 17:12:31 Temp: XGL 0 -> 2500 23 200 0 0 2
17-12-21 17:12:31 Temp: XGB 1 -> 1 1 1
17-12-21 17:12:31 Temp: XGL 1 -> 7000 30 0 0 0 0
17-12-21 17:12:31 Temp: XGB 2 -> 0 3 1
17-12-21 17:12:32 Temp: XGL 2 -> 1000 16 0 0 0 0
17-12-21 17:12:32 Temp: XGN -> Second
17-12-21 17:14:39 Opt: FHW -> v3.0
17-12-21 17:14:39 Opt: FVER -> OPTICS 3.13.96 20/06/16
17-12-21 17:14:39 Temp: FVER -> AMPX 6.13 31/08/2020
17-12-21 17:14:39 Mot: FVER -> SMOT 6.11p 12/03/2013
17-12-21 17:14:39 Tft: FVER -> TFT 2.00.00 Nov 3 2021
17-12-21 17:14:39 Opt: FLCFG 0 -> 470 525
17-12-21 17:14:39 Opt: FLCFG 1 -> 532 570
17-12-21 17:14:39 Opt: FLCFG 2 -> 585 633
17-12-21 17:14:39 Opt: FLCFG 3 -> 633 675
17-12-21 17:14:39 Opt: FLCFG 4 -> 690 730
17-12-21 17:14:39 Opt: FLCFG 5 -> -1
17-12-21 17:14:39 Opt: FLCFG 6 -> -1
17-12-21 17:14:39 Opt: FLCFG 7 -> -1
17-12-21 17:14:39 Temp: DLRS 9 -> R:TY 242 B96A
17-12-21 17:14:39 Opt: FPGET 0 -> Ok
17-12-21 17:14:39 Opt: FPGET 0 -> Ok
17-12-21 17:14:39 Opt: CRDS 0 -> 0
17-12-21 17:14:39 Opt: CRDS 10 -> 0
17-12-21 17:14:39 Opt: CRDS 20 -> 0
17-12-21 17:14:39 Opt: CRDS 30 -> 0
17-12-21 17:14:40 Opt: CRDS 40 -> 0
17-12-21 17:14:40 Opt: CRDS 50 -> 0
17-12-21 17:14:40 Opt: CRDS 60 -> 0
17-12-21 17:14:40 Opt: CRDS 70 -> 0
17-12-21 17:14:40 Tft: DSAV 1 -> DY>Ok
17-12-21 17:14:40 Temp: XGP -> 0 35 3 3 0
17-12-21 17:14:40 Temp: XGB 0 -> 15 1 1
17-12-21 17:14:40 Temp: XGL 0 -> 2500 23 200 0 0 2
17-12-21 17:14:40 Temp: XGB 1 -> 1 1 1
17-12-21 17:14:40 Temp: XGL 1 -> 7000 30 0 0 0 0
17-12-21 17:14:40 Temp: XGB 2 -> 0 3 1
17-12-21 17:14:40 Temp: XGL 2 -> 1000 16 0 0 0 0
17-12-21 17:14:40 Temp: XGN -> Second
20-12-21 10:54:00 Opt: FHW -> v3.0
20-12-21 10:54:00 Opt: FVER -> OPTICS 3.13.96 20/06/16
20-12-21 10:54:00 Temp: FVER -> AMPX 6.13 31/08/2020
20-12-21 10:54:00 Mot: FVER -> SMOT 6.11p 12/03/2013
20-12-21 10:54:00 Tft: FVER -> TFT 2.00.00 Nov 3 2021
20-12-21 10:54:00 Opt: FLCFG 0 -> 470 525
20-12-21 10:54:00 Opt: FLCFG 1 -> 532 570
20-12-21 10:54:00 Opt: FLCFG 2 -> 585 633
20-12-21 10:54:00 Opt: FLCFG 3 -> 633 675
20-12-21 10:54:00 Opt: FLCFG 4 -> 690 730
20-12-21 10:54:00 Opt: FLCFG 5 -> -1
20-12-21 10:54:00 Opt: FLCFG 6 -> -1
20-12-21 10:54:00 Opt: FLCFG 7 -> -1
20-12-21 10:54:00 Temp: DLRS 9 -> R:TY 242 B96A
20-12-21 10:54:00 Opt: FPGET 0 -> Ok
20-12-21 10:54:01 Opt: FPGET 0 -> Ok
20-12-21 10:54:01 Opt: CRDS 0 -> 0
20-12-21 10:54:01 Opt: CRDS 10 -> 0
20-12-21 10:54:01 Opt: CRDS 20 -> 0
20-12-21 10:54:01 Opt: CRDS 30 -> 0
20-12-21 10:54:01 Opt: CRDS 40 -> 0
20-12-21 10:54:01 Opt: CRDS 50 -> 0
20-12-21 10:54:01 Opt: CRDS 60 -> 0
20-12-21 10:54:01 Opt: CRDS 70 -> 0
20-12-21 10:54:01 Tft: DSAV 1 -> DY>Ok
20-12-21 10:54:01 Temp: XGP -> 0 35 3 3 0
20-12-21 10:54:01 Temp: XGB 0 -> 45 1 1
20-12-21 10:54:01 Temp: XGL 0 -> 2500 15 100 0 0 2
20-12-21 10:54:01 Temp: XGB 1 -> 1 1 1
20-12-21 10:54:01 Temp: XGL 1 -> 7000 30 0 0 0 0
20-12-21 10:54:01 Temp: XGB 2 -> 0 3 1
20-12-21 10:54:01 Temp: XGL 2 -> 1000 16 0 0 0 0
20-12-21 10:54:01 Temp: XGN -> Second
20-12-21 10:54:41 Opt: PRDS 1048 -> 0
20-12-21 10:54:41 Error! Opt: CRYC -> ???
20-12-21 10:54:41 Error! Opt: CRYC -> ???
20-12-21 10:54:42 Temp: XGS -> 0 0 1 1
20-12-21 10:54:42 Temp: XGT -> 1982 0 59
20-12-21 10:54:42 Opt: FN -> 5
20-12-21 10:54:42 Tft: DRAV -> DY>Ok
20-12-21 10:54:44 Temp: XGS -> 0 0 1 1
20-12-21 10:54:44 Temp: XGT -> 1982 0 59
20-12-21 10:54:44 Opt: FN -> 5
20-12-21 10:54:44 Tft: DRAV -> DY>Ok
20-12-21 10:54:46 Temp: XGS -> 0 0 1 1
20-12-21 10:54:46 Temp: XGT -> 1982 0 59
20-12-21 10:54:46 Opt: FN -> 5
20-12-21 10:54:46 Tft: DRAV -> DY>Ok
20-12-21 10:54:47 Temp: XGS -> 0 0 1 1
20-12-21 10:54:47 Temp: XGT -> 1982 0 59
20-12-21 10:54:47 Opt: FN -> 5
20-12-21 10:54:47 Tft: DRAV -> DY>Ok
20-12-21 10:54:49 Temp: XGS -> 0 0 1 1
20-12-21 10:54:49 Temp: XGT -> 1982 0 59
20-12-21 10:54:49 Opt: FN -> 5
20-12-21 10:54:49 Tft: DRAV -> DY>Ok
20-12-21 10:54:51 Temp: XGS -> 0 0 1 1
20-12-21 10:54:51 Temp: XGT -> 1982 0 59
20-12-21 10:54:51 Opt: FN -> 5
20-12-21 10:54:51 Tft: DRAV -> DY>Ok
20-12-21 10:54:53 Temp: XGS -> 0 0 1 1
20-12-21 10:54:53 Temp: XGT -> 1982 0 59
20-12-21 10:54:53 Opt: FN -> 5
20-12-21 10:54:53 Tft: DRAV -> DY>Ok
20-12-21 10:54:55 Temp: XGS -> 0 0 1 1
20-12-21 10:54:55 Temp: XGT -> 1982 0 59
20-12-21 10:54:55 Opt: FN -> 5
20-12-21 10:54:55 Tft: DRAV -> DY>Ok
20-12-21 10:54:56 Temp: XGS -> 0 0 1 1
20-12-21 10:54:56 Temp: XGT -> 1982 0 59
20-12-21 10:54:56 Opt: FN -> 5
20-12-21 10:54:56 Tft: DRAV -> DY>Ok
20-12-21 10:54:58 Temp: XGS -> 0 0 1 1
20-12-21 10:54:58 Temp: XGT -> 1982 0 59
20-12-21 10:54:58 Opt: FN -> 5
20-12-21 10:54:58 Tft: DRAV -> DY>Ok
20-12-21 10:55:00 Temp: XGS -> 0 0 1 1
20-12-21 10:55:00 Temp: XGT -> 1982 0 59
20-12-21 10:55:00 Opt: FN -> 5
20-12-21 10:55:00 Tft: DRAV -> DY>Ok
20-12-21 10:55:02 Temp: XGS -> 0 0 1 1
20-12-21 10:55:02 Temp: XGT -> 1982 0 59
20-12-21 10:55:02 Opt: FN -> 5
20-12-21 10:55:02 Tft: DRAV -> DY>Ok
20-12-21 10:55:04 Temp: XGS -> 0 0 1 1
20-12-21 10:55:04 Temp: XGT -> 1982 0 59
20-12-21 10:55:04 Opt: FN -> 5
20-12-21 10:55:04 Tft: DRAV -> DY>Ok
20-12-21 10:55:05 Temp: XGS -> 0 0 1 1
20-12-21 10:55:05 Temp: XGT -> 1982 0 59
20-12-21 10:55:06 Opt: FN -> 5
20-12-21 10:55:06 Tft: DRAV -> DY>Ok
20-12-21 10:55:07 Temp: XGS -> 0 0 1 1
20-12-21 10:55:07 Temp: XGT -> 1982 0 59
20-12-21 10:55:07 Opt: FN -> 5
20-12-21 10:55:07 Tft: DRAV -> DY>Ok
20-12-21 10:55:09 Temp: XGS -> 0 0 1 1
20-12-21 10:55:09 Temp: XGT -> 1982 0 59
20-12-21 10:55:09 Opt: FN -> 5
20-12-21 10:55:09 Tft: DRAV -> DY>Ok
20-12-21 10:55:11 Temp: XGS -> 0 0 1 1
20-12-21 10:55:11 Temp: XGT -> 1982 0 59
20-12-21 10:55:11 Opt: FN -> 5
20-12-21 10:55:11 Tft: DRAV -> DY>Ok
20-12-21 10:55:13 Temp: XGS -> 0 0 1 1
20-12-21 10:55:13 Temp: XGT -> 1982 0 59
20-12-21 10:55:13 Opt: FN -> 5
20-12-21 10:55:13 Tft: DRAV -> DY>Ok
20-12-21 10:55:15 Temp: XGS -> 0 0 1 1
20-12-21 10:55:15 Temp: XGT -> 1982 0 59
20-12-21 10:55:15 Opt: FN -> 5
20-12-21 10:55:15 Tft: DRAV -> DY>Ok
20-12-21 10:55:16 Temp: XGS -> 0 0 1 1
20-12-21 10:55:16 Temp: XGT -> 1982 0 59
20-12-21 10:55:16 Opt: FN -> 5
20-12-21 10:55:16 Tft: DRAV -> DY>Ok
20-12-21 10:55:18 Temp: XGS -> 0 0 1 1
20-12-21 10:55:18 Temp: XGT -> 1982 0 59
20-12-21 10:55:18 Opt: FN -> 5
20-12-21 10:55:18 Tft: DRAV -> DY>Ok
20-12-21 10:55:20 Temp: XGS -> 0 0 1 1
20-12-21 10:55:20 Temp: XGT -> 1982 0 59
20-12-21 10:55:20 Opt: FN -> 5
20-12-21 10:55:20 Tft: DRAV -> DY>Ok
20-12-21 10:55:22 Temp: XGS -> 0 0 1 1
20-12-21 10:55:22 Temp: XGT -> 1982 0 59
20-12-21 10:55:22 Opt: FN -> 5
20-12-21 10:55:22 Tft: DRAV -> DY>Ok
20-12-21 10:55:24 Temp: XGS -> 0 0 1 1
20-12-21 10:55:24 Temp: XGT -> 1982 0 59
20-12-21 10:55:24 Opt: FN -> 5
20-12-21 10:55:24 Tft: DRAV -> DY>Ok
20-12-21 10:55:25 Temp: XGS -> 0 0 1 1
20-12-21 10:55:25 Temp: XGT -> 1982 0 59
20-12-21 10:55:25 Opt: FN -> 5
20-12-21 10:55:25 Tft: DRAV -> DY>Ok
20-12-21 10:55:27 Temp: XGS -> 0 0 1 1
20-12-21 10:55:27 Temp: XGT -> 1982 0 59
20-12-21 10:55:27 Opt: FN -> 5
20-12-21 10:55:27 Tft: DRAV -> DY>Ok
20-12-21 10:55:29 Temp: XGS -> 0 0 1 1
20-12-21 10:55:29 Temp: XGT -> 1982 0 59
20-12-21 10:55:29 Opt: FN -> 5
20-12-21 10:55:29 Tft: DRAV -> DY>Ok
20-12-21 10:55:31 Temp: XGS -> 0 0 1 1
20-12-21 10:55:31 Temp: XGT -> 1982 0 59
20-12-21 10:55:31 Opt: FN -> 5
20-12-21 10:55:31 Tft: DRAV -> DY>Ok
20-12-21 10:55:33 Temp: XGS -> 0 0 1 1
20-12-21 10:55:33 Temp: XGT -> 1982 0 59
20-12-21 10:55:33 Opt: FN -> 5
20-12-21 10:55:33 Tft: DRAV -> DY>Ok
20-12-21 10:55:35 Temp: XGS -> 0 0 1 1
20-12-21 10:55:35 Temp: XGT -> 1982 0 59
20-12-21 10:55:35 Opt: FN -> 5
20-12-21 10:55:35 Tft: DRAV -> DY>Ok
20-12-21 10:55:36 Temp: XGS -> 0 0 1 1
20-12-21 10:55:36 Temp: XGT -> 1982 0 59
20-12-21 10:55:36 Opt: FN -> 5
20-12-21 10:55:36 Tft: DRAV -> DY>Ok
20-12-21 10:55:38 Temp: XGS -> 0 0 1 1
20-12-21 10:55:38 Temp: XGT -> 1982 0 59
20-12-21 10:55:38 Opt: FN -> 5
20-12-21 10:55:38 Tft: DRAV -> DY>Ok
20-12-21 10:55:40 Temp: XGS -> 0 0 1 1
20-12-21 10:55:40 Temp: XGT -> 1982 0 59
20-12-21 10:55:40 Opt: FN -> 5
20-12-21 10:55:40 Tft: DRAV -> DY>Ok
20-12-21 10:55:42 Temp: XGS -> 0 0 1 1
20-12-21 10:55:42 Temp: XGT -> 1982 0 59
20-12-21 10:55:42 Opt: FN -> 5
20-12-21 10:55:42 Tft: DRAV -> DY>Ok
20-12-21 10:55:44 Temp: XGS -> 0 0 1 1
20-12-21 10:55:44 Temp: XGT -> 1982 0 59
20-12-21 10:55:44 Opt: FN -> 5
20-12-21 10:55:44 Tft: DRAV -> DY>Ok
20-12-21 10:55:45 Temp: XGS -> 0 0 1 1
20-12-21 10:55:45 Temp: XGT -> 1982 0 59
20-12-21 10:55:45 Opt: FN -> 5
20-12-21 10:55:45 Tft: DRAV -> DY>Ok
20-12-21 10:55:47 Temp: XGS -> 0 0 1 1
20-12-21 10:55:47 Temp: XGT -> 1982 0 59
20-12-21 10:55:47 Opt: FN -> 5
20-12-21 10:55:47 Tft: DRAV -> DY>Ok
20-12-21 10:55:49 Temp: XGS -> 0 0 1 1
20-12-21 10:55:49 Temp: XGT -> 1982 0 59
20-12-21 10:55:49 Opt: FN -> 5
20-12-21 10:55:49 Tft: DRAV -> DY>Ok
20-12-21 10:55:51 Temp: XGS -> 0 0 1 1
20-12-21 10:55:51 Temp: XGT -> 1982 0 59
20-12-21 10:55:51 Opt: FN -> 5
20-12-21 10:55:51 Tft: DRAV -> DY>Ok
20-12-21 10:55:53 Temp: XGS -> 0 0 1 1
20-12-21 10:55:53 Temp: XGT -> 1982 0 59
20-12-21 10:55:53 Opt: FN -> 5
20-12-21 10:55:53 Tft: DRAV -> DY>Ok
20-12-21 10:55:54 Temp: XGS -> 0 0 1 1
20-12-21 10:55:55 Temp: XGT -> 1982 0 59
20-12-21 10:55:55 Opt: FN -> 5
20-12-21 10:55:55 Tft: DRAV -> DY>Ok
20-12-21 10:55:56 Temp: XGS -> 0 0 1 1
20-12-21 10:55:56 Temp: XGT -> 1982 0 59
20-12-21 10:55:56 Opt: FN -> 5
20-12-21 10:55:56 Tft: DRAV -> DY>Ok
20-12-21 10:55:58 Temp: XGS -> 0 0 1 1
20-12-21 10:55:58 Temp: XGT -> 1982 0 59
20-12-21 10:55:58 Opt: FN -> 5
20-12-21 10:55:58 Tft: DRAV -> DY>Ok
20-12-21 10:56:00 Temp: XGS -> 0 0 1 1
20-12-21 10:56:00 Temp: XGT -> 1982 0 59
20-12-21 10:56:00 Opt: FN -> 5
20-12-21 10:56:00 Tft: DRAV -> DY>Ok
20-12-21 10:56:02 Temp: XGS -> 0 0 1 1
20-12-21 10:56:02 Temp: XGT -> 1982 0 59
20-12-21 10:56:02 Opt: FN -> 5
20-12-21 10:56:02 Tft: DRAV -> DY>Ok
20-12-21 10:56:04 Temp: XGS -> 0 0 1 1
20-12-21 10:56:04 Temp: XGT -> 1983 0 58
20-12-21 10:56:04 Opt: FN -> 5
20-12-21 10:56:04 Tft: DRAV -> DY>Ok
20-12-21 10:56:05 Temp: XGS -> 0 0 1 1
20-12-21 10:56:05 Temp: XGT -> 1983 0 58
20-12-21 10:56:05 Opt: FN -> 5
20-12-21 10:56:05 Tft: DRAV -> DY>Ok
20-12-21 10:56:07 Temp: XGS -> 0 0 1 1
20-12-21 10:56:07 Temp: XGT -> 1983 0 58
20-12-21 10:56:07 Opt: FN -> 5
20-12-21 10:56:07 Tft: DRAV -> DY>Ok
20-12-21 10:56:09 Temp: XGS -> 0 0 1 1
20-12-21 10:56:09 Temp: XGT -> 1982 0 59
20-12-21 10:56:09 Opt: FN -> 5
20-12-21 10:56:09 Tft: DRAV -> DY>Ok
20-12-21 10:56:11 Temp: XGS -> 0 0 1 1
20-12-21 10:56:11 Temp: XGT -> 1983 0 58
20-12-21 10:56:11 Opt: FN -> 5
20-12-21 10:56:11 Tft: DRAV -> DY>Ok
20-12-21 10:56:13 Temp: XGS -> 0 0 1 1
20-12-21 10:56:13 Temp: XGT -> 1983 0 58
20-12-21 10:56:13 Opt: FN -> 5
20-12-21 10:56:13 Tft: DRAV -> DY>Ok
20-12-21 10:56:14 Temp: XGS -> 0 0 1 1
20-12-21 10:56:14 Temp: XGT -> 1983 0 58
20-12-21 10:56:14 Opt: FN -> 5
20-12-21 10:56:14 Tft: DRAV -> DY>Ok
20-12-21 10:56:16 Temp: XGS -> 0 0 1 1
20-12-21 10:56:16 Temp: XGT -> 1983 0 58
20-12-21 10:56:16 Opt: FN -> 5
20-12-21 10:56:16 Tft: DRAV -> DY>Ok
20-12-21 10:56:18 Temp: XGS -> 0 0 1 1
20-12-21 10:56:18 Temp: XGT -> 1983 0 58
20-12-21 10:56:18 Opt: FN -> 5
20-12-21 10:56:18 Tft: DRAV -> DY>Ok
20-12-21 10:56:20 Temp: XGS -> 0 0 1 1
20-12-21 10:56:20 Temp: XGT -> 1983 0 58
20-12-21 10:56:20 Opt: FN -> 5
20-12-21 10:56:20 Tft: DRAV -> DY>Ok
20-12-21 10:56:22 Temp: XGS -> 0 0 1 1
20-12-21 10:56:22 Temp: XGT -> 1983 0 58
20-12-21 10:56:22 Opt: FN -> 5
20-12-21 10:56:22 Tft: DRAV -> DY>Ok
20-12-21 10:56:24 Temp: XGS -> 0 0 1 1
20-12-21 10:56:24 Temp: XGT -> 1983 0 58
20-12-21 10:56:24 Opt: FN -> 5
20-12-21 10:56:24 Tft: DRAV -> DY>Ok
20-12-21 10:56:25 Temp: XGS -> 0 0 1 1
20-12-21 10:56:25 Temp: XGT -> 1983 0 58
20-12-21 10:56:25 Opt: FN -> 5
20-12-21 10:56:25 Tft: DRAV -> DY>Ok
20-12-21 10:56:27 Temp: XGS -> 0 0 1 1
20-12-21 10:56:27 Temp: XGT -> 1983 0 58
20-12-21 10:56:27 Opt: FN -> 5
20-12-21 10:56:27 Tft: DRAV -> DY>Ok
20-12-21 10:56:29 Temp: XGS -> 0 0 1 1
20-12-21 10:56:29 Temp: XGT -> 1983 0 58
20-12-21 10:56:29 Opt: FN -> 5
20-12-21 10:56:29 Tft: DRAV -> DY>Ok
20-12-21 10:56:31 Temp: XGS -> 0 0 1 1
20-12-21 10:56:31 Temp: XGT -> 1983 0 58
20-12-21 10:56:31 Opt: FN -> 5
20-12-21 10:56:31 Tft: DRAV -> DY>Ok
20-12-21 10:56:33 Temp: XGS -> 0 0 1 1
20-12-21 10:56:33 Temp: XGT -> 1983 0 58
20-12-21 10:56:33 Opt: FN -> 5
20-12-21 10:56:33 Tft: DRAV -> DY>Ok
20-12-21 10:56:34 Temp: XGS -> 0 0 1 1
20-12-21 10:56:34 Temp: XGT -> 1983 0 58
20-12-21 10:56:34 Opt: FN -> 5
20-12-21 10:56:34 Tft: DRAV -> DY>Ok
20-12-21 10:56:36 Temp: XGS -> 0 0 1 1
20-12-21 10:56:36 Temp: XGT -> 1983 0 58
20-12-21 10:56:36 Opt: FN -> 5
20-12-21 10:56:36 Tft: DRAV -> DY>Ok
20-12-21 10:56:38 Temp: XGS -> 0 0 1 1
20-12-21 10:56:38 Temp: XGT -> 1983 0 58
20-12-21 10:56:38 Opt: FN -> 5
20-12-21 10:56:38 Tft: DRAV -> DY>Ok
20-12-21 10:56:40 Temp: XGS -> 0 0 1 1
20-12-21 10:56:40 Temp: XGT -> 1983 0 58
20-12-21 10:56:40 Opt: FN -> 5
20-12-21 10:56:40 Tft: DRAV -> DY>Ok
20-12-21 10:56:42 Temp: XGS -> 0 0 1 1
20-12-21 10:56:42 Temp: XGT -> 1983 0 58
20-12-21 10:56:42 Opt: FN -> 5
20-12-21 10:56:42 Tft: DRAV -> DY>Ok
20-12-21 10:56:43 Temp: XGS -> 0 0 1 1
20-12-21 10:56:43 Temp: XGT -> 1983 0 58
20-12-21 10:56:43 Opt: FN -> 5
20-12-21 10:56:44 Tft: DRAV -> DY>Ok
20-12-21 10:56:45 Temp: XGS -> 0 0 1 1
20-12-21 10:56:45 Temp: XGT -> 1983 0 58
20-12-21 10:56:45 Opt: FN -> 5
20-12-21 10:56:45 Tft: DRAV -> DY>Ok
20-12-21 10:56:47 Temp: XGS -> 0 0 1 1
20-12-21 10:56:47 Temp: XGT -> 1983 0 58
20-12-21 10:56:47 Opt: FN -> 5
20-12-21 10:56:47 Tft: DRAV -> DY>Ok
20-12-21 10:56:49 Temp: XGS -> 0 0 1 1
20-12-21 10:56:49 Temp: XGT -> 1983 0 58
20-12-21 10:56:49 Opt: FN -> 5
20-12-21 10:56:49 Tft: DRAV -> DY>Ok
20-12-21 10:56:51 Temp: XGS -> 0 0 1 1
20-12-21 10:56:51 Temp: XGT -> 1983 0 58
20-12-21 10:56:51 Opt: FN -> 5
20-12-21 10:56:51 Tft: DRAV -> DY>Ok
20-12-21 10:56:53 Temp: XGS -> 0 0 1 1
20-12-21 10:56:53 Temp: XGT -> 1983 0 58
20-12-21 10:56:53 Opt: FN -> 5
20-12-21 10:56:53 Tft: DRAV -> DY>Ok
20-12-21 10:56:54 Temp: XGS -> 0 0 1 1
20-12-21 10:56:54 Temp: XGT -> 1983 0 58
20-12-21 10:56:54 Opt: FN -> 5
20-12-21 10:56:54 Tft: DRAV -> DY>Ok
20-12-21 10:56:56 Temp: XGS -> 0 0 1 1
20-12-21 10:56:56 Temp: XGT -> 1983 0 58
20-12-21 10:56:56 Opt: FN -> 5
20-12-21 10:56:56 Tft: DRAV -> DY>Ok
20-12-21 10:56:58 Temp: XGS -> 0 0 1 1
20-12-21 10:56:58 Temp: XGT -> 1983 0 58
20-12-21 10:56:58 Opt: FN -> 5
20-12-21 10:56:58 Tft: DRAV -> DY>Ok
20-12-21 10:57:00 Temp: XGS -> 0 0 1 1
20-12-21 10:57:00 Temp: XGT -> 1983 0 58
20-12-21 10:57:00 Opt: FN -> 5
20-12-21 10:57:00 Tft: DRAV -> DY>Ok
20-12-21 10:57:02 Temp: XGS -> 0 0 1 1
20-12-21 10:57:02 Temp: XGT -> 1983 0 58
20-12-21 10:57:02 Opt: FN -> 5
20-12-21 10:57:02 Tft: DRAV -> DY>Ok
20-12-21 10:57:03 Temp: XGS -> 0 0 1 1
20-12-21 10:57:03 Temp: XGT -> 1983 0 58
20-12-21 10:57:03 Opt: FN -> 5
20-12-21 10:57:03 Tft: DRAV -> DY>Ok
20-12-21 10:57:05 Temp: XGS -> 0 0 1 1
20-12-21 10:57:05 Temp: XGT -> 1983 0 58
20-12-21 10:57:05 Opt: FN -> 5
20-12-21 10:57:05 Tft: DRAV -> DY>Ok
20-12-21 10:57:07 Temp: XGS -> 0 0 1 1
20-12-21 10:57:07 Temp: XGT -> 1983 0 58
20-12-21 10:57:07 Opt: FN -> 5
20-12-21 10:57:07 Tft: DRAV -> DY>Ok
20-12-21 10:57:09 Temp: XGS -> 0 0 1 1
20-12-21 10:57:09 Temp: XGT -> 1983 0 58
20-12-21 10:57:09 Opt: FN -> 5
20-12-21 10:57:09 Tft: DRAV -> DY>Ok
20-12-21 10:57:11 Temp: XGS -> 0 0 1 1
20-12-21 10:57:11 Temp: XGT -> 1983 0 58
20-12-21 10:57:11 Opt: FN -> 5
20-12-21 10:57:11 Tft: DRAV -> DY>Ok
20-12-21 10:57:12 Temp: XGS -> 0 0 1 1
20-12-21 10:57:13 Temp: XGT -> 1984 0 57
20-12-21 10:57:13 Opt: FN -> 5
20-12-21 10:57:13 Tft: DRAV -> DY>Ok
20-12-21 10:57:14 Temp: XGS -> 0 0 1 1
20-12-21 10:57:14 Temp: XGT -> 1984 0 57
20-12-21 10:57:14 Opt: FN -> 5
20-12-21 10:57:14 Tft: DRAV -> DY>Ok
20-12-21 10:57:16 Temp: XGS -> 0 0 1 1
20-12-21 10:57:16 Temp: XGT -> 1984 0 57
20-12-21 10:57:16 Opt: FN -> 5
20-12-21 10:57:16 Tft: DRAV -> DY>Ok
20-12-21 10:57:18 Temp: XGS -> 0 0 1 1
20-12-21 10:57:18 Temp: XGT -> 1984 0 57
20-12-21 10:57:18 Opt: FN -> 5
20-12-21 10:57:18 Tft: DRAV -> DY>Ok
20-12-21 10:57:20 Temp: XGS -> 0 0 1 1
20-12-21 10:57:20 Temp: XGT -> 1984 0 57
20-12-21 10:57:20 Opt: FN -> 5
20-12-21 10:57:20 Tft: DRAV -> DY>Ok
20-12-21 10:57:22 Temp: XGS -> 0 0 1 1
20-12-21 10:57:22 Temp: XGT -> 1984 0 57
20-12-21 10:57:22 Opt: FN -> 5
20-12-21 10:57:22 Tft: DRAV -> DY>Ok
20-12-21 10:57:23 Temp: XGS -> 0 0 1 1
20-12-21 10:57:23 Temp: XGT -> 1984 0 57
20-12-21 10:57:23 Opt: FN -> 5
20-12-21 10:57:23 Tft: DRAV -> DY>Ok
20-12-21 10:57:25 Temp: XGS -> 0 0 1 1
20-12-21 10:57:25 Temp: XGT -> 1984 0 57
20-12-21 10:57:25 Opt: FN -> 5
20-12-21 10:57:25 Tft: DRAV -> DY>Ok
20-12-21 10:57:27 Temp: XGS -> 0 0 1 1
20-12-21 10:57:27 Temp: XGT -> 1984 0 57
20-12-21 10:57:27 Opt: FN -> 5
20-12-21 10:57:27 Tft: DRAV -> DY>Ok
20-12-21 10:57:29 Temp: XGS -> 0 0 1 1
20-12-21 10:57:29 Temp: XGT -> 1984 0 57
20-12-21 10:57:29 Opt: FN -> 5
20-12-21 10:57:29 Tft: DRAV -> DY>Ok
20-12-21 10:57:31 Temp: XGS -> 0 0 1 1
20-12-21 10:57:31 Temp: XGT -> 1984 0 57
20-12-21 10:57:31 Opt: FN -> 5
20-12-21 10:57:31 Tft: DRAV -> DY>Ok
20-12-21 10:57:32 Temp: XGS -> 0 0 1 1
20-12-21 10:57:32 Temp: XGT -> 1984 0 57
20-12-21 10:57:32 Opt: FN -> 5
20-12-21 10:57:32 Tft: DRAV -> DY>Ok
20-12-21 10:57:34 Temp: XGS -> 0 0 1 1
20-12-21 10:57:34 Temp: XGT -> 1984 0 57
20-12-21 10:57:34 Opt: FN -> 5
20-12-21 10:57:34 Tft: DRAV -> DY>Ok
20-12-21 10:57:36 Temp: XGS -> 0 0 1 1
20-12-21 10:57:36 Temp: XGT -> 1984 0 57
20-12-21 10:57:36 Opt: FN -> 5
20-12-21 10:57:36 Tft: DRAV -> DY>Ok
20-12-21 10:57:38 Temp: XGS -> 0 0 1 1
20-12-21 10:57:38 Temp: XGT -> 1984 0 57
20-12-21 10:57:38 Opt: FN -> 5
20-12-21 10:57:38 Tft: DRAV -> DY>Ok
20-12-21 10:57:40 Temp: XGS -> 0 0 1 1
20-12-21 10:57:40 Temp: XGT -> 1984 0 57
20-12-21 10:57:40 Opt: FN -> 5
20-12-21 10:57:40 Tft: DRAV -> DY>Ok
20-12-21 10:57:42 Temp: XGS -> 0 0 1 1
20-12-21 10:57:42 Temp: XGT -> 1984 0 57
20-12-21 10:57:42 Opt: FN -> 5
20-12-21 10:57:42 Tft: DRAV -> DY>Ok
20-12-21 10:57:43 Temp: XGS -> 0 0 1 1
20-12-21 10:57:43 Temp: XGT -> 1985 0 56
20-12-21 10:57:43 Opt: FN -> 5
20-12-21 10:57:43 Tft: DRAV -> DY>Ok
20-12-21 10:57:45 Temp: XGS -> 0 0 1 1
20-12-21 10:57:45 Temp: XGT -> 1985 0 56
20-12-21 10:57:45 Opt: FN -> 5
20-12-21 10:57:45 Tft: DRAV -> DY>Ok
20-12-21 10:57:47 Temp: XGS -> 0 0 1 1
20-12-21 10:57:47 Temp: XGT -> 1985 0 56
20-12-21 10:57:47 Opt: FN -> 5
20-12-21 10:57:47 Tft: DRAV -> DY>Ok
20-12-21 10:57:49 Temp: XGS -> 0 0 1 1
20-12-21 10:57:49 Temp: XGT -> 1985 0 56
20-12-21 10:57:49 Opt: FN -> 5
20-12-21 10:57:49 Tft: DRAV -> DY>Ok
20-12-21 10:57:51 Temp: XGS -> 0 0 1 1
20-12-21 10:57:51 Temp: XGT -> 1985 0 56
20-12-21 10:57:51 Opt: FN -> 5
20-12-21 10:57:51 Tft: DRAV -> DY>Ok
20-12-21 10:57:52 Temp: XGS -> 0 0 1 1
20-12-21 10:57:52 Temp: XGT -> 1985 0 56
20-12-21 10:57:52 Opt: FN -> 5
20-12-21 10:57:52 Tft: DRAV -> DY>Ok
20-12-21 10:57:54 Temp: XGS -> 0 0 1 1
20-12-21 10:57:54 Temp: XGT -> 1985 0 56
20-12-21 10:57:54 Opt: FN -> 5
20-12-21 10:57:54 Tft: DRAV -> DY>Ok
20-12-21 10:57:56 Temp: XGS -> 0 0 1 1
20-12-21 10:57:56 Temp: XGT -> 1985 0 56
20-12-21 10:57:56 Opt: FN -> 5
20-12-21 10:57:56 Tft: DRAV -> DY>Ok
20-12-21 10:57:58 Temp: XGS -> 0 0 1 1
20-12-21 10:57:58 Temp: XGT -> 1986 0 55
20-12-21 10:57:58 Opt: FN -> 5
20-12-21 10:57:58 Tft: DRAV -> DY>Ok
20-12-21 10:58:00 Temp: XGS -> 0 0 1 1
20-12-21 10:58:00 Temp: XGT -> 1987 0 54
20-12-21 10:58:00 Opt: FN -> 5
20-12-21 10:58:00 Tft: DRAV -> DY>Ok
20-12-21 10:58:01 Temp: XGS -> 0 0 1 1
20-12-21 10:58:01 Temp: XGT -> 1988 0 53
20-12-21 10:58:01 Opt: FN -> 5
20-12-21 10:58:02 Tft: DRAV -> DY>Ok
20-12-21 10:58:03 Temp: XGS -> 0 0 1 1
20-12-21 10:58:03 Temp: XGT -> 1989 0 52
20-12-21 10:58:03 Opt: FN -> 5
20-12-21 10:58:03 Tft: DRAV -> DY>Ok
20-12-21 10:58:05 Temp: XGS -> 0 0 1 1
20-12-21 10:58:05 Temp: XGT -> 1989 0 52
20-12-21 10:58:05 Opt: FN -> 5
20-12-21 10:58:05 Tft: DRAV -> DY>Ok
20-12-21 10:58:07 Temp: XGS -> 0 0 1 1
20-12-21 10:58:07 Temp: XGT -> 1990 0 51
20-12-21 10:58:07 Opt: FN -> 5
20-12-21 10:58:07 Tft: DRAV -> DY>Ok
20-12-21 10:58:09 Temp: XGS -> 0 0 1 1
20-12-21 10:58:09 Temp: XGT -> 1991 0 50
20-12-21 10:58:09 Opt: FN -> 5
20-12-21 10:58:09 Tft: DRAV -> DY>Ok
20-12-21 10:58:11 Temp: XGS -> 0 0 1 1
20-12-21 10:58:11 Temp: XGT -> 1991 0 50
20-12-21 10:58:11 Opt: FN -> 5
20-12-21 10:58:11 Tft: DRAV -> DY>Ok
20-12-21 10:58:12 Temp: XGS -> 0 0 1 1
20-12-21 10:58:12 Temp: XGT -> 1992 0 49
20-12-21 10:58:12 Opt: FN -> 5
20-12-21 10:58:12 Tft: DRAV -> DY>Ok
20-12-21 10:58:14 Temp: XGS -> 0 0 1 1
20-12-21 10:58:14 Temp: XGT -> 1993 0 48
20-12-21 10:58:14 Opt: FN -> 5
20-12-21 10:58:14 Tft: DRAV -> DY>Ok
20-12-21 10:58:16 Temp: XGS -> 0 0 1 1
20-12-21 10:58:16 Temp: XGT -> 1994 0 47
20-12-21 10:58:16 Opt: FN -> 5
20-12-21 10:58:16 Tft: DRAV -> DY>Ok
20-12-21 10:58:18 Temp: XGS -> 0 0 1 1
20-12-21 10:58:18 Temp: XGT -> 1994 0 47
20-12-21 10:58:18 Opt: FN -> 5
20-12-21 10:58:18 Tft: DRAV -> DY>Ok
20-12-21 10:58:20 Temp: XGS -> 0 0 1 1
20-12-21 10:58:20 Temp: XGT -> 1995 0 46
20-12-21 10:58:20 Opt: FN -> 5
20-12-21 10:58:20 Tft: DRAV -> DY>Ok
20-12-21 10:58:21 Temp: XGS -> 0 0 1 1
20-12-21 10:58:21 Temp: XGT -> 1996 0 45
20-12-21 10:58:21 Opt: FN -> 5
20-12-21 10:58:21 Tft: DRAV -> DY>Ok
20-12-21 10:58:23 Temp: XGS -> 0 0 1 1
20-12-21 10:58:23 Temp: XGT -> 1996 0 45
20-12-21 10:58:23 Opt: FN -> 5
20-12-21 10:58:23 Tft: DRAV -> DY>Ok
20-12-21 10:58:25 Temp: XGS -> 0 0 1 1
20-12-21 10:58:25 Temp: XGT -> 1996 0 45
20-12-21 10:58:25 Opt: FN -> 5
20-12-21 10:58:25 Tft: DRAV -> DY>Ok
20-12-21 10:58:27 Temp: XGS -> 0 0 1 1
20-12-21 10:58:27 Temp: XGT -> 1997 0 44
20-12-21 10:58:27 Opt: FN -> 5
20-12-21 10:58:27 Tft: DRAV -> DY>Ok
20-12-21 10:58:29 Temp: XGS -> 0 0 1 1
20-12-21 10:58:29 Temp: XGT -> 1997 0 44
20-12-21 10:58:29 Opt: FN -> 5
20-12-21 10:58:29 Tft: DRAV -> DY>Ok
20-12-21 10:58:30 Temp: XGS -> 0 0 1 1
20-12-21 10:58:30 Temp: XGT -> 1997 0 44
20-12-21 10:58:31 Opt: FN -> 5
20-12-21 10:58:31 Tft: DRAV -> DY>Ok
20-12-21 10:58:32 Temp: XGS -> 0 0 1 1
20-12-21 10:58:32 Temp: XGT -> 1997 0 44
20-12-21 10:58:32 Opt: FN -> 5
20-12-21 10:58:32 Tft: DRAV -> DY>Ok
20-12-21 10:58:34 Temp: XGS -> 0 0 1 1
20-12-21 10:58:34 Temp: XGT -> 1997 0 44
20-12-21 10:58:34 Opt: FN -> 5
20-12-21 10:58:34 Tft: DRAV -> DY>Ok
20-12-21 10:58:36 Temp: XGS -> 0 0 1 1
20-12-21 10:58:36 Temp: XGT -> 1997 0 44
20-12-21 10:58:36 Opt: FN -> 5
20-12-21 10:58:36 Tft: DRAV -> DY>Ok
20-12-21 10:58:38 Temp: XGS -> 0 0 1 1
20-12-21 10:58:38 Temp: XGT -> 1997 0 44
20-12-21 10:58:38 Opt: FN -> 5
20-12-21 10:58:38 Tft: DRAV -> DY>Ok
20-12-21 10:58:40 Temp: XGS -> 0 0 1 1
20-12-21 10:58:40 Temp: XGT -> 1997 0 44
20-12-21 10:58:40 Opt: FN -> 5
20-12-21 10:58:40 Tft: DRAV -> DY>Ok
20-12-21 10:58:41 Temp: XGS -> 0 0 1 1
20-12-21 10:58:41 Temp: XGT -> 1997 0 44
20-12-21 10:58:41 Opt: FN -> 5
20-12-21 10:58:41 Tft: DRAV -> DY>Ok
20-12-21 10:58:43 Temp: XGS -> 0 0 1 1
20-12-21 10:58:43 Temp: XGT -> 1997 0 44
20-12-21 10:58:43 Opt: FN -> 5
20-12-21 10:58:43 Tft: DRAV -> DY>Ok
20-12-21 10:58:45 Temp: XGS -> 0 0 1 1
20-12-21 10:58:45 Temp: XGT -> 1997 0 44
20-12-21 10:58:45 Opt: FN -> 5
20-12-21 10:58:45 Tft: DRAV -> DY>Ok
20-12-21 10:58:47 Temp: XGS -> 0 0 1 1
20-12-21 10:58:47 Temp: XGT -> 1997 0 44
20-12-21 10:58:47 Opt: FN -> 5
20-12-21 10:58:47 Tft: DRAV -> DY>Ok
20-12-21 10:58:49 Temp: XGS -> 0 0 1 1
20-12-21 10:58:49 Temp: XGT -> 1997 0 44
20-12-21 10:58:49 Opt: FN -> 5
20-12-21 10:58:49 Tft: DRAV -> DY>Ok
20-12-21 10:58:50 Temp: XGS -> 0 0 1 1
20-12-21 10:58:50 Temp: XGT -> 1998 0 43
20-12-21 10:58:50 Opt: FN -> 5
20-12-21 10:58:51 Tft: DRAV -> DY>Ok
20-12-21 10:58:52 Temp: XGS -> 0 0 1 1
20-12-21 10:58:52 Temp: XGT -> 1998 0 43
20-12-21 10:58:52 Opt: FN -> 5
20-12-21 10:58:52 Tft: DRAV -> DY>Ok
20-12-21 10:58:54 Temp: XGS -> 0 0 1 1
20-12-21 10:58:54 Temp: XGT -> 1998 0 43
20-12-21 10:58:54 Opt: FN -> 5
20-12-21 10:58:54 Tft: DRAV -> DY>Ok
20-12-21 10:58:56 Temp: XGS -> 0 0 1 1
20-12-21 10:58:56 Temp: XGT -> 1998 0 43
20-12-21 10:58:56 Opt: FN -> 5
20-12-21 10:58:56 Tft: DRAV -> DY>Ok
20-12-21 10:58:58 Temp: XGS -> 0 0 1 1
20-12-21 10:58:58 Temp: XGT -> 1998 0 43
20-12-21 10:58:58 Opt: FN -> 5
20-12-21 10:58:58 Tft: DRAV -> DY>Ok
20-12-21 10:58:59 Temp: XGS -> 0 0 1 1
20-12-21 10:59:00 Temp: XGT -> 1998 0 43
20-12-21 10:59:00 Opt: FN -> 5
20-12-21 10:59:00 Tft: DRAV -> DY>Ok
20-12-21 10:59:01 Temp: XGS -> 0 0 1 1
20-12-21 10:59:01 Temp: XGT -> 1999 0 42
20-12-21 10:59:01 Opt: FN -> 5
20-12-21 10:59:01 Tft: DRAV -> DY>Ok
20-12-21 10:59:03 Temp: XGS -> 0 0 1 1
20-12-21 10:59:03 Temp: XGT -> 1999 0 42
20-12-21 10:59:03 Opt: FN -> 5
20-12-21 10:59:03 Tft: DRAV -> DY>Ok
20-12-21 10:59:05 Temp: XGS -> 0 0 1 1
20-12-21 10:59:05 Temp: XGT -> 1999 0 42
20-12-21 10:59:05 Opt: FN -> 5
20-12-21 10:59:05 Tft: DRAV -> DY>Ok
20-12-21 10:59:07 Temp: XGS -> 0 0 1 1
20-12-21 10:59:07 Temp: XGT -> 1999 0 42
20-12-21 10:59:07 Opt: FN -> 5
20-12-21 10:59:07 Tft: DRAV -> DY>Ok
20-12-21 10:59:09 Temp: XGS -> 0 0 1 1
20-12-21 10:59:09 Temp: XGT -> 1999 0 42
20-12-21 10:59:09 Opt: FN -> 5
20-12-21 10:59:09 Tft: DRAV -> DY>Ok
20-12-21 10:59:10 Temp: XGS -> 0 0 1 1
20-12-21 10:59:10 Temp: XGT -> 2000 0 41
20-12-21 10:59:10 Opt: FN -> 5
20-12-21 10:59:10 Tft: DRAV -> DY>Ok
20-12-21 10:59:12 Temp: XGS -> 0 0 1 1
20-12-21 10:59:12 Temp: XGT -> 2000 0 41
20-12-21 10:59:12 Opt: FN -> 5
20-12-21 10:59:12 Tft: DRAV -> DY>Ok
20-12-21 10:59:14 Temp: XGS -> 0 0 1 1
20-12-21 10:59:14 Temp: XGT -> 2000 0 41
20-12-21 10:59:14 Opt: FN -> 5
20-12-21 10:59:14 Tft: DRAV -> DY>Ok
20-12-21 10:59:16 Temp: XGS -> 0 0 1 1
20-12-21 10:59:16 Temp: XGT -> 2000 0 41
20-12-21 10:59:16 Opt: FN -> 5
20-12-21 10:59:16 Tft: DRAV -> DY>Ok
20-12-21 10:59:18 Temp: XGS -> 0 0 1 1
20-12-21 10:59:18 Temp: XGT -> 2000 0 41
20-12-21 10:59:18 Opt: FN -> 5
20-12-21 10:59:18 Tft: DRAV -> DY>Ok
20-12-21 10:59:19 Temp: XGS -> 0 0 1 1
20-12-21 10:59:19 Temp: XGT -> 2000 0 41
20-12-21 10:59:20 Opt: FN -> 5
20-12-21 10:59:20 Tft: DRAV -> DY>Ok
20-12-21 10:59:21 Temp: XGS -> 0 0 1 1
20-12-21 10:59:21 Temp: XGT -> 2000 0 41
20-12-21 10:59:21 Opt: FN -> 5
20-12-21 10:59:21 Tft: DRAV -> DY>Ok
20-12-21 10:59:23 Temp: XGS -> 0 0 1 1
20-12-21 10:59:23 Temp: XGT -> 2000 0 41
20-12-21 10:59:23 Opt: FN -> 5
20-12-21 10:59:23 Tft: DRAV -> DY>Ok
20-12-21 10:59:25 Temp: XGS -> 0 0 1 1
20-12-21 10:59:25 Temp: XGT -> 2000 0 41
20-12-21 10:59:25 Opt: FN -> 5
20-12-21 10:59:25 Tft: DRAV -> DY>Ok
20-12-21 10:59:27 Temp: XGS -> 0 0 1 1
20-12-21 10:59:27 Temp: XGT -> 2000 0 41
20-12-21 10:59:27 Opt: FN -> 5
20-12-21 10:59:27 Tft: DRAV -> DY>Ok
20-12-21 10:59:29 Temp: XGS -> 0 0 1 1
20-12-21 10:59:29 Temp: XGT -> 2000 0 41
20-12-21 10:59:29 Opt: FN -> 5
20-12-21 10:59:29 Tft: DRAV -> DY>Ok
20-12-21 10:59:30 Temp: XGS -> 0 0 1 1
20-12-21 10:59:30 Temp: XGT -> 2000 0 41
20-12-21 10:59:30 Opt: FN -> 5
20-12-21 10:59:30 Tft: DRAV -> DY>Ok
20-12-21 10:59:32 Temp: XGS -> 0 0 1 1
20-12-21 10:59:32 Temp: XGT -> 2000 0 41
20-12-21 10:59:32 Opt: FN -> 5
20-12-21 10:59:32 Tft: DRAV -> DY>Ok
20-12-21 10:59:34 Temp: XGS -> 0 0 1 1
20-12-21 10:59:34 Temp: XGT -> 2000 0 41
20-12-21 10:59:34 Opt: FN -> 5
20-12-21 10:59:34 Tft: DRAV -> DY>Ok
20-12-21 10:59:36 Temp: XGS -> 0 0 1 1
20-12-21 10:59:36 Temp: XGT -> 2000 0 41
20-12-21 10:59:36 Opt: FN -> 5
20-12-21 10:59:36 Tft: DRAV -> DY>Ok
20-12-21 10:59:38 Temp: XGS -> 0 0 1 1
20-12-21 10:59:38 Temp: XGT -> 1999 0 42
20-12-21 10:59:38 Opt: FN -> 5
20-12-21 10:59:38 Tft: DRAV -> DY>Ok
20-12-21 10:59:39 Temp: XGS -> 0 0 1 1
20-12-21 10:59:39 Temp: XGT -> 1999 0 42
20-12-21 10:59:39 Opt: FN -> 5
20-12-21 10:59:39 Tft: DRAV -> DY>Ok
20-12-21 10:59:41 Temp: XGS -> 0 0 1 1
20-12-21 10:59:41 Temp: XGT -> 1999 0 42
20-12-21 10:59:41 Opt: FN -> 5
20-12-21 10:59:41 Tft: DRAV -> DY>Ok
20-12-21 10:59:43 Temp: XGS -> 0 0 1 1
20-12-21 10:59:43 Temp: XGT -> 1998 0 43
20-12-21 10:59:43 Opt: FN -> 5
20-12-21 10:59:43 Tft: DRAV -> DY>Ok
20-12-21 10:59:45 Temp: XGS -> 0 0 1 1
20-12-21 10:59:45 Temp: XGT -> 1998 0 43
20-12-21 10:59:45 Opt: FN -> 5
20-12-21 10:59:45 Tft: DRAV -> DY>Ok
20-12-21 10:59:47 Temp: XGS -> 0 0 1 1
20-12-21 10:59:47 Temp: XGT -> 1998 0 43
20-12-21 10:59:47 Opt: FN -> 5
20-12-21 10:59:47 Tft: DRAV -> DY>Ok
20-12-21 10:59:48 Temp: XGS -> 0 0 1 1
20-12-21 10:59:48 Temp: XGT -> 1998 0 43
20-12-21 10:59:49 Opt: FN -> 5
20-12-21 10:59:49 Tft: DRAV -> DY>Ok
20-12-21 10:59:50 Temp: XGS -> 0 0 1 1
20-12-21 10:59:50 Temp: XGT -> 1998 0 43
20-12-21 10:59:50 Opt: FN -> 5
20-12-21 10:59:50 Tft: DRAV -> DY>Ok
20-12-21 10:59:52 Temp: XGS -> 0 0 1 1
20-12-21 10:59:52 Temp: XGT -> 1998 0 43
20-12-21 10:59:52 Opt: FN -> 5
20-12-21 10:59:52 Tft: DRAV -> DY>Ok
20-12-21 10:59:54 Temp: XGS -> 0 0 1 1
20-12-21 10:59:54 Temp: XGT -> 1998 0 43
20-12-21 10:59:54 Opt: FN -> 5
20-12-21 10:59:54 Tft: DRAV -> DY>Ok
20-12-21 10:59:56 Temp: XGS -> 0 0 1 1
20-12-21 10:59:56 Temp: XGT -> 1998 0 43
20-12-21 10:59:56 Opt: FN -> 5
20-12-21 10:59:56 Tft: DRAV -> DY>Ok
20-12-21 10:59:58 Temp: XGS -> 0 0 1 1
20-12-21 10:59:58 Temp: XGT -> 1998 0 43
20-12-21 10:59:58 Opt: FN -> 5
20-12-21 10:59:58 Tft: DRAV -> DY>Ok
20-12-21 10:59:59 Temp: XGS -> 0 0 1 1
20-12-21 10:59:59 Temp: XGT -> 1999 0 42
20-12-21 10:59:59 Opt: FN -> 5
20-12-21 10:59:59 Tft: DRAV -> DY>Ok
20-12-21 11:00:01 Temp: XGS -> 0 0 1 1
20-12-21 11:00:01 Temp: XGT -> 1999 0 42
20-12-21 11:00:01 Opt: FN -> 5
20-12-21 11:00:01 Tft: DRAV -> DY>Ok
20-12-21 11:00:03 Temp: XGS -> 0 0 1 1
20-12-21 11:00:03 Temp: XGT -> 1999 0 42
20-12-21 11:00:03 Opt: FN -> 5
20-12-21 11:00:03 Tft: DRAV -> DY>Ok
20-12-21 11:00:05 Temp: XGS -> 0 0 1 1
20-12-21 11:00:05 Temp: XGT -> 1999 0 42
20-12-21 11:00:05 Opt: FN -> 5
20-12-21 11:00:05 Tft: DRAV -> DY>Ok
20-12-21 11:00:07 Temp: XGS -> 0 0 1 1
20-12-21 11:00:07 Temp: XGT -> 2000 0 41
20-12-21 11:00:07 Opt: FN -> 5
20-12-21 11:00:07 Tft: DRAV -> DY>Ok
20-12-21 11:00:08 Temp: XGS -> 0 0 1 1
20-12-21 11:00:08 Temp: XGT -> 2000 0 41
20-12-21 11:00:08 Opt: FN -> 5
20-12-21 11:00:08 Tft: DRAV -> DY>Ok
20-12-21 11:00:10 Temp: XGS -> 0 0 1 1
20-12-21 11:00:10 Temp: XGT -> 2000 0 41
20-12-21 11:00:10 Opt: FN -> 5
20-12-21 11:00:10 Tft: DRAV -> DY>Ok
20-12-21 11:00:12 Temp: XGS -> 0 0 1 1
20-12-21 11:00:12 Temp: XGT -> 2000 0 41
20-12-21 11:00:12 Opt: FN -> 5
20-12-21 11:00:12 Tft: DRAV -> DY>Ok
20-12-21 11:00:14 Temp: XGS -> 0 0 1 1
20-12-21 11:00:14 Temp: XGT -> 2000 0 41
20-12-21 11:00:14 Opt: FN -> 5
20-12-21 11:00:14 Tft: DRAV -> DY>Ok
20-12-21 11:00:16 Temp: XGS -> 0 0 1 1
20-12-21 11:00:16 Temp: XGT -> 2000 0 41
20-12-21 11:00:16 Opt: FN -> 5
20-12-21 11:00:16 Tft: DRAV -> DY>Ok
20-12-21 11:00:17 Temp: XGS -> 0 0 1 1
20-12-21 11:00:17 Temp: XGT -> 2000 0 41
20-12-21 11:00:18 Opt: FN -> 5
20-12-21 11:00:18 Tft: DRAV -> DY>Ok
20-12-21 11:00:19 Temp: XGS -> 0 0 1 1
20-12-21 11:00:19 Temp: XGT -> 2000 0 41
20-12-21 11:00:19 Opt: FN -> 5
20-12-21 11:00:19 Tft: DRAV -> DY>Ok
20-12-21 11:00:21 Temp: XGS -> 0 0 1 1
20-12-21 11:00:21 Temp: XGT -> 2000 0 41
20-12-21 11:00:21 Opt: FN -> 5
20-12-21 11:00:21 Tft: DRAV -> DY>Ok
20-12-21 11:00:23 Temp: XGS -> 0 0 1 1
20-12-21 11:00:23 Temp: XGT -> 2000 0 41
20-12-21 11:00:23 Opt: FN -> 5
20-12-21 11:00:23 Tft: DRAV -> DY>Ok
20-12-21 11:00:25 Temp: XGS -> 0 0 1 1
20-12-21 11:00:25 Temp: XGT -> 2000 0 41
20-12-21 11:00:25 Opt: FN -> 5
20-12-21 11:00:25 Tft: DRAV -> DY>Ok
20-12-21 11:00:27 Temp: XGS -> 0 0 1 1
20-12-21 11:00:27 Temp: XGT -> 2000 0 41
20-12-21 11:00:27 Opt: FN -> 5
20-12-21 11:00:27 Tft: DRAV -> DY>Ok
20-12-21 11:00:28 Temp: XGS -> 0 0 1 1
20-12-21 11:00:28 Temp: XGT -> 2000 0 41
20-12-21 11:00:28 Opt: FN -> 5
20-12-21 11:00:28 Tft: DRAV -> DY>Ok
20-12-21 11:00:30 Temp: XGS -> 0 0 1 1
20-12-21 11:00:30 Temp: XGT -> 2000 0 41
20-12-21 11:00:30 Opt: FN -> 5
20-12-21 11:00:30 Tft: DRAV -> DY>Ok
20-12-21 11:00:32 Temp: XGS -> 0 0 1 1
20-12-21 11:00:32 Temp: XGT -> 2000 0 41
20-12-21 11:00:32 Opt: FN -> 5
20-12-21 11:00:32 Tft: DRAV -> DY>Ok
20-12-21 11:00:34 Temp: XGS -> 0 0 1 1
20-12-21 11:00:34 Temp: XGT -> 2000 0 41
20-12-21 11:00:34 Opt: FN -> 5
20-12-21 11:00:34 Tft: DRAV -> DY>Ok
20-12-21 11:00:36 Temp: XGS -> 0 0 1 1
20-12-21 11:00:36 Temp: XGT -> 2000 0 41
20-12-21 11:00:36 Opt: FN -> 5
20-12-21 11:00:36 Tft: DRAV -> DY>Ok
20-12-21 11:00:37 Temp: XGS -> 0 0 1 1
20-12-21 11:00:37 Temp: XGT -> 1999 0 42
20-12-21 11:00:37 Opt: FN -> 5
20-12-21 11:00:37 Tft: DRAV -> DY>Ok
20-12-21 11:00:39 Temp: XGS -> 0 0 1 1
20-12-21 11:00:39 Temp: XGT -> 1999 0 42
20-12-21 11:00:39 Opt: FN -> 5
20-12-21 11:00:39 Tft: DRAV -> DY>Ok
20-12-21 11:00:41 Temp: XGS -> 0 0 1 1
20-12-21 11:00:41 Temp: XGT -> 1999 0 42
20-12-21 11:00:41 Opt: FN -> 5
20-12-21 11:00:41 Tft: DRAV -> DY>Ok
20-12-21 11:00:43 Temp: XGS -> 0 0 1 1
20-12-21 11:00:43 Temp: XGT -> 1999 0 42
20-12-21 11:00:43 Opt: FN -> 5
20-12-21 11:00:43 Tft: DRAV -> DY>Ok
20-12-21 11:00:45 Temp: XGS -> 0 0 1 1
20-12-21 11:00:45 Temp: XGT -> 1998 0 43
20-12-21 11:00:45 Opt: FN -> 5
20-12-21 11:00:45 Tft: DRAV -> DY>Ok
20-12-21 11:00:46 Temp: XGS -> 0 0 1 1
20-12-21 11:00:47 Temp: XGT -> 1998 0 43
20-12-21 11:00:47 Opt: FN -> 5
20-12-21 11:00:47 Tft: DRAV -> DY>Ok
20-12-21 11:00:48 Temp: XGS -> 0 0 1 1
20-12-21 11:00:48 Temp: XGT -> 1998 0 43
20-12-21 11:00:48 Opt: FN -> 5
20-12-21 11:00:48 Tft: DRAV -> DY>Ok
20-12-21 11:00:50 Temp: XGS -> 0 0 1 1
20-12-21 11:00:50 Temp: XGT -> 1998 0 43
20-12-21 11:00:50 Opt: FN -> 5
20-12-21 11:00:50 Tft: DRAV -> DY>Ok
20-12-21 11:00:52 Temp: XGS -> 0 0 1 1
20-12-21 11:00:52 Temp: XGT -> 1998 0 43
20-12-21 11:00:52 Opt: FN -> 5
20-12-21 11:00:52 Tft: DRAV -> DY>Ok
20-12-21 11:00:54 Temp: XGS -> 0 0 1 1
20-12-21 11:00:54 Temp: XGT -> 1998 0 43
20-12-21 11:00:54 Opt: FN -> 5
20-12-21 11:00:54 Tft: DRAV -> DY>Ok
20-12-21 11:00:56 Temp: XGS -> 0 0 1 1
20-12-21 11:00:56 Temp: XGT -> 1998 0 43
20-12-21 11:00:56 Opt: FN -> 5
20-12-21 11:00:56 Tft: DRAV -> DY>Ok
20-12-21 11:00:57 Temp: XGS -> 0 0 1 1
20-12-21 11:00:57 Temp: XGT -> 1998 0 43
20-12-21 11:00:57 Opt: FN -> 5
20-12-21 11:00:57 Tft: DRAV -> DY>Ok
20-12-21 11:00:59 Temp: XGS -> 0 0 1 1
20-12-21 11:00:59 Temp: XGT -> 1999 0 42
20-12-21 11:00:59 Opt: FN -> 5
20-12-21 11:00:59 Tft: DRAV -> DY>Ok
20-12-21 11:01:01 Temp: XGS -> 0 0 1 1
20-12-21 11:01:01 Temp: XGT -> 1999 0 42
20-12-21 11:01:01 Opt: FN -> 5
20-12-21 11:01:01 Tft: DRAV -> DY>Ok
20-12-21 11:01:03 Temp: XGS -> 0 0 1 1
20-12-21 11:01:03 Temp: XGT -> 1999 0 42
20-12-21 11:01:03 Opt: FN -> 5
20-12-21 11:01:03 Tft: DRAV -> DY>Ok
20-12-21 11:01:05 Temp: XGS -> 0 0 1 1
20-12-21 11:01:05 Temp: XGT -> 1999 0 42
20-12-21 11:01:05 Opt: FN -> 5
20-12-21 11:01:05 Tft: DRAV -> DY>Ok
20-12-21 11:01:06 Temp: XGS -> 0 0 1 1
20-12-21 11:01:06 Temp: XGT -> 1999 0 42
20-12-21 11:01:06 Opt: FN -> 5
20-12-21 11:01:07 Tft: DRAV -> DY>Ok
20-12-21 11:01:08 Temp: XGS -> 0 0 1 1
20-12-21 11:01:08 Temp: XGT -> 2000 0 41
20-12-21 11:01:08 Opt: FN -> 5
20-12-21 11:01:08 Tft: DRAV -> DY>Ok
20-12-21 11:01:10 Temp: XGS -> 0 0 1 1
20-12-21 11:01:10 Temp: XGT -> 2000 0 41
20-12-21 11:01:10 Opt: FN -> 5
20-12-21 11:01:10 Tft: DRAV -> DY>Ok
20-12-21 11:01:12 Temp: XGS -> 0 0 1 1
20-12-21 11:01:12 Temp: XGT -> 2000 0 41
20-12-21 11:01:12 Opt: FN -> 5
20-12-21 11:01:12 Tft: DRAV -> DY>Ok
20-12-21 11:01:14 Temp: XGS -> 0 0 1 1
20-12-21 11:01:14 Temp: XGT -> 2000 0 41
20-12-21 11:01:14 Opt: FN -> 5
20-12-21 11:01:14 Tft: DRAV -> DY>Ok
20-12-21 11:01:15 Temp: XGS -> 0 0 1 1
20-12-21 11:01:16 Temp: XGT -> 2000 0 41
20-12-21 11:01:16 Opt: FN -> 5
20-12-21 11:01:16 Tft: DRAV -> DY>Ok
20-12-21 11:01:17 Temp: XGS -> 0 0 1 1
20-12-21 11:01:17 Temp: XGT -> 2000 0 41
20-12-21 11:01:17 Opt: FN -> 5
20-12-21 11:01:17 Tft: DRAV -> DY>Ok
20-12-21 11:01:19 Temp: XGS -> 0 0 1 1
20-12-21 11:01:19 Temp: XGT -> 2000 0 41
20-12-21 11:01:19 Opt: FN -> 5
20-12-21 11:01:19 Tft: DRAV -> DY>Ok
20-12-21 11:01:21 Temp: XGS -> 0 0 1 1
