20-01-22 15:15:22 Temp: XGT -> 2000 2000 82
20-01-22 15:15:22 Opt: FN -> 0
20-01-22 15:15:22 Tft: DRAV -> DY>Ok
20-01-22 15:15:24 Temp: XGS -> 0 0 1 1
20-01-22 15:15:24 Temp: XGT -> 2000 2000 82
20-01-22 15:15:24 Opt: FN -> 0
20-01-22 15:15:24 Tft: DRAV -> DY>Ok
20-01-22 15:15:26 Temp: XGS -> 0 0 1 1
20-01-22 15:15:26 Temp: XGT -> 2000 2000 82
20-01-22 15:15:26 Opt: FN -> 0
20-01-22 15:15:26 Tft: DRAV -> DY>Ok
20-01-22 15:15:28 Temp: XGS -> 0 0 1 1
20-01-22 15:15:28 Temp: XGT -> 2000 2000 82
20-01-22 15:15:28 Opt: FN -> 0
20-01-22 15:15:28 Tft: DRAV -> DY>Ok
20-01-22 15:15:29 Temp: XGS -> 0 0 1 1
20-01-22 15:15:29 Temp: XGT -> 2000 2000 82
20-01-22 15:15:29 Opt: FN -> 0
20-01-22 15:15:29 Tft: DRAV -> DY>Ok
20-01-22 15:15:31 Temp: XGS -> 0 0 1 1
20-01-22 15:15:31 Temp: XGT -> 2000 2000 82
20-01-22 15:15:31 Opt: FN -> 0
20-01-22 15:15:31 Tft: DRAV -> DY>Ok
20-01-22 15:15:33 Temp: XGS -> 0 0 1 1
20-01-22 15:15:33 Temp: XGT -> 2000 2000 82
20-01-22 15:15:33 Opt: FN -> 0
20-01-22 15:15:33 Tft: DRAV -> DY>Ok
20-01-22 15:15:35 Temp: XGS -> 0 0 1 1
20-01-22 15:15:35 Temp: XGT -> 2000 2000 82
20-01-22 15:15:35 Opt: FN -> 0
20-01-22 15:15:35 Tft: DRAV -> DY>Ok
20-01-22 15:15:37 Temp: XGS -> 0 0 1 1
20-01-22 15:15:37 Temp: XGT -> 2000 2000 82
20-01-22 15:15:37 Opt: FN -> 0
20-01-22 15:15:37 Tft: DRAV -> DY>Ok
20-01-22 15:15:38 Temp: XGS -> 0 0 1 1
20-01-22 15:15:38 Temp: XGT -> 2000 2000 82
20-01-22 15:15:39 Opt: FN -> 0
20-01-22 15:15:39 Tft: DRAV -> DY>Ok
20-01-22 15:15:40 Temp: XGS -> 0 0 1 1
20-01-22 15:15:40 Temp: XGT -> 2000 2000 82
20-01-22 15:15:40 Opt: FN -> 0
20-01-22 15:15:40 Tft: DRAV -> DY>Ok
20-01-22 15:18:24 Opt: PRDS 1048 -> 0
20-01-22 15:18:24 Error! Opt: CRYC -> ???
20-01-22 15:18:25 Error! Opt: CRYC -> ???
20-01-22 15:18:25 Temp: XGS -> 0 0 1 1
20-01-22 15:18:25 Temp: XGT -> 4505 4499 65458
20-01-22 15:18:25 Opt: FN -> 0
20-01-22 15:18:25 Tft: DRAV -> DY>Ok
20-01-22 15:18:27 Temp: XGS -> 0 0 1 1
20-01-22 15:18:27 Temp: XGT -> 4465 4455 6
20-01-22 15:18:27 Opt: FN -> 0
20-01-22 15:18:27 Tft: DRAV -> DY>Ok
20-01-22 15:18:29 Temp: XGS -> 0 0 1 1
20-01-22 15:18:29 Temp: XGT -> 4346 4332 65530
20-01-22 15:18:29 Opt: FN -> 0
20-01-22 15:18:29 Tft: DRAV -> DY>Ok
20-01-22 15:18:31 Temp: XGS -> 0 0 1 1
20-01-22 15:18:31 Temp: XGT -> 4180 4161 75
20-01-22 15:18:31 Opt: FN -> 0
20-01-22 15:18:31 Tft: DRAV -> DY>Ok
20-01-22 15:18:32 Temp: XGS -> 0 0 1 1
20-01-22 15:18:33 Temp: XGT -> 3984 3960 65498
20-01-22 15:18:33 Opt: FN -> 0
20-01-22 15:18:33 Tft: DRAV -> DY>Ok
20-01-22 15:18:34 Temp: XGS -> 0 0 1 1
20-01-22 15:18:34 Temp: XGT -> 3771 3744 65417
20-01-22 15:18:34 Opt: FN -> 0
20-01-22 15:18:34 Tft: DRAV -> DY>Ok
20-01-22 15:18:36 Temp: XGS -> 0 0 1 1
20-01-22 15:18:36 Temp: XGT -> 3552 3522 68
20-01-22 15:18:36 Opt: FN -> 0
20-01-22 15:18:36 Tft: DRAV -> DY>Ok
20-01-22 15:18:38 Temp: XGS -> 0 0 1 1
20-01-22 15:18:38 Temp: XGT -> 3333 3300 65534
20-01-22 15:18:38 Opt: FN -> 0
20-01-22 15:18:38 Tft: DRAV -> DY>Ok
20-01-22 15:18:40 Temp: XGS -> 0 0 1 1
20-01-22 15:18:40 Temp: XGT -> 3120 3084 65452
20-01-22 15:18:40 Opt: FN -> 0
20-01-22 15:18:40 Tft: DRAV -> DY>Ok
20-01-22 15:18:42 Temp: XGS -> 0 0 1 1
20-01-22 15:18:42 Temp: XGT -> 2914 2876 76
20-01-22 15:18:42 Opt: FN -> 0
20-01-22 15:18:42 Tft: DRAV -> DY>Ok
20-01-22 15:18:43 Temp: XGS -> 0 0 1 1
20-01-22 15:18:43 Temp: XGT -> 2717 2679 65496
20-01-22 15:18:43 Opt: FN -> 0
20-01-22 15:18:43 Tft: DRAV -> DY>Ok
20-01-22 15:18:45 Temp: XGS -> 0 0 1 1
20-01-22 15:18:45 Temp: XGT -> 2536 2508 58
20-01-22 15:18:45 Opt: FN -> 0
20-01-22 15:18:45 Tft: DRAV -> DY>Ok
20-01-22 15:18:47 Temp: XGS -> 0 0 1 1
20-01-22 15:18:47 Temp: XGT -> 2392 2374 80
20-01-22 15:18:47 Opt: FN -> 0
20-01-22 15:18:47 Tft: DRAV -> DY>Ok
20-01-22 15:18:49 Temp: XGS -> 0 0 1 1
20-01-22 15:18:49 Temp: XGT -> 2282 2270 40
20-01-22 15:18:49 Opt: FN -> 0
20-01-22 15:18:49 Tft: DRAV -> DY>Ok
20-01-22 15:18:51 Temp: XGS -> 0 0 1 1
20-01-22 15:18:51 Temp: XGT -> 2196 2191 65485
20-01-22 15:18:51 Opt: FN -> 0
20-01-22 15:18:51 Tft: DRAV -> DY>Ok
20-01-22 15:18:52 Temp: XGS -> 0 0 1 1
20-01-22 15:18:52 Temp: XGT -> 2132 2130 74
20-01-22 15:18:52 Opt: FN -> 0
20-01-22 15:18:52 Tft: DRAV -> DY>Ok
20-01-22 15:18:54 Temp: XGS -> 0 0 1 1
20-01-22 15:18:54 Temp: XGT -> 2083 2085 65448
20-01-22 15:18:54 Opt: FN -> 0
20-01-22 15:18:54 Tft: DRAV -> DY>Ok
20-01-22 15:18:56 Temp: XGS -> 0 0 1 1
20-01-22 15:18:56 Temp: XGT -> 2047 2050 65520
20-01-22 15:18:56 Opt: FN -> 0
20-01-22 15:18:56 Tft: DRAV -> DY>Ok
20-01-22 15:18:58 Temp: XGS -> 0 0 1 1
20-01-22 15:18:58 Temp: XGT -> 2020 2025 37
20-01-22 15:18:58 Opt: FN -> 0
20-01-22 15:18:58 Tft: DRAV -> DY>Ok
20-01-22 15:19:00 Temp: XGS -> 0 0 1 1
20-01-22 15:19:00 Temp: XGT -> 2001 2006 75
20-01-22 15:19:00 Opt: FN -> 0
20-01-22 15:19:00 Tft: DRAV -> DY>Ok
20-01-22 15:19:01 Temp: XGS -> 0 0 1 1
20-01-22 15:19:02 Temp: XGT -> 1987 1993 102
20-01-22 15:19:02 Opt: FN -> 0
20-01-22 15:19:02 Tft: DRAV -> DY>Ok
20-01-22 15:19:03 Temp: XGS -> 0 0 1 1
20-01-22 15:19:03 Temp: XGT -> 1977 1983 122
20-01-22 15:19:03 Opt: FN -> 0
20-01-22 15:19:03 Tft: DRAV -> DY>Ok
20-01-22 15:19:05 Temp: XGS -> 0 0 1 1
20-01-22 15:19:05 Temp: XGT -> 1971 1977 65414
20-01-22 15:19:05 Opt: FN -> 0
20-01-22 15:19:05 Tft: DRAV -> DY>Ok
20-01-22 15:19:07 Temp: XGS -> 0 0 1 1
20-01-22 15:19:07 Temp: XGT -> 1966 1973 65423
20-01-22 15:19:07 Opt: FN -> 0
20-01-22 15:19:07 Tft: DRAV -> DY>Ok
20-01-22 15:19:09 Temp: XGS -> 0 0 1 1
20-01-22 15:19:09 Temp: XGT -> 1964 1970 65428
20-01-22 15:19:09 Opt: FN -> 0
20-01-22 15:19:09 Tft: DRAV -> DY>Ok
20-01-22 15:19:10 Mot: MP 0 -> 0
20-01-22 15:19:10 Opt: FEXP 3246 -> Ok
20-01-22 15:19:10 Opt: FLT 45 -> Ok
20-01-22 15:19:10 Opt: FLED 1 -> Ok
20-01-22 15:19:10 Mot: MBUSY -> 0
20-01-22 15:19:10 Opt: FPIC -> Ok
20-01-22 15:19:12 Opt: FLED 0 -> Ok
20-01-22 15:19:12 Opt: FPIC -> Ok
20-01-22 15:19:12 Opt: FFD 0 -> Ok
20-01-22 15:19:12 Temp: XGS -> 0 0 1 1
20-01-22 15:19:12 Temp: XGT -> 1963 1968 65431
20-01-22 15:19:12 Opt: FN -> 0
20-01-22 15:19:12 Tft: DRAV -> DY>Ok
20-01-22 15:19:12 Temp: XGS -> 0 0 1 1
20-01-22 15:19:12 Temp: XGT -> 1963 1968 65431
20-01-22 15:19:12 Opt: FN -> 0
20-01-22 15:19:12 Tft: DRAV -> DY>Ok
20-01-22 15:19:14 Temp: XGS -> 0 0 1 1
20-01-22 15:19:14 Temp: XGT -> 1964 1969 65429
20-01-22 15:19:14 Opt: FN -> 0
20-01-22 15:19:14 Tft: DRAV -> DY>Ok
20-01-22 15:19:16 Temp: XGS -> 0 0 1 1
20-01-22 15:19:16 Temp: XGT -> 1965 1969 65428
20-01-22 15:19:16 Opt: FN -> 0
20-01-22 15:19:16 Tft: DRAV -> DY>Ok
20-01-22 15:19:18 Temp: XGS -> 0 0 1 1
20-01-22 15:19:18 Temp: XGT -> 1967 1971 65424
20-01-22 15:19:18 Opt: FN -> 0
20-01-22 15:19:18 Tft: DRAV -> DY>Ok
20-01-22 15:21:39 Opt: PRDS 1048 -> 0
20-01-22 15:21:39 Error! Opt: CRYC -> ???
20-01-22 15:21:39 Error! Opt: CRYC -> ???
20-01-22 15:21:40 Temp: XGS -> 0 0 1 1
20-01-22 15:21:40 Temp: XGT -> 1999 1999 84
20-01-22 15:21:40 Opt: FN -> 0
20-01-22 15:21:40 Tft: DRAV -> DY>Ok
20-01-22 15:21:42 Temp: XGS -> 0 0 1 1
20-01-22 15:21:42 Temp: XGT -> 1999 1999 84
20-01-22 15:21:42 Opt: FN -> 0
20-01-22 15:21:42 Tft: DRAV -> DY>Ok
20-01-22 15:21:44 Temp: XGS -> 0 0 1 1
20-01-22 15:21:44 Temp: XGT -> 1999 1999 84
20-01-22 15:21:44 Opt: FN -> 0
20-01-22 15:21:44 Tft: DRAV -> DY>Ok
20-01-22 15:21:45 Temp: XGS -> 0 0 1 1
20-01-22 15:21:45 Temp: XGT -> 1999 1999 84
20-01-22 15:21:46 Opt: FN -> 0
20-01-22 15:21:46 Tft: DRAV -> DY>Ok
20-01-22 15:21:47 Temp: XGS -> 0 0 1 1
20-01-22 15:21:47 Temp: XGT -> 1999 1999 84
20-01-22 15:21:47 Opt: FN -> 0
20-01-22 15:21:47 Tft: DRAV -> DY>Ok
20-01-22 15:21:49 Temp: XGS -> 0 0 1 1
20-01-22 15:21:49 Temp: XGT -> 1999 2000 83
20-01-22 15:21:49 Opt: FN -> 0
20-01-22 15:21:49 Tft: DRAV -> DY>Ok
20-01-22 15:21:51 Temp: XGS -> 0 0 1 1
20-01-22 15:21:51 Temp: XGT -> 2000 2000 82
20-01-22 15:21:51 Opt: FN -> 0
20-01-22 15:21:51 Tft: DRAV -> DY>Ok
20-01-22 15:21:53 Temp: XGS -> 0 0 1 1
20-01-22 15:21:53 Temp: XGT -> 2000 2000 82
20-01-22 15:21:53 Opt: FN -> 0
20-01-22 15:21:53 Tft: DRAV -> DY>Ok
20-01-22 15:21:54 Mot: MP 0 -> 0
20-01-22 15:21:54 Opt: FEXP 3246 -> Ok
20-01-22 15:21:54 Opt: FLT 45 -> Ok
20-01-22 15:21:54 Opt: FLED 1 -> Ok
20-01-22 15:21:54 Mot: MBUSY -> 0
20-01-22 15:21:54 Opt: FPIC -> Ok
20-01-22 15:21:56 Opt: FLED 0 -> Ok
20-01-22 15:21:56 Opt: FPIC -> Ok
20-01-22 15:21:56 Opt: FFD 0 -> Ok
20-01-22 15:21:56 Temp: XGS -> 0 0 1 1
20-01-22 15:21:56 Temp: XGT -> 2000 2000 82
20-01-22 15:21:56 Opt: FN -> 0
20-01-22 15:21:56 Tft: DRAV -> DY>Ok
20-01-22 15:21:56 Temp: XGS -> 0 0 1 1
20-01-22 15:21:56 Temp: XGT -> 2000 2000 82
20-01-22 15:21:56 Opt: FN -> 0
20-01-22 15:21:56 Tft: DRAV -> DY>Ok
20-01-22 15:21:58 Temp: XGS -> 0 0 1 1
20-01-22 15:21:58 Temp: XGT -> 2000 2000 82
20-01-22 15:21:58 Opt: FN -> 0
20-01-22 15:21:58 Tft: DRAV -> DY>Ok
20-01-22 15:21:59 Mot: MP 0 -> 0
20-01-22 15:21:59 Opt: FEXP 3246 -> Ok
20-01-22 15:21:59 Opt: FLT 45 -> Ok
20-01-22 15:21:59 Opt: FLED 1 -> Ok
20-01-22 15:21:59 Mot: MBUSY -> 0
20-01-22 15:21:59 Opt: FPIC -> Ok
20-01-22 15:22:01 Opt: FLED 0 -> Ok
20-01-22 15:22:01 Opt: FFD 0 -> Ok
20-01-22 15:22:01 Temp: XGS -> 0 0 1 1
20-01-22 15:22:01 Temp: XGT -> 2000 2000 82
20-01-22 15:22:01 Opt: FN -> 0
20-01-22 15:22:01 Tft: DRAV -> DY>Ok
20-01-22 15:22:02 Temp: XGS -> 0 0 1 1
20-01-22 15:22:02 Temp: XGT -> 2000 2000 82
20-01-22 15:22:02 Opt: FN -> 0
20-01-22 15:22:02 Tft: DRAV -> DY>Ok
20-01-22 15:22:04 Temp: XGS -> 0 0 1 1
20-01-22 15:22:04 Temp: XGT -> 2000 2000 82
20-01-22 15:22:04 Opt: FN -> 0
20-01-22 15:22:04 Tft: DRAV -> DY>Ok
