30-12-21 09:47:25 --> InfoData
30-12-21 09:47:25 <-- InfoData
30-12-21 09:47:26 --> InfoData
30-12-21 09:47:26 <-- InfoData
30-12-21 09:47:27 --> InfoData
30-12-21 09:47:27 <-- InfoData
30-12-21 09:47:28 --> InfoData
30-12-21 09:47:28 <-- InfoData
30-12-21 09:47:29 --> InfoData
30-12-21 09:47:29 <-- InfoData
30-12-21 09:47:30 --> InfoData
30-12-21 09:47:30 <-- InfoData
30-12-21 09:47:31 --> InfoData
30-12-21 09:47:31 <-- InfoData
30-12-21 09:47:32 --> InfoData
30-12-21 09:47:32 <-- InfoData
30-12-21 09:47:33 --> InfoData
30-12-21 09:47:33 <-- InfoData
30-12-21 09:47:34 --> InfoData
30-12-21 09:47:34 <-- InfoData
30-12-21 09:47:35 --> InfoData
30-12-21 09:47:35 <-- InfoData
30-12-21 09:47:36 --> InfoData
30-12-21 09:47:36 <-- InfoData
30-12-21 09:47:37 --> InfoData
30-12-21 09:47:37 <-- InfoData
30-12-21 09:47:38 --> InfoData
30-12-21 09:47:38 <-- InfoData
30-12-21 09:47:39 --> InfoData
30-12-21 09:47:39 <-- InfoData
30-12-21 09:47:40 --> InfoData
30-12-21 09:47:40 <-- InfoData
30-12-21 09:47:41 --> InfoData
30-12-21 09:47:41 <-- InfoData
30-12-21 09:47:42 --> InfoData
30-12-21 09:47:42 <-- InfoData
30-12-21 09:47:43 --> CLOSE_BLOCK
30-12-21 09:47:43 <-- CLOSE_BLOCK
30-12-21 09:47:43 --> InfoData
30-12-21 09:47:43 <-- InfoData
30-12-21 09:47:43 --> PRERUN
30-12-21 09:47:43 <-- PRERUN
30-12-21 09:47:43 --> RUN
30-12-21 09:47:46 <-- RUN
30-12-21 09:47:46 --> InfoData
30-12-21 09:47:46 <-- InfoData
30-12-21 09:47:47 --> InfoData
30-12-21 09:47:47 <-- InfoData
30-12-21 09:47:48 --> InfoData
30-12-21 09:47:48 <-- InfoData
30-12-21 09:47:49 --> InfoData
30-12-21 09:47:49 <-- InfoData
30-12-21 09:47:50 --> InfoData
30-12-21 09:47:50 <-- InfoData
30-12-21 09:47:51 --> InfoData
30-12-21 09:47:51 <-- InfoData
30-12-21 09:47:52 --> InfoData
30-12-21 09:47:52 <-- InfoData
30-12-21 09:47:53 --> InfoData
30-12-21 09:47:53 <-- InfoData
30-12-21 09:47:54 --> InfoData
30-12-21 09:47:54 <-- InfoData
30-12-21 09:47:55 --> STOP
30-12-21 09:47:55 <-- STOP
30-12-21 09:47:55 --> InfoData
30-12-21 09:47:55 <-- InfoData
30-12-21 09:47:56 --> InfoData
30-12-21 09:47:56 <-- InfoData
30-12-21 09:47:57 --> InfoData
30-12-21 09:47:57 <-- InfoData
30-12-21 09:47:58 --> InfoData
30-12-21 09:47:58 <-- InfoData
30-12-21 09:47:59 --> InfoData
30-12-21 09:47:59 <-- InfoData
30-12-21 09:48:00 --> InfoData
30-12-21 09:48:00 <-- InfoData
30-12-21 09:48:02 --> InfoData
30-12-21 09:48:02 <-- InfoData
30-12-21 09:48:02 --> InfoData
30-12-21 09:48:02 <-- InfoData
30-12-21 09:48:03 --> InfoData
30-12-21 09:48:03 <-- InfoData
30-12-21 09:48:04 --> InfoData
30-12-21 09:48:04 <-- InfoData
30-12-21 09:48:05 --> InfoData
30-12-21 09:48:05 <-- InfoData
30-12-21 09:48:06 --> InfoData
30-12-21 09:48:06 <-- InfoData
30-12-21 09:48:07 --> InfoData
30-12-21 09:48:07 <-- InfoData
30-12-21 09:48:08 --> InfoData
30-12-21 09:48:08 <-- InfoData
30-12-21 09:48:09 --> InfoData
30-12-21 09:48:09 <-- InfoData
30-12-21 09:48:10 --> InfoData
30-12-21 09:48:10 <-- InfoData
30-12-21 09:48:11 --> InfoData
30-12-21 09:48:11 <-- InfoData
30-12-21 09:48:12 --> InfoData
30-12-21 09:48:12 <-- InfoData
30-12-21 09:48:13 --> InfoData
30-12-21 09:48:13 <-- InfoData
30-12-21 09:48:14 --> InfoData
30-12-21 09:48:14 <-- InfoData
30-12-21 09:48:15 --> InfoData
30-12-21 09:48:15 <-- InfoData
30-12-21 09:48:16 --> InfoData
30-12-21 09:48:16 <-- InfoData
30-12-21 09:48:17 --> InfoData
30-12-21 09:48:17 <-- InfoData
30-12-21 09:48:18 The remote host is closed.
30-12-21 10:32:56 Get request on connection from remote host wit IP: ::ffff:127.0.0.1
30-12-21 10:32:56 <-- ISCONNECTED
30-12-21 10:32:56 The remote host is closed.
30-12-21 10:32:57 Get request on connection from remote host wit IP: ::ffff:127.0.0.1
30-12-21 10:32:57 <-- ISCONNECTED
30-12-21 10:32:58 --> InfoDevice
30-12-21 10:32:58 <-- InfoDevice
30-12-21 10:32:58 --> sector_read
30-12-21 10:32:58 --> CRYPTO_REQUEST
30-12-21 10:32:59 <-- sector_read
30-12-21 10:32:59 <-- CRYPTO_REQUEST
30-12-21 10:32:59 --> InfoData
30-12-21 10:33:00 <-- InfoData
30-12-21 10:33:00 --> InfoData
30-12-21 10:33:00 <-- InfoData
30-12-21 10:33:01 --> InfoData
30-12-21 10:33:01 <-- InfoData
30-12-21 10:33:02 --> InfoData
30-12-21 10:33:03 <-- InfoData
30-12-21 10:33:04 --> InfoData
30-12-21 10:33:04 <-- InfoData
30-12-21 10:33:05 --> InfoData
30-12-21 10:33:05 <-- InfoData
30-12-21 10:33:06 --> InfoData
30-12-21 10:33:06 <-- InfoData
30-12-21 10:33:07 --> InfoData
30-12-21 10:33:07 <-- InfoData
30-12-21 10:33:08 --> InfoData
30-12-21 10:33:08 <-- InfoData
30-12-21 10:33:09 --> InfoData
30-12-21 10:33:09 <-- InfoData
30-12-21 10:33:10 --> InfoData
30-12-21 10:33:10 <-- InfoData
30-12-21 10:33:11 --> InfoData
30-12-21 10:33:11 <-- InfoData
30-12-21 10:33:12 --> InfoData
30-12-21 10:33:12 <-- InfoData
30-12-21 10:33:13 --> InfoData
30-12-21 10:33:13 <-- InfoData
30-12-21 10:33:14 --> InfoData
30-12-21 10:33:14 <-- InfoData
30-12-21 10:33:15 --> InfoData
30-12-21 10:33:15 <-- InfoData
30-12-21 10:33:16 --> InfoData
30-12-21 10:33:16 <-- InfoData
30-12-21 10:33:17 --> InfoData
30-12-21 10:33:17 <-- InfoData
30-12-21 10:33:18 --> InfoData
30-12-21 10:33:18 <-- InfoData
30-12-21 10:33:19 --> InfoData
30-12-21 10:33:19 <-- InfoData
30-12-21 10:33:20 --> InfoData
30-12-21 10:33:20 <-- InfoData
30-12-21 10:33:21 --> InfoData
30-12-21 10:33:21 <-- InfoData
30-12-21 10:33:21 --> SAVEPAR
30-12-21 10:33:23 <-- SAVEPAR
30-12-21 10:33:23 --> InfoDevice
30-12-21 10:33:23 <-- InfoDevice
30-12-21 10:33:23 --> sector_read
30-12-21 10:33:23 --> CRYPTO_REQUEST
30-12-21 10:33:23 <-- sector_read
30-12-21 10:33:23 <-- CRYPTO_REQUEST
30-12-21 10:33:23 --> CLOSE_BLOCK
30-12-21 10:33:23 <-- CLOSE_BLOCK
30-12-21 10:33:23 --> PRERUN
30-12-21 10:33:23 <-- PRERUN
30-12-21 10:33:23 --> RUN
30-12-21 10:33:27 <-- RUN
30-12-21 10:33:29 --> InfoData
30-12-21 10:33:29 <-- InfoData
30-12-21 10:33:30 --> InfoData
30-12-21 10:33:30 <-- InfoData
30-12-21 10:33:31 --> InfoData
30-12-21 10:33:31 <-- InfoData
30-12-21 10:33:32 --> InfoData
30-12-21 10:33:32 <-- InfoData
30-12-21 10:33:33 --> InfoData
30-12-21 10:33:33 <-- InfoData
30-12-21 10:33:34 --> InfoData
30-12-21 10:33:34 <-- InfoData
30-12-21 10:33:35 --> InfoData
30-12-21 10:33:35 <-- InfoData
30-12-21 10:33:36 --> InfoData
30-12-21 10:33:36 <-- InfoData
30-12-21 10:33:37 --> InfoData
30-12-21 10:33:37 <-- InfoData
30-12-21 10:33:38 --> STOP
30-12-21 10:33:38 <-- STOP
30-12-21 10:33:38 --> SAVEPAR
30-12-21 10:33:39 <-- SAVEPAR
30-12-21 10:33:39 --> InfoDevice
30-12-21 10:33:39 <-- InfoDevice
30-12-21 10:33:39 --> sector_read
30-12-21 10:33:39 --> CRYPTO_REQUEST
30-12-21 10:33:39 <-- sector_read
30-12-21 10:33:40 <-- CRYPTO_REQUEST
30-12-21 10:33:41 --> InfoData
30-12-21 10:33:41 <-- InfoData
30-12-21 10:33:42 --> InfoData
30-12-21 10:33:42 <-- InfoData
30-12-21 10:33:43 --> InfoData
30-12-21 10:33:43 <-- InfoData
30-12-21 10:33:44 --> InfoData
30-12-21 10:33:44 <-- InfoData
30-12-21 10:33:45 --> InfoData
30-12-21 10:33:45 <-- InfoData
30-12-21 10:33:46 --> InfoData
30-12-21 10:33:46 <-- InfoData
30-12-21 10:33:47 --> InfoData
30-12-21 10:33:47 <-- InfoData
30-12-21 10:33:48 --> InfoData
30-12-21 10:33:48 <-- InfoData
30-12-21 10:33:49 --> InfoData
30-12-21 10:33:49 <-- InfoData
30-12-21 10:33:50 --> InfoData
30-12-21 10:33:50 <-- InfoData
30-12-21 10:33:51 --> InfoData
30-12-21 10:33:51 <-- InfoData
30-12-21 10:33:52 --> InfoData
30-12-21 10:33:52 <-- InfoData
30-12-21 10:33:53 --> InfoData
30-12-21 10:33:53 <-- InfoData
30-12-21 10:33:53 The remote host is closed.
30-12-21 10:38:43 Get request on connection from remote host wit IP: ::ffff:127.0.0.1
30-12-21 10:38:43 <-- ISCONNECTED
30-12-21 10:38:43 The remote host is closed.
30-12-21 10:38:44 Get request on connection from remote host wit IP: ::ffff:127.0.0.1
30-12-21 10:38:44 <-- ISCONNECTED
30-12-21 10:38:45 --> InfoDevice
30-12-21 10:38:45 <-- InfoDevice
30-12-21 10:38:45 --> sector_read
30-12-21 10:38:45 --> CRYPTO_REQUEST
30-12-21 10:38:46 <-- sector_read
30-12-21 10:38:46 <-- CRYPTO_REQUEST
30-12-21 10:38:46 --> InfoData
30-12-21 10:38:46 <-- InfoData
30-12-21 10:38:47 --> InfoData
30-12-21 10:38:47 <-- InfoData
30-12-21 10:38:48 --> InfoData
30-12-21 10:38:48 <-- InfoData
30-12-21 10:38:49 --> InfoData
30-12-21 10:38:49 <-- InfoData
30-12-21 10:38:50 --> InfoData
30-12-21 10:38:50 <-- InfoData
30-12-21 10:38:51 --> InfoData
30-12-21 10:38:51 <-- InfoData
30-12-21 10:38:52 --> InfoData
30-12-21 10:38:52 <-- InfoData
30-12-21 10:38:54 --> InfoData
30-12-21 10:38:54 <-- InfoData
30-12-21 10:38:54 --> InfoData
30-12-21 10:38:54 <-- InfoData
30-12-21 10:38:55 --> InfoData
30-12-21 10:38:55 <-- InfoData
30-12-21 10:38:56 --> InfoData
30-12-21 10:38:56 <-- InfoData
30-12-21 10:38:57 --> InfoData
30-12-21 10:38:57 <-- InfoData
30-12-21 10:38:58 --> InfoData
30-12-21 10:38:58 <-- InfoData
30-12-21 10:38:59 --> InfoData
30-12-21 10:38:59 <-- InfoData
30-12-21 10:39:00 --> InfoData
30-12-21 10:39:00 <-- InfoData
30-12-21 10:39:01 --> InfoData
30-12-21 10:39:01 <-- InfoData
30-12-21 10:39:02 --> InfoData
30-12-21 10:39:02 <-- InfoData
30-12-21 10:39:03 --> InfoData
30-12-21 10:39:03 <-- InfoData
30-12-21 10:39:04 --> InfoData
30-12-21 10:39:04 <-- InfoData
30-12-21 10:39:08 --> InfoData
30-12-21 10:39:08 <-- InfoData
30-12-21 10:39:08 --> InfoData
30-12-21 10:39:08 <-- InfoData
30-12-21 10:39:09 --> InfoData
30-12-21 10:39:09 <-- InfoData
30-12-21 10:39:10 --> InfoData
30-12-21 10:39:10 <-- InfoData
30-12-21 10:39:11 The remote host is closed.
20-01-22 15:12:50 Get request on connection from remote host wit IP: ::ffff:127.0.0.1
20-01-22 15:12:50 <-- ISCONNECTED
20-01-22 15:12:50 The remote host is closed.
20-01-22 15:12:52 Get request on connection from remote host wit IP: ::ffff:127.0.0.1
20-01-22 15:12:52 <-- ISCONNECTED
20-01-22 15:12:53 --> InfoDevice
20-01-22 15:12:53 <-- InfoDevice
20-01-22 15:12:53 --> sector_read
20-01-22 15:12:53 --> CRYPTO_REQUEST
20-01-22 15:12:53 <-- sector_read
20-01-22 15:12:53 <-- CRYPTO_REQUEST
20-01-22 15:12:54 --> InfoData
20-01-22 15:12:54 <-- InfoData
20-01-22 15:12:55 --> InfoData
20-01-22 15:12:55 <-- InfoData
20-01-22 15:12:56 --> InfoData
20-01-22 15:12:56 <-- InfoData
20-01-22 15:12:57 --> InfoData
20-01-22 15:12:57 <-- InfoData
20-01-22 15:12:58 --> CLOSE_BLOCK
20-01-22 15:12:58 --> InfoData
20-01-22 15:12:58 <-- InfoData
20-01-22 15:12:59 --> InfoData
20-01-22 15:12:59 <-- InfoData
20-01-22 15:13:00 --> InfoData
20-01-22 15:13:00 <-- InfoData
20-01-22 15:13:01 --> InfoData
20-01-22 15:13:01 <-- InfoData
20-01-22 15:13:02 --> InfoData
20-01-22 15:13:02 <-- InfoData
20-01-22 15:13:03 --> InfoData
20-01-22 15:13:03 <-- InfoData
20-01-22 15:13:04 --> InfoData
20-01-22 15:13:04 <-- InfoData
20-01-22 15:13:05 --> InfoData
20-01-22 15:13:05 <-- InfoData
20-01-22 15:13:06 --> InfoData
20-01-22 15:13:06 <-- InfoData
20-01-22 15:13:07 --> InfoData
20-01-22 15:13:07 <-- InfoData
20-01-22 15:13:08 --> InfoData
20-01-22 15:13:08 <-- InfoData
20-01-22 15:13:08 <-- CLOSE_BLOCK
20-01-22 15:13:08 --> PRERUN
20-01-22 15:13:08 <-- PRERUN
20-01-22 15:13:08 --> RUN
20-01-22 15:13:11 <-- RUN
20-01-22 15:13:13 --> InfoData
20-01-22 15:13:13 <-- InfoData
20-01-22 15:13:14 --> InfoData
20-01-22 15:13:14 <-- InfoData
20-01-22 15:13:15 --> InfoData
20-01-22 15:13:15 <-- InfoData
20-01-22 15:13:16 --> InfoData
20-01-22 15:13:16 <-- InfoData
20-01-22 15:13:17 --> InfoData
20-01-22 15:13:17 <-- InfoData
20-01-22 15:13:18 --> InfoData
20-01-22 15:13:18 <-- InfoData
20-01-22 15:13:19 --> InfoData
20-01-22 15:13:19 <-- InfoData
20-01-22 15:13:20 --> InfoData
20-01-22 15:13:20 <-- InfoData
20-01-22 15:13:21 --> InfoData
20-01-22 15:13:21 <-- InfoData
20-01-22 15:13:22 --> InfoData
20-01-22 15:13:22 <-- InfoData
20-01-22 15:13:23 --> InfoData
20-01-22 15:13:23 <-- InfoData
20-01-22 15:13:24 --> InfoData
20-01-22 15:13:24 <-- InfoData
20-01-22 15:13:25 --> InfoData
20-01-22 15:13:25 <-- InfoData
20-01-22 15:13:26 --> InfoData
20-01-22 15:13:26 <-- InfoData
20-01-22 15:13:27 --> InfoData
20-01-22 15:13:27 <-- InfoData
20-01-22 15:13:28 --> InfoData
20-01-22 15:13:28 <-- InfoData
20-01-22 15:13:29 --> InfoData
20-01-22 15:13:29 <-- InfoData
20-01-22 15:13:30 --> InfoData
20-01-22 15:13:30 <-- InfoData
20-01-22 15:13:31 --> STOP
20-01-22 15:13:31 <-- STOP
20-01-22 15:13:31 --> InfoData
20-01-22 15:13:31 <-- InfoData
20-01-22 15:13:32 --> InfoData
20-01-22 15:13:32 <-- InfoData
20-01-22 15:13:33 --> InfoData
20-01-22 15:13:33 <-- InfoData
20-01-22 15:13:34 --> InfoData
20-01-22 15:13:34 <-- InfoData
20-01-22 15:13:35 --> InfoData
20-01-22 15:13:35 <-- InfoData
20-01-22 15:13:36 --> InfoData
20-01-22 15:13:36 <-- InfoData
20-01-22 15:13:37 --> InfoData
20-01-22 15:13:37 <-- InfoData
20-01-22 15:13:38 --> InfoData
20-01-22 15:13:38 <-- InfoData
20-01-22 15:13:39 --> InfoData
20-01-22 15:13:39 <-- InfoData
20-01-22 15:13:40 --> InfoData
20-01-22 15:13:40 <-- InfoData
20-01-22 15:13:41 --> InfoData
20-01-22 15:13:41 <-- InfoData
20-01-22 15:13:42 --> InfoData
20-01-22 15:13:42 <-- InfoData
20-01-22 15:13:43 --> InfoData
20-01-22 15:13:43 <-- InfoData
20-01-22 15:13:44 --> InfoData
20-01-22 15:13:44 <-- InfoData
20-01-22 15:13:45 --> InfoData
20-01-22 15:13:45 <-- InfoData
20-01-22 15:13:46 --> InfoData
20-01-22 15:13:46 <-- InfoData
20-01-22 15:13:47 --> InfoData
20-01-22 15:13:47 <-- InfoData
20-01-22 15:13:48 --> InfoData
20-01-22 15:13:48 <-- InfoData
20-01-22 15:13:49 --> InfoData
20-01-22 15:13:49 <-- InfoData
20-01-22 15:13:50 --> InfoData
20-01-22 15:13:50 <-- InfoData
20-01-22 15:13:51 --> InfoData
20-01-22 15:13:51 <-- InfoData
20-01-22 15:13:52 --> InfoData
20-01-22 15:13:52 <-- InfoData
20-01-22 15:13:53 --> InfoData
20-01-22 15:13:53 <-- InfoData
20-01-22 15:13:54 --> InfoData
20-01-22 15:13:54 <-- InfoData
20-01-22 15:13:55 --> InfoData
20-01-22 15:13:55 <-- InfoData
20-01-22 15:13:56 --> InfoData
20-01-22 15:13:56 <-- InfoData
20-01-22 15:13:57 --> InfoData
20-01-22 15:13:57 <-- InfoData
20-01-22 15:13:58 --> InfoData
20-01-22 15:13:58 <-- InfoData
20-01-22 15:13:59 --> InfoData
20-01-22 15:13:59 <-- InfoData
20-01-22 15:14:00 --> InfoData
20-01-22 15:14:00 <-- InfoData
20-01-22 15:14:01 --> InfoData
20-01-22 15:14:01 <-- InfoData
20-01-22 15:14:02 --> InfoData
20-01-22 15:14:02 <-- InfoData
20-01-22 15:14:03 --> InfoData
20-01-22 15:14:03 <-- InfoData
20-01-22 15:14:04 --> InfoData
20-01-22 15:14:04 <-- InfoData
20-01-22 15:14:05 --> InfoData
20-01-22 15:14:05 <-- InfoData
20-01-22 15:14:06 --> InfoData
20-01-22 15:14:06 <-- InfoData
20-01-22 15:14:07 --> InfoData
20-01-22 15:14:07 <-- InfoData
20-01-22 15:14:08 --> InfoData
20-01-22 15:14:08 <-- InfoData
20-01-22 15:14:09 --> InfoData
20-01-22 15:14:09 <-- InfoData
20-01-22 15:14:10 --> InfoData
20-01-22 15:14:10 <-- InfoData
20-01-22 15:14:11 --> InfoData
20-01-22 15:14:11 <-- InfoData
20-01-22 15:14:12 --> InfoData
20-01-22 15:14:12 <-- InfoData
20-01-22 15:14:13 --> InfoData
20-01-22 15:14:13 <-- InfoData
20-01-22 15:14:14 --> InfoData
20-01-22 15:14:14 <-- InfoData
20-01-22 15:14:15 --> InfoData
20-01-22 15:14:15 <-- InfoData
20-01-22 15:14:16 --> InfoData
20-01-22 15:14:16 <-- InfoData
20-01-22 15:14:17 --> InfoData
20-01-22 15:14:17 <-- InfoData
20-01-22 15:14:18 --> InfoData
20-01-22 15:14:18 <-- InfoData
20-01-22 15:14:19 --> InfoData
20-01-22 15:14:19 <-- InfoData
20-01-22 15:14:20 --> InfoData
20-01-22 15:14:20 <-- InfoData
20-01-22 15:14:21 --> InfoData
20-01-22 15:14:21 <-- InfoData
20-01-22 15:14:22 --> InfoData
20-01-22 15:14:22 <-- InfoData
20-01-22 15:14:23 --> InfoData
20-01-22 15:14:23 <-- InfoData
20-01-22 15:14:24 --> InfoData
20-01-22 15:14:24 <-- InfoData
20-01-22 15:14:25 --> InfoData
20-01-22 15:14:25 <-- InfoData
20-01-22 15:14:26 --> InfoData
20-01-22 15:14:26 <-- InfoData
20-01-22 15:14:27 --> InfoData
20-01-22 15:14:27 <-- InfoData
20-01-22 15:14:28 --> InfoData
20-01-22 15:14:28 <-- InfoData
20-01-22 15:14:29 --> InfoData
20-01-22 15:14:29 <-- InfoData
20-01-22 15:14:30 --> InfoData
20-01-22 15:14:30 <-- InfoData
20-01-22 15:14:31 --> InfoData
20-01-22 15:14:31 <-- InfoData
20-01-22 15:14:32 --> InfoData
20-01-22 15:14:32 <-- InfoData
20-01-22 15:14:33 --> InfoData
20-01-22 15:14:33 <-- InfoData
20-01-22 15:14:34 --> InfoData
20-01-22 15:14:34 <-- InfoData
20-01-22 15:14:35 --> InfoData
20-01-22 15:14:35 <-- InfoData
20-01-22 15:14:36 --> InfoData
20-01-22 15:14:36 <-- InfoData
20-01-22 15:14:37 --> InfoData
20-01-22 15:14:37 <-- InfoData
20-01-22 15:14:38 --> InfoData
20-01-22 15:14:38 <-- InfoData
20-01-22 15:14:39 --> InfoData
20-01-22 15:14:39 <-- InfoData
20-01-22 15:14:40 --> InfoData
20-01-22 15:14:40 <-- InfoData
20-01-22 15:14:41 --> InfoData
20-01-22 15:14:41 <-- InfoData
20-01-22 15:14:42 --> InfoData
20-01-22 15:14:42 <-- InfoData
20-01-22 15:14:43 --> InfoData
20-01-22 15:14:43 <-- InfoData
20-01-22 15:14:44 --> InfoData
20-01-22 15:14:44 <-- InfoData
20-01-22 15:14:45 --> InfoData
20-01-22 15:14:45 <-- InfoData
20-01-22 15:14:46 --> InfoData
20-01-22 15:14:46 <-- InfoData
20-01-22 15:14:47 --> InfoData
20-01-22 15:14:47 <-- InfoData
20-01-22 15:14:48 --> InfoData
20-01-22 15:14:48 <-- InfoData
20-01-22 15:14:49 --> InfoData
20-01-22 15:14:49 <-- InfoData
20-01-22 15:14:50 --> InfoData
20-01-22 15:14:50 <-- InfoData
20-01-22 15:14:51 --> InfoData
20-01-22 15:14:51 <-- InfoData
20-01-22 15:14:52 --> InfoData
20-01-22 15:14:52 <-- InfoData
20-01-22 15:14:53 --> InfoData
20-01-22 15:14:53 <-- InfoData
20-01-22 15:14:54 --> InfoData
20-01-22 15:14:54 <-- InfoData
20-01-22 15:14:55 --> InfoData
20-01-22 15:14:55 <-- InfoData
20-01-22 15:14:56 --> InfoData
20-01-22 15:14:56 <-- InfoData
20-01-22 15:14:57 --> InfoData
20-01-22 15:14:57 <-- InfoData
20-01-22 15:14:58 --> InfoData
20-01-22 15:14:58 <-- InfoData
20-01-22 15:14:59 --> InfoData
20-01-22 15:15:00 <-- InfoData
20-01-22 15:15:00 --> InfoData
20-01-22 15:15:00 <-- InfoData
20-01-22 15:15:02 --> InfoData
20-01-22 15:15:02 <-- InfoData
20-01-22 15:15:03 --> InfoData
20-01-22 15:15:03 <-- InfoData
20-01-22 15:15:04 --> InfoData
20-01-22 15:15:04 <-- InfoData
20-01-22 15:15:05 --> InfoData
20-01-22 15:15:05 <-- InfoData
20-01-22 15:15:06 --> InfoData
20-01-22 15:15:06 <-- InfoData
20-01-22 15:15:07 --> InfoData
20-01-22 15:15:07 <-- InfoData
20-01-22 15:15:08 --> InfoData
20-01-22 15:15:08 <-- InfoData
20-01-22 15:15:09 --> InfoData
20-01-22 15:15:09 <-- InfoData
20-01-22 15:15:10 --> InfoData
20-01-22 15:15:10 <-- InfoData
20-01-22 15:15:11 --> InfoData
20-01-22 15:15:11 <-- InfoData
20-01-22 15:15:12 --> InfoData
20-01-22 15:15:12 <-- InfoData
20-01-22 15:15:13 --> InfoData
20-01-22 15:15:13 <-- InfoData
20-01-22 15:15:14 --> InfoData
20-01-22 15:15:14 <-- InfoData
20-01-22 15:15:15 --> InfoData
20-01-22 15:15:15 <-- InfoData
20-01-22 15:15:16 --> InfoData
20-01-22 15:15:16 <-- InfoData
20-01-22 15:15:17 --> InfoData
20-01-22 15:15:17 <-- InfoData
20-01-22 15:15:18 --> InfoData
20-01-22 15:15:18 <-- InfoData
20-01-22 15:15:19 --> InfoData
20-01-22 15:15:19 <-- InfoData
20-01-22 15:15:20 --> InfoData
20-01-22 15:15:20 <-- InfoData
20-01-22 15:15:21 --> InfoData
20-01-22 15:15:21 <-- InfoData
20-01-22 15:15:22 --> InfoData
20-01-22 15:15:22 <-- InfoData
20-01-22 15:15:23 --> InfoData
20-01-22 15:15:23 <-- InfoData
20-01-22 15:15:24 --> InfoData
20-01-22 15:15:24 <-- InfoData
20-01-22 15:15:25 --> InfoData
20-01-22 15:15:25 <-- InfoData
20-01-22 15:15:26 --> InfoData
20-01-22 15:15:26 <-- InfoData
20-01-22 15:15:27 --> InfoData
20-01-22 15:15:27 <-- InfoData
20-01-22 15:15:28 --> InfoData
20-01-22 15:15:28 <-- InfoData
20-01-22 15:15:29 --> InfoData
20-01-22 15:15:29 <-- InfoData
20-01-22 15:15:30 --> InfoData
20-01-22 15:15:30 <-- InfoData
20-01-22 15:15:31 --> InfoData
20-01-22 15:15:31 <-- InfoData
20-01-22 15:15:32 --> InfoData
20-01-22 15:15:32 <-- InfoData
20-01-22 15:15:33 --> InfoData
20-01-22 15:15:33 <-- InfoData
20-01-22 15:15:34 --> InfoData
20-01-22 15:15:34 <-- InfoData
20-01-22 15:15:35 --> InfoData
20-01-22 15:15:35 <-- InfoData
20-01-22 15:15:36 --> InfoData
20-01-22 15:15:36 <-- InfoData
20-01-22 15:15:37 --> InfoData
20-01-22 15:15:37 <-- InfoData
20-01-22 15:15:38 --> InfoData
20-01-22 15:15:38 <-- InfoData
20-01-22 15:15:39 --> InfoData
20-01-22 15:15:39 <-- InfoData
20-01-22 15:15:40 --> InfoData
20-01-22 15:15:40 <-- InfoData
20-01-22 15:15:41 --> InfoData
20-01-22 15:15:41 <-- InfoData
20-01-22 15:15:41 The remote host is closed.
20-01-22 15:18:22 Get request on connection from remote host wit IP: ::ffff:127.0.0.1
20-01-22 15:18:22 <-- ISCONNECTED
20-01-22 15:18:22 The remote host is closed.
20-01-22 15:18:23 Get request on connection from remote host wit IP: ::ffff:127.0.0.1
20-01-22 15:18:23 <-- ISCONNECTED
20-01-22 15:18:24 --> InfoDevice
20-01-22 15:18:24 <-- InfoDevice
20-01-22 15:18:24 --> sector_read
20-01-22 15:18:24 --> CRYPTO_REQUEST
20-01-22 15:18:24 <-- sector_read
20-01-22 15:18:25 <-- CRYPTO_REQUEST
20-01-22 15:18:25 --> InfoData
20-01-22 15:18:25 <-- InfoData
20-01-22 15:18:26 --> InfoData
20-01-22 15:18:26 <-- InfoData
20-01-22 15:18:27 --> InfoData
20-01-22 15:18:27 <-- InfoData
20-01-22 15:18:28 --> InfoData
20-01-22 15:18:28 <-- InfoData
20-01-22 15:18:29 --> InfoData
20-01-22 15:18:29 <-- InfoData
20-01-22 15:18:30 --> InfoData
20-01-22 15:18:30 <-- InfoData
20-01-22 15:18:31 --> InfoData
20-01-22 15:18:31 <-- InfoData
20-01-22 15:18:33 --> InfoData
20-01-22 15:18:33 <-- InfoData
20-01-22 15:18:33 --> InfoData
20-01-22 15:18:33 <-- InfoData
20-01-22 15:18:34 --> InfoData
20-01-22 15:18:34 <-- InfoData
20-01-22 15:18:35 --> InfoData
20-01-22 15:18:35 <-- InfoData
20-01-22 15:18:37 --> InfoData
20-01-22 15:18:37 <-- InfoData
20-01-22 15:18:38 --> InfoData
20-01-22 15:18:38 <-- InfoData
20-01-22 15:18:39 --> InfoData
20-01-22 15:18:39 <-- InfoData
20-01-22 15:18:40 --> InfoData
20-01-22 15:18:40 <-- InfoData
20-01-22 15:18:41 --> InfoData
20-01-22 15:18:41 <-- InfoData
20-01-22 15:18:42 --> InfoData
20-01-22 15:18:42 <-- InfoData
20-01-22 15:18:43 --> InfoData
20-01-22 15:18:43 <-- InfoData
20-01-22 15:18:44 --> InfoData
20-01-22 15:18:44 <-- InfoData
20-01-22 15:18:45 --> InfoData
20-01-22 15:18:45 <-- InfoData
20-01-22 15:18:46 --> InfoData
20-01-22 15:18:46 <-- InfoData
20-01-22 15:18:47 --> InfoData
20-01-22 15:18:47 <-- InfoData
20-01-22 15:18:48 --> InfoData
20-01-22 15:18:48 <-- InfoData
20-01-22 15:18:49 --> InfoData
20-01-22 15:18:49 <-- InfoData
20-01-22 15:18:50 --> InfoData
20-01-22 15:18:50 <-- InfoData
20-01-22 15:18:51 --> InfoData
20-01-22 15:18:51 <-- InfoData
20-01-22 15:18:52 --> InfoData
20-01-22 15:18:52 <-- InfoData
20-01-22 15:18:53 --> InfoData
20-01-22 15:18:53 <-- InfoData
20-01-22 15:18:54 --> InfoData
20-01-22 15:18:54 <-- InfoData
20-01-22 15:18:55 --> InfoData
20-01-22 15:18:55 <-- InfoData
20-01-22 15:18:56 --> InfoData
20-01-22 15:18:56 <-- InfoData
20-01-22 15:18:57 --> InfoData
20-01-22 15:18:57 <-- InfoData
20-01-22 15:18:58 --> InfoData
20-01-22 15:18:58 <-- InfoData
20-01-22 15:18:59 --> InfoData
20-01-22 15:18:59 <-- InfoData
20-01-22 15:19:00 --> InfoData
20-01-22 15:19:00 <-- InfoData
20-01-22 15:19:01 --> InfoData
20-01-22 15:19:01 <-- InfoData
20-01-22 15:19:02 --> InfoData
20-01-22 15:19:02 <-- InfoData
20-01-22 15:19:03 --> InfoData
20-01-22 15:19:03 <-- InfoData
20-01-22 15:19:04 --> InfoData
20-01-22 15:19:04 <-- InfoData
20-01-22 15:19:05 --> InfoData
20-01-22 15:19:05 <-- InfoData
20-01-22 15:19:06 --> InfoData
20-01-22 15:19:06 <-- InfoData
20-01-22 15:19:07 --> InfoData
20-01-22 15:19:07 <-- InfoData
20-01-22 15:19:08 --> InfoData
20-01-22 15:19:08 <-- InfoData
20-01-22 15:19:09 --> InfoData
20-01-22 15:19:09 <-- InfoData
20-01-22 15:19:10 --> GETPIC
20-01-22 15:19:12 <-- GETPIC
20-01-22 15:19:13 --> InfoData
20-01-22 15:19:13 <-- InfoData
20-01-22 15:19:14 --> InfoData
20-01-22 15:19:14 <-- InfoData
20-01-22 15:19:15 --> InfoData
20-01-22 15:19:15 <-- InfoData
20-01-22 15:19:16 --> InfoData
20-01-22 15:19:16 <-- InfoData
20-01-22 15:19:17 --> InfoData
20-01-22 15:19:17 <-- InfoData
20-01-22 15:19:18 --> InfoData
20-01-22 15:19:18 <-- InfoData
20-01-22 15:19:18 The remote host is closed.
20-01-22 15:21:37 Get request on connection from remote host wit IP: ::ffff:127.0.0.1
20-01-22 15:21:37 <-- ISCONNECTED
20-01-22 15:21:37 The remote host is closed.
20-01-22 15:21:38 Get request on connection from remote host wit IP: ::ffff:127.0.0.1
20-01-22 15:21:38 <-- ISCONNECTED
20-01-22 15:21:39 --> InfoDevice
20-01-22 15:21:39 <-- InfoDevice
20-01-22 15:21:39 --> sector_read
20-01-22 15:21:39 --> CRYPTO_REQUEST
20-01-22 15:21:39 <-- sector_read
20-01-22 15:21:39 <-- CRYPTO_REQUEST
20-01-22 15:21:40 --> InfoData
20-01-22 15:21:40 <-- InfoData
20-01-22 15:21:41 --> InfoData
20-01-22 15:21:41 <-- InfoData
20-01-22 15:21:42 --> InfoData
20-01-22 15:21:42 <-- InfoData
20-01-22 15:21:43 --> InfoData
20-01-22 15:21:43 <-- InfoData
20-01-22 15:21:44 --> InfoData
20-01-22 15:21:44 <-- InfoData
20-01-22 15:21:45 --> InfoData
20-01-22 15:21:45 <-- InfoData
20-01-22 15:21:46 --> InfoData
20-01-22 15:21:46 <-- InfoData
20-01-22 15:21:47 --> InfoData
20-01-22 15:21:47 <-- InfoData
20-01-22 15:21:48 --> InfoData
20-01-22 15:21:48 <-- InfoData
20-01-22 15:21:50 --> InfoData
20-01-22 15:21:50 <-- InfoData
20-01-22 15:21:51 --> InfoData
20-01-22 15:21:51 <-- InfoData
20-01-22 15:21:52 --> InfoData
20-01-22 15:21:52 <-- InfoData
20-01-22 15:21:53 --> InfoData
20-01-22 15:21:53 <-- InfoData
20-01-22 15:21:54 --> GETPIC
20-01-22 15:21:56 <-- GETPIC
20-01-22 15:21:56 --> InfoData
20-01-22 15:21:56 <-- InfoData
20-01-22 15:21:57 --> InfoData
20-01-22 15:21:57 <-- InfoData
20-01-22 15:21:58 --> InfoData
20-01-22 15:21:58 <-- InfoData
20-01-22 15:21:59 --> GETPIC
20-01-22 15:22:01 <-- GETPIC
20-01-22 15:22:01 --> InfoData
20-01-22 15:22:01 <-- InfoData
20-01-22 15:22:02 --> InfoData
20-01-22 15:22:02 <-- InfoData
20-01-22 15:22:03 --> InfoData
20-01-22 15:22:03 <-- InfoData
20-01-22 15:22:04 --> InfoData
20-01-22 15:22:04 <-- InfoData
20-01-22 15:22:05 The remote host is closed.
