02-12-21 09:46:09 Get request on connection from remote host wit IP: ::ffff:127.0.0.1
02-12-21 09:46:09 <-- ISCONNECTED
02-12-21 09:46:09 The remote host is closed.
02-12-21 09:46:14 Get request on connection from remote host wit IP: ::ffff:127.0.0.1
02-12-21 09:46:14 <-- ISCONNECTED
02-12-21 09:46:15 --> InfoDevice
02-12-21 09:46:15 <-- InfoDevice
02-12-21 09:46:15 --> sector_read
02-12-21 09:46:15 --> CRYPTO_REQUEST
02-12-21 09:46:15 <-- sector_read
02-12-21 09:46:15 <-- CRYPTO_REQUEST
02-12-21 09:46:16 --> InfoData
02-12-21 09:46:16 <-- InfoData
02-12-21 09:46:17 --> InfoData
02-12-21 09:46:17 <-- InfoData
02-12-21 09:46:18 --> InfoData
02-12-21 09:46:18 <-- InfoData
02-12-21 09:46:19 --> InfoData
02-12-21 09:46:19 <-- InfoData
02-12-21 09:46:20 --> InfoData
02-12-21 09:46:20 <-- InfoData
02-12-21 09:46:21 --> InfoData
02-12-21 09:46:21 <-- InfoData
02-12-21 09:46:22 Get request on connection from remote host wit IP: ::ffff:127.0.0.1
02-12-21 09:46:22 The remote host can't connected. Server is busy of application with IP: ::ffff:127.0.0.1
02-12-21 09:46:22 <-- ISCONNECTED
02-12-21 09:46:22 The remote host is closed.
02-12-21 09:46:22 --> InfoData
02-12-21 09:46:22 <-- InfoData
02-12-21 09:46:23 --> InfoData
02-12-21 09:46:23 <-- InfoData
02-12-21 09:46:24 The remote host is closed.
02-12-21 09:46:27 Get request on connection from remote host wit IP: ::ffff:127.0.0.1
02-12-21 09:46:27 <-- ISCONNECTED
02-12-21 09:46:27 The remote host is closed.
02-12-21 09:46:29 Get request on connection from remote host wit IP: ::ffff:127.0.0.1
02-12-21 09:46:29 <-- ISCONNECTED
02-12-21 09:46:30 --> InfoDevice
02-12-21 09:46:30 <-- InfoDevice
02-12-21 09:46:30 --> sector_read
02-12-21 09:46:30 --> CRYPTO_REQUEST
02-12-21 09:46:30 <-- sector_read
02-12-21 09:46:30 <-- CRYPTO_REQUEST
02-12-21 09:46:31 --> InfoData
02-12-21 09:46:31 <-- InfoData
02-12-21 09:46:32 --> InfoData
02-12-21 09:46:32 <-- InfoData
02-12-21 09:46:33 --> InfoData
02-12-21 09:46:33 <-- InfoData
02-12-21 09:46:34 --> InfoData
02-12-21 09:46:34 <-- InfoData
02-12-21 09:46:35 --> InfoData
02-12-21 09:46:35 <-- InfoData
02-12-21 09:46:36 --> InfoData
02-12-21 09:46:36 <-- InfoData
02-12-21 09:46:37 --> InfoData
02-12-21 09:46:37 <-- InfoData
02-12-21 09:46:38 --> InfoData
02-12-21 09:46:38 <-- InfoData
02-12-21 09:46:39 --> InfoData
02-12-21 09:46:39 <-- InfoData
02-12-21 09:46:40 --> InfoData
02-12-21 09:46:40 <-- InfoData
02-12-21 09:46:41 --> InfoData
02-12-21 09:46:41 <-- InfoData
02-12-21 09:46:41 Get request on connection from remote host wit IP: ::ffff:127.0.0.1
02-12-21 09:46:41 The remote host can't connected. Server is busy of application with IP: ::ffff:127.0.0.1
02-12-21 09:46:41 <-- ISCONNECTED
02-12-21 09:46:41 The remote host is closed.
02-12-21 09:46:42 --> InfoData
02-12-21 09:46:42 <-- InfoData
02-12-21 09:46:43 --> InfoData
02-12-21 09:46:43 <-- InfoData
02-12-21 09:46:44 The remote host is closed.
02-12-21 09:47:13 Get request on connection from remote host wit IP: ::ffff:127.0.0.1
02-12-21 09:47:13 <-- ISCONNECTED
02-12-21 09:47:13 The remote host is closed.
02-12-21 09:47:15 Get request on connection from remote host wit IP: ::ffff:127.0.0.1
02-12-21 09:47:15 <-- ISCONNECTED
02-12-21 09:47:16 --> InfoDevice
02-12-21 09:47:16 <-- InfoDevice
02-12-21 09:47:16 --> sector_read
02-12-21 09:47:16 --> CRYPTO_REQUEST
02-12-21 09:47:16 <-- sector_read
02-12-21 09:47:16 <-- CRYPTO_REQUEST
02-12-21 09:47:17 --> InfoData
02-12-21 09:47:17 <-- InfoData
02-12-21 09:47:18 --> InfoData
02-12-21 09:47:18 <-- InfoData
02-12-21 09:47:19 --> InfoData
02-12-21 09:47:19 <-- InfoData
02-12-21 09:47:20 --> InfoData
02-12-21 09:47:20 <-- InfoData
02-12-21 09:47:21 --> InfoData
02-12-21 09:47:21 <-- InfoData
02-12-21 09:47:21 Get request on connection from remote host wit IP: ::ffff:127.0.0.1
02-12-21 09:47:21 The remote host can't connected. Server is busy of application with IP: ::ffff:127.0.0.1
02-12-21 09:47:21 <-- ISCONNECTED
02-12-21 09:47:21 The remote host is closed.
02-12-21 09:47:22 --> InfoData
02-12-21 09:47:22 <-- InfoData
02-12-21 09:47:23 --> InfoData
02-12-21 09:47:23 <-- InfoData
02-12-21 09:47:24 --> InfoData
02-12-21 09:47:24 <-- InfoData
02-12-21 09:47:25 Get request on connection from remote host wit IP: ::ffff:127.0.0.1
02-12-21 09:47:25 The remote host can't connected. Server is busy of application with IP: ::ffff:127.0.0.1
02-12-21 09:47:25 <-- ISCONNECTED
02-12-21 09:47:25 The remote host is closed.
02-12-21 09:47:25 --> InfoData
02-12-21 09:47:25 <-- InfoData
02-12-21 09:47:26 --> InfoData
02-12-21 09:47:26 <-- InfoData
02-12-21 09:47:27 --> InfoData
02-12-21 09:47:27 <-- InfoData
02-12-21 09:47:28 --> InfoData
02-12-21 09:47:28 <-- InfoData
02-12-21 09:47:29 The remote host is closed.
02-12-21 09:48:03 Get request on connection from remote host wit IP: ::ffff:127.0.0.1
02-12-21 09:48:03 <-- ISCONNECTED
02-12-21 09:48:03 The remote host is closed.
02-12-21 09:48:05 Get request on connection from remote host wit IP: ::ffff:127.0.0.1
02-12-21 09:48:05 <-- ISCONNECTED
02-12-21 09:48:06 --> InfoDevice
02-12-21 09:48:06 <-- InfoDevice
02-12-21 09:48:06 --> sector_read
02-12-21 09:48:06 --> CRYPTO_REQUEST
02-12-21 09:48:06 <-- sector_read
02-12-21 09:48:06 <-- CRYPTO_REQUEST
02-12-21 09:48:07 --> InfoData
02-12-21 09:48:07 <-- InfoData
02-12-21 09:48:08 --> InfoData
02-12-21 09:48:08 <-- InfoData
02-12-21 09:48:09 --> InfoData
02-12-21 09:48:09 <-- InfoData
02-12-21 09:48:10 --> InfoData
02-12-21 09:48:10 <-- InfoData
02-12-21 09:48:11 --> InfoData
02-12-21 09:48:11 <-- InfoData
02-12-21 09:48:54 Get request on connection from remote host wit IP: ::ffff:127.0.0.1
02-12-21 09:48:54 <-- ISCONNECTED
02-12-21 09:48:54 --> InfoDevice
02-12-21 09:48:54 <-- InfoDevice
02-12-21 09:48:55 --> InfoDevice
02-12-21 09:48:55 <-- InfoDevice
02-12-21 09:48:57 --> InfoDevice
02-12-21 09:48:57 <-- InfoDevice
02-12-21 09:48:57 --> sector_read
02-12-21 09:48:57 --> CRYPTO_REQUEST
02-12-21 09:48:57 <-- sector_read
02-12-21 09:48:58 <-- CRYPTO_REQUEST
02-12-21 09:48:58 --> InfoData
02-12-21 09:48:58 <-- InfoData
02-12-21 09:48:59 --> InfoData
02-12-21 09:48:59 <-- InfoData
02-12-21 09:49:00 --> InfoData
02-12-21 09:49:00 <-- InfoData
02-12-21 09:49:01 --> InfoData
02-12-21 09:49:01 <-- InfoData
02-12-21 09:49:02 --> InfoData
02-12-21 09:49:02 <-- InfoData
02-12-21 09:49:03 Get request on connection from remote host wit IP: ::ffff:127.0.0.1
02-12-21 09:49:03 The remote host can't connected. Server is busy of application with IP: ::ffff:127.0.0.1
02-12-21 09:49:03 <-- ISCONNECTED
02-12-21 09:49:03 The remote host is closed.
02-12-21 09:49:03 --> InfoData
02-12-21 09:49:03 <-- InfoData
02-12-21 09:49:04 --> InfoData
02-12-21 09:49:04 <-- InfoData
02-12-21 09:49:05 --> InfoData
02-12-21 09:49:05 <-- InfoData
02-12-21 09:49:05 The remote host is closed.
02-12-21 09:51:49 Get request on connection from remote host wit IP: ::ffff:127.0.0.1
02-12-21 09:51:49 <-- ISCONNECTED
02-12-21 09:51:49 The remote host is closed.
02-12-21 09:51:50 Get request on connection from remote host wit IP: ::ffff:127.0.0.1
02-12-21 09:51:50 <-- ISCONNECTED
02-12-21 09:51:51 --> InfoDevice
02-12-21 09:51:51 <-- InfoDevice
02-12-21 09:51:51 --> sector_read
02-12-21 09:51:51 --> CRYPTO_REQUEST
02-12-21 09:51:51 <-- sector_read
02-12-21 09:51:52 <-- CRYPTO_REQUEST
02-12-21 09:51:52 --> InfoData
02-12-21 09:51:52 <-- InfoData
02-12-21 09:51:53 --> InfoData
02-12-21 09:51:53 <-- InfoData
02-12-21 09:51:54 --> InfoData
02-12-21 09:51:54 <-- InfoData
02-12-21 09:51:55 --> InfoData
02-12-21 09:51:55 <-- InfoData
02-12-21 09:51:56 Get request on connection from remote host wit IP: ::ffff:127.0.0.1
02-12-21 09:51:56 The remote host can't connected. Server is busy of application with IP: ::ffff:127.0.0.1
02-12-21 09:51:56 <-- ISCONNECTED
02-12-21 09:51:56 The remote host is closed.
02-12-21 09:51:56 --> InfoData
02-12-21 09:51:56 <-- InfoData
02-12-21 09:51:57 --> InfoData
02-12-21 09:51:57 <-- InfoData
02-12-21 09:51:58 The remote host is closed.
02-12-21 10:21:51 Get request on connection from remote host wit IP: ::ffff:127.0.0.1
02-12-21 10:21:51 <-- ISCONNECTED
02-12-21 10:21:51 The remote host is closed.
02-12-21 10:21:52 Get request on connection from remote host wit IP: ::ffff:127.0.0.1
02-12-21 10:21:52 <-- ISCONNECTED
02-12-21 10:21:53 --> InfoDevice
02-12-21 10:21:53 <-- InfoDevice
02-12-21 10:21:53 --> sector_read
02-12-21 10:21:53 --> CRYPTO_REQUEST
02-12-21 10:21:53 <-- sector_read
02-12-21 10:21:53 <-- CRYPTO_REQUEST
02-12-21 10:21:54 --> InfoData
02-12-21 10:21:54 <-- InfoData
02-12-21 10:21:55 --> InfoData
02-12-21 10:21:55 <-- InfoData
02-12-21 10:21:56 --> InfoData
02-12-21 10:21:56 <-- InfoData
02-12-21 10:21:57 --> InfoData
02-12-21 10:21:57 <-- InfoData
02-12-21 10:21:58 --> InfoData
02-12-21 10:21:58 <-- InfoData
02-12-21 10:21:59 --> InfoData
02-12-21 10:21:59 <-- InfoData
02-12-21 10:22:00 --> InfoData
02-12-21 10:22:00 <-- InfoData
02-12-21 10:22:02 --> InfoData
02-12-21 10:22:02 <-- InfoData
02-12-21 10:22:02 --> InfoData
02-12-21 10:22:02 <-- InfoData
02-12-21 10:22:03 --> InfoData
02-12-21 10:22:03 <-- InfoData
02-12-21 10:22:04 --> InfoData
02-12-21 10:22:04 <-- InfoData
02-12-21 10:22:05 --> InfoData
02-12-21 10:22:05 <-- InfoData
02-12-21 10:22:06 --> InfoData
02-12-21 10:22:06 <-- InfoData
02-12-21 10:22:07 Get request on connection from remote host wit IP: ::ffff:127.0.0.1
02-12-21 10:22:07 The remote host can't connected. Server is busy of application with IP: ::ffff:127.0.0.1
02-12-21 10:22:07 <-- ISCONNECTED
02-12-21 10:22:07 The remote host is closed.
02-12-21 10:22:07 --> InfoData
02-12-21 10:22:07 <-- InfoData
02-12-21 10:22:08 --> InfoData
02-12-21 10:22:08 <-- InfoData
02-12-21 10:22:08 The remote host is closed.
02-12-21 10:22:35 Get request on connection from remote host wit IP: ::ffff:127.0.0.1
02-12-21 10:22:35 <-- ISCONNECTED
02-12-21 10:22:35 The remote host is closed.
02-12-21 10:22:37 Get request on connection from remote host wit IP: ::ffff:127.0.0.1
02-12-21 10:22:37 <-- ISCONNECTED
02-12-21 10:22:38 --> InfoDevice
02-12-21 10:22:38 <-- InfoDevice
02-12-21 10:22:38 --> sector_read
02-12-21 10:22:38 --> CRYPTO_REQUEST
02-12-21 10:22:38 <-- sector_read
02-12-21 10:22:38 <-- CRYPTO_REQUEST
02-12-21 10:22:39 --> InfoData
02-12-21 10:22:39 <-- InfoData
02-12-21 10:22:55 Get request on connection from remote host wit IP: ::ffff:127.0.0.1
02-12-21 10:22:55 <-- ISCONNECTED
02-12-21 10:22:56 --> InfoDevice
02-12-21 10:22:56 <-- InfoDevice
02-12-21 10:22:57 --> InfoDevice
02-12-21 10:22:57 <-- InfoDevice
02-12-21 10:22:59 --> InfoDevice
02-12-21 10:22:59 <-- InfoDevice
02-12-21 10:22:59 --> sector_read
02-12-21 10:22:59 --> CRYPTO_REQUEST
02-12-21 10:22:59 <-- sector_read
02-12-21 10:22:59 <-- CRYPTO_REQUEST
02-12-21 10:23:00 --> InfoData
02-12-21 10:23:00 <-- InfoData
02-12-21 10:23:01 --> InfoData
02-12-21 10:23:01 <-- InfoData
02-12-21 10:23:02 --> InfoData
02-12-21 10:23:02 <-- InfoData
02-12-21 10:23:03 --> InfoData
02-12-21 10:23:03 <-- InfoData
02-12-21 10:23:04 --> InfoData
02-12-21 10:23:04 <-- InfoData
02-12-21 10:23:05 --> InfoData
02-12-21 10:23:05 <-- InfoData
02-12-21 10:23:06 --> InfoData
02-12-21 10:23:06 <-- InfoData
02-12-21 10:23:07 --> InfoData
02-12-21 10:23:07 <-- InfoData
02-12-21 10:23:09 --> InfoData
02-12-21 10:23:09 <-- InfoData
02-12-21 10:23:09 --> InfoData
02-12-21 10:23:09 <-- InfoData
02-12-21 10:23:10 The remote host is closed.
16-12-21 16:45:17 Get request on connection from remote host wit IP: ::ffff:127.0.0.1
16-12-21 16:45:17 <-- ISCONNECTED
16-12-21 16:45:17 The remote host is closed.
16-12-21 16:45:19 Get request on connection from remote host wit IP: ::ffff:127.0.0.1
16-12-21 16:45:19 <-- ISCONNECTED
16-12-21 16:45:20 --> InfoDevice
16-12-21 16:45:20 <-- InfoDevice
16-12-21 16:45:20 --> sector_read
16-12-21 16:45:20 --> CRYPTO_REQUEST
16-12-21 16:45:20 <-- sector_read
16-12-21 16:45:20 <-- CRYPTO_REQUEST
16-12-21 16:45:29 --> InfoData
16-12-21 16:45:29 <-- InfoData
16-12-21 16:45:30 --> InfoData
16-12-21 16:45:30 <-- InfoData
16-12-21 16:45:47 --> InfoData
16-12-21 16:45:47 <-- InfoData
16-12-21 16:45:48 --> InfoData
16-12-21 16:45:48 <-- InfoData
16-12-21 16:46:05 --> InfoData
16-12-21 16:46:05 <-- InfoData
16-12-21 16:46:06 --> InfoData
16-12-21 16:46:06 <-- InfoData
16-12-21 16:46:23 --> InfoData
16-12-21 16:46:23 <-- InfoData
16-12-21 16:46:24 --> InfoData
16-12-21 16:46:24 <-- InfoData
16-12-21 16:46:41 --> InfoData
16-12-21 16:46:41 <-- InfoData
16-12-21 16:46:42 --> InfoData
16-12-21 16:46:42 <-- InfoData
16-12-21 16:46:59 --> InfoData
16-12-21 16:46:59 <-- InfoData
16-12-21 16:46:59 --> InfoData
16-12-21 16:46:59 <-- InfoData
16-12-21 16:47:16 --> InfoData
16-12-21 16:47:16 <-- InfoData
16-12-21 16:47:17 --> InfoData
16-12-21 16:47:17 <-- InfoData
16-12-21 16:47:34 --> InfoData
16-12-21 16:47:34 <-- InfoData
16-12-21 16:47:34 --> InfoData
16-12-21 16:47:34 <-- InfoData
16-12-21 16:47:51 --> InfoData
16-12-21 16:47:51 <-- InfoData
16-12-21 16:47:51 --> InfoData
16-12-21 16:47:51 <-- InfoData
16-12-21 16:48:09 --> InfoData
16-12-21 16:48:09 <-- InfoData
16-12-21 16:48:10 --> InfoData
16-12-21 16:48:10 <-- InfoData
16-12-21 16:48:27 --> InfoData
16-12-21 16:48:27 <-- InfoData
16-12-21 16:48:28 --> InfoData
16-12-21 16:48:28 <-- InfoData
16-12-21 16:48:45 --> InfoData
16-12-21 16:48:45 <-- InfoData
16-12-21 16:48:45 --> InfoData
16-12-21 16:48:45 <-- InfoData
16-12-21 16:49:02 --> InfoData
16-12-21 16:49:02 <-- InfoData
16-12-21 16:49:03 --> InfoData
16-12-21 16:49:03 <-- InfoData
16-12-21 16:49:20 --> InfoData
16-12-21 16:49:20 <-- InfoData
16-12-21 16:49:20 --> InfoData
16-12-21 16:49:20 <-- InfoData
16-12-21 16:49:37 --> InfoData
16-12-21 16:49:37 <-- InfoData
16-12-21 16:49:37 --> InfoData
16-12-21 16:49:37 <-- InfoData
16-12-21 16:49:54 --> InfoData
16-12-21 16:49:54 <-- InfoData
16-12-21 16:49:55 --> InfoData
16-12-21 16:49:55 <-- InfoData
16-12-21 16:50:12 --> InfoData
16-12-21 16:50:12 <-- InfoData
16-12-21 16:50:13 --> InfoData
16-12-21 16:50:13 <-- InfoData
16-12-21 16:50:30 --> InfoData
16-12-21 16:50:30 <-- InfoData
16-12-21 16:50:31 --> InfoData
16-12-21 16:50:31 <-- InfoData
16-12-21 16:50:48 --> InfoData
16-12-21 16:50:48 <-- InfoData
16-12-21 16:50:49 --> InfoData
16-12-21 16:50:49 <-- InfoData
16-12-21 16:51:06 --> InfoData
16-12-21 16:51:06 <-- InfoData
16-12-21 16:51:07 --> InfoData
16-12-21 16:51:07 <-- InfoData
16-12-21 16:51:24 --> InfoData
16-12-21 16:51:24 <-- InfoData
16-12-21 16:51:24 --> InfoData
16-12-21 16:51:24 <-- InfoData
16-12-21 16:51:42 --> InfoData
16-12-21 16:51:42 <-- InfoData
16-12-21 16:51:43 --> InfoData
16-12-21 16:51:43 <-- InfoData
16-12-21 16:52:00 --> InfoData
16-12-21 16:52:00 <-- InfoData
16-12-21 16:52:00 --> InfoData
16-12-21 16:52:00 <-- InfoData
16-12-21 16:52:17 --> InfoData
16-12-21 16:52:17 <-- InfoData
16-12-21 16:52:17 --> InfoData
16-12-21 16:52:17 <-- InfoData
16-12-21 16:52:34 --> InfoData
16-12-21 16:52:34 <-- InfoData
16-12-21 16:52:35 --> InfoData
16-12-21 16:52:35 <-- InfoData
16-12-21 16:52:52 --> InfoData
16-12-21 16:52:52 <-- InfoData
16-12-21 16:52:53 --> InfoData
16-12-21 16:52:53 <-- InfoData
16-12-21 16:53:10 --> InfoData
16-12-21 16:53:10 <-- InfoData
16-12-21 16:53:11 --> InfoData
16-12-21 16:53:11 <-- InfoData
16-12-21 16:53:28 --> InfoData
16-12-21 16:53:28 <-- InfoData
16-12-21 16:53:29 --> InfoData
16-12-21 16:53:29 <-- InfoData
16-12-21 16:53:46 --> InfoData
16-12-21 16:53:46 <-- InfoData
16-12-21 16:53:47 --> InfoData
16-12-21 16:53:47 <-- InfoData
16-12-21 16:54:04 --> InfoData
16-12-21 16:54:04 <-- InfoData
16-12-21 16:54:04 --> InfoData
16-12-21 16:54:04 <-- InfoData
16-12-21 16:54:21 --> InfoData
16-12-21 16:54:21 <-- InfoData
16-12-21 16:54:22 --> InfoData
16-12-21 16:54:22 <-- InfoData
16-12-21 16:54:39 --> InfoData
16-12-21 16:54:39 <-- InfoData
16-12-21 16:54:40 --> InfoData
16-12-21 16:54:40 <-- InfoData
16-12-21 16:54:49 --> InfoData
16-12-21 16:54:49 <-- InfoData
16-12-21 16:54:49 --> InfoData
16-12-21 16:54:49 <-- InfoData
16-12-21 16:55:06 --> InfoData
16-12-21 16:55:06 <-- InfoData
16-12-21 16:55:07 --> InfoData
16-12-21 16:55:07 <-- InfoData
16-12-21 16:55:25 --> InfoData
16-12-21 16:55:25 <-- InfoData
16-12-21 16:55:26 --> InfoData
16-12-21 16:55:26 <-- InfoData
16-12-21 16:55:43 --> InfoData
16-12-21 16:55:43 <-- InfoData
16-12-21 16:55:44 --> InfoData
16-12-21 16:55:44 <-- InfoData
16-12-21 16:56:01 --> InfoData
16-12-21 16:56:01 <-- InfoData
16-12-21 16:56:02 --> InfoData
16-12-21 16:56:02 <-- InfoData
16-12-21 16:56:19 --> InfoData
16-12-21 16:56:19 <-- InfoData
16-12-21 16:56:20 --> InfoData
16-12-21 16:56:20 <-- InfoData
16-12-21 16:56:37 --> InfoData
16-12-21 16:56:37 <-- InfoData
16-12-21 16:56:37 --> InfoData
16-12-21 16:56:37 <-- InfoData
16-12-21 16:56:54 --> InfoData
16-12-21 16:56:54 <-- InfoData
16-12-21 16:56:55 --> InfoData
16-12-21 16:56:55 <-- InfoData
16-12-21 16:57:12 --> InfoData
16-12-21 16:57:12 <-- InfoData
16-12-21 16:57:12 --> InfoData
16-12-21 16:57:12 <-- InfoData
16-12-21 16:57:29 --> InfoData
16-12-21 16:57:29 <-- InfoData
16-12-21 16:57:30 --> InfoData
16-12-21 16:57:30 <-- InfoData
16-12-21 16:57:47 --> InfoData
16-12-21 16:57:47 <-- InfoData
16-12-21 16:57:47 --> InfoData
16-12-21 16:57:47 <-- InfoData
16-12-21 16:58:04 --> InfoData
16-12-21 16:58:04 <-- InfoData
16-12-21 16:58:05 --> InfoData
16-12-21 16:58:05 <-- InfoData
16-12-21 16:58:22 --> InfoData
16-12-21 16:58:22 <-- InfoData
16-12-21 16:58:23 --> InfoData
16-12-21 16:58:23 <-- InfoData
16-12-21 16:58:40 --> InfoData
16-12-21 16:58:40 <-- InfoData
16-12-21 16:58:40 --> InfoData
16-12-21 16:58:40 <-- InfoData
16-12-21 16:58:58 --> InfoData
16-12-21 16:58:58 <-- InfoData
16-12-21 16:58:59 --> InfoData
16-12-21 16:58:59 <-- InfoData
16-12-21 16:59:16 --> InfoData
16-12-21 16:59:16 <-- InfoData
16-12-21 16:59:16 --> InfoData
16-12-21 16:59:16 <-- InfoData
16-12-21 16:59:33 --> InfoData
16-12-21 16:59:33 <-- InfoData
16-12-21 16:59:34 --> InfoData
16-12-21 16:59:34 <-- InfoData
16-12-21 16:59:51 --> InfoData
16-12-21 16:59:51 <-- InfoData
16-12-21 16:59:52 --> InfoData
16-12-21 16:59:52 <-- InfoData
16-12-21 17:00:09 --> InfoData
16-12-21 17:00:09 <-- InfoData
16-12-21 17:00:10 --> InfoData
16-12-21 17:00:10 <-- InfoData
16-12-21 17:00:27 --> InfoData
16-12-21 17:00:27 <-- InfoData
16-12-21 17:00:27 --> InfoData
16-12-21 17:00:27 <-- InfoData
16-12-21 17:00:44 --> InfoData
16-12-21 17:00:44 <-- InfoData
16-12-21 17:00:45 --> InfoData
16-12-21 17:00:45 <-- InfoData
16-12-21 17:01:02 --> InfoData
16-12-21 17:01:02 <-- InfoData
16-12-21 17:01:03 --> InfoData
16-12-21 17:01:03 <-- InfoData
16-12-21 17:01:12 --> InfoData
16-12-21 17:01:12 <-- InfoData
16-12-21 17:01:12 --> InfoData
16-12-21 17:01:12 <-- InfoData
16-12-21 17:01:29 --> InfoData
16-12-21 17:01:29 <-- InfoData
16-12-21 17:01:29 --> InfoData
16-12-21 17:01:29 <-- InfoData
16-12-21 17:01:46 --> InfoData
16-12-21 17:01:46 <-- InfoData
16-12-21 17:01:46 --> InfoData
16-12-21 17:01:46 <-- InfoData
16-12-21 17:02:03 --> InfoData
16-12-21 17:02:03 <-- InfoData
16-12-21 17:02:04 --> InfoData
16-12-21 17:02:04 <-- InfoData
16-12-21 17:02:22 --> InfoData
16-12-21 17:02:22 <-- InfoData
16-12-21 17:02:23 --> InfoData
16-12-21 17:02:23 <-- InfoData
16-12-21 17:02:40 --> InfoData
16-12-21 17:02:40 <-- InfoData
16-12-21 17:02:40 --> InfoData
16-12-21 17:02:40 <-- InfoData
16-12-21 17:02:57 --> InfoData
16-12-21 17:02:57 <-- InfoData
16-12-21 17:02:57 --> InfoData
16-12-21 17:02:57 <-- InfoData
16-12-21 17:03:14 --> InfoData
16-12-21 17:03:14 <-- InfoData
16-12-21 17:03:14 --> InfoData
16-12-21 17:03:14 <-- InfoData
16-12-21 17:03:31 --> InfoData
16-12-21 17:03:31 <-- InfoData
16-12-21 17:03:31 --> InfoData
16-12-21 17:03:31 <-- InfoData
16-12-21 17:03:48 --> InfoData
16-12-21 17:03:48 <-- InfoData
16-12-21 17:03:48 --> InfoData
16-12-21 17:03:48 <-- InfoData
16-12-21 17:04:05 --> InfoData
16-12-21 17:04:05 <-- InfoData
16-12-21 17:04:05 --> InfoData
16-12-21 17:04:05 <-- InfoData
16-12-21 17:04:22 --> InfoData
16-12-21 17:04:22 <-- InfoData
16-12-21 17:04:23 --> InfoData
16-12-21 17:04:23 <-- InfoData
16-12-21 17:04:40 --> InfoData
16-12-21 17:04:40 <-- InfoData
16-12-21 17:04:41 --> InfoData
16-12-21 17:04:41 <-- InfoData
16-12-21 17:04:58 --> InfoData
16-12-21 17:04:58 <-- InfoData
16-12-21 17:04:59 --> InfoData
16-12-21 17:04:59 <-- InfoData
16-12-21 17:05:16 --> InfoData
16-12-21 17:05:16 <-- InfoData
16-12-21 17:05:17 --> InfoData
16-12-21 17:05:17 <-- InfoData
16-12-21 17:05:34 --> InfoData
16-12-21 17:05:34 <-- InfoData
16-12-21 17:05:34 --> InfoData
16-12-21 17:05:34 <-- InfoData
16-12-21 17:05:52 --> InfoData
16-12-21 17:05:52 <-- InfoData
16-12-21 17:05:53 --> InfoData
16-12-21 17:05:53 <-- InfoData
16-12-21 17:06:10 --> InfoData
16-12-21 17:06:10 <-- InfoData
16-12-21 17:06:10 --> InfoData
16-12-21 17:06:10 <-- InfoData
16-12-21 17:06:27 --> InfoData
16-12-21 17:06:27 <-- InfoData
16-12-21 17:06:28 --> InfoData
16-12-21 17:06:28 <-- InfoData
16-12-21 17:06:45 --> InfoData
16-12-21 17:06:45 <-- InfoData
16-12-21 17:06:46 --> InfoData
16-12-21 17:06:46 <-- InfoData
16-12-21 17:07:03 --> InfoData
16-12-21 17:07:03 <-- InfoData
16-12-21 17:07:04 --> InfoData
16-12-21 17:07:04 <-- InfoData
16-12-21 17:07:21 --> InfoData
16-12-21 17:07:21 <-- InfoData
16-12-21 17:07:22 --> InfoData
16-12-21 17:07:22 <-- InfoData
16-12-21 17:07:39 --> InfoData
16-12-21 17:07:39 <-- InfoData
16-12-21 17:07:40 --> InfoData
16-12-21 17:07:40 <-- InfoData
16-12-21 17:07:57 --> InfoData
16-12-21 17:07:57 <-- InfoData
16-12-21 17:07:58 --> InfoData
16-12-21 17:07:58 <-- InfoData
16-12-21 17:08:15 --> InfoData
16-12-21 17:08:15 <-- InfoData
16-12-21 17:08:16 --> InfoData
16-12-21 17:08:16 <-- InfoData
16-12-21 17:08:33 --> InfoData
16-12-21 17:08:33 <-- InfoData
16-12-21 17:08:33 --> InfoData
16-12-21 17:08:33 <-- InfoData
16-12-21 17:08:50 --> InfoData
16-12-21 17:08:50 <-- InfoData
16-12-21 17:08:51 --> InfoData
16-12-21 17:08:51 <-- InfoData
16-12-21 17:09:08 --> InfoData
16-12-21 17:09:08 <-- InfoData
16-12-21 17:09:10 --> InfoData
16-12-21 17:09:10 <-- InfoData
16-12-21 17:09:27 --> InfoData
16-12-21 17:09:27 <-- InfoData
16-12-21 17:09:27 --> InfoData
16-12-21 17:09:27 <-- InfoData
16-12-21 17:09:44 --> InfoData
16-12-21 17:09:44 <-- InfoData
16-12-21 17:09:45 --> InfoData
16-12-21 17:09:45 <-- InfoData
16-12-21 17:10:02 --> InfoData
16-12-21 17:10:02 <-- InfoData
16-12-21 17:10:03 --> InfoData
16-12-21 17:10:03 <-- InfoData
16-12-21 17:10:20 --> InfoData
16-12-21 17:10:20 <-- InfoData
16-12-21 17:10:21 --> InfoData
16-12-21 17:10:21 <-- InfoData
16-12-21 17:10:38 --> InfoData
16-12-21 17:10:38 <-- InfoData
16-12-21 17:10:40 --> InfoData
16-12-21 17:10:40 <-- InfoData
16-12-21 17:10:57 --> InfoData
16-12-21 17:10:57 <-- InfoData
16-12-21 17:10:58 --> InfoData
16-12-21 17:10:58 <-- InfoData
16-12-21 17:11:15 --> InfoData
16-12-21 17:11:15 <-- InfoData
16-12-21 17:11:16 --> InfoData
16-12-21 17:11:16 <-- InfoData
16-12-21 17:11:33 --> InfoData
16-12-21 17:11:33 <-- InfoData
16-12-21 17:11:34 --> InfoData
16-12-21 17:11:34 <-- InfoData
16-12-21 17:11:51 --> InfoData
16-12-21 17:11:51 <-- InfoData
16-12-21 17:11:52 --> InfoData
16-12-21 17:11:52 <-- InfoData
16-12-21 17:12:09 --> InfoData
16-12-21 17:12:09 <-- InfoData
16-12-21 17:12:09 --> SAVEPAR
16-12-21 17:12:27 <-- SAVEPAR
16-12-21 17:12:27 --> InfoData
16-12-21 17:12:27 <-- InfoData
16-12-21 17:12:36 The remote host is closed.
17-12-21 16:33:20 Get request on connection from remote host wit IP: ::ffff:127.0.0.1
17-12-21 16:33:20 <-- ISCONNECTED
17-12-21 16:33:20 The remote host is closed.
17-12-21 16:33:21 Get request on connection from remote host wit IP: ::ffff:127.0.0.1
17-12-21 16:33:21 <-- ISCONNECTED
17-12-21 16:33:22 --> InfoDevice
17-12-21 16:33:22 <-- InfoDevice
17-12-21 16:33:22 --> sector_read
17-12-21 16:33:22 --> CRYPTO_REQUEST
17-12-21 16:33:22 <-- sector_read
17-12-21 16:33:22 <-- CRYPTO_REQUEST
17-12-21 16:33:23 --> InfoData
17-12-21 16:33:23 <-- InfoData
17-12-21 16:33:24 --> InfoData
17-12-21 16:33:24 <-- InfoData
17-12-21 16:33:25 --> InfoData
17-12-21 16:33:25 <-- InfoData
17-12-21 16:33:26 --> InfoData
17-12-21 16:33:26 <-- InfoData
17-12-21 16:33:27 --> InfoData
17-12-21 16:33:27 <-- InfoData
17-12-21 16:33:28 --> InfoData
17-12-21 16:33:28 <-- InfoData
17-12-21 16:33:29 --> InfoData
17-12-21 16:33:29 <-- InfoData
17-12-21 16:33:29 The remote host is closed.
17-12-21 16:38:38 Get request on connection from remote host wit IP: ::ffff:127.0.0.1
17-12-21 16:38:38 <-- ISCONNECTED
17-12-21 16:38:38 The remote host is closed.
17-12-21 16:40:53 Get request on connection from remote host wit IP: ::ffff:127.0.0.1
17-12-21 16:40:53 <-- ISCONNECTED
17-12-21 16:40:53 The remote host is closed.
17-12-21 16:41:04 Get request on connection from remote host wit IP: ::ffff:127.0.0.1
17-12-21 16:41:04 <-- ISCONNECTED
17-12-21 16:41:05 --> InfoDevice
17-12-21 16:41:05 <-- InfoDevice
17-12-21 16:41:05 --> sector_read
17-12-21 16:41:05 --> CRYPTO_REQUEST
17-12-21 16:41:05 <-- sector_read
17-12-21 16:41:05 <-- CRYPTO_REQUEST
17-12-21 16:41:06 --> InfoData
17-12-21 16:41:06 <-- InfoData
17-12-21 16:41:07 --> InfoData
17-12-21 16:41:07 <-- InfoData
17-12-21 16:41:08 --> InfoData
17-12-21 16:41:08 <-- InfoData
17-12-21 16:41:09 --> InfoData
17-12-21 16:41:09 <-- InfoData
17-12-21 16:41:10 --> InfoData
17-12-21 16:41:10 <-- InfoData
17-12-21 16:41:11 --> InfoData
17-12-21 16:41:11 <-- InfoData
17-12-21 16:41:12 --> InfoData
17-12-21 16:41:12 <-- InfoData
17-12-21 16:41:13 --> InfoData
17-12-21 16:41:13 <-- InfoData
17-12-21 16:41:14 --> InfoData
17-12-21 16:41:14 <-- InfoData
17-12-21 16:41:15 --> InfoData
17-12-21 16:41:15 <-- InfoData
17-12-21 16:41:16 --> InfoData
17-12-21 16:41:16 <-- InfoData
17-12-21 16:41:17 --> InfoData
17-12-21 16:41:17 <-- InfoData
17-12-21 16:41:18 --> InfoData
17-12-21 16:41:18 <-- InfoData
17-12-21 16:41:19 --> InfoData
17-12-21 16:41:19 <-- InfoData
17-12-21 16:41:20 --> InfoData
17-12-21 16:41:20 <-- InfoData
17-12-21 16:41:21 --> InfoData
17-12-21 16:41:21 <-- InfoData
17-12-21 16:41:22 --> InfoData
17-12-21 16:41:22 <-- InfoData
17-12-21 16:41:23 --> InfoData
17-12-21 16:41:23 <-- InfoData
17-12-21 16:41:24 --> InfoData
17-12-21 16:41:24 <-- InfoData
17-12-21 16:41:25 --> InfoData
17-12-21 16:41:25 <-- InfoData
17-12-21 16:41:26 --> InfoData
17-12-21 16:41:26 <-- InfoData
17-12-21 16:41:27 --> InfoData
17-12-21 16:41:27 <-- InfoData
17-12-21 16:41:28 --> InfoData
17-12-21 16:41:28 <-- InfoData
17-12-21 16:41:29 --> InfoData
17-12-21 16:41:29 <-- InfoData
17-12-21 16:41:30 Get request on connection from remote host wit IP: ::ffff:127.0.0.1
17-12-21 16:41:30 The remote host can't connected. Server is busy of application with IP: ::ffff:127.0.0.1
17-12-21 16:41:30 <-- ISCONNECTED
17-12-21 16:41:30 The remote host is closed.
17-12-21 16:41:30 --> InfoData
17-12-21 16:41:30 <-- InfoData
17-12-21 16:41:31 --> InfoData
17-12-21 16:41:31 <-- InfoData
17-12-21 16:41:32 --> InfoData
17-12-21 16:41:32 <-- InfoData
17-12-21 16:41:33 --> InfoData
17-12-21 16:41:33 <-- InfoData
17-12-21 16:41:34 --> InfoData
17-12-21 16:41:34 <-- InfoData
17-12-21 16:41:35 --> InfoData
17-12-21 16:41:35 <-- InfoData
17-12-21 16:41:36 --> InfoData
17-12-21 16:41:36 <-- InfoData
17-12-21 16:41:37 --> InfoData
17-12-21 16:41:37 <-- InfoData
17-12-21 16:41:38 --> InfoData
17-12-21 16:41:38 <-- InfoData
17-12-21 16:41:39 --> InfoData
17-12-21 16:41:39 <-- InfoData
17-12-21 16:41:40 --> InfoData
17-12-21 16:41:40 <-- InfoData
17-12-21 16:41:41 --> InfoData
17-12-21 16:41:41 <-- InfoData
17-12-21 16:41:42 --> InfoData
17-12-21 16:41:42 <-- InfoData
17-12-21 16:41:43 --> InfoData
17-12-21 16:41:43 <-- InfoData
17-12-21 16:41:44 --> InfoData
17-12-21 16:41:44 <-- InfoData
17-12-21 16:41:45 --> InfoData
17-12-21 16:41:45 <-- InfoData
17-12-21 16:41:46 --> InfoData
17-12-21 16:41:46 <-- InfoData
17-12-21 16:41:47 --> InfoData
17-12-21 16:41:47 <-- InfoData
17-12-21 16:41:48 --> InfoData
17-12-21 16:41:48 <-- InfoData
17-12-21 16:41:49 --> InfoData
17-12-21 16:41:49 <-- InfoData
17-12-21 16:41:50 --> InfoData
17-12-21 16:41:50 <-- InfoData
17-12-21 16:41:51 --> InfoData
17-12-21 16:41:51 <-- InfoData
17-12-21 16:41:52 --> InfoData
17-12-21 16:41:52 <-- InfoData
17-12-21 16:41:53 --> InfoData
17-12-21 16:41:53 <-- InfoData
17-12-21 16:41:54 --> InfoData
17-12-21 16:41:54 <-- InfoData
17-12-21 16:41:55 --> InfoData
17-12-21 16:41:55 <-- InfoData
17-12-21 16:41:56 --> InfoData
17-12-21 16:41:56 <-- InfoData
17-12-21 16:41:57 --> InfoData
17-12-21 16:41:57 <-- InfoData
17-12-21 16:41:58 --> InfoData
17-12-21 16:41:58 <-- InfoData
17-12-21 16:41:59 --> InfoData
17-12-21 16:41:59 <-- InfoData
17-12-21 16:42:00 --> InfoData
17-12-21 16:42:00 <-- InfoData
17-12-21 16:42:01 --> InfoData
17-12-21 16:42:01 <-- InfoData
17-12-21 16:42:02 --> InfoData
17-12-21 16:42:02 <-- InfoData
17-12-21 16:42:03 --> InfoData
17-12-21 16:42:03 <-- InfoData
17-12-21 16:42:04 --> InfoData
17-12-21 16:42:04 <-- InfoData
17-12-21 16:42:05 --> InfoData
17-12-21 16:42:05 <-- InfoData
17-12-21 16:42:06 --> InfoData
17-12-21 16:42:06 <-- InfoData
17-12-21 16:42:07 --> InfoData
17-12-21 16:42:07 <-- InfoData
17-12-21 16:42:08 --> InfoData
17-12-21 16:42:08 <-- InfoData
17-12-21 16:42:09 --> InfoData
17-12-21 16:42:09 <-- InfoData
17-12-21 16:42:10 --> InfoData
17-12-21 16:42:10 <-- InfoData
17-12-21 16:42:11 --> InfoData
17-12-21 16:42:11 <-- InfoData
17-12-21 16:42:12 --> InfoData
17-12-21 16:42:12 <-- InfoData
17-12-21 16:42:13 --> InfoData
17-12-21 16:42:13 <-- InfoData
17-12-21 16:42:15 --> InfoData
17-12-21 16:42:15 <-- InfoData
17-12-21 16:42:16 --> InfoData
17-12-21 16:42:16 <-- InfoData
17-12-21 16:42:17 --> InfoData
17-12-21 16:42:17 <-- InfoData
17-12-21 16:42:18 --> InfoData
17-12-21 16:42:18 <-- InfoData
17-12-21 16:42:19 --> InfoData
17-12-21 16:42:19 <-- InfoData
17-12-21 16:42:20 --> InfoData
17-12-21 16:42:20 <-- InfoData
17-12-21 16:42:21 --> InfoData
17-12-21 16:42:21 <-- InfoData
17-12-21 16:42:22 --> InfoData
17-12-21 16:42:22 <-- InfoData
17-12-21 16:42:23 --> InfoData
17-12-21 16:42:23 <-- InfoData
17-12-21 16:42:24 --> InfoData
17-12-21 16:42:24 <-- InfoData
17-12-21 16:42:25 --> InfoData
17-12-21 16:42:25 <-- InfoData
17-12-21 16:42:26 --> InfoData
17-12-21 16:42:26 <-- InfoData
17-12-21 16:42:27 --> InfoData
17-12-21 16:42:27 <-- InfoData
17-12-21 16:42:28 --> InfoData
17-12-21 16:42:28 <-- InfoData
17-12-21 16:42:29 --> InfoData
17-12-21 16:42:29 <-- InfoData
17-12-21 16:42:30 --> InfoData
17-12-21 16:42:30 <-- InfoData
17-12-21 16:42:31 --> InfoData
17-12-21 16:42:31 <-- InfoData
17-12-21 16:42:32 --> InfoData
17-12-21 16:42:32 <-- InfoData
17-12-21 16:42:33 --> InfoData
17-12-21 16:42:33 <-- InfoData
17-12-21 16:42:34 --> InfoData
17-12-21 16:42:34 <-- InfoData
17-12-21 16:42:35 --> InfoData
17-12-21 16:42:35 <-- InfoData
17-12-21 16:42:36 --> InfoData
17-12-21 16:42:36 <-- InfoData
17-12-21 16:42:37 --> InfoData
17-12-21 16:42:37 <-- InfoData
17-12-21 16:42:38 --> InfoData
17-12-21 16:42:38 <-- InfoData
17-12-21 16:42:39 --> InfoData
17-12-21 16:42:39 <-- InfoData
17-12-21 16:42:40 --> InfoData
17-12-21 16:42:40 <-- InfoData
17-12-21 16:42:41 --> InfoData
17-12-21 16:42:41 <-- InfoData
17-12-21 16:42:42 --> InfoData
17-12-21 16:42:42 <-- InfoData
17-12-21 16:42:43 --> InfoData
17-12-21 16:42:43 <-- InfoData
17-12-21 16:42:44 --> InfoData
17-12-21 16:42:44 <-- InfoData
17-12-21 16:42:45 --> InfoData
17-12-21 16:42:45 <-- InfoData
17-12-21 16:42:46 --> InfoData
17-12-21 16:42:46 <-- InfoData
17-12-21 16:42:47 --> InfoData
17-12-21 16:42:47 <-- InfoData
17-12-21 16:42:48 --> InfoData
17-12-21 16:42:48 <-- InfoData
17-12-21 16:42:49 --> InfoData
17-12-21 16:42:49 <-- InfoData
17-12-21 16:42:50 --> InfoData
17-12-21 16:42:50 <-- InfoData
17-12-21 16:42:51 --> InfoData
17-12-21 16:42:51 <-- InfoData
17-12-21 16:51:23 Get request on connection from remote host wit IP: ::ffff:127.0.0.1
17-12-21 16:51:23 <-- ISCONNECTED
17-12-21 16:51:23 The remote host is closed.
17-12-21 17:02:58 Get request on connection from remote host wit IP: ::ffff:127.0.0.1
17-12-21 17:02:58 <-- ISCONNECTED
17-12-21 17:02:58 The remote host is closed.
17-12-21 17:12:53 Get request on connection from remote host wit IP: ::ffff:127.0.0.1
17-12-21 17:12:53 <-- ISCONNECTED
17-12-21 17:12:53 The remote host is closed.
20-12-21 10:54:37 Get request on connection from remote host wit IP: ::ffff:127.0.0.1
20-12-21 10:54:37 <-- ISCONNECTED
20-12-21 10:54:37 The remote host is closed.
20-12-21 10:54:40 Get request on connection from remote host wit IP: ::ffff:127.0.0.1
20-12-21 10:54:40 <-- ISCONNECTED
20-12-21 10:54:41 --> InfoDevice
20-12-21 10:54:41 <-- InfoDevice
20-12-21 10:54:41 --> sector_read
20-12-21 10:54:41 --> CRYPTO_REQUEST
20-12-21 10:54:41 <-- sector_read
20-12-21 10:54:41 <-- CRYPTO_REQUEST
20-12-21 10:54:42 --> InfoData
20-12-21 10:54:42 <-- InfoData
20-12-21 10:54:43 --> InfoData
20-12-21 10:54:43 <-- InfoData
20-12-21 10:54:44 --> InfoData
20-12-21 10:54:44 <-- InfoData
20-12-21 10:54:45 --> InfoData
20-12-21 10:54:45 <-- InfoData
20-12-21 10:54:46 --> InfoData
20-12-21 10:54:46 <-- InfoData
20-12-21 10:54:47 --> InfoData
20-12-21 10:54:47 <-- InfoData
20-12-21 10:54:48 --> InfoData
20-12-21 10:54:48 <-- InfoData
20-12-21 10:54:49 --> InfoData
20-12-21 10:54:49 <-- InfoData
20-12-21 10:54:50 --> InfoData
20-12-21 10:54:50 <-- InfoData
20-12-21 10:54:51 --> InfoData
20-12-21 10:54:51 <-- InfoData
20-12-21 10:54:52 --> InfoData
20-12-21 10:54:52 <-- InfoData
20-12-21 10:54:53 --> InfoData
20-12-21 10:54:53 <-- InfoData
20-12-21 10:54:54 --> InfoData
20-12-21 10:54:54 <-- InfoData
20-12-21 10:54:55 --> InfoData
20-12-21 10:54:55 <-- InfoData
20-12-21 10:54:56 --> InfoData
20-12-21 10:54:56 <-- InfoData
20-12-21 10:54:57 --> InfoData
20-12-21 10:54:57 <-- InfoData
20-12-21 10:54:58 --> InfoData
20-12-21 10:54:58 <-- InfoData
20-12-21 10:54:59 --> InfoData
20-12-21 10:54:59 <-- InfoData
20-12-21 10:55:00 --> InfoData
20-12-21 10:55:00 <-- InfoData
20-12-21 10:55:01 --> InfoData
20-12-21 10:55:01 <-- InfoData
20-12-21 10:55:02 --> InfoData
20-12-21 10:55:02 <-- InfoData
20-12-21 10:55:03 --> InfoData
20-12-21 10:55:03 <-- InfoData
20-12-21 10:55:04 --> InfoData
20-12-21 10:55:04 <-- InfoData
20-12-21 10:55:05 --> InfoData
20-12-21 10:55:05 <-- InfoData
20-12-21 10:55:06 --> InfoData
20-12-21 10:55:06 <-- InfoData
20-12-21 10:55:07 --> InfoData
20-12-21 10:55:07 <-- InfoData
20-12-21 10:55:08 --> InfoData
20-12-21 10:55:08 <-- InfoData
20-12-21 10:55:09 --> InfoData
20-12-21 10:55:09 <-- InfoData
20-12-21 10:55:10 --> InfoData
20-12-21 10:55:10 <-- InfoData
20-12-21 10:55:11 --> InfoData
20-12-21 10:55:11 <-- InfoData
20-12-21 10:55:12 --> InfoData
20-12-21 10:55:12 <-- InfoData
20-12-21 10:55:13 --> InfoData
20-12-21 10:55:13 <-- InfoData
20-12-21 10:55:14 --> InfoData
20-12-21 10:55:14 <-- InfoData
20-12-21 10:55:15 --> InfoData
20-12-21 10:55:15 <-- InfoData
20-12-21 10:55:16 --> InfoData
20-12-21 10:55:16 <-- InfoData
20-12-21 10:55:17 --> InfoData
20-12-21 10:55:17 <-- InfoData
20-12-21 10:55:18 --> InfoData
20-12-21 10:55:18 <-- InfoData
20-12-21 10:55:19 --> InfoData
20-12-21 10:55:19 <-- InfoData
20-12-21 10:55:20 --> InfoData
20-12-21 10:55:20 <-- InfoData
20-12-21 10:55:21 --> InfoData
20-12-21 10:55:21 <-- InfoData
20-12-21 10:55:22 --> InfoData
20-12-21 10:55:22 <-- InfoData
20-12-21 10:55:23 --> InfoData
20-12-21 10:55:23 <-- InfoData
20-12-21 10:55:24 --> InfoData
20-12-21 10:55:24 <-- InfoData
20-12-21 10:55:25 --> InfoData
20-12-21 10:55:25 <-- InfoData
20-12-21 10:55:26 --> InfoData
20-12-21 10:55:26 <-- InfoData
20-12-21 10:55:27 --> InfoData
20-12-21 10:55:27 <-- InfoData
20-12-21 10:55:28 --> InfoData
20-12-21 10:55:28 <-- InfoData
20-12-21 10:55:29 --> InfoData
20-12-21 10:55:29 <-- InfoData
20-12-21 10:55:30 --> InfoData
20-12-21 10:55:30 <-- InfoData
20-12-21 10:55:31 --> InfoData
20-12-21 10:55:31 <-- InfoData
20-12-21 10:55:32 --> InfoData
20-12-21 10:55:32 <-- InfoData
20-12-21 10:55:33 --> InfoData
20-12-21 10:55:33 <-- InfoData
20-12-21 10:55:34 --> InfoData
20-12-21 10:55:34 <-- InfoData
20-12-21 10:55:35 --> InfoData
20-12-21 10:55:35 <-- InfoData
20-12-21 10:55:36 --> InfoData
20-12-21 10:55:36 <-- InfoData
20-12-21 10:55:37 --> InfoData
20-12-21 10:55:37 <-- InfoData
20-12-21 10:55:38 --> InfoData
20-12-21 10:55:38 <-- InfoData
20-12-21 10:55:39 --> InfoData
20-12-21 10:55:39 <-- InfoData
20-12-21 10:55:40 --> InfoData
20-12-21 10:55:40 <-- InfoData
20-12-21 10:55:41 --> InfoData
20-12-21 10:55:41 <-- InfoData
20-12-21 10:55:42 --> InfoData
20-12-21 10:55:42 <-- InfoData
20-12-21 10:55:43 --> InfoData
20-12-21 10:55:43 <-- InfoData
20-12-21 10:55:44 --> InfoData
20-12-21 10:55:44 <-- InfoData
20-12-21 10:55:45 --> InfoData
20-12-21 10:55:45 <-- InfoData
20-12-21 10:55:46 --> InfoData
20-12-21 10:55:46 <-- InfoData
20-12-21 10:55:47 --> InfoData
20-12-21 10:55:47 <-- InfoData
20-12-21 10:55:48 --> InfoData
20-12-21 10:55:48 <-- InfoData
20-12-21 10:55:49 --> InfoData
20-12-21 10:55:49 <-- InfoData
20-12-21 10:55:50 --> InfoData
20-12-21 10:55:50 <-- InfoData
20-12-21 10:55:51 --> InfoData
20-12-21 10:55:51 <-- InfoData
20-12-21 10:55:52 --> InfoData
20-12-21 10:55:52 <-- InfoData
20-12-21 10:55:53 --> InfoData
20-12-21 10:55:53 <-- InfoData
20-12-21 10:55:54 --> InfoData
20-12-21 10:55:54 <-- InfoData
20-12-21 10:55:55 --> InfoData
20-12-21 10:55:55 <-- InfoData
20-12-21 10:55:56 --> InfoData
20-12-21 10:55:56 <-- InfoData
20-12-21 10:55:57 --> InfoData
20-12-21 10:55:57 <-- InfoData
20-12-21 10:55:58 --> InfoData
20-12-21 10:55:58 <-- InfoData
20-12-21 10:55:59 --> InfoData
20-12-21 10:55:59 <-- InfoData
20-12-21 10:56:00 --> InfoData
20-12-21 10:56:00 <-- InfoData
20-12-21 10:56:01 --> InfoData
20-12-21 10:56:01 <-- InfoData
20-12-21 10:56:02 --> InfoData
20-12-21 10:56:02 <-- InfoData
20-12-21 10:56:03 --> InfoData
20-12-21 10:56:03 <-- InfoData
20-12-21 10:56:04 --> InfoData
20-12-21 10:56:04 <-- InfoData
20-12-21 10:56:05 --> InfoData
20-12-21 10:56:05 <-- InfoData
20-12-21 10:56:06 --> InfoData
20-12-21 10:56:06 <-- InfoData
20-12-21 10:56:07 --> InfoData
20-12-21 10:56:07 <-- InfoData
20-12-21 10:56:08 --> InfoData
20-12-21 10:56:08 <-- InfoData
20-12-21 10:56:09 --> InfoData
20-12-21 10:56:09 <-- InfoData
20-12-21 10:56:10 --> InfoData
20-12-21 10:56:10 <-- InfoData
20-12-21 10:56:11 --> InfoData
20-12-21 10:56:11 <-- InfoData
20-12-21 10:56:12 --> InfoData
20-12-21 10:56:12 <-- InfoData
20-12-21 10:56:13 --> InfoData
20-12-21 10:56:13 <-- InfoData
20-12-21 10:56:14 --> InfoData
20-12-21 10:56:15 <-- InfoData
20-12-21 10:56:15 --> InfoData
20-12-21 10:56:15 <-- InfoData
20-12-21 10:56:16 --> InfoData
20-12-21 10:56:16 <-- InfoData
20-12-21 10:56:18 --> InfoData
20-12-21 10:56:18 <-- InfoData
20-12-21 10:56:19 --> InfoData
20-12-21 10:56:19 <-- InfoData
20-12-21 10:56:20 --> InfoData
20-12-21 10:56:20 <-- InfoData
20-12-21 10:56:21 --> InfoData
20-12-21 10:56:21 <-- InfoData
20-12-21 10:56:22 --> InfoData
20-12-21 10:56:22 <-- InfoData
20-12-21 10:56:23 --> InfoData
20-12-21 10:56:23 <-- InfoData
20-12-21 10:56:24 --> InfoData
20-12-21 10:56:24 <-- InfoData
20-12-21 10:56:25 --> InfoData
20-12-21 10:56:25 <-- InfoData
20-12-21 10:56:26 --> InfoData
20-12-21 10:56:26 <-- InfoData
20-12-21 10:56:27 --> InfoData
20-12-21 10:56:27 <-- InfoData
20-12-21 10:56:28 --> InfoData
20-12-21 10:56:28 <-- InfoData
20-12-21 10:56:29 --> InfoData
20-12-21 10:56:29 <-- InfoData
20-12-21 10:56:30 --> InfoData
20-12-21 10:56:30 <-- InfoData
20-12-21 10:56:31 --> InfoData
20-12-21 10:56:31 <-- InfoData
20-12-21 10:56:32 --> InfoData
20-12-21 10:56:32 <-- InfoData
20-12-21 10:56:33 --> InfoData
20-12-21 10:56:33 <-- InfoData
20-12-21 10:56:34 --> InfoData
20-12-21 10:56:34 <-- InfoData
20-12-21 10:56:35 --> InfoData
20-12-21 10:56:35 <-- InfoData
20-12-21 10:56:36 --> InfoData
20-12-21 10:56:36 <-- InfoData
20-12-21 10:56:37 --> InfoData
20-12-21 10:56:37 <-- InfoData
20-12-21 10:56:38 --> InfoData
20-12-21 10:56:38 <-- InfoData
20-12-21 10:56:39 --> InfoData
20-12-21 10:56:39 <-- InfoData
20-12-21 10:56:40 --> InfoData
20-12-21 10:56:40 <-- InfoData
20-12-21 10:56:41 --> InfoData
20-12-21 10:56:41 <-- InfoData
20-12-21 10:56:42 --> InfoData
20-12-21 10:56:42 <-- InfoData
20-12-21 10:56:43 --> InfoData
20-12-21 10:56:43 <-- InfoData
20-12-21 10:56:44 --> InfoData
20-12-21 10:56:44 <-- InfoData
20-12-21 10:56:45 --> InfoData
20-12-21 10:56:45 <-- InfoData
20-12-21 10:56:46 --> InfoData
20-12-21 10:56:46 <-- InfoData
20-12-21 10:56:47 --> InfoData
20-12-21 10:56:47 <-- InfoData
20-12-21 10:56:48 --> InfoData
20-12-21 10:56:48 <-- InfoData
20-12-21 10:56:49 --> InfoData
20-12-21 10:56:49 <-- InfoData
20-12-21 10:56:50 --> InfoData
20-12-21 10:56:50 <-- InfoData
20-12-21 10:56:51 --> InfoData
20-12-21 10:56:51 <-- InfoData
20-12-21 10:56:52 --> InfoData
20-12-21 10:56:52 <-- InfoData
20-12-21 10:56:53 --> InfoData
20-12-21 10:56:53 <-- InfoData
20-12-21 10:56:54 --> InfoData
20-12-21 10:56:54 <-- InfoData
20-12-21 10:56:55 --> InfoData
20-12-21 10:56:55 <-- InfoData
20-12-21 10:56:56 --> InfoData
20-12-21 10:56:56 <-- InfoData
20-12-21 10:56:57 --> InfoData
20-12-21 10:56:57 <-- InfoData
20-12-21 10:56:58 --> InfoData
20-12-21 10:56:58 <-- InfoData
20-12-21 10:56:59 --> InfoData
20-12-21 10:56:59 <-- InfoData
20-12-21 10:57:00 --> InfoData
20-12-21 10:57:00 <-- InfoData
20-12-21 10:57:01 --> InfoData
20-12-21 10:57:01 <-- InfoData
20-12-21 10:57:02 --> InfoData
20-12-21 10:57:02 <-- InfoData
20-12-21 10:57:03 --> InfoData
20-12-21 10:57:03 <-- InfoData
20-12-21 10:57:04 --> InfoData
20-12-21 10:57:04 <-- InfoData
20-12-21 10:57:05 --> InfoData
20-12-21 10:57:05 <-- InfoData
20-12-21 10:57:06 --> InfoData
20-12-21 10:57:06 <-- InfoData
20-12-21 10:57:07 --> InfoData
20-12-21 10:57:07 <-- InfoData
20-12-21 10:57:08 --> InfoData
20-12-21 10:57:08 <-- InfoData
20-12-21 10:57:09 --> InfoData
20-12-21 10:57:09 <-- InfoData
20-12-21 10:57:10 --> InfoData
20-12-21 10:57:10 <-- InfoData
20-12-21 10:57:11 --> InfoData
20-12-21 10:57:11 <-- InfoData
20-12-21 10:57:12 --> InfoData
20-12-21 10:57:12 <-- InfoData
20-12-21 10:57:13 --> InfoData
20-12-21 10:57:13 <-- InfoData
20-12-21 10:57:14 --> InfoData
20-12-21 10:57:14 <-- InfoData
20-12-21 10:57:15 --> InfoData
20-12-21 10:57:15 <-- InfoData
20-12-21 10:57:16 --> InfoData
20-12-21 10:57:16 <-- InfoData
20-12-21 10:57:17 --> InfoData
20-12-21 10:57:17 <-- InfoData
20-12-21 10:57:18 --> InfoData
20-12-21 10:57:18 <-- InfoData
20-12-21 10:57:19 --> InfoData
20-12-21 10:57:19 <-- InfoData
20-12-21 10:57:20 --> InfoData
20-12-21 10:57:20 <-- InfoData
20-12-21 10:57:21 --> InfoData
20-12-21 10:57:21 <-- InfoData
20-12-21 10:57:22 --> InfoData
20-12-21 10:57:22 <-- InfoData
20-12-21 10:57:23 --> InfoData
20-12-21 10:57:23 <-- InfoData
20-12-21 10:57:24 --> InfoData
20-12-21 10:57:24 <-- InfoData
20-12-21 10:57:25 --> InfoData
20-12-21 10:57:25 <-- InfoData
20-12-21 10:57:26 --> InfoData
20-12-21 10:57:26 <-- InfoData
20-12-21 10:57:27 --> InfoData
20-12-21 10:57:27 <-- InfoData
20-12-21 10:57:28 --> InfoData
20-12-21 10:57:28 <-- InfoData
20-12-21 10:57:29 --> InfoData
20-12-21 10:57:29 <-- InfoData
20-12-21 10:57:30 --> InfoData
20-12-21 10:57:30 <-- InfoData
20-12-21 10:57:31 --> InfoData
20-12-21 10:57:31 <-- InfoData
20-12-21 10:57:32 --> InfoData
20-12-21 10:57:32 <-- InfoData
20-12-21 10:57:33 --> InfoData
20-12-21 10:57:33 <-- InfoData
20-12-21 10:57:34 --> InfoData
20-12-21 10:57:34 <-- InfoData
20-12-21 10:57:35 --> InfoData
20-12-21 10:57:35 <-- InfoData
20-12-21 10:57:36 --> InfoData
20-12-21 10:57:36 <-- InfoData
20-12-21 10:57:37 --> InfoData
20-12-21 10:57:37 <-- InfoData
20-12-21 10:57:38 --> InfoData
20-12-21 10:57:38 <-- InfoData
20-12-21 10:57:39 --> InfoData
20-12-21 10:57:39 <-- InfoData
20-12-21 10:57:40 --> InfoData
20-12-21 10:57:40 <-- InfoData
20-12-21 10:57:41 --> InfoData
20-12-21 10:57:41 <-- InfoData
20-12-21 10:57:42 --> InfoData
20-12-21 10:57:42 <-- InfoData
20-12-21 10:57:43 --> InfoData
20-12-21 10:57:43 <-- InfoData
20-12-21 10:57:44 --> InfoData
20-12-21 10:57:44 <-- InfoData
20-12-21 10:57:45 --> InfoData
20-12-21 10:57:45 <-- InfoData
20-12-21 10:57:46 --> InfoData
20-12-21 10:57:46 <-- InfoData
20-12-21 10:57:47 --> InfoData
20-12-21 10:57:47 <-- InfoData
20-12-21 10:57:48 --> InfoData
20-12-21 10:57:48 <-- InfoData
20-12-21 10:57:49 --> InfoData
20-12-21 10:57:49 <-- InfoData
20-12-21 10:57:50 --> InfoData
20-12-21 10:57:50 <-- InfoData
20-12-21 10:57:51 --> InfoData
20-12-21 10:57:51 <-- InfoData
20-12-21 10:57:52 --> InfoData
20-12-21 10:57:52 <-- InfoData
20-12-21 10:57:53 --> InfoData
20-12-21 10:57:53 <-- InfoData
20-12-21 10:57:54 --> InfoData
20-12-21 10:57:54 <-- InfoData
20-12-21 10:57:55 --> InfoData
20-12-21 10:57:55 <-- InfoData
20-12-21 10:57:56 --> InfoData
20-12-21 10:57:56 <-- InfoData
20-12-21 10:57:57 --> InfoData
20-12-21 10:57:57 <-- InfoData
20-12-21 10:57:58 --> InfoData
20-12-21 10:57:58 <-- InfoData
20-12-21 10:57:59 --> InfoData
20-12-21 10:57:59 <-- InfoData
20-12-21 10:58:00 --> InfoData
20-12-21 10:58:00 <-- InfoData
20-12-21 10:58:01 --> InfoData
20-12-21 10:58:01 <-- InfoData
20-12-21 10:58:02 --> InfoData
20-12-21 10:58:02 <-- InfoData
20-12-21 10:58:03 --> InfoData
20-12-21 10:58:03 <-- InfoData
20-12-21 10:58:04 --> InfoData
20-12-21 10:58:04 <-- InfoData
20-12-21 10:58:05 --> InfoData
20-12-21 10:58:05 <-- InfoData
20-12-21 10:58:06 --> InfoData
20-12-21 10:58:06 <-- InfoData
20-12-21 10:58:07 --> InfoData
20-12-21 10:58:07 <-- InfoData
20-12-21 10:58:08 --> InfoData
20-12-21 10:58:08 <-- InfoData
20-12-21 10:58:09 --> InfoData
20-12-21 10:58:09 <-- InfoData
20-12-21 10:58:10 --> InfoData
20-12-21 10:58:10 <-- InfoData
20-12-21 10:58:11 --> InfoData
20-12-21 10:58:11 <-- InfoData
20-12-21 10:58:12 --> InfoData
20-12-21 10:58:12 <-- InfoData
20-12-21 10:58:13 --> InfoData
20-12-21 10:58:13 <-- InfoData
20-12-21 10:58:14 --> InfoData
20-12-21 10:58:14 <-- InfoData
20-12-21 10:58:15 --> InfoData
20-12-21 10:58:15 <-- InfoData
20-12-21 10:58:16 --> InfoData
20-12-21 10:58:16 <-- InfoData
20-12-21 10:58:17 --> InfoData
20-12-21 10:58:17 <-- InfoData
20-12-21 10:58:18 --> InfoData
20-12-21 10:58:18 <-- InfoData
20-12-21 10:58:19 --> InfoData
20-12-21 10:58:19 <-- InfoData
20-12-21 10:58:20 --> InfoData
20-12-21 10:58:20 <-- InfoData
20-12-21 10:58:21 --> InfoData
20-12-21 10:58:21 <-- InfoData
20-12-21 10:58:22 --> InfoData
20-12-21 10:58:22 <-- InfoData
20-12-21 10:58:23 --> InfoData
20-12-21 10:58:23 <-- InfoData
20-12-21 10:58:24 --> InfoData
20-12-21 10:58:24 <-- InfoData
20-12-21 10:58:25 --> InfoData
20-12-21 10:58:25 <-- InfoData
20-12-21 10:58:26 --> InfoData
20-12-21 10:58:26 <-- InfoData
20-12-21 10:58:27 --> InfoData
20-12-21 10:58:27 <-- InfoData
20-12-21 10:58:28 --> InfoData
20-12-21 10:58:28 <-- InfoData
20-12-21 10:58:29 --> InfoData
20-12-21 10:58:29 <-- InfoData
20-12-21 10:58:30 --> InfoData
20-12-21 10:58:30 <-- InfoData
20-12-21 10:58:31 --> InfoData
20-12-21 10:58:31 <-- InfoData
20-12-21 10:58:32 --> InfoData
20-12-21 10:58:32 <-- InfoData
20-12-21 10:58:33 --> InfoData
20-12-21 10:58:33 <-- InfoData
20-12-21 10:58:34 --> InfoData
20-12-21 10:58:34 <-- InfoData
20-12-21 10:58:35 --> InfoData
20-12-21 10:58:35 <-- InfoData
20-12-21 10:58:36 --> InfoData
20-12-21 10:58:36 <-- InfoData
20-12-21 10:58:37 --> InfoData
20-12-21 10:58:37 <-- InfoData
20-12-21 10:58:38 --> InfoData
20-12-21 10:58:38 <-- InfoData
20-12-21 10:58:39 --> InfoData
20-12-21 10:58:39 <-- InfoData
20-12-21 10:58:40 --> InfoData
20-12-21 10:58:40 <-- InfoData
20-12-21 10:58:41 --> InfoData
20-12-21 10:58:41 <-- InfoData
20-12-21 10:58:42 --> InfoData
20-12-21 10:58:42 <-- InfoData
20-12-21 10:58:43 --> InfoData
20-12-21 10:58:43 <-- InfoData
20-12-21 10:58:44 --> InfoData
20-12-21 10:58:44 <-- InfoData
20-12-21 10:58:45 --> InfoData
20-12-21 10:58:45 <-- InfoData
20-12-21 10:58:46 --> InfoData
20-12-21 10:58:46 <-- InfoData
20-12-21 10:58:47 --> InfoData
20-12-21 10:58:47 <-- InfoData
20-12-21 10:58:48 --> InfoData
20-12-21 10:58:48 <-- InfoData
20-12-21 10:58:49 --> InfoData
20-12-21 10:58:49 <-- InfoData
20-12-21 10:58:50 --> InfoData
20-12-21 10:58:50 <-- InfoData
20-12-21 10:58:51 --> InfoData
20-12-21 10:58:51 <-- InfoData
20-12-21 10:58:52 --> InfoData
20-12-21 10:58:52 <-- InfoData
20-12-21 10:58:53 --> InfoData
20-12-21 10:58:53 <-- InfoData
20-12-21 10:58:54 --> InfoData
20-12-21 10:58:54 <-- InfoData
20-12-21 10:58:55 --> InfoData
20-12-21 10:58:55 <-- InfoData
20-12-21 10:58:56 --> InfoData
20-12-21 10:58:56 <-- InfoData
20-12-21 10:58:57 --> InfoData
20-12-21 10:58:57 <-- InfoData
20-12-21 10:58:58 --> InfoData
20-12-21 10:58:58 <-- InfoData
20-12-21 10:58:59 --> InfoData
20-12-21 10:58:59 <-- InfoData
20-12-21 10:59:00 --> InfoData
20-12-21 10:59:00 <-- InfoData
20-12-21 10:59:01 --> InfoData
20-12-21 10:59:01 <-- InfoData
20-12-21 10:59:02 --> InfoData
20-12-21 10:59:02 <-- InfoData
20-12-21 10:59:03 --> InfoData
20-12-21 10:59:03 <-- InfoData
20-12-21 10:59:04 --> InfoData
20-12-21 10:59:04 <-- InfoData
20-12-21 10:59:05 --> InfoData
20-12-21 10:59:05 <-- InfoData
20-12-21 10:59:06 --> InfoData
20-12-21 10:59:06 <-- InfoData
20-12-21 10:59:07 --> InfoData
20-12-21 10:59:07 <-- InfoData
20-12-21 10:59:08 --> InfoData
20-12-21 10:59:08 <-- InfoData
20-12-21 10:59:09 --> InfoData
20-12-21 10:59:09 <-- InfoData
20-12-21 10:59:11 --> InfoData
20-12-21 10:59:11 <-- InfoData
20-12-21 10:59:12 --> InfoData
20-12-21 10:59:12 <-- InfoData
20-12-21 10:59:13 --> InfoData
20-12-21 10:59:13 <-- InfoData
20-12-21 10:59:14 --> InfoData
20-12-21 10:59:14 <-- InfoData
20-12-21 10:59:15 --> InfoData
20-12-21 10:59:15 <-- InfoData
20-12-21 10:59:16 --> InfoData
20-12-21 10:59:16 <-- InfoData
20-12-21 10:59:17 --> InfoData
20-12-21 10:59:17 <-- InfoData
20-12-21 10:59:18 --> InfoData
20-12-21 10:59:18 <-- InfoData
20-12-21 10:59:19 --> InfoData
20-12-21 10:59:19 <-- InfoData
20-12-21 10:59:20 --> InfoData
20-12-21 10:59:20 <-- InfoData
20-12-21 10:59:21 --> InfoData
20-12-21 10:59:21 <-- InfoData
20-12-21 10:59:22 --> InfoData
20-12-21 10:59:22 <-- InfoData
20-12-21 10:59:23 --> InfoData
20-12-21 10:59:23 <-- InfoData
20-12-21 10:59:24 --> InfoData
20-12-21 10:59:24 <-- InfoData
20-12-21 10:59:25 --> InfoData
20-12-21 10:59:25 <-- InfoData
20-12-21 10:59:26 --> InfoData
20-12-21 10:59:26 <-- InfoData
20-12-21 10:59:27 --> InfoData
20-12-21 10:59:27 <-- InfoData
20-12-21 10:59:28 --> InfoData
20-12-21 10:59:28 <-- InfoData
20-12-21 10:59:29 --> InfoData
20-12-21 10:59:29 <-- InfoData
20-12-21 10:59:30 --> InfoData
20-12-21 10:59:30 <-- InfoData
20-12-21 10:59:31 --> InfoData
20-12-21 10:59:31 <-- InfoData
20-12-21 10:59:32 --> InfoData
20-12-21 10:59:32 <-- InfoData
20-12-21 10:59:33 --> InfoData
20-12-21 10:59:33 <-- InfoData
20-12-21 10:59:34 --> InfoData
20-12-21 10:59:34 <-- InfoData
20-12-21 10:59:35 --> InfoData
20-12-21 10:59:35 <-- InfoData
20-12-21 10:59:36 --> InfoData
20-12-21 10:59:36 <-- InfoData
20-12-21 10:59:37 --> InfoData
20-12-21 10:59:37 <-- InfoData
20-12-21 10:59:38 --> InfoData
20-12-21 10:59:38 <-- InfoData
20-12-21 10:59:39 --> InfoData
20-12-21 10:59:39 <-- InfoData
20-12-21 10:59:40 --> InfoData
20-12-21 10:59:40 <-- InfoData
20-12-21 10:59:41 --> InfoData
20-12-21 10:59:41 <-- InfoData
20-12-21 10:59:42 --> InfoData
20-12-21 10:59:42 <-- InfoData
20-12-21 10:59:43 --> InfoData
20-12-21 10:59:43 <-- InfoData
20-12-21 10:59:44 --> InfoData
20-12-21 10:59:44 <-- InfoData
20-12-21 10:59:45 --> InfoData
20-12-21 10:59:45 <-- InfoData
20-12-21 10:59:46 --> InfoData
20-12-21 10:59:46 <-- InfoData
20-12-21 10:59:47 --> InfoData
20-12-21 10:59:47 <-- InfoData
20-12-21 10:59:48 --> InfoData
20-12-21 10:59:48 <-- InfoData
20-12-21 10:59:49 --> InfoData
20-12-21 10:59:49 <-- InfoData
20-12-21 10:59:50 --> InfoData
20-12-21 10:59:50 <-- InfoData
20-12-21 10:59:51 --> InfoData
20-12-21 10:59:51 <-- InfoData
20-12-21 10:59:52 --> InfoData
20-12-21 10:59:52 <-- InfoData
20-12-21 10:59:53 --> InfoData
20-12-21 10:59:53 <-- InfoData
20-12-21 10:59:54 --> InfoData
20-12-21 10:59:54 <-- InfoData
20-12-21 10:59:55 --> InfoData
20-12-21 10:59:55 <-- InfoData
20-12-21 10:59:56 --> InfoData
20-12-21 10:59:56 <-- InfoData
20-12-21 10:59:57 --> InfoData
20-12-21 10:59:57 <-- InfoData
20-12-21 10:59:58 --> InfoData
20-12-21 10:59:58 <-- InfoData
20-12-21 10:59:59 --> InfoData
20-12-21 10:59:59 <-- InfoData
20-12-21 11:00:00 --> InfoData
20-12-21 11:00:00 <-- InfoData
20-12-21 11:00:01 --> InfoData
20-12-21 11:00:01 <-- InfoData
20-12-21 11:00:02 --> InfoData
20-12-21 11:00:02 <-- InfoData
20-12-21 11:00:03 --> InfoData
20-12-21 11:00:03 <-- InfoData
20-12-21 11:00:04 --> InfoData
20-12-21 11:00:04 <-- InfoData
20-12-21 11:00:05 --> InfoData
20-12-21 11:00:05 <-- InfoData
20-12-21 11:00:06 --> InfoData
20-12-21 11:00:06 <-- InfoData
20-12-21 11:00:07 --> InfoData
20-12-21 11:00:07 <-- InfoData
20-12-21 11:00:08 --> InfoData
20-12-21 11:00:08 <-- InfoData
20-12-21 11:00:09 --> InfoData
20-12-21 11:00:09 <-- InfoData
20-12-21 11:00:10 --> InfoData
20-12-21 11:00:10 <-- InfoData
20-12-21 11:00:11 --> InfoData
20-12-21 11:00:11 <-- InfoData
20-12-21 11:00:12 --> InfoData
20-12-21 11:00:12 <-- InfoData
20-12-21 11:00:13 --> InfoData
20-12-21 11:00:13 <-- InfoData
20-12-21 11:00:14 --> InfoData
20-12-21 11:00:14 <-- InfoData
20-12-21 11:00:15 --> InfoData
20-12-21 11:00:15 <-- InfoData
20-12-21 11:00:16 --> InfoData
20-12-21 11:00:16 <-- InfoData
20-12-21 11:00:17 --> InfoData
20-12-21 11:00:17 <-- InfoData
20-12-21 11:00:18 --> InfoData
20-12-21 11:00:18 <-- InfoData
20-12-21 11:00:19 --> InfoData
20-12-21 11:00:19 <-- InfoData
20-12-21 11:00:20 --> InfoData
20-12-21 11:00:20 <-- InfoData
20-12-21 11:00:21 --> InfoData
20-12-21 11:00:21 <-- InfoData
20-12-21 11:00:22 --> InfoData
20-12-21 11:00:22 <-- InfoData
20-12-21 11:00:23 --> InfoData
20-12-21 11:00:23 <-- InfoData
20-12-21 11:00:24 --> InfoData
20-12-21 11:00:24 <-- InfoData
20-12-21 11:00:25 --> InfoData
20-12-21 11:00:25 <-- InfoData
20-12-21 11:00:26 --> InfoData
20-12-21 11:00:26 <-- InfoData
20-12-21 11:00:27 --> InfoData
20-12-21 11:00:27 <-- InfoData
20-12-21 11:00:28 --> InfoData
20-12-21 11:00:28 <-- InfoData
20-12-21 11:00:29 --> InfoData
20-12-21 11:00:29 <-- InfoData
20-12-21 11:00:30 --> InfoData
20-12-21 11:00:30 <-- InfoData
20-12-21 11:00:31 --> InfoData
20-12-21 11:00:31 <-- InfoData
20-12-21 11:00:32 --> InfoData
20-12-21 11:00:32 <-- InfoData
20-12-21 11:00:33 --> InfoData
20-12-21 11:00:33 <-- InfoData
20-12-21 11:00:34 --> InfoData
20-12-21 11:00:34 <-- InfoData
20-12-21 11:00:35 --> InfoData
20-12-21 11:00:35 <-- InfoData
20-12-21 11:00:36 --> InfoData
20-12-21 11:00:36 <-- InfoData
20-12-21 11:00:37 --> InfoData
20-12-21 11:00:37 <-- InfoData
20-12-21 11:00:38 --> InfoData
20-12-21 11:00:38 <-- InfoData
20-12-21 11:00:39 --> InfoData
20-12-21 11:00:39 <-- InfoData
20-12-21 11:00:40 --> InfoData
20-12-21 11:00:40 <-- InfoData
20-12-21 11:00:41 --> InfoData
20-12-21 11:00:41 <-- InfoData
20-12-21 11:00:42 --> InfoData
20-12-21 11:00:42 <-- InfoData
20-12-21 11:00:43 --> InfoData
20-12-21 11:00:43 <-- InfoData
20-12-21 11:00:44 --> InfoData
20-12-21 11:00:44 <-- InfoData
20-12-21 11:00:45 --> InfoData
20-12-21 11:00:45 <-- InfoData
20-12-21 11:00:46 --> InfoData
20-12-21 11:00:46 <-- InfoData
20-12-21 11:00:47 --> InfoData
20-12-21 11:00:47 <-- InfoData
20-12-21 11:00:48 --> InfoData
20-12-21 11:00:48 <-- InfoData
20-12-21 11:00:49 --> InfoData
20-12-21 11:00:49 <-- InfoData
20-12-21 11:00:50 --> InfoData
20-12-21 11:00:50 <-- InfoData
20-12-21 11:00:51 --> InfoData
20-12-21 11:00:51 <-- InfoData
20-12-21 11:00:52 --> InfoData
20-12-21 11:00:52 <-- InfoData
20-12-21 11:00:53 --> InfoData
20-12-21 11:00:53 <-- InfoData
20-12-21 11:00:54 --> InfoData
20-12-21 11:00:54 <-- InfoData
20-12-21 11:00:55 --> InfoData
20-12-21 11:00:55 <-- InfoData
20-12-21 11:00:56 --> InfoData
20-12-21 11:00:56 <-- InfoData
20-12-21 11:00:57 --> InfoData
20-12-21 11:00:57 <-- InfoData
20-12-21 11:00:58 --> InfoData
20-12-21 11:00:58 <-- InfoData
20-12-21 11:00:59 --> InfoData
20-12-21 11:00:59 <-- InfoData
20-12-21 11:01:00 --> InfoData
20-12-21 11:01:00 <-- InfoData
20-12-21 11:01:01 --> InfoData
20-12-21 11:01:01 <-- InfoData
20-12-21 11:01:02 --> InfoData
20-12-21 11:01:02 <-- InfoData
20-12-21 11:01:03 --> InfoData
20-12-21 11:01:03 <-- InfoData
20-12-21 11:01:04 --> InfoData
20-12-21 11:01:04 <-- InfoData
20-12-21 11:01:05 --> InfoData
20-12-21 11:01:05 <-- InfoData
20-12-21 11:01:06 --> InfoData
20-12-21 11:01:06 <-- InfoData
20-12-21 11:01:07 --> InfoData
20-12-21 11:01:07 <-- InfoData
20-12-21 11:01:08 --> InfoData
20-12-21 11:01:08 <-- InfoData
20-12-21 11:01:09 --> InfoData
20-12-21 11:01:09 <-- InfoData
20-12-21 11:01:10 --> InfoData
20-12-21 11:01:10 <-- InfoData
20-12-21 11:01:11 --> InfoData
20-12-21 11:01:11 <-- InfoData
20-12-21 11:01:12 --> InfoData
20-12-21 11:01:12 <-- InfoData
20-12-21 11:01:13 --> InfoData
20-12-21 11:01:13 <-- InfoData
20-12-21 11:01:14 --> InfoData
20-12-21 11:01:14 <-- InfoData
20-12-21 11:01:15 --> InfoData
20-12-21 11:01:15 <-- InfoData
20-12-21 11:01:16 --> InfoData
20-12-21 11:01:16 <-- InfoData
20-12-21 11:01:17 --> InfoData
20-12-21 11:01:17 <-- InfoData
20-12-21 11:01:18 --> InfoData
20-12-21 11:01:18 <-- InfoData
20-12-21 11:01:19 --> InfoData
20-12-21 11:01:19 <-- InfoData
20-12-21 11:01:20 --> InfoData
20-12-21 11:01:20 <-- InfoData
20-12-21 11:01:21 --> InfoData
20-12-21 11:01:21 <-- InfoData
20-12-21 11:01:22 --> InfoData
20-12-21 11:01:22 <-- InfoData
20-12-21 11:01:23 --> InfoData
20-12-21 11:01:23 <-- InfoData
20-12-21 11:01:24 --> InfoData
20-12-21 11:01:24 <-- InfoData
20-12-21 11:01:25 --> InfoData
20-12-21 11:01:25 <-- InfoData
20-12-21 11:01:26 --> InfoData
20-12-21 11:01:26 <-- InfoData
20-12-21 11:01:27 --> InfoData
20-12-21 11:01:27 <-- InfoData
20-12-21 11:01:28 --> InfoData
20-12-21 11:01:28 <-- InfoData
20-12-21 11:01:29 --> InfoData
20-12-21 11:01:29 <-- InfoData
20-12-21 11:01:30 --> InfoData
20-12-21 11:01:30 <-- InfoData
20-12-21 11:01:31 --> InfoData
20-12-21 11:01:31 <-- InfoData
20-12-21 11:01:32 --> InfoData
20-12-21 11:01:32 <-- InfoData
20-12-21 11:01:33 --> InfoData
20-12-21 11:01:33 <-- InfoData
20-12-21 11:01:34 --> InfoData
20-12-21 11:01:34 <-- InfoData
20-12-21 11:01:35 --> InfoData
20-12-21 11:01:35 <-- InfoData
20-12-21 11:01:36 --> InfoData
20-12-21 11:01:36 <-- InfoData
20-12-21 11:01:37 --> InfoData
20-12-21 11:01:37 <-- InfoData
20-12-21 11:01:38 --> InfoData
20-12-21 11:01:38 <-- InfoData
20-12-21 11:01:39 --> InfoData
20-12-21 11:01:39 <-- InfoData
20-12-21 11:01:40 --> InfoData
20-12-21 11:01:40 <-- InfoData
20-12-21 11:01:41 --> InfoData
20-12-21 11:01:41 <-- InfoData
20-12-21 11:01:42 --> InfoData
20-12-21 11:01:42 <-- InfoData
20-12-21 11:01:43 --> InfoData
20-12-21 11:01:43 <-- InfoData
20-12-21 11:01:44 --> InfoData
20-12-21 11:01:44 <-- InfoData
20-12-21 11:01:45 --> InfoData
20-12-21 11:01:45 <-- InfoData
20-12-21 11:01:46 --> InfoData
20-12-21 11:01:46 <-- InfoData
20-12-21 11:01:47 --> InfoData
20-12-21 11:01:47 <-- InfoData
20-12-21 11:01:48 --> InfoData
20-12-21 11:01:48 <-- InfoData
20-12-21 11:01:49 --> InfoData
20-12-21 11:01:49 <-- InfoData
20-12-21 11:01:50 --> InfoData
20-12-21 11:01:50 <-- InfoData
20-12-21 11:01:51 --> InfoData
20-12-21 11:01:51 <-- InfoData
20-12-21 11:01:52 --> InfoData
20-12-21 11:01:52 <-- InfoData
20-12-21 11:01:53 --> InfoData
20-12-21 11:01:53 <-- InfoData
20-12-21 11:01:54 --> InfoData
20-12-21 11:01:54 <-- InfoData
20-12-21 11:01:55 --> InfoData
20-12-21 11:01:55 <-- InfoData
20-12-21 11:01:56 --> InfoData
20-12-21 11:01:56 <-- InfoData
20-12-21 11:01:57 --> InfoData
20-12-21 11:01:57 <-- InfoData
20-12-21 11:01:58 --> InfoData
20-12-21 11:01:58 <-- InfoData
20-12-21 11:01:59 --> InfoData
20-12-21 11:01:59 <-- InfoData
20-12-21 11:02:00 --> InfoData
20-12-21 11:02:00 <-- InfoData
20-12-21 11:02:01 --> InfoData
20-12-21 11:02:01 <-- InfoData
20-12-21 11:02:02 --> InfoData
20-12-21 11:02:02 <-- InfoData
20-12-21 11:02:03 --> InfoData
20-12-21 11:02:03 <-- InfoData
20-12-21 11:02:04 --> InfoData
20-12-21 11:02:04 <-- InfoData
20-12-21 11:02:05 --> InfoData
20-12-21 11:02:05 <-- InfoData
20-12-21 11:02:06 --> InfoData
20-12-21 11:02:06 <-- InfoData
20-12-21 11:02:07 --> InfoData
20-12-21 11:02:07 <-- InfoData
20-12-21 11:02:08 --> InfoData
20-12-21 11:02:08 <-- InfoData
20-12-21 11:02:09 --> InfoData
20-12-21 11:02:09 <-- InfoData
20-12-21 11:02:10 --> InfoData
20-12-21 11:02:10 <-- InfoData
20-12-21 11:02:11 --> InfoData
20-12-21 11:02:11 <-- InfoData
20-12-21 11:02:12 --> InfoData
20-12-21 11:02:12 <-- InfoData
20-12-21 11:02:13 --> InfoData
20-12-21 11:02:13 <-- InfoData
20-12-21 11:02:14 --> InfoData
20-12-21 11:02:14 <-- InfoData
20-12-21 11:02:15 --> InfoData
20-12-21 11:02:15 <-- InfoData
20-12-21 11:02:16 --> InfoData
20-12-21 11:02:16 <-- InfoData
20-12-21 11:02:17 --> InfoData
20-12-21 11:02:17 <-- InfoData
20-12-21 11:02:18 --> InfoData
20-12-21 11:02:18 <-- InfoData
20-12-21 11:02:19 --> InfoData
20-12-21 11:02:19 <-- InfoData
20-12-21 11:02:20 --> InfoData
20-12-21 11:02:20 <-- InfoData
20-12-21 11:02:21 --> InfoData
20-12-21 11:02:21 <-- InfoData
20-12-21 11:02:22 --> InfoData
20-12-21 11:02:22 <-- InfoData
20-12-21 11:02:23 --> InfoData
20-12-21 11:02:23 <-- InfoData
20-12-21 11:02:24 --> InfoData
20-12-21 11:02:24 <-- InfoData
20-12-21 11:02:25 --> InfoData
20-12-21 11:02:25 <-- InfoData
20-12-21 11:02:26 --> InfoData
20-12-21 11:02:26 <-- InfoData
20-12-21 11:02:27 --> InfoData
20-12-21 11:02:27 <-- InfoData
20-12-21 11:02:28 --> InfoData
20-12-21 11:02:28 <-- InfoData
20-12-21 11:02:29 --> InfoData
20-12-21 11:02:29 <-- InfoData
20-12-21 11:02:30 --> InfoData
20-12-21 11:02:30 <-- InfoData
20-12-21 11:02:31 --> InfoData
20-12-21 11:02:31 <-- InfoData
20-12-21 11:02:32 --> InfoData
20-12-21 11:02:32 <-- InfoData
20-12-21 11:02:33 --> InfoData
20-12-21 11:02:33 <-- InfoData
20-12-21 11:02:34 --> InfoData
20-12-21 11:02:34 <-- InfoData
20-12-21 11:02:35 --> InfoData
20-12-21 11:02:35 <-- InfoData
20-12-21 11:02:36 --> InfoData
20-12-21 11:02:36 <-- InfoData
20-12-21 11:02:37 --> InfoData
20-12-21 11:02:37 <-- InfoData
20-12-21 11:02:38 --> InfoData
20-12-21 11:02:38 <-- InfoData
20-12-21 11:02:39 --> InfoData
20-12-21 11:02:39 <-- InfoData
20-12-21 11:02:40 --> InfoData
20-12-21 11:02:40 <-- InfoData
20-12-21 11:02:41 --> InfoData
20-12-21 11:02:41 <-- InfoData
20-12-21 11:02:42 --> InfoData
20-12-21 11:02:42 <-- InfoData
20-12-21 11:02:43 --> InfoData
20-12-21 11:02:43 <-- InfoData
20-12-21 11:02:44 --> InfoData
20-12-21 11:02:44 <-- InfoData
20-12-21 11:02:45 --> InfoData
20-12-21 11:02:45 <-- InfoData
20-12-21 11:02:46 --> InfoData
20-12-21 11:02:46 <-- InfoData
20-12-21 11:02:47 --> InfoData
20-12-21 11:02:47 <-- InfoData
20-12-21 11:02:48 --> InfoData
20-12-21 11:02:48 <-- InfoData
20-12-21 11:02:49 --> InfoData
20-12-21 11:02:49 <-- InfoData
20-12-21 11:02:50 --> InfoData
20-12-21 11:02:50 <-- InfoData
20-12-21 11:02:51 --> InfoData
20-12-21 11:02:51 <-- InfoData
20-12-21 11:02:52 --> InfoData
20-12-21 11:02:52 <-- InfoData
20-12-21 11:02:54 --> InfoData
20-12-21 11:02:54 <-- InfoData
20-12-21 11:02:54 --> InfoData
20-12-21 11:02:54 <-- InfoData
20-12-21 11:02:55 --> InfoData
20-12-21 11:02:55 <-- InfoData
20-12-21 11:02:56 --> InfoData
20-12-21 11:02:56 <-- InfoData
20-12-21 11:02:57 --> InfoData
20-12-21 11:02:57 <-- InfoData
20-12-21 11:02:58 --> InfoData
20-12-21 11:02:58 <-- InfoData
20-12-21 11:02:59 --> InfoData
20-12-21 11:02:59 <-- InfoData
20-12-21 11:03:00 --> InfoData
20-12-21 11:03:00 <-- InfoData
20-12-21 11:03:01 --> InfoData
20-12-21 11:03:01 <-- InfoData
20-12-21 11:03:02 --> InfoData
20-12-21 11:03:02 <-- InfoData
20-12-21 11:03:03 --> InfoData
20-12-21 11:03:03 <-- InfoData
20-12-21 11:03:04 --> InfoData
20-12-21 11:03:04 <-- InfoData
20-12-21 11:03:06 --> InfoData
20-12-21 11:03:06 <-- InfoData
20-12-21 11:03:07 --> InfoData
20-12-21 11:03:07 <-- InfoData
20-12-21 11:03:08 --> InfoData
20-12-21 11:03:08 <-- InfoData
20-12-21 11:03:09 --> InfoData
20-12-21 11:03:09 <-- InfoData
20-12-21 11:03:10 --> InfoData
20-12-21 11:03:10 <-- InfoData
20-12-21 11:03:11 --> InfoData
20-12-21 11:03:11 <-- InfoData
20-12-21 11:03:12 --> InfoData
20-12-21 11:03:12 <-- InfoData
20-12-21 11:03:13 --> InfoData
20-12-21 11:03:13 <-- InfoData
20-12-21 11:03:14 --> InfoData
20-12-21 11:03:14 <-- InfoData
20-12-21 11:03:15 --> InfoData
20-12-21 11:03:15 <-- InfoData
20-12-21 11:03:16 --> InfoData
20-12-21 11:03:16 <-- InfoData
20-12-21 11:03:17 --> InfoData
20-12-21 11:03:17 <-- InfoData
20-12-21 11:03:18 --> InfoData
20-12-21 11:03:18 <-- InfoData
20-12-21 11:03:19 --> InfoData
20-12-21 11:03:19 <-- InfoData
20-12-21 11:03:20 --> InfoData
20-12-21 11:03:20 <-- InfoData
20-12-21 11:03:21 --> InfoData
20-12-21 11:03:21 <-- InfoData
20-12-21 11:03:22 --> InfoData
20-12-21 11:03:22 <-- InfoData
20-12-21 11:03:23 --> InfoData
20-12-21 11:03:23 <-- InfoData
20-12-21 11:03:24 --> InfoData
20-12-21 11:03:24 <-- InfoData
20-12-21 11:03:25 --> InfoData
20-12-21 11:03:25 <-- InfoData
20-12-21 11:03:26 --> InfoData
20-12-21 11:03:26 <-- InfoData
20-12-21 11:03:27 --> InfoData
20-12-21 11:03:27 <-- InfoData
20-12-21 11:03:28 --> InfoData
20-12-21 11:03:28 <-- InfoData
20-12-21 11:03:29 --> InfoData
20-12-21 11:03:29 <-- InfoData
20-12-21 11:03:30 --> InfoData
20-12-21 11:03:30 <-- InfoData
20-12-21 11:03:31 --> InfoData
20-12-21 11:03:31 <-- InfoData
20-12-21 11:03:32 --> InfoData
20-12-21 11:03:32 <-- InfoData
20-12-21 11:03:33 --> InfoData
20-12-21 11:03:33 <-- InfoData
20-12-21 11:03:34 --> InfoData
20-12-21 11:03:34 <-- InfoData
20-12-21 11:03:35 --> InfoData
20-12-21 11:03:35 <-- InfoData
20-12-21 11:03:36 --> InfoData
20-12-21 11:03:36 <-- InfoData
20-12-21 11:03:37 --> InfoData
20-12-21 11:03:37 <-- InfoData
20-12-21 11:03:38 --> InfoData
20-12-21 11:03:38 <-- InfoData
20-12-21 11:03:39 --> InfoData
20-12-21 11:03:39 <-- InfoData
20-12-21 11:03:40 --> InfoData
20-12-21 11:03:40 <-- InfoData
20-12-21 11:03:41 --> InfoData
20-12-21 11:03:41 <-- InfoData
20-12-21 11:03:42 --> InfoData
20-12-21 11:03:42 <-- InfoData
20-12-21 11:03:43 --> InfoData
20-12-21 11:03:43 <-- InfoData
20-12-21 11:03:44 --> InfoData
20-12-21 11:03:44 <-- InfoData
20-12-21 11:03:45 --> InfoData
20-12-21 11:03:45 <-- InfoData
20-12-21 11:03:46 --> InfoData
20-12-21 11:03:46 <-- InfoData
20-12-21 11:03:47 --> InfoData
20-12-21 11:03:47 <-- InfoData
20-12-21 11:03:48 --> InfoData
20-12-21 11:03:48 <-- InfoData
20-12-21 11:03:49 --> InfoData
20-12-21 11:03:49 <-- InfoData
20-12-21 11:03:50 --> InfoData
20-12-21 11:03:50 <-- InfoData
20-12-21 11:03:51 --> InfoData
20-12-21 11:03:51 <-- InfoData
20-12-21 11:03:52 --> InfoData
20-12-21 11:03:52 <-- InfoData
20-12-21 11:03:53 --> InfoData
20-12-21 11:03:53 <-- InfoData
20-12-21 11:03:54 --> InfoData
20-12-21 11:03:54 <-- InfoData
20-12-21 11:03:55 --> InfoData
20-12-21 11:03:55 <-- InfoData
20-12-21 11:03:56 --> InfoData
20-12-21 11:03:56 <-- InfoData
20-12-21 11:03:57 --> InfoData
20-12-21 11:03:57 <-- InfoData
20-12-21 11:03:58 --> InfoData
20-12-21 11:03:58 <-- InfoData
20-12-21 11:03:59 --> InfoData
20-12-21 11:03:59 <-- InfoData
20-12-21 11:04:00 --> InfoData
20-12-21 11:04:00 <-- InfoData
20-12-21 11:04:01 --> InfoData
20-12-21 11:04:01 <-- InfoData
20-12-21 11:04:02 --> InfoData
20-12-21 11:04:02 <-- InfoData
20-12-21 11:04:03 --> InfoData
20-12-21 11:04:03 <-- InfoData
20-12-21 11:04:04 --> InfoData
20-12-21 11:04:04 <-- InfoData
20-12-21 11:04:05 --> InfoData
20-12-21 11:04:05 <-- InfoData
20-12-21 11:04:06 --> InfoData
20-12-21 11:04:06 <-- InfoData
20-12-21 11:04:07 --> InfoData
20-12-21 11:04:07 <-- InfoData
20-12-21 11:04:08 --> InfoData
20-12-21 11:04:08 <-- InfoData
20-12-21 11:04:09 --> InfoData
20-12-21 11:04:09 <-- InfoData
20-12-21 11:04:10 --> InfoData
20-12-21 11:04:10 <-- InfoData
20-12-21 11:04:11 --> InfoData
20-12-21 11:04:11 <-- InfoData
20-12-21 11:04:12 --> InfoData
20-12-21 11:04:12 <-- InfoData
20-12-21 11:04:13 --> InfoData
20-12-21 11:04:13 <-- InfoData
20-12-21 11:04:14 --> InfoData
20-12-21 11:04:14 <-- InfoData
20-12-21 11:04:15 --> InfoData
20-12-21 11:04:15 <-- InfoData
20-12-21 11:04:16 --> InfoData
20-12-21 11:04:16 <-- InfoData
20-12-21 11:04:17 --> InfoData
20-12-21 11:04:17 <-- InfoData
20-12-21 11:04:18 --> InfoData
20-12-21 11:04:18 <-- InfoData
20-12-21 11:04:19 --> InfoData
20-12-21 11:04:19 <-- InfoData
20-12-21 11:04:20 --> InfoData
20-12-21 11:04:20 <-- InfoData
20-12-21 11:04:21 --> InfoData
20-12-21 11:04:21 <-- InfoData
20-12-21 11:04:22 --> InfoData
20-12-21 11:04:22 <-- InfoData
20-12-21 11:04:23 --> InfoData
20-12-21 11:04:23 <-- InfoData
20-12-21 11:04:24 --> InfoData
20-12-21 11:04:24 <-- InfoData
20-12-21 11:04:25 --> InfoData
20-12-21 11:04:25 <-- InfoData
20-12-21 11:04:26 --> InfoData
20-12-21 11:04:26 <-- InfoData
20-12-21 11:04:27 --> InfoData
20-12-21 11:04:27 <-- InfoData
20-12-21 11:04:28 --> InfoData
20-12-21 11:04:28 <-- InfoData
20-12-21 11:04:29 --> InfoData
20-12-21 11:04:29 <-- InfoData
20-12-21 11:04:30 --> InfoData
20-12-21 11:04:30 <-- InfoData
20-12-21 11:04:31 --> InfoData
20-12-21 11:04:31 <-- InfoData
20-12-21 11:04:32 --> InfoData
20-12-21 11:04:32 <-- InfoData
20-12-21 11:04:33 --> InfoData
20-12-21 11:04:33 <-- InfoData
20-12-21 11:04:34 --> InfoData
20-12-21 11:04:34 <-- InfoData
20-12-21 11:04:35 --> InfoData
20-12-21 11:04:35 <-- InfoData
20-12-21 11:04:36 --> InfoData
20-12-21 11:04:36 <-- InfoData
20-12-21 11:04:37 --> InfoData
20-12-21 11:04:37 <-- InfoData
20-12-21 11:04:38 --> InfoData
20-12-21 11:04:38 <-- InfoData
20-12-21 11:04:39 --> InfoData
20-12-21 11:04:39 <-- InfoData
20-12-21 11:04:40 --> InfoData
20-12-21 11:04:40 <-- InfoData
20-12-21 11:04:41 --> InfoData
20-12-21 11:04:41 <-- InfoData
20-12-21 11:04:42 --> InfoData
20-12-21 11:04:42 <-- InfoData
20-12-21 11:04:43 --> InfoData
20-12-21 11:04:43 <-- InfoData
20-12-21 11:04:44 --> InfoData
20-12-21 11:04:44 <-- InfoData
20-12-21 11:04:45 --> InfoData
20-12-21 11:04:45 <-- InfoData
20-12-21 11:04:46 --> InfoData
20-12-21 11:04:46 <-- InfoData
20-12-21 11:04:47 --> InfoData
20-12-21 11:04:47 <-- InfoData
20-12-21 11:04:48 --> InfoData
20-12-21 11:04:48 <-- InfoData
20-12-21 11:04:49 --> InfoData
20-12-21 11:04:49 <-- InfoData
20-12-21 11:04:50 --> InfoData
20-12-21 11:04:50 <-- InfoData
20-12-21 11:04:51 --> InfoData
20-12-21 11:04:51 <-- InfoData
20-12-21 11:04:52 --> InfoData
20-12-21 11:04:52 <-- InfoData
20-12-21 11:04:53 --> InfoData
20-12-21 11:04:53 <-- InfoData
20-12-21 11:04:54 --> InfoData
20-12-21 11:04:54 <-- InfoData
20-12-21 11:04:55 --> InfoData
20-12-21 11:04:55 <-- InfoData
20-12-21 11:04:56 --> InfoData
20-12-21 11:04:56 <-- InfoData
20-12-21 11:04:57 --> InfoData
20-12-21 11:04:57 <-- InfoData
20-12-21 11:04:58 --> InfoData
20-12-21 11:04:58 <-- InfoData
20-12-21 11:04:59 --> InfoData
20-12-21 11:04:59 <-- InfoData
20-12-21 11:05:00 --> InfoData
20-12-21 11:05:00 <-- InfoData
20-12-21 11:05:01 --> InfoData
20-12-21 11:05:01 <-- InfoData
20-12-21 11:05:02 --> InfoData
20-12-21 11:05:02 <-- InfoData
20-12-21 11:05:03 --> InfoData
20-12-21 11:05:03 <-- InfoData
20-12-21 11:05:04 --> InfoData
20-12-21 11:05:04 <-- InfoData
20-12-21 11:05:05 --> InfoData
20-12-21 11:05:05 <-- InfoData
20-12-21 11:05:06 --> InfoData
20-12-21 11:05:06 <-- InfoData
20-12-21 11:05:07 --> InfoData
20-12-21 11:05:07 <-- InfoData
20-12-21 11:05:08 --> InfoData
20-12-21 11:05:08 <-- InfoData
20-12-21 11:05:09 --> InfoData
20-12-21 11:05:09 <-- InfoData
20-12-21 11:05:10 --> InfoData
20-12-21 11:05:10 <-- InfoData
20-12-21 11:05:11 --> InfoData
20-12-21 11:05:11 <-- InfoData
20-12-21 11:05:12 --> InfoData
20-12-21 11:05:12 <-- InfoData
20-12-21 11:05:13 --> InfoData
20-12-21 11:05:13 <-- InfoData
20-12-21 11:05:14 --> InfoData
20-12-21 11:05:14 <-- InfoData
20-12-21 11:05:15 --> InfoData
20-12-21 11:05:15 <-- InfoData
20-12-21 11:05:16 --> InfoData
20-12-21 11:05:16 <-- InfoData
20-12-21 11:05:17 --> InfoData
20-12-21 11:05:17 <-- InfoData
20-12-21 11:05:18 --> InfoData
20-12-21 11:05:18 <-- InfoData
20-12-21 11:05:19 --> InfoData
20-12-21 11:05:19 <-- InfoData
20-12-21 11:05:20 --> InfoData
20-12-21 11:05:20 <-- InfoData
20-12-21 11:05:21 --> InfoData
20-12-21 11:05:21 <-- InfoData
20-12-21 11:05:22 --> InfoData
20-12-21 11:05:22 <-- InfoData
20-12-21 11:05:23 --> InfoData
20-12-21 11:05:23 <-- InfoData
20-12-21 11:05:24 --> InfoData
20-12-21 11:05:24 <-- InfoData
20-12-21 11:05:25 --> InfoData
20-12-21 11:05:25 <-- InfoData
20-12-21 11:05:26 --> InfoData
20-12-21 11:05:26 <-- InfoData
20-12-21 11:05:27 --> InfoData
20-12-21 11:05:27 <-- InfoData
20-12-21 11:05:28 --> InfoData
20-12-21 11:05:28 <-- InfoData
20-12-21 11:05:29 --> InfoData
20-12-21 11:05:29 <-- InfoData
20-12-21 11:05:30 --> InfoData
20-12-21 11:05:30 <-- InfoData
20-12-21 11:05:31 --> InfoData
20-12-21 11:05:31 <-- InfoData
20-12-21 11:05:32 --> InfoData
20-12-21 11:05:32 <-- InfoData
20-12-21 11:05:33 --> InfoData
20-12-21 11:05:33 <-- InfoData
20-12-21 11:05:34 --> InfoData
20-12-21 11:05:34 <-- InfoData
20-12-21 11:05:35 --> InfoData
20-12-21 11:05:35 <-- InfoData
20-12-21 11:05:36 --> InfoData
20-12-21 11:05:36 <-- InfoData
20-12-21 11:05:37 --> InfoData
20-12-21 11:05:37 <-- InfoData
20-12-21 11:05:38 --> InfoData
20-12-21 11:05:38 <-- InfoData
20-12-21 11:05:39 --> InfoData
20-12-21 11:05:39 <-- InfoData
20-12-21 11:05:40 --> InfoData
20-12-21 11:05:40 <-- InfoData
20-12-21 11:05:41 --> InfoData
20-12-21 11:05:41 <-- InfoData
20-12-21 11:05:42 --> InfoData
20-12-21 11:05:42 <-- InfoData
20-12-21 11:05:43 --> InfoData
20-12-21 11:05:43 <-- InfoData
20-12-21 11:05:44 --> InfoData
20-12-21 11:05:44 <-- InfoData
20-12-21 11:05:45 --> InfoData
20-12-21 11:05:45 <-- InfoData
20-12-21 11:05:46 --> InfoData
20-12-21 11:05:46 <-- InfoData
20-12-21 11:05:47 --> InfoData
20-12-21 11:05:47 <-- InfoData
20-12-21 11:05:48 --> InfoData
20-12-21 11:05:48 <-- InfoData
20-12-21 11:05:49 --> InfoData
20-12-21 11:05:49 <-- InfoData
20-12-21 11:05:50 --> InfoData
20-12-21 11:05:50 <-- InfoData
20-12-21 11:05:51 --> InfoData
20-12-21 11:05:51 <-- InfoData
20-12-21 11:05:52 --> InfoData
20-12-21 11:05:52 <-- InfoData
20-12-21 11:05:53 Get request on connection from remote host wit IP: ::ffff:127.0.0.1
20-12-21 11:05:53 The remote host can't connected. Server is busy of application with IP: ::ffff:127.0.0.1
20-12-21 11:05:53 <-- ISCONNECTED
20-12-21 11:05:53 The remote host is closed.
20-12-21 11:05:53 --> InfoData
20-12-21 11:05:53 <-- InfoData
20-12-21 11:05:54 --> InfoData
20-12-21 11:05:54 <-- InfoData
20-12-21 11:05:55 --> InfoData
20-12-21 11:05:55 <-- InfoData
20-12-21 11:05:56 --> InfoData
20-12-21 11:05:56 <-- InfoData
20-12-21 11:05:57 --> InfoData
20-12-21 11:05:57 <-- InfoData
20-12-21 11:05:58 The remote host is closed.
30-12-21 09:15:05 Get request on connection from remote host wit IP: ::ffff:127.0.0.1
30-12-21 09:15:05 <-- ISCONNECTED
30-12-21 09:15:05 The remote host is closed.
30-12-21 09:15:06 Get request on connection from remote host wit IP: ::ffff:127.0.0.1
30-12-21 09:15:06 <-- ISCONNECTED
30-12-21 09:15:07 --> InfoDevice
30-12-21 09:15:07 <-- InfoDevice
30-12-21 09:15:07 --> sector_read
30-12-21 09:15:07 --> CRYPTO_REQUEST
30-12-21 09:15:07 <-- sector_read
30-12-21 09:15:07 <-- CRYPTO_REQUEST
30-12-21 09:15:08 --> InfoData
30-12-21 09:15:08 <-- InfoData
30-12-21 09:15:09 --> InfoData
30-12-21 09:15:09 <-- InfoData
30-12-21 09:15:10 --> InfoData
30-12-21 09:15:10 <-- InfoData
30-12-21 09:15:11 --> InfoData
30-12-21 09:15:11 <-- InfoData
30-12-21 09:15:12 --> InfoData
30-12-21 09:15:12 <-- InfoData
30-12-21 09:15:13 --> InfoData
30-12-21 09:15:13 <-- InfoData
30-12-21 09:15:14 --> InfoData
30-12-21 09:15:14 <-- InfoData
30-12-21 09:15:15 --> InfoData
30-12-21 09:15:15 <-- InfoData
30-12-21 09:15:16 --> InfoData
30-12-21 09:15:16 <-- InfoData
30-12-21 09:15:17 --> InfoData
30-12-21 09:15:17 <-- InfoData
30-12-21 09:15:18 --> InfoData
30-12-21 09:15:18 <-- InfoData
30-12-21 09:15:19 --> InfoData
30-12-21 09:15:19 <-- InfoData
30-12-21 09:15:20 --> InfoData
30-12-21 09:15:20 <-- InfoData
30-12-21 09:15:21 --> InfoData
30-12-21 09:15:21 <-- InfoData
30-12-21 09:15:22 --> InfoData
30-12-21 09:15:22 <-- InfoData
30-12-21 09:15:23 --> InfoData
30-12-21 09:15:23 <-- InfoData
30-12-21 09:15:24 --> InfoData
30-12-21 09:15:24 <-- InfoData
30-12-21 09:15:25 --> InfoData
30-12-21 09:15:25 <-- InfoData
30-12-21 09:15:26 --> InfoData
30-12-21 09:15:26 <-- InfoData
30-12-21 09:15:27 --> InfoData
30-12-21 09:15:27 <-- InfoData
30-12-21 09:15:28 --> InfoData
30-12-21 09:15:28 <-- InfoData
30-12-21 09:15:29 --> InfoData
30-12-21 09:15:29 <-- InfoData
30-12-21 09:15:30 --> InfoData
30-12-21 09:15:30 <-- InfoData
30-12-21 09:15:31 --> InfoData
30-12-21 09:15:31 <-- InfoData
30-12-21 09:15:32 --> InfoData
30-12-21 09:15:32 <-- InfoData
30-12-21 09:15:33 --> InfoData
30-12-21 09:15:33 <-- InfoData
30-12-21 09:15:34 --> InfoData
30-12-21 09:15:34 <-- InfoData
30-12-21 09:15:35 --> InfoData
30-12-21 09:15:35 <-- InfoData
30-12-21 09:15:36 --> InfoData
30-12-21 09:15:36 <-- InfoData
30-12-21 09:15:37 --> InfoData
30-12-21 09:15:37 <-- InfoData
30-12-21 09:15:38 --> InfoData
30-12-21 09:15:38 <-- InfoData
30-12-21 09:15:39 --> InfoData
30-12-21 09:15:39 <-- InfoData
30-12-21 09:15:40 --> InfoData
30-12-21 09:15:40 <-- InfoData
30-12-21 09:15:41 --> InfoData
30-12-21 09:15:41 <-- InfoData
30-12-21 09:15:42 --> InfoData
30-12-21 09:15:42 <-- InfoData
30-12-21 09:15:43 --> InfoData
30-12-21 09:15:43 <-- InfoData
30-12-21 09:15:44 --> InfoData
30-12-21 09:15:44 <-- InfoData
30-12-21 09:15:45 --> InfoData
30-12-21 09:15:45 <-- InfoData
30-12-21 09:15:46 --> InfoData
30-12-21 09:15:46 <-- InfoData
30-12-21 09:15:47 --> InfoData
30-12-21 09:15:47 <-- InfoData
30-12-21 09:15:48 --> InfoData
30-12-21 09:15:48 <-- InfoData
30-12-21 09:15:49 --> InfoData
30-12-21 09:15:49 <-- InfoData
30-12-21 09:15:49 --> SAVEPAR
30-12-21 09:15:51 <-- SAVEPAR
30-12-21 09:15:51 --> InfoDevice
30-12-21 09:15:51 <-- InfoDevice
30-12-21 09:15:51 --> sector_read
30-12-21 09:15:51 --> CRYPTO_REQUEST
30-12-21 09:15:51 <-- sector_read
30-12-21 09:15:51 <-- CRYPTO_REQUEST
30-12-21 09:15:52 --> CLOSE_BLOCK
30-12-21 09:15:52 --> InfoData
30-12-21 09:15:52 <-- InfoData
30-12-21 09:15:53 --> InfoData
30-12-21 09:15:53 <-- InfoData
30-12-21 09:15:54 --> InfoData
30-12-21 09:15:54 <-- InfoData
30-12-21 09:15:55 --> InfoData
30-12-21 09:15:55 <-- InfoData
30-12-21 09:15:56 --> InfoData
30-12-21 09:15:56 <-- InfoData
30-12-21 09:15:57 --> InfoData
30-12-21 09:15:57 <-- InfoData
30-12-21 09:15:58 --> InfoData
30-12-21 09:15:58 <-- InfoData
30-12-21 09:15:59 --> InfoData
30-12-21 09:15:59 <-- InfoData
30-12-21 09:16:00 --> InfoData
30-12-21 09:16:00 <-- InfoData
30-12-21 09:16:01 --> InfoData
30-12-21 09:16:01 <-- InfoData
30-12-21 09:16:02 --> InfoData
30-12-21 09:16:02 <-- InfoData
30-12-21 09:16:02 <-- CLOSE_BLOCK
30-12-21 09:16:02 --> PRERUN
30-12-21 09:16:02 <-- PRERUN
30-12-21 09:16:02 --> RUN
30-12-21 09:16:06 <-- RUN
30-12-21 09:16:07 --> InfoData
30-12-21 09:16:07 <-- InfoData
30-12-21 09:16:08 --> InfoData
30-12-21 09:16:08 <-- InfoData
30-12-21 09:16:09 --> InfoData
30-12-21 09:16:09 <-- InfoData
30-12-21 09:16:10 --> InfoData
30-12-21 09:16:10 <-- InfoData
30-12-21 09:16:11 --> InfoData
30-12-21 09:16:11 <-- InfoData
30-12-21 09:16:12 --> InfoData
30-12-21 09:16:12 <-- InfoData
30-12-21 09:16:13 --> InfoData
30-12-21 09:16:13 <-- InfoData
30-12-21 09:16:14 --> InfoData
30-12-21 09:16:14 <-- InfoData
30-12-21 09:16:15 --> InfoData
30-12-21 09:16:15 <-- InfoData
30-12-21 09:16:16 --> InfoData
30-12-21 09:16:16 <-- InfoData
30-12-21 09:16:17 --> InfoData
30-12-21 09:16:17 <-- InfoData
30-12-21 09:16:18 --> InfoData
30-12-21 09:16:18 <-- InfoData
30-12-21 09:16:19 --> InfoData
30-12-21 09:16:19 <-- InfoData
30-12-21 09:16:20 --> InfoData
30-12-21 09:16:20 <-- InfoData
30-12-21 09:16:21 --> InfoData
30-12-21 09:16:21 <-- InfoData
30-12-21 09:16:22 --> InfoData
30-12-21 09:16:22 <-- InfoData
30-12-21 09:16:23 --> InfoData
30-12-21 09:16:23 <-- InfoData
30-12-21 09:16:24 --> InfoData
30-12-21 09:16:24 <-- InfoData
30-12-21 09:16:25 --> InfoData
30-12-21 09:16:25 <-- InfoData
30-12-21 09:16:26 --> InfoData
30-12-21 09:16:26 <-- InfoData
30-12-21 09:16:27 --> InfoData
30-12-21 09:16:27 <-- InfoData
30-12-21 09:16:28 --> InfoData
30-12-21 09:16:28 <-- InfoData
30-12-21 09:16:29 --> InfoData
30-12-21 09:16:29 <-- InfoData
30-12-21 09:16:30 --> InfoData
30-12-21 09:16:30 <-- InfoData
30-12-21 09:16:31 --> InfoData
30-12-21 09:16:31 <-- InfoData
30-12-21 09:16:32 --> InfoData
30-12-21 09:16:32 <-- InfoData
30-12-21 09:16:33 --> InfoData
30-12-21 09:16:33 <-- InfoData
30-12-21 09:16:34 --> InfoData
30-12-21 09:16:34 <-- InfoData
30-12-21 09:16:35 --> InfoData
30-12-21 09:16:35 <-- InfoData
30-12-21 09:16:36 --> InfoData
30-12-21 09:16:36 <-- InfoData
30-12-21 09:16:37 --> InfoData
30-12-21 09:16:37 <-- InfoData
30-12-21 09:16:38 --> InfoData
30-12-21 09:16:38 <-- InfoData
30-12-21 09:16:39 --> InfoData
30-12-21 09:16:39 <-- InfoData
30-12-21 09:16:40 --> InfoData
30-12-21 09:16:40 <-- InfoData
30-12-21 09:16:41 --> InfoData
30-12-21 09:16:41 <-- InfoData
30-12-21 09:16:42 --> InfoData
30-12-21 09:16:42 <-- InfoData
30-12-21 09:16:43 --> InfoData
30-12-21 09:16:43 <-- InfoData
30-12-21 09:16:44 --> InfoData
30-12-21 09:16:44 <-- InfoData
30-12-21 09:16:45 --> InfoData
30-12-21 09:16:45 <-- InfoData
30-12-21 09:16:46 --> InfoData
30-12-21 09:16:46 <-- InfoData
30-12-21 09:16:47 --> InfoData
30-12-21 09:16:47 <-- InfoData
30-12-21 09:16:48 --> InfoData
30-12-21 09:16:48 <-- InfoData
30-12-21 09:16:49 --> InfoData
30-12-21 09:16:49 <-- InfoData
30-12-21 09:16:50 --> InfoData
30-12-21 09:16:50 <-- InfoData
30-12-21 09:16:51 --> InfoData
30-12-21 09:16:51 <-- InfoData
30-12-21 09:16:52 --> InfoData
30-12-21 09:16:52 <-- InfoData
30-12-21 09:16:53 --> InfoData
30-12-21 09:16:53 <-- InfoData
30-12-21 09:16:54 --> InfoData
30-12-21 09:16:54 <-- InfoData
30-12-21 09:16:55 --> InfoData
30-12-21 09:16:55 <-- InfoData
30-12-21 09:16:56 --> InfoData
30-12-21 09:16:56 <-- InfoData
30-12-21 09:16:57 --> InfoData
30-12-21 09:16:57 <-- InfoData
30-12-21 09:16:58 The remote host is closed.
30-12-21 09:17:39 Get request on connection from remote host wit IP: ::ffff:127.0.0.1
30-12-21 09:17:39 <-- ISCONNECTED
30-12-21 09:17:39 The remote host is closed.
30-12-21 09:17:41 Get request on connection from remote host wit IP: ::ffff:127.0.0.1
30-12-21 09:17:41 <-- ISCONNECTED
30-12-21 09:17:42 --> InfoDevice
30-12-21 09:17:42 <-- InfoDevice
30-12-21 09:17:42 --> sector_read
30-12-21 09:17:42 --> CRYPTO_REQUEST
30-12-21 09:17:42 <-- sector_read
30-12-21 09:17:42 <-- CRYPTO_REQUEST
30-12-21 09:17:43 --> InfoData
30-12-21 09:17:43 <-- InfoData
30-12-21 09:17:44 --> InfoData
30-12-21 09:17:44 <-- InfoData
30-12-21 09:17:45 --> InfoData
30-12-21 09:17:45 <-- InfoData
30-12-21 09:17:49 --> InfoData
30-12-21 09:17:49 <-- InfoData
30-12-21 09:17:50 --> InfoData
30-12-21 09:17:50 <-- InfoData
30-12-21 09:17:51 --> InfoData
30-12-21 09:17:51 <-- InfoData
30-12-21 09:17:52 --> InfoData
30-12-21 09:17:52 <-- InfoData
30-12-21 09:17:53 --> InfoData
30-12-21 09:17:53 <-- InfoData
30-12-21 09:17:54 --> InfoData
30-12-21 09:17:54 <-- InfoData
30-12-21 09:17:55 --> InfoData
30-12-21 09:17:55 <-- InfoData
30-12-21 09:17:56 --> InfoData
30-12-21 09:17:56 <-- InfoData
30-12-21 09:17:57 --> InfoData
30-12-21 09:17:57 <-- InfoData
30-12-21 09:17:58 --> InfoData
30-12-21 09:17:58 <-- InfoData
30-12-21 09:17:59 --> InfoData
30-12-21 09:17:59 <-- InfoData
30-12-21 09:18:00 --> InfoData
30-12-21 09:18:00 <-- InfoData
30-12-21 09:18:01 --> InfoData
30-12-21 09:18:01 <-- InfoData
30-12-21 09:18:02 --> InfoData
30-12-21 09:18:02 <-- InfoData
30-12-21 09:18:03 --> InfoData
30-12-21 09:18:03 <-- InfoData
30-12-21 09:18:04 --> InfoData
30-12-21 09:18:04 <-- InfoData
30-12-21 09:18:05 --> InfoData
30-12-21 09:18:05 <-- InfoData
30-12-21 09:18:06 --> InfoData
30-12-21 09:18:06 <-- InfoData
30-12-21 09:18:07 --> InfoData
30-12-21 09:18:07 <-- InfoData
30-12-21 09:18:08 --> InfoData
30-12-21 09:18:08 <-- InfoData
30-12-21 09:18:08 --> STOP
30-12-21 09:18:08 <-- STOP
30-12-21 09:18:08 --> SAVEPAR
30-12-21 09:18:10 <-- SAVEPAR
30-12-21 09:18:10 --> InfoDevice
30-12-21 09:18:10 <-- InfoDevice
30-12-21 09:18:10 --> sector_read
30-12-21 09:18:10 --> CRYPTO_REQUEST
30-12-21 09:18:10 <-- sector_read
30-12-21 09:18:10 <-- CRYPTO_REQUEST
30-12-21 09:18:11 --> InfoData
30-12-21 09:18:11 <-- InfoData
30-12-21 09:18:12 --> InfoData
30-12-21 09:18:12 <-- InfoData
30-12-21 09:18:13 --> InfoData
30-12-21 09:18:13 <-- InfoData
30-12-21 09:18:14 --> InfoData
30-12-21 09:18:14 <-- InfoData
30-12-21 09:18:15 --> InfoData
30-12-21 09:18:15 <-- InfoData
30-12-21 09:18:16 --> InfoData
30-12-21 09:18:16 <-- InfoData
30-12-21 09:18:17 --> InfoData
30-12-21 09:18:17 <-- InfoData
30-12-21 09:18:18 --> InfoData
30-12-21 09:18:18 <-- InfoData
30-12-21 09:18:19 --> InfoData
30-12-21 09:18:19 <-- InfoData
30-12-21 09:18:20 --> InfoData
30-12-21 09:18:20 <-- InfoData
30-12-21 09:18:21 --> InfoData
30-12-21 09:18:21 <-- InfoData
30-12-21 09:18:22 --> InfoData
30-12-21 09:18:22 <-- InfoData
30-12-21 09:18:23 --> InfoData
30-12-21 09:18:23 <-- InfoData
30-12-21 09:18:24 --> InfoData
30-12-21 09:18:24 <-- InfoData
30-12-21 09:18:25 --> InfoData
30-12-21 09:18:25 <-- InfoData
30-12-21 09:18:26 --> InfoData
30-12-21 09:18:26 <-- InfoData
30-12-21 09:18:27 --> InfoData
30-12-21 09:18:27 <-- InfoData
30-12-21 09:18:28 --> InfoData
30-12-21 09:18:28 <-- InfoData
30-12-21 09:18:29 --> InfoData
30-12-21 09:18:29 <-- InfoData
30-12-21 09:18:30 --> InfoData
30-12-21 09:18:30 <-- InfoData
30-12-21 09:18:31 --> InfoData
30-12-21 09:18:31 <-- InfoData
30-12-21 09:18:32 --> InfoData
30-12-21 09:18:32 <-- InfoData
30-12-21 09:18:33 --> InfoData
30-12-21 09:18:33 <-- InfoData
30-12-21 09:18:34 --> InfoData
30-12-21 09:18:34 <-- InfoData
30-12-21 09:18:35 --> InfoData
30-12-21 09:18:35 <-- InfoData
30-12-21 09:18:36 --> InfoData
30-12-21 09:18:36 <-- InfoData
30-12-21 09:18:37 --> InfoData
30-12-21 09:18:37 <-- InfoData
30-12-21 09:18:38 --> InfoData
30-12-21 09:18:38 <-- InfoData
30-12-21 09:18:39 --> InfoData
30-12-21 09:18:39 <-- InfoData
30-12-21 09:18:40 --> InfoData
30-12-21 09:18:40 <-- InfoData
30-12-21 09:18:41 --> InfoData
30-12-21 09:18:41 <-- InfoData
30-12-21 09:18:42 --> InfoData
30-12-21 09:18:42 <-- InfoData
30-12-21 09:18:43 --> InfoData
30-12-21 09:18:43 <-- InfoData
30-12-21 09:18:44 --> InfoData
30-12-21 09:18:44 <-- InfoData
30-12-21 09:18:45 --> InfoData
30-12-21 09:18:45 <-- InfoData
30-12-21 09:18:46 --> InfoData
30-12-21 09:18:46 <-- InfoData
30-12-21 09:18:47 --> InfoData
30-12-21 09:18:47 <-- InfoData
30-12-21 09:18:48 --> InfoData
30-12-21 09:18:48 <-- InfoData
30-12-21 09:18:49 --> InfoData
30-12-21 09:18:49 <-- InfoData
30-12-21 09:18:50 --> InfoData
30-12-21 09:18:50 <-- InfoData
30-12-21 09:18:51 --> InfoData
30-12-21 09:18:51 <-- InfoData
30-12-21 09:18:52 --> InfoData
30-12-21 09:18:52 <-- InfoData
30-12-21 09:18:53 --> InfoData
30-12-21 09:18:53 <-- InfoData
30-12-21 09:18:54 --> InfoData
30-12-21 09:18:54 <-- InfoData
30-12-21 09:18:55 --> InfoData
30-12-21 09:18:55 <-- InfoData
30-12-21 09:18:56 --> InfoData
30-12-21 09:18:56 <-- InfoData
30-12-21 09:18:57 --> InfoData
30-12-21 09:18:57 <-- InfoData
30-12-21 09:18:58 --> InfoData
30-12-21 09:18:58 <-- InfoData
30-12-21 09:18:59 --> InfoData
30-12-21 09:18:59 <-- InfoData
30-12-21 09:19:00 --> InfoData
30-12-21 09:19:00 <-- InfoData
30-12-21 09:19:01 --> InfoData
30-12-21 09:19:01 <-- InfoData
30-12-21 09:19:02 --> InfoData
30-12-21 09:19:02 <-- InfoData
30-12-21 09:19:03 --> InfoData
30-12-21 09:19:03 <-- InfoData
30-12-21 09:19:04 --> InfoData
30-12-21 09:19:04 <-- InfoData
30-12-21 09:19:05 --> InfoData
30-12-21 09:19:05 <-- InfoData
30-12-21 09:19:06 --> InfoData
30-12-21 09:19:06 <-- InfoData
30-12-21 09:19:07 --> InfoData
30-12-21 09:19:07 <-- InfoData
30-12-21 09:19:08 --> InfoData
30-12-21 09:19:08 <-- InfoData
30-12-21 09:19:09 --> InfoData
30-12-21 09:19:09 <-- InfoData
30-12-21 09:19:10 --> InfoData
30-12-21 09:19:10 <-- InfoData
30-12-21 09:19:11 --> InfoData
30-12-21 09:19:11 <-- InfoData
30-12-21 09:19:12 --> InfoData
30-12-21 09:19:12 <-- InfoData
30-12-21 09:19:13 --> InfoData
30-12-21 09:19:13 <-- InfoData
30-12-21 09:19:14 --> InfoData
30-12-21 09:19:14 <-- InfoData
30-12-21 09:19:15 --> InfoData
30-12-21 09:19:15 <-- InfoData
30-12-21 09:19:16 --> InfoData
30-12-21 09:19:16 <-- InfoData
30-12-21 09:19:17 --> InfoData
30-12-21 09:19:17 <-- InfoData
30-12-21 09:19:18 --> InfoData
30-12-21 09:19:18 <-- InfoData
30-12-21 09:19:19 --> InfoData
30-12-21 09:19:19 <-- InfoData
30-12-21 09:19:20 --> InfoData
30-12-21 09:19:20 <-- InfoData
30-12-21 09:19:21 --> InfoData
30-12-21 09:19:21 <-- InfoData
30-12-21 09:19:22 --> InfoData
30-12-21 09:19:22 <-- InfoData
30-12-21 09:19:23 --> InfoData
30-12-21 09:19:23 <-- InfoData
30-12-21 09:19:24 --> InfoData
30-12-21 09:19:24 <-- InfoData
30-12-21 09:19:25 --> InfoData
30-12-21 09:19:25 <-- InfoData
30-12-21 09:19:26 --> InfoData
30-12-21 09:19:26 <-- InfoData
30-12-21 09:19:27 --> InfoData
30-12-21 09:19:27 <-- InfoData
30-12-21 09:19:28 --> InfoData
30-12-21 09:19:28 <-- InfoData
30-12-21 09:19:29 --> InfoData
30-12-21 09:19:29 <-- InfoData
30-12-21 09:19:30 --> InfoData
30-12-21 09:19:30 <-- InfoData
30-12-21 09:19:31 --> InfoData
30-12-21 09:19:31 <-- InfoData
30-12-21 09:19:32 --> InfoData
30-12-21 09:19:32 <-- InfoData
30-12-21 09:19:33 --> InfoData
30-12-21 09:19:33 <-- InfoData
30-12-21 09:19:34 --> InfoData
30-12-21 09:19:34 <-- InfoData
30-12-21 09:19:35 --> InfoData
30-12-21 09:19:35 <-- InfoData
30-12-21 09:19:36 --> InfoData
30-12-21 09:19:36 <-- InfoData
30-12-21 09:19:37 --> InfoData
30-12-21 09:19:37 <-- InfoData
30-12-21 09:19:38 --> InfoData
30-12-21 09:19:38 <-- InfoData
30-12-21 09:19:39 --> InfoData
30-12-21 09:19:39 <-- InfoData
30-12-21 09:19:40 --> InfoData
30-12-21 09:19:40 <-- InfoData
30-12-21 09:19:41 --> InfoData
30-12-21 09:19:41 <-- InfoData
30-12-21 09:19:42 --> InfoData
30-12-21 09:19:42 <-- InfoData
30-12-21 09:19:43 --> InfoData
30-12-21 09:19:43 <-- InfoData
30-12-21 09:19:44 --> InfoData
30-12-21 09:19:44 <-- InfoData
30-12-21 09:19:45 --> InfoData
30-12-21 09:19:45 <-- InfoData
30-12-21 09:19:46 --> InfoData
30-12-21 09:19:46 <-- InfoData
30-12-21 09:19:47 --> InfoData
30-12-21 09:19:47 <-- InfoData
30-12-21 09:19:48 --> InfoData
30-12-21 09:19:48 <-- InfoData
30-12-21 09:19:49 --> InfoData
30-12-21 09:19:49 <-- InfoData
30-12-21 09:19:50 --> InfoData
30-12-21 09:19:50 <-- InfoData
30-12-21 09:19:51 --> InfoData
30-12-21 09:19:51 <-- InfoData
30-12-21 09:19:52 --> InfoData
30-12-21 09:19:52 <-- InfoData
30-12-21 09:19:53 --> InfoData
30-12-21 09:19:53 <-- InfoData
30-12-21 09:19:54 --> InfoData
30-12-21 09:19:54 <-- InfoData
30-12-21 09:19:55 --> InfoData
30-12-21 09:19:55 <-- InfoData
30-12-21 09:19:56 --> InfoData
30-12-21 09:19:56 <-- InfoData
30-12-21 09:19:57 --> InfoData
30-12-21 09:19:57 <-- InfoData
30-12-21 09:19:58 --> InfoData
30-12-21 09:19:58 <-- InfoData
30-12-21 09:19:59 --> InfoData
30-12-21 09:19:59 <-- InfoData
30-12-21 09:20:00 --> InfoData
30-12-21 09:20:00 <-- InfoData
30-12-21 09:20:01 --> InfoData
30-12-21 09:20:01 <-- InfoData
30-12-21 09:20:02 --> InfoData
30-12-21 09:20:02 <-- InfoData
30-12-21 09:20:03 --> InfoData
30-12-21 09:20:03 <-- InfoData
30-12-21 09:20:04 --> InfoData
30-12-21 09:20:04 <-- InfoData
30-12-21 09:20:05 --> InfoData
30-12-21 09:20:05 <-- InfoData
30-12-21 09:20:06 --> InfoData
30-12-21 09:20:06 <-- InfoData
30-12-21 09:20:07 --> InfoData
30-12-21 09:20:07 <-- InfoData
30-12-21 09:20:08 --> InfoData
30-12-21 09:20:08 <-- InfoData
30-12-21 09:20:09 --> InfoData
30-12-21 09:20:09 <-- InfoData
30-12-21 09:20:10 --> InfoData
30-12-21 09:20:10 <-- InfoData
30-12-21 09:20:11 --> InfoData
30-12-21 09:20:11 <-- InfoData
30-12-21 09:20:12 --> InfoData
30-12-21 09:20:12 <-- InfoData
30-12-21 09:20:13 --> InfoData
30-12-21 09:20:13 <-- InfoData
30-12-21 09:20:14 --> InfoData
30-12-21 09:20:14 <-- InfoData
30-12-21 09:20:15 --> InfoData
30-12-21 09:20:15 <-- InfoData
30-12-21 09:20:16 --> InfoData
30-12-21 09:20:16 <-- InfoData
30-12-21 09:20:17 --> InfoData
30-12-21 09:20:17 <-- InfoData
30-12-21 09:20:18 The remote host is closed.
30-12-21 09:44:47 Get request on connection from remote host wit IP: ::ffff:127.0.0.1
30-12-21 09:44:47 <-- ISCONNECTED
30-12-21 09:44:47 The remote host is closed.
30-12-21 09:44:49 Get request on connection from remote host wit IP: ::ffff:127.0.0.1
30-12-21 09:44:49 <-- ISCONNECTED
30-12-21 09:44:50 --> InfoDevice
30-12-21 09:44:50 <-- InfoDevice
30-12-21 09:44:50 --> sector_read
30-12-21 09:44:50 --> CRYPTO_REQUEST
30-12-21 09:44:50 <-- sector_read
30-12-21 09:44:50 <-- CRYPTO_REQUEST
30-12-21 09:44:51 --> InfoData
30-12-21 09:44:51 <-- InfoData
30-12-21 09:44:52 --> InfoData
30-12-21 09:44:52 <-- InfoData
30-12-21 09:44:53 --> InfoData
30-12-21 09:44:53 <-- InfoData
30-12-21 09:44:54 --> InfoData
30-12-21 09:44:54 <-- InfoData
30-12-21 09:44:55 --> InfoData
30-12-21 09:44:55 <-- InfoData
30-12-21 09:44:56 --> InfoData
30-12-21 09:44:56 <-- InfoData
30-12-21 09:44:57 --> InfoData
30-12-21 09:44:57 <-- InfoData
30-12-21 09:44:58 --> InfoData
30-12-21 09:44:58 <-- InfoData
30-12-21 09:44:59 --> InfoData
30-12-21 09:44:59 <-- InfoData
30-12-21 09:45:00 --> InfoData
30-12-21 09:45:00 <-- InfoData
30-12-21 09:45:01 --> InfoData
30-12-21 09:45:01 <-- InfoData
30-12-21 09:45:02 --> InfoData
30-12-21 09:45:02 <-- InfoData
30-12-21 09:45:03 --> InfoData
30-12-21 09:45:03 <-- InfoData
30-12-21 09:45:04 --> InfoData
30-12-21 09:45:04 <-- InfoData
30-12-21 09:45:05 --> InfoData
30-12-21 09:45:05 <-- InfoData
30-12-21 09:45:06 --> InfoData
30-12-21 09:45:06 <-- InfoData
30-12-21 09:45:07 --> InfoData
30-12-21 09:45:07 <-- InfoData
30-12-21 09:45:08 --> InfoData
30-12-21 09:45:08 <-- InfoData
30-12-21 09:45:09 --> InfoData
30-12-21 09:45:09 <-- InfoData
30-12-21 09:45:10 --> InfoData
30-12-21 09:45:10 <-- InfoData
30-12-21 09:45:11 --> InfoData
30-12-21 09:45:11 <-- InfoData
30-12-21 09:45:12 --> InfoData
30-12-21 09:45:12 <-- InfoData
30-12-21 09:45:13 --> InfoData
30-12-21 09:45:13 <-- InfoData
30-12-21 09:45:14 --> InfoData
30-12-21 09:45:14 <-- InfoData
30-12-21 09:45:15 --> InfoData
30-12-21 09:45:15 <-- InfoData
30-12-21 09:45:16 --> InfoData
30-12-21 09:45:16 <-- InfoData
30-12-21 09:45:17 --> InfoData
30-12-21 09:45:17 <-- InfoData
30-12-21 09:45:18 --> InfoData
30-12-21 09:45:18 <-- InfoData
30-12-21 09:45:19 --> InfoData
30-12-21 09:45:19 <-- InfoData
30-12-21 09:45:20 --> InfoData
30-12-21 09:45:20 <-- InfoData
30-12-21 09:45:21 --> InfoData
30-12-21 09:45:21 <-- InfoData
30-12-21 09:45:22 --> InfoData
30-12-21 09:45:22 <-- InfoData
30-12-21 09:45:23 --> InfoData
30-12-21 09:45:23 <-- InfoData
30-12-21 09:45:24 --> InfoData
30-12-21 09:45:24 <-- InfoData
30-12-21 09:45:25 --> InfoData
30-12-21 09:45:25 <-- InfoData
30-12-21 09:45:26 --> InfoData
30-12-21 09:45:26 <-- InfoData
30-12-21 09:45:27 --> InfoData
30-12-21 09:45:27 <-- InfoData
30-12-21 09:45:28 --> InfoData
30-12-21 09:45:28 <-- InfoData
30-12-21 09:45:29 --> InfoData
30-12-21 09:45:29 <-- InfoData
30-12-21 09:45:30 --> InfoData
30-12-21 09:45:30 <-- InfoData
30-12-21 09:45:31 --> InfoData
30-12-21 09:45:31 <-- InfoData
30-12-21 09:45:32 --> InfoData
30-12-21 09:45:32 <-- InfoData
30-12-21 09:45:33 --> InfoData
30-12-21 09:45:33 <-- InfoData
30-12-21 09:45:34 --> InfoData
30-12-21 09:45:34 <-- InfoData
30-12-21 09:45:35 --> InfoData
30-12-21 09:45:35 <-- InfoData
30-12-21 09:45:36 --> InfoData
30-12-21 09:45:36 <-- InfoData
30-12-21 09:45:37 --> InfoData
30-12-21 09:45:37 <-- InfoData
30-12-21 09:45:39 --> InfoData
30-12-21 09:45:39 <-- InfoData
30-12-21 09:45:39 The remote host is closed.
30-12-21 09:47:13 Get request on connection from remote host wit IP: ::ffff:127.0.0.1
30-12-21 09:47:13 <-- ISCONNECTED
30-12-21 09:47:13 The remote host is closed.
30-12-21 09:47:14 Get request on connection from remote host wit IP: ::ffff:127.0.0.1
30-12-21 09:47:14 <-- ISCONNECTED
30-12-21 09:47:15 --> InfoDevice
30-12-21 09:47:15 <-- InfoDevice
30-12-21 09:47:15 --> sector_read
30-12-21 09:47:15 --> CRYPTO_REQUEST
30-12-21 09:47:15 <-- sector_read
30-12-21 09:47:15 <-- CRYPTO_REQUEST
30-12-21 09:47:16 --> InfoData
30-12-21 09:47:16 <-- InfoData
30-12-21 09:47:17 --> InfoData
30-12-21 09:47:17 <-- InfoData
30-12-21 09:47:18 --> InfoData
30-12-21 09:47:18 <-- InfoData
30-12-21 09:47:19 --> InfoData
30-12-21 09:47:19 <-- InfoData
30-12-21 09:47:20 --> InfoData
30-12-21 09:47:20 <-- InfoData
30-12-21 09:47:21 --> InfoData
30-12-21 09:47:21 <-- InfoData
30-12-21 09:47:22 --> InfoData
30-12-21 09:47:22 <-- InfoData
30-12-21 09:47:23 --> InfoData
30-12-21 09:47:23 <-- InfoData
30-12-21 09:47:24 --> InfoData
30-12-21 09:47:24 <-- InfoData
